{
  "stats": {
    "suites": 1,
    "tests": 5,
    "passes": 0,
    "pending": 0,
    "failures": 5,
    "start": "2025-05-04T20:32:37.070Z",
    "end": "2025-05-04T20:33:09.977Z",
    "duration": 32907,
    "testsRegistered": 5,
    "passPercent": 0,
    "pendingPercent": 0,
    "other": 0,
    "hasOther": false,
    "skipped": 0,
    "hasSkipped": false
  },
  "results": [
    {
      "uuid": "877d5820-39c8-4878-bd48-189d91070349",
      "title": "",
      "fullFile": "cypress/e2e/leaves/leave-management.spec.ts",
      "file": "cypress/e2e/leaves/leave-management.spec.ts",
      "beforeHooks": [],
      "afterHooks": [],
      "tests": [],
      "suites": [
        {
          "uuid": "f5c2dc59-ced0-4852-85e3-a382862a80d2",
          "title": "Gestion des congés",
          "fullFile": "",
          "file": "",
          "beforeHooks": [],
          "afterHooks": [],
          "tests": [
            {
              "title": "permet de créer une nouvelle demande de congés",
              "fullTitle": "Gestion des congés permet de créer une nouvelle demande de congés",
              "timedOut": null,
              "duration": 6801,
              "state": "failed",
              "speed": null,
              "pass": false,
              "fail": true,
              "pending": false,
              "context": null,
              "code": "// Se connecter en tant que médecin\ncy.loginByApi(testUser.email, testUser.password);\n// Accéder à la page de demande de congés\ncy.visitAsAuthenticatedUser('/leaves/new');\n// Remplir le formulaire de demande\ncy.get('[data-cy=leave-type-select]').click();\ncy.get('[data-cy=leave-type-option-conges]').click();\n// Sélectionner les dates\nvar tomorrow = new Date();\ntomorrow.setDate(tomorrow.getDate() + 1);\nvar nextWeek = new Date();\nnextWeek.setDate(nextWeek.getDate() + 7);\ncy.selectDate('[data-cy=start-date-input]', tomorrow);\ncy.selectDate('[data-cy=end-date-input]', nextWeek);\n// Ajouter un commentaire\ncy.get('[data-cy=leave-notes]').type('Congés pour raisons personnelles');\n// Intercepter la requête de création\ncy.intercept('POST', '**/api/leaves').as('createLeave');\n// Soumettre la demande\ncy.get('[data-cy=submit-leave-request]').click();\n// Attendre la réponse de l'API\ncy.wait('@createLeave').its('response.statusCode').should('eq', 201);\n// Vérifier le message de succès\ncy.get('[data-cy=notification-success]')\n    .should('be.visible')\n    .and('contain', 'Demande de congés soumise avec succès');\n// Vérifier que la demande apparaît dans la liste des congés\ncy.visitAsAuthenticatedUser('/leaves');\ncy.get('[data-cy=leave-list]').should('contain', 'Congés pour raisons personnelles');",
              "err": {
                "message": "AssertionError: Timed out retrying after 4000ms: Expected to find element: `[data-cy=leave-type-select]`, but never found it.",
                "estack": "AssertionError: Timed out retrying after 4000ms: Expected to find element: `[data-cy=leave-type-select]`, but never found it.\n    at Context.eval (webpack://mathildanesth/./cypress/e2e/leaves/leave-management.spec.ts:34:11)",
                "diff": null
              },
              "uuid": "b75d128c-1914-428d-a729-30b0018e3b9c",
              "parentUUID": "f5c2dc59-ced0-4852-85e3-a382862a80d2",
              "isHook": false,
              "skipped": false
            },
            {
              "title": "permet à un administrateur de valider une demande de congés",
              "fullTitle": "Gestion des congés permet à un administrateur de valider une demande de congés",
              "timedOut": null,
              "duration": 6296,
              "state": "failed",
              "speed": null,
              "pass": false,
              "fail": true,
              "pending": false,
              "context": null,
              "code": "// Se connecter en tant qu'administrateur\ncy.loginByApi(adminUser.email, adminUser.password);\n// Accéder à la page de gestion des congés\ncy.visitAsAuthenticatedUser('/admin/leaves');\n// Chercher une demande en attente\ncy.get('[data-cy=pending-leaves-tab]').click();\n// Sélectionner la première demande en attente\ncy.get('[data-cy=leave-item]:contains(\"Vacances d\\'été\")').first().as('targetLeave');\n// Ouvrir le menu d'actions\ncy.get('@targetLeave').find('[data-cy=leave-actions]').click();\ncy.get('[data-cy=approve-leave-action]').click();\n// Intercepter la requête d'approbation\ncy.intercept('PUT', '**/api/leaves/**/approve').as('approveLeave');\n// Confirmer l'approbation\ncy.get('[data-cy=confirm-approve-button]').click();\n// Attendre la réponse de l'API\ncy.wait('@approveLeave').its('response.statusCode').should('eq', 200);\n// Vérifier le message de succès\ncy.get('[data-cy=notification-success]')\n    .should('be.visible')\n    .and('contain', 'Demande de congés approuvée');\n// Vérifier que la demande apparaît dans l'onglet des congés approuvés\ncy.get('[data-cy=approved-leaves-tab]').click();\ncy.get('[data-cy=leave-list]').should('contain', 'Vacances d\\'été');",
              "err": {
                "message": "AssertionError: Timed out retrying after 4000ms: Expected to find element: `[data-cy=pending-leaves-tab]`, but never found it.",
                "estack": "AssertionError: Timed out retrying after 4000ms: Expected to find element: `[data-cy=pending-leaves-tab]`, but never found it.\n    at Context.eval (webpack://mathildanesth/./cypress/e2e/leaves/leave-management.spec.ts:77:11)",
                "diff": null
              },
              "uuid": "1b8b699e-3de7-4886-8e9d-aaac2f7f7e6a",
              "parentUUID": "f5c2dc59-ced0-4852-85e3-a382862a80d2",
              "isHook": false,
              "skipped": false
            },
            {
              "title": "permet à un administrateur de rejeter une demande de congés",
              "fullTitle": "Gestion des congés permet à un administrateur de rejeter une demande de congés",
              "timedOut": null,
              "duration": 6504,
              "state": "failed",
              "speed": null,
              "pass": false,
              "fail": true,
              "pending": false,
              "context": null,
              "code": "// Se connecter en tant qu'administrateur\ncy.loginByApi(adminUser.email, adminUser.password);\n// Accéder à la page de gestion des congés\ncy.visitAsAuthenticatedUser('/admin/leaves');\n// Chercher une demande en attente\ncy.get('[data-cy=pending-leaves-tab]').click();\n// Sélectionner la première demande en attente\ncy.get('[data-cy=leave-item]:contains(\"Vacances de Noël\")').first().as('targetLeave');\n// Ouvrir le menu d'actions\ncy.get('@targetLeave').find('[data-cy=leave-actions]').click();\ncy.get('[data-cy=reject-leave-action]').click();\n// Remplir le motif de rejet\ncy.get('[data-cy=rejection-reason]').type('Personnel insuffisant pour cette période');\n// Intercepter la requête de rejet\ncy.intercept('PUT', '**/api/leaves/**/reject').as('rejectLeave');\n// Confirmer le rejet\ncy.get('[data-cy=confirm-reject-button]').click();\n// Attendre la réponse de l'API\ncy.wait('@rejectLeave').its('response.statusCode').should('eq', 200);\n// Vérifier le message de succès\ncy.get('[data-cy=notification-success]')\n    .should('be.visible')\n    .and('contain', 'Demande de congés rejetée');\n// Vérifier que la demande apparaît dans l'onglet des congés rejetés\ncy.get('[data-cy=rejected-leaves-tab]').click();\ncy.get('[data-cy=leave-list]').should('contain', 'Vacances de Noël');",
              "err": {
                "message": "AssertionError: Timed out retrying after 4000ms: Expected to find element: `[data-cy=pending-leaves-tab]`, but never found it.",
                "estack": "AssertionError: Timed out retrying after 4000ms: Expected to find element: `[data-cy=pending-leaves-tab]`, but never found it.\n    at Context.eval (webpack://mathildanesth/./cypress/e2e/leaves/leave-management.spec.ts:113:11)",
                "diff": null
              },
              "uuid": "0dddaaf5-d852-48b6-a372-3560b6de39be",
              "parentUUID": "f5c2dc59-ced0-4852-85e3-a382862a80d2",
              "isHook": false,
              "skipped": false
            },
            {
              "title": "permet à un utilisateur de modifier une demande en attente",
              "fullTitle": "Gestion des congés permet à un utilisateur de modifier une demande en attente",
              "timedOut": null,
              "duration": 6578,
              "state": "failed",
              "speed": null,
              "pass": false,
              "fail": true,
              "pending": false,
              "context": null,
              "code": "// Se connecter\ncy.loginByApi(testUser.email, testUser.password);\n// Accéder à la page de gestion des congés\ncy.visitAsAuthenticatedUser('/leaves');\n// Trouver une demande en attente et cliquer dessus\ncy.get('[data-cy=leave-item]:contains(\"Vacances de Noël\")').click();\n// Cliquer sur le bouton Modifier\ncy.get('[data-cy=edit-leave-button]').click();\n// Modifier la date de fin\nvar newEndDate = new Date('2024-12-28T23:59:59.999Z');\ncy.selectDate('[data-cy=end-date-input]', newEndDate);\n// Modifier les notes\ncy.get('[data-cy=leave-notes]').clear().type('Vacances de Noël prolongées');\n// Intercepter la requête de mise à jour\ncy.intercept('PUT', '**/api/leaves/**').as('updateLeave');\n// Soumettre les modifications\ncy.get('[data-cy=submit-leave-request]').click();\n// Attendre la réponse de l'API\ncy.wait('@updateLeave').its('response.statusCode').should('eq', 200);\n// Vérifier le message de succès\ncy.get('[data-cy=notification-success]')\n    .should('be.visible')\n    .and('contain', 'Demande de congés mise à jour');\n// Vérifier que les modifications sont visibles\ncy.visitAsAuthenticatedUser('/leaves');\ncy.get('[data-cy=leave-item]:contains(\"Vacances de Noël prolongées\")').should('be.visible');",
              "err": {
                "message": "AssertionError: Timed out retrying after 4000ms: Expected to find element: `[data-cy=leave-item]:contains(\"Vacances de Noël\")`, but never found it.",
                "estack": "AssertionError: Timed out retrying after 4000ms: Expected to find element: `[data-cy=leave-item]:contains(\"Vacances de Noël\")`, but never found it.\n    at Context.eval (webpack://mathildanesth/./cypress/e2e/leaves/leave-management.spec.ts:152:11)",
                "diff": null
              },
              "uuid": "a0248449-474c-4811-b6c1-9a6500cac627",
              "parentUUID": "f5c2dc59-ced0-4852-85e3-a382862a80d2",
              "isHook": false,
              "skipped": false
            },
            {
              "title": "permet à un utilisateur d'annuler une demande en attente",
              "fullTitle": "Gestion des congés permet à un utilisateur d'annuler une demande en attente",
              "timedOut": null,
              "duration": 6405,
              "state": "failed",
              "speed": null,
              "pass": false,
              "fail": true,
              "pending": false,
              "context": null,
              "code": "// Se connecter\ncy.loginByApi(testUser.email, testUser.password);\n// Accéder à la page de gestion des congés\ncy.visitAsAuthenticatedUser('/leaves');\n// Trouver une demande en attente et cliquer dessus\ncy.get('[data-cy=leave-item]:contains(\"Vacances de Noël\")').click();\n// Cliquer sur le bouton Annuler\ncy.get('[data-cy=cancel-leave-button]').click();\n// Intercepter la requête d'annulation\ncy.intercept('DELETE', '**/api/leaves/**').as('cancelLeave');\n// Confirmer l'annulation\ncy.get('[data-cy=confirm-cancel-button]').click();\n// Attendre la réponse de l'API\ncy.wait('@cancelLeave').its('response.statusCode').should('eq', 200);\n// Vérifier le message de succès\ncy.get('[data-cy=notification-success]')\n    .should('be.visible')\n    .and('contain', 'Demande de congés annulée');\n// Vérifier que la demande n'apparaît plus\ncy.get('[data-cy=leave-item]:contains(\"Vacances de Noël\")').should('not.exist');",
              "err": {
                "message": "AssertionError: Timed out retrying after 4000ms: Expected to find element: `[data-cy=leave-item]:contains(\"Vacances de Noël\")`, but never found it.",
                "estack": "AssertionError: Timed out retrying after 4000ms: Expected to find element: `[data-cy=leave-item]:contains(\"Vacances de Noël\")`, but never found it.\n    at Context.eval (webpack://mathildanesth/./cypress/e2e/leaves/leave-management.spec.ts:191:11)",
                "diff": null
              },
              "uuid": "c847e34b-fa39-41e3-a17a-283cd94f4d3c",
              "parentUUID": "f5c2dc59-ced0-4852-85e3-a382862a80d2",
              "isHook": false,
              "skipped": false
            }
          ],
          "suites": [],
          "passes": [],
          "failures": [
            "b75d128c-1914-428d-a729-30b0018e3b9c",
            "1b8b699e-3de7-4886-8e9d-aaac2f7f7e6a",
            "0dddaaf5-d852-48b6-a372-3560b6de39be",
            "a0248449-474c-4811-b6c1-9a6500cac627",
            "c847e34b-fa39-41e3-a17a-283cd94f4d3c"
          ],
          "pending": [],
          "skipped": [],
          "duration": 32584,
          "root": false,
          "rootEmpty": false,
          "_timeout": 2000
        }
      ],
      "passes": [],
      "failures": [],
      "pending": [],
      "skipped": [],
      "duration": 0,
      "root": true,
      "rootEmpty": true,
      "_timeout": 2000
    }
  ],
  "meta": {
    "mocha": {
      "version": "7.2.0"
    },
    "mochawesome": {
      "options": {
        "quiet": false,
        "reportFilename": "mochawesome",
        "saveHtml": false,
        "saveJson": true,
        "consoleReporter": "spec",
        "useInlineDiffs": false,
        "code": true
      },
      "version": "7.1.3"
    },
    "marge": {
      "options": {
        "id": "default",
        "reportDir": "cypress/reports/mocha",
        "quite": true,
        "overwrite": false,
        "html": false,
        "json": true
      },
      "version": "6.2.0"
    }
  }
}