{
  "stats": {
    "suites": 1,
    "tests": 8,
    "passes": 0,
    "pending": 0,
    "failures": 8,
    "start": "2025-05-15T13:06:55.358Z",
    "end": "2025-05-15T13:07:37.903Z",
    "duration": 42545,
    "testsRegistered": 8,
    "passPercent": 0,
    "pendingPercent": 0,
    "other": 0,
    "hasOther": false,
    "skipped": 0,
    "hasSkipped": false
  },
  "results": [
    {
      "uuid": "dd767441-f816-43ec-8772-e5382a1a761f",
      "title": "",
      "fullFile": "cypress/e2e/calendrier/calendrier-operations.spec.ts",
      "file": "cypress/e2e/calendrier/calendrier-operations.spec.ts",
      "beforeHooks": [],
      "afterHooks": [],
      "tests": [],
      "suites": [
        {
          "uuid": "9a45bd48-1a95-474a-ab46-12d1275667b1",
          "title": "Opérations du calendrier",
          "fullFile": "",
          "file": "",
          "beforeHooks": [],
          "afterHooks": [],
          "tests": [
            {
              "title": "affiche correctement le calendrier avec des événements",
              "fullTitle": "Opérations du calendrier affiche correctement le calendrier avec des événements",
              "timedOut": null,
              "duration": 5424,
              "state": "failed",
              "speed": null,
              "pass": false,
              "fail": true,
              "pending": false,
              "context": null,
              "code": "// Vérifier que le calendrier est affiché\ncy.get('[data-cy=calendar]').should('be.visible');\n// Vérifier que des événements sont affichés\ncy.get('[data-cy=calendar-event]').should('have.length.at.least', 1);\n// Vérifier les différentes vues du calendrier\ncy.get('[data-cy=view-month]').click();\ncy.get('[data-cy=calendar-month-view]').should('be.visible');\ncy.get('[data-cy=view-week]').click();\ncy.get('[data-cy=calendar-week-view]').should('be.visible');\ncy.get('[data-cy=view-day]').click();\ncy.get('[data-cy=calendar-day-view]').should('be.visible');",
              "err": {
                "message": "AssertionError: Timed out retrying after 4000ms: Expected to find element: `[data-cy=calendar]`, but never found it.",
                "estack": "AssertionError: Timed out retrying after 4000ms: Expected to find element: `[data-cy=calendar]`, but never found it.\n    at Context.eval (webpack://mathildanesth/./cypress/e2e/calendrier/calendrier-operations.spec.ts:25:37)",
                "diff": null
              },
              "uuid": "3eaef71a-fd60-4787-a822-8318894ce796",
              "parentUUID": "9a45bd48-1a95-474a-ab46-12d1275667b1",
              "isHook": false,
              "skipped": false
            },
            {
              "title": "permet de naviguer entre les périodes du calendrier",
              "fullTitle": "Opérations du calendrier permet de naviguer entre les périodes du calendrier",
              "timedOut": null,
              "duration": 5174,
              "state": "failed",
              "speed": null,
              "pass": false,
              "fail": true,
              "pending": false,
              "context": null,
              "code": "// Naviguer vers le mois suivant\ncy.get('[data-cy=next-period]').click();\n// Vérifier que le titre du calendrier a changé\ncy.get('[data-cy=calendar-title]').invoke('text').as('nextMonthTitle');\n// Naviguer vers le mois précédent (retour au mois actuel)\ncy.get('[data-cy=prev-period]').click();\n// Vérifier que le titre a changé\ncy.get('[data-cy=calendar-title]').invoke('text').as('currentMonthTitle');\n// Vérifier que les deux titres sont différents\ncy.get('@nextMonthTitle').then(function (nextTitle) {\n    cy.get('@currentMonthTitle').then(function (currentTitle) {\n        expect(nextTitle).not.to.equal(currentTitle);\n    });\n});\n// Revenir à aujourd'hui\ncy.get('[data-cy=today-button]').click();\n// Vérifier que le jour actuel est mis en évidence\nvar today = new Date();\nvar formattedDate = today.getDate().toString();\ncy.get(\"[data-cy=calendar-day-\".concat(formattedDate, \"].fc-day-today\")).should('exist');",
              "err": {
                "message": "AssertionError: Timed out retrying after 4000ms: Expected to find element: `[data-cy=next-period]`, but never found it.",
                "estack": "AssertionError: Timed out retrying after 4000ms: Expected to find element: `[data-cy=next-period]`, but never found it.\n    at Context.eval (webpack://mathildanesth/./cypress/e2e/calendrier/calendrier-operations.spec.ts:43:11)",
                "diff": null
              },
              "uuid": "7cba8c27-eaf8-48b0-b658-cd1ac533a6f5",
              "parentUUID": "9a45bd48-1a95-474a-ab46-12d1275667b1",
              "isHook": false,
              "skipped": false
            },
            {
              "title": "permet de créer un nouvel événement",
              "fullTitle": "Opérations du calendrier permet de créer un nouvel événement",
              "timedOut": null,
              "duration": 5249,
              "state": "failed",
              "speed": null,
              "pass": false,
              "fail": true,
              "pending": false,
              "context": null,
              "code": "// Cliquer sur une cellule du calendrier pour créer un événement\ncy.get('[data-cy=calendar-day-cell]').first().click();\n// Vérifier que le modal de création d'événement s'ouvre\ncy.get('[data-cy=event-modal]').should('be.visible');\n// Remplir le formulaire\ncy.get('[data-cy=event-title]').type('Réunion de service');\ncy.get('[data-cy=event-description]').type('Discussion des cas cliniques');\n// Sélectionner le type d'événement\ncy.get('[data-cy=event-type-select]').click();\ncy.get('[data-cy=event-type-meeting]').click();\n// Définir les dates\n// Note: Les dates sont généralement déjà définies par la cellule cliquée\n// Intercepter la requête de création\ncy.intercept('POST', '**/api/calendrier/events').as('createEvent');\n// Enregistrer l'événement\ncy.get('[data-cy=save-event-button]').click();\n// Attendre la réponse de l'API\ncy.wait('@createEvent').its('response.statusCode').should('eq', 201);\n// Vérifier le message de succès\ncy.get('[data-cy=notification-success]')\n    .should('be.visible')\n    .and('contain', 'Événement créé');\n// Vérifier que l'événement apparaît dans le calendrier\ncy.get('[data-cy=calendar-event]:contains(\"Réunion de service\")').should('be.visible');",
              "err": {
                "message": "AssertionError: Timed out retrying after 4000ms: Expected to find element: `[data-cy=calendar-day-cell]`, but never found it.",
                "estack": "AssertionError: Timed out retrying after 4000ms: Expected to find element: `[data-cy=calendar-day-cell]`, but never found it.\n    at Context.eval (webpack://mathildanesth/./cypress/e2e/calendrier/calendrier-operations.spec.ts:72:11)",
                "diff": null
              },
              "uuid": "4e62c18e-401f-4a45-b503-807b891d58fa",
              "parentUUID": "9a45bd48-1a95-474a-ab46-12d1275667b1",
              "isHook": false,
              "skipped": false
            },
            {
              "title": "permet de modifier un événement existant",
              "fullTitle": "Opérations du calendrier permet de modifier un événement existant",
              "timedOut": null,
              "duration": 5307,
              "state": "failed",
              "speed": null,
              "pass": false,
              "fail": true,
              "pending": false,
              "context": null,
              "code": "// Trouver et cliquer sur un événement existant\ncy.get('[data-cy=calendar-event]').first().click();\n// Vérifier que le modal d'édition s'ouvre\ncy.get('[data-cy=event-modal]').should('be.visible');\n// Modifier le titre\ncy.get('[data-cy=event-title]').clear().type('Événement modifié');\n// Intercepter la requête de mise à jour\ncy.intercept('PUT', '**/api/calendrier/events/**').as('updateEvent');\n// Enregistrer les modifications\ncy.get('[data-cy=save-event-button]').click();\n// Attendre la réponse de l'API\ncy.wait('@updateEvent').its('response.statusCode').should('eq', 200);\n// Vérifier le message de succès\ncy.get('[data-cy=notification-success]')\n    .should('be.visible')\n    .and('contain', 'Événement mis à jour');\n// Vérifier que l'événement modifié apparaît dans le calendrier\ncy.get('[data-cy=calendar-event]:contains(\"Événement modifié\")').should('be.visible');",
              "err": {
                "message": "AssertionError: Timed out retrying after 4000ms: Expected to find element: `[data-cy=calendar-event]`, but never found it.",
                "estack": "AssertionError: Timed out retrying after 4000ms: Expected to find element: `[data-cy=calendar-event]`, but never found it.\n    at Context.eval (webpack://mathildanesth/./cypress/e2e/calendrier/calendrier-operations.spec.ts:108:11)",
                "diff": null
              },
              "uuid": "df17291e-b96f-4601-9617-42bc2674965d",
              "parentUUID": "9a45bd48-1a95-474a-ab46-12d1275667b1",
              "isHook": false,
              "skipped": false
            },
            {
              "title": "permet de supprimer un événement",
              "fullTitle": "Opérations du calendrier permet de supprimer un événement",
              "timedOut": null,
              "duration": 5282,
              "state": "failed",
              "speed": null,
              "pass": false,
              "fail": true,
              "pending": false,
              "context": null,
              "code": "// Trouver et cliquer sur un événement existant\ncy.get('[data-cy=calendar-event]').first().as('targetEvent');\ncy.get('@targetEvent').click();\n// Vérifier que le modal d'édition s'ouvre\ncy.get('[data-cy=event-modal]').should('be.visible');\n// Intercepter la requête de suppression\ncy.intercept('DELETE', '**/api/calendrier/events/**').as('deleteEvent');\n// Cliquer sur le bouton de suppression\ncy.get('[data-cy=delete-event-button]').click();\n// Confirmer la suppression\ncy.get('[data-cy=confirm-delete-button]').click();\n// Attendre la réponse de l'API\ncy.wait('@deleteEvent').its('response.statusCode').should('eq', 200);\n// Vérifier le message de succès\ncy.get('[data-cy=notification-success]')\n    .should('be.visible')\n    .and('contain', 'Événement supprimé');\n// Conserver le texte de l'événement supprimé\ncy.get('@targetEvent').invoke('text').as('deletedEventText');\n// Vérifier que l'événement n'apparaît plus dans le calendrier\ncy.get('@deletedEventText').then(function (text) {\n    cy.get(\"[data-cy=calendar-event]:contains(\\\"\".concat(text, \"\\\")\")).should('not.exist');\n});",
              "err": {
                "message": "AssertionError: Timed out retrying after 4000ms: Expected to find element: `[data-cy=calendar-event]`, but never found it.",
                "estack": "AssertionError: Timed out retrying after 4000ms: Expected to find element: `[data-cy=calendar-event]`, but never found it.\n    at Context.eval (webpack://mathildanesth/./cypress/e2e/calendrier/calendrier-operations.spec.ts:136:11)",
                "diff": null
              },
              "uuid": "0f9fcd36-a07c-46f1-a306-f9d9d7514e6d",
              "parentUUID": "9a45bd48-1a95-474a-ab46-12d1275667b1",
              "isHook": false,
              "skipped": false
            },
            {
              "title": "permet de filtrer les événements par type",
              "fullTitle": "Opérations du calendrier permet de filtrer les événements par type",
              "timedOut": null,
              "duration": 5241,
              "state": "failed",
              "speed": null,
              "pass": false,
              "fail": true,
              "pending": false,
              "context": null,
              "code": "// Vérifier le nombre initial d'événements\ncy.get('[data-cy=calendar-event]').its('length').as('initialEventCount');\n// Ouvrir les filtres\ncy.get('[data-cy=filter-button]').click();\n// Désélectionner tous les types d'événements sauf un\ncy.get('[data-cy=filter-checkbox-meeting]').click(); // Décocher Réunions\ncy.get('[data-cy=filter-checkbox-training]').click(); // Décocher Formations\n// Laisse seulement \"Congés\" sélectionné\n// Appliquer les filtres\ncy.get('[data-cy=apply-filters-button]').click();\n// Vérifier que le nombre d'événements a changé\ncy.get('[data-cy=calendar-event]').its('length').as('filteredEventCount');\n// Comparer les compteurs\ncy.get('@initialEventCount').then(function (initialCount) {\n    cy.get('@filteredEventCount').then(function (filteredCount) {\n        expect(Number(filteredCount)).to.be.lessThan(Number(initialCount));\n    });\n});\n// Réinitialiser les filtres\ncy.get('[data-cy=filter-button]').click();\ncy.get('[data-cy=reset-filters-button]').click();\n// Vérifier que tous les événements sont à nouveau affichés\ncy.get('[data-cy=calendar-event]').its('length').should('eq', cy.get('@initialEventCount'));",
              "err": {
                "message": "AssertionError: Timed out retrying after 4000ms: Expected to find element: `[data-cy=calendar-event]`, but never found it.",
                "estack": "AssertionError: Timed out retrying after 4000ms: Expected to find element: `[data-cy=calendar-event]`, but never found it.\n    at Context.eval (webpack://mathildanesth/./cypress/e2e/calendrier/calendrier-operations.spec.ts:170:11)",
                "diff": null
              },
              "uuid": "85a66dab-3014-4d13-872a-49926f8fa9bc",
              "parentUUID": "9a45bd48-1a95-474a-ab46-12d1275667b1",
              "isHook": false,
              "skipped": false
            },
            {
              "title": "permet de rechercher des événements par mot-clé",
              "fullTitle": "Opérations du calendrier permet de rechercher des événements par mot-clé",
              "timedOut": null,
              "duration": 5214,
              "state": "failed",
              "speed": null,
              "pass": false,
              "fail": true,
              "pending": false,
              "context": null,
              "code": "// Effectuer une recherche\ncy.get('[data-cy=search-input]').type('Réunion');\ncy.get('[data-cy=search-button]').click();\n// Vérifier que seuls les événements correspondants sont affichés\ncy.get('[data-cy=calendar-event]').each(function ($event) {\n    cy.wrap($event).should('contain', 'Réunion');\n});\n// Effacer la recherche\ncy.get('[data-cy=clear-search-button]').click();\n// Vérifier que tous les événements sont à nouveau affichés\ncy.get('[data-cy=calendar-event]').should('have.length.at.least', 1);",
              "err": {
                "message": "AssertionError: Timed out retrying after 4000ms: Expected to find element: `[data-cy=search-input]`, but never found it.",
                "estack": "AssertionError: Timed out retrying after 4000ms: Expected to find element: `[data-cy=search-input]`, but never found it.\n    at Context.eval (webpack://mathildanesth/./cypress/e2e/calendrier/calendrier-operations.spec.ts:203:11)",
                "diff": null
              },
              "uuid": "60ddc1fc-8839-4faa-adfe-02069728c77e",
              "parentUUID": "9a45bd48-1a95-474a-ab46-12d1275667b1",
              "isHook": false,
              "skipped": false
            },
            {
              "title": "permet d'exporter le calendrier",
              "fullTitle": "Opérations du calendrier permet d'exporter le calendrier",
              "timedOut": null,
              "duration": 5219,
              "state": "failed",
              "speed": null,
              "pass": false,
              "fail": true,
              "pending": false,
              "context": null,
              "code": "// Cliquer sur le bouton d'export\ncy.get('[data-cy=export-button]').click();\n// Choisir le format d'export\ncy.get('[data-cy=export-option-ical]').click();\n// Vérifier que le fichier est téléchargé\ncy.readFile('cypress/downloads/calendrier.ics').should('exist');\n// Tester également l'export PDF\ncy.get('[data-cy=export-button]').click();\ncy.get('[data-cy=export-option-pdf]').click();\n// Vérifier que le fichier PDF est téléchargé\ncy.readFile('cypress/downloads/calendrier.pdf').should('exist');",
              "err": {
                "message": "AssertionError: Timed out retrying after 4000ms: Expected to find element: `[data-cy=export-button]`, but never found it.",
                "estack": "AssertionError: Timed out retrying after 4000ms: Expected to find element: `[data-cy=export-button]`, but never found it.\n    at Context.eval (webpack://mathildanesth/./cypress/e2e/calendrier/calendrier-operations.spec.ts:220:11)",
                "diff": null
              },
              "uuid": "c39f4471-dd1a-4e50-8ca6-d08d7f8e6aff",
              "parentUUID": "9a45bd48-1a95-474a-ab46-12d1275667b1",
              "isHook": false,
              "skipped": false
            }
          ],
          "suites": [],
          "passes": [],
          "failures": [
            "3eaef71a-fd60-4787-a822-8318894ce796",
            "7cba8c27-eaf8-48b0-b658-cd1ac533a6f5",
            "4e62c18e-401f-4a45-b503-807b891d58fa",
            "df17291e-b96f-4601-9617-42bc2674965d",
            "0f9fcd36-a07c-46f1-a306-f9d9d7514e6d",
            "85a66dab-3014-4d13-872a-49926f8fa9bc",
            "60ddc1fc-8839-4faa-adfe-02069728c77e",
            "c39f4471-dd1a-4e50-8ca6-d08d7f8e6aff"
          ],
          "pending": [],
          "skipped": [],
          "duration": 42110,
          "root": false,
          "rootEmpty": false,
          "_timeout": 2000
        }
      ],
      "passes": [],
      "failures": [],
      "pending": [],
      "skipped": [],
      "duration": 0,
      "root": true,
      "rootEmpty": true,
      "_timeout": 2000
    }
  ],
  "meta": {
    "mocha": {
      "version": "7.2.0"
    },
    "mochawesome": {
      "options": {
        "quiet": false,
        "reportFilename": "mochawesome",
        "saveHtml": false,
        "saveJson": true,
        "consoleReporter": "spec",
        "useInlineDiffs": false,
        "code": true
      },
      "version": "7.1.3"
    },
    "marge": {
      "options": {
        "id": "default",
        "reportDir": "cypress/reports/mocha",
        "quite": true,
        "overwrite": false,
        "html": false,
        "json": true
      },
      "version": "6.2.0"
    }
  }
}