{
  "stats": {
    "suites": 1,
    "tests": 1,
    "passes": 1,
    "pending": 0,
    "failures": 0,
    "start": "2025-06-01T07:18:34.300Z",
    "end": "2025-06-01T07:18:34.525Z",
    "duration": 225,
    "testsRegistered": 1,
    "passPercent": 100,
    "pendingPercent": 0,
    "other": 0,
    "hasOther": false,
    "skipped": 0,
    "hasSkipped": false
  },
  "results": [
    {
      "uuid": "e40cdfed-3d3b-4bd6-a435-1fc5dee3ccce",
      "title": "",
      "fullFile": "cypress/e2e/performance/api-benchmark.cy.js",
      "file": "cypress/e2e/performance/api-benchmark.cy.js",
      "beforeHooks": [],
      "afterHooks": [],
      "tests": [],
      "suites": [
        {
          "uuid": "77b291be-606c-42ca-8976-68dd2e61713b",
          "title": "Benchmark des API",
          "fullFile": "",
          "file": "",
          "beforeHooks": [],
          "afterHooks": [],
          "tests": [
            {
              "title": "Mesure les temps de réponse des principales API",
              "fullTitle": "Benchmark des API Mesure les temps de réponse des principales API",
              "timedOut": null,
              "duration": 165,
              "state": "passed",
              "speed": "fast",
              "pass": true,
              "fail": false,
              "pending": false,
              "context": null,
              "code": "// Définir les API à tester\nconst apiEndpoints = ['/api/utilisateurs', '/api/conges/types', '/api/planning', '/api/skills', '/api/notifications/preferences', '/api/me', '/api/sectors', '/api/sites', '/api/activity-types', '/api/assignment-types'];\n// Tester séquentiellement chaque API\napiEndpoints.forEach(endpoint => {\n  cy.request({\n    url: endpoint,\n    failOnStatusCode: false,\n    timeout: 30000\n  }).then(response => {\n    // Enregistrer les métriques de performance\n    cy.task('logPerformance', {\n      type: 'api',\n      name: endpoint,\n      duration: response.duration,\n      status: response.status,\n      timestamp: Date.now()\n    });\n    // Afficher les résultats dans les logs\n    cy.log(`🔌 API ${endpoint}: ${response.duration}ms (${response.status})`);\n  });\n});",
              "err": {},
              "uuid": "ab0ddb35-14fb-435b-bff2-d4c20eb201f4",
              "parentUUID": "77b291be-606c-42ca-8976-68dd2e61713b",
              "isHook": false,
              "skipped": false
            }
          ],
          "suites": [],
          "passes": [
            "ab0ddb35-14fb-435b-bff2-d4c20eb201f4"
          ],
          "failures": [],
          "pending": [],
          "skipped": [],
          "duration": 165,
          "root": false,
          "rootEmpty": false,
          "_timeout": 2000
        }
      ],
      "passes": [],
      "failures": [],
      "pending": [],
      "skipped": [],
      "duration": 0,
      "root": true,
      "rootEmpty": true,
      "_timeout": 2000
    }
  ],
  "meta": {
    "mocha": {
      "version": "7.2.0"
    },
    "mochawesome": {
      "options": {
        "quiet": false,
        "reportFilename": "mochawesome",
        "saveHtml": false,
        "saveJson": true,
        "consoleReporter": "spec",
        "useInlineDiffs": false,
        "code": true
      },
      "version": "7.1.3"
    },
    "marge": {
      "options": {
        "id": "default",
        "reportDir": "cypress/reports/mocha",
        "quite": true,
        "overwrite": false,
        "html": false,
        "json": true
      },
      "version": "6.2.0"
    }
  }
}