{
  "stats": {
    "suites": 1,
    "tests": 1,
    "passes": 0,
    "pending": 0,
    "failures": 1,
    "start": "2025-05-05T11:25:27.185Z",
    "end": "2025-05-05T11:25:27.867Z",
    "duration": 682,
    "testsRegistered": 5,
    "passPercent": 0,
    "pendingPercent": 0,
    "other": 0,
    "hasOther": false,
    "skipped": 4,
    "hasSkipped": true
  },
  "results": [
    {
      "uuid": "383c27cf-bdbc-4ae1-a0cb-cd978dbca9ef",
      "title": "",
      "fullFile": "cypress/e2e/accessibility/accessibility-tests.spec.ts",
      "file": "cypress/e2e/accessibility/accessibility-tests.spec.ts",
      "beforeHooks": [],
      "afterHooks": [],
      "tests": [],
      "suites": [
        {
          "uuid": "e0ba1667-95bf-4d8f-801e-ebac2027094d",
          "title": "Tests d'accessibilité",
          "fullFile": "",
          "file": "",
          "beforeHooks": [],
          "afterHooks": [],
          "tests": [
            {
              "title": "vérifie l'accessibilité de la page d'accueil",
              "fullTitle": "Tests d'accessibilité vérifie l'accessibilité de la page d'accueil",
              "timedOut": null,
              "duration": 585,
              "state": "failed",
              "speed": null,
              "pass": false,
              "fail": true,
              "pending": false,
              "context": null,
              "code": "cy.visitAsAuthenticatedUser('/dashboard');\n// Injecter et vérifier l'accessibilité\ncy.checkAccessibility();",
              "err": {
                "message": "Error: Échec d'authentification: 500 \"<!DOCTYPE html><html><head><style data-next-hide-fouc=\\\"true\\\">body{display:none}</style><noscript data-next-hide-fouc=\\\"true\\\"><style>body{display:block}</style></noscript><meta charSet=\\\"utf-8\\\" data-next-head=\\\"\\\"/><meta name=\\\"viewport\\\" content=\\\"width=device-width\\\" data-next-head=\\\"\\\"/><noscript data-n-css=\\\"\\\"></noscript><script defer=\\\"\\\" nomodule=\\\"\\\" src=\\\"/_next/static/chunks/polyfills.js\\\"></script><script src=\\\"/_next/static/chunks/fallback/webpack.js\\\" defer=\\\"\\\"></script><script src=\\\"/_next/static/chunks/fallback/main.js\\\" defer=\\\"\\\"></script><script src=\\\"/_next/static/chunks/fallback/pages/_app.js\\\" defer=\\\"\\\"></script><script src=\\\"/_next/static/chunks/fallback/pages/_error.js\\\" defer=\\\"\\\"></script><noscript id=\\\"__next_css__DO_NOT_USE__\\\"></noscript></head><body><div id=\\\"__next\\\"></div><script src=\\\"/_next/static/chunks/fallback/react-refresh.js\\\"></script><script id=\\\"__NEXT_DATA__\\\" type=\\\"application/json\\\">{\\\"props\\\":{\\\"pageProps\\\":{\\\"statusCode\\\":500,\\\"hostname\\\":\\\"localhost\\\"}},\\\"page\\\":\\\"/_error\\\",\\\"query\\\":{},\\\"buildId\\\":\\\"development\\\",\\\"isFallback\\\":false,\\\"err\\\":{\\\"name\\\":\\\"Error\\\",\\\"source\\\":\\\"server\\\",\\\"message\\\":\\\"Syntax error: \\\\\\\"next/font\\\\\\\" requires SWC although Babel is being used due to a custom babel config being present.\\\\nRead more: https://nextjs.org/docs/messages/babel-font-loader-conflict\\\",\\\"stack\\\":\\\"Error: \\\\u001b[31m\\\\u001b[1mSyntax error\\\\u001b[22m\\\\u001b[39m: \\\\\\\"next/font\\\\\\\" requires SWC although Babel is being used due to a custom babel config being present.\\\\nRead more: https://nextjs.org/docs/messages/babel-font-loader-conflict\\\\n    at getBabelError (/Users/vincentperreard/Mathildanesth/node_modules/next/dist/build/webpack/plugins/wellknown-errors-plugin/parseBabel.js:24:16)\\\\n    at getModuleBuildError (/Users/vincentperreard/Mathildanesth/node_modules/next/dist/build/webpack/plugins/wellknown-errors-plugin/webpackModuleError.js:111:49)\\\\n    at async /Users/vincentperreard/Mathildanesth/node_modules/next/dist/build/webpack/plugins/wellknown-errors-plugin/index.js:29:49\\\\n    at async Promise.all (index 0)\\\\n    at async /Users/vincentperreard/Mathildanesth/node_modules/next/dist/build/webpack/plugins/wellknown-errors-plugin/index.js:27:21\\\"},\\\"gip\\\":true,\\\"scriptLoader\\\":[]}</script></body></html>\"\n\nBecause this error occurred during a `before each` hook we are skipping the remaining tests in the current suite: `Tests d'accessibilité`",
                "estack": "Error: Échec d'authentification: 500 \"<!DOCTYPE html><html><head><style data-next-hide-fouc=\\\"true\\\">body{display:none}</style><noscript data-next-hide-fouc=\\\"true\\\"><style>body{display:block}</style></noscript><meta charSet=\\\"utf-8\\\" data-next-head=\\\"\\\"/><meta name=\\\"viewport\\\" content=\\\"width=device-width\\\" data-next-head=\\\"\\\"/><noscript data-n-css=\\\"\\\"></noscript><script defer=\\\"\\\" nomodule=\\\"\\\" src=\\\"/_next/static/chunks/polyfills.js\\\"></script><script src=\\\"/_next/static/chunks/fallback/webpack.js\\\" defer=\\\"\\\"></script><script src=\\\"/_next/static/chunks/fallback/main.js\\\" defer=\\\"\\\"></script><script src=\\\"/_next/static/chunks/fallback/pages/_app.js\\\" defer=\\\"\\\"></script><script src=\\\"/_next/static/chunks/fallback/pages/_error.js\\\" defer=\\\"\\\"></script><noscript id=\\\"__next_css__DO_NOT_USE__\\\"></noscript></head><body><div id=\\\"__next\\\"></div><script src=\\\"/_next/static/chunks/fallback/react-refresh.js\\\"></script><script id=\\\"__NEXT_DATA__\\\" type=\\\"application/json\\\">{\\\"props\\\":{\\\"pageProps\\\":{\\\"statusCode\\\":500,\\\"hostname\\\":\\\"localhost\\\"}},\\\"page\\\":\\\"/_error\\\",\\\"query\\\":{},\\\"buildId\\\":\\\"development\\\",\\\"isFallback\\\":false,\\\"err\\\":{\\\"name\\\":\\\"Error\\\",\\\"source\\\":\\\"server\\\",\\\"message\\\":\\\"Syntax error: \\\\\\\"next/font\\\\\\\" requires SWC although Babel is being used due to a custom babel config being present.\\\\nRead more: https://nextjs.org/docs/messages/babel-font-loader-conflict\\\",\\\"stack\\\":\\\"Error: \\\\u001b[31m\\\\u001b[1mSyntax error\\\\u001b[22m\\\\u001b[39m: \\\\\\\"next/font\\\\\\\" requires SWC although Babel is being used due to a custom babel config being present.\\\\nRead more: https://nextjs.org/docs/messages/babel-font-loader-conflict\\\\n    at getBabelError (/Users/vincentperreard/Mathildanesth/node_modules/next/dist/build/webpack/plugins/wellknown-errors-plugin/parseBabel.js:24:16)\\\\n    at getModuleBuildError (/Users/vincentperreard/Mathildanesth/node_modules/next/dist/build/webpack/plugins/wellknown-errors-plugin/webpackModuleError.js:111:49)\\\\n    at async /Users/vincentperreard/Mathildanesth/node_modules/next/dist/build/webpack/plugins/wellknown-errors-plugin/index.js:29:49\\\\n    at async Promise.all (index 0)\\\\n    at async /Users/vincentperreard/Mathildanesth/node_modules/next/dist/build/webpack/plugins/wellknown-errors-plugin/index.js:27:21\\\"},\\\"gip\\\":true,\\\"scriptLoader\\\":[]}</script></body></html>\"\n\nBecause this error occurred during a `before each` hook we are skipping the remaining tests in the current suite: `Tests d'accessibilité`\n    at Context.eval (webpack://mathildanesth/./cypress/support/commands.ts:97:18)\n    at getRet (http://localhost:3000/__cypress/runner/cypress_runner.js:119616:20)\n    at tryCatcher (http://localhost:3000/__cypress/runner/cypress_runner.js:1777:23)\n    at Promise.attempt.Promise.try (http://localhost:3000/__cypress/runner/cypress_runner.js:4285:29)\n    at Context.thenFn (http://localhost:3000/__cypress/runner/cypress_runner.js:119627:66)\n    at Context.then (http://localhost:3000/__cypress/runner/cypress_runner.js:119878:21)\n    at wrapped (http://localhost:3000/__cypress/runner/cypress_runner.js:140155:19)\n    at <unknown> (http://localhost:3000/__cypress/runner/cypress_runner.js:146100:15)\n    at tryCatcher (http://localhost:3000/__cypress/runner/cypress_runner.js:1777:23)",
                "diff": null
              },
              "uuid": "28695e98-23c7-4baf-984d-06f1a3b28bd9",
              "parentUUID": "e0ba1667-95bf-4d8f-801e-ebac2027094d",
              "isHook": false,
              "skipped": false
            },
            {
              "title": "vérifie l'accessibilité de la page de congés",
              "fullTitle": "Tests d'accessibilité vérifie l'accessibilité de la page de congés",
              "timedOut": null,
              "duration": 0,
              "state": "skipped",
              "speed": null,
              "pass": false,
              "fail": false,
              "pending": false,
              "context": null,
              "code": "cy.visitAsAuthenticatedUser('/conges');\n// Injecter et vérifier l'accessibilité\ncy.checkAccessibility();",
              "err": {},
              "uuid": "b168a739-2941-4cab-8d43-64522db169d9",
              "parentUUID": "e0ba1667-95bf-4d8f-801e-ebac2027094d",
              "isHook": false,
              "skipped": true
            },
            {
              "title": "vérifie l'accessibilité de la page de planning",
              "fullTitle": "Tests d'accessibilité vérifie l'accessibilité de la page de planning",
              "timedOut": null,
              "duration": 0,
              "state": "skipped",
              "speed": null,
              "pass": false,
              "fail": false,
              "pending": false,
              "context": null,
              "code": "cy.visitAsAuthenticatedUser('/planning/hebdomadaire');\n// Injecter et vérifier l'accessibilité\ncy.checkAccessibility();",
              "err": {},
              "uuid": "2727c6df-e3fa-4b1f-9072-e1d6d2210de0",
              "parentUUID": "e0ba1667-95bf-4d8f-801e-ebac2027094d",
              "isHook": false,
              "skipped": true
            },
            {
              "title": "vérifie l'accessibilité du calendrier",
              "fullTitle": "Tests d'accessibilité vérifie l'accessibilité du calendrier",
              "timedOut": null,
              "duration": 0,
              "state": "skipped",
              "speed": null,
              "pass": false,
              "fail": false,
              "pending": false,
              "context": null,
              "code": "cy.visitAsAuthenticatedUser('/calendrier');\n// Injecter et vérifier l'accessibilité\ncy.checkAccessibility();",
              "err": {},
              "uuid": "596cc427-8e1f-4951-8a3e-1ea57c64cd1e",
              "parentUUID": "e0ba1667-95bf-4d8f-801e-ebac2027094d",
              "isHook": false,
              "skipped": true
            },
            {
              "title": "vérifie l'accessibilité du formulaire de demande de congés",
              "fullTitle": "Tests d'accessibilité vérifie l'accessibilité du formulaire de demande de congés",
              "timedOut": null,
              "duration": 0,
              "state": "skipped",
              "speed": null,
              "pass": false,
              "fail": false,
              "pending": false,
              "context": null,
              "code": "cy.visitAsAuthenticatedUser('/conges/nouveau');\n// Injecter et vérifier l'accessibilité avec une configuration personnalisée\ncy.checkAccessibility({\n    rules: {\n        'color-contrast': { enabled: true },\n        'label': { enabled: true },\n        'form-field-multiple-labels': { enabled: false }\n    }\n});",
              "err": {},
              "uuid": "30a08ea8-6470-4bdf-b720-e2dcae6f24b6",
              "parentUUID": "e0ba1667-95bf-4d8f-801e-ebac2027094d",
              "isHook": false,
              "skipped": true
            }
          ],
          "suites": [],
          "passes": [],
          "failures": [
            "28695e98-23c7-4baf-984d-06f1a3b28bd9"
          ],
          "pending": [],
          "skipped": [
            "b168a739-2941-4cab-8d43-64522db169d9",
            "2727c6df-e3fa-4b1f-9072-e1d6d2210de0",
            "596cc427-8e1f-4951-8a3e-1ea57c64cd1e",
            "30a08ea8-6470-4bdf-b720-e2dcae6f24b6"
          ],
          "duration": 585,
          "root": false,
          "rootEmpty": false,
          "_timeout": 2000
        }
      ],
      "passes": [],
      "failures": [],
      "pending": [],
      "skipped": [],
      "duration": 0,
      "root": true,
      "rootEmpty": true,
      "_timeout": 2000
    }
  ],
  "meta": {
    "mocha": {
      "version": "7.2.0"
    },
    "mochawesome": {
      "options": {
        "quiet": false,
        "reportFilename": "mochawesome",
        "saveHtml": false,
        "saveJson": true,
        "consoleReporter": "spec",
        "useInlineDiffs": false,
        "code": true
      },
      "version": "7.1.3"
    },
    "marge": {
      "options": {
        "id": "default",
        "reportDir": "cypress/reports/mocha",
        "quite": true,
        "overwrite": false,
        "html": false,
        "json": true
      },
      "version": "6.2.0"
    }
  }
}