{
  "stats": {
    "suites": 1,
    "tests": 5,
    "passes": 0,
    "pending": 0,
    "failures": 5,
    "start": "2025-06-01T05:47:00.930Z",
    "end": "2025-06-01T05:47:08.051Z",
    "duration": 7121,
    "testsRegistered": 5,
    "passPercent": 0,
    "pendingPercent": 0,
    "other": 0,
    "hasOther": false,
    "skipped": 0,
    "hasSkipped": false
  },
  "results": [
    {
      "uuid": "7ac5ade4-9393-4e6f-94f8-ae219c87b407",
      "title": "",
      "fullFile": "cypress/e2e/accessibility/accessibility-tests.spec.ts",
      "file": "cypress/e2e/accessibility/accessibility-tests.spec.ts",
      "beforeHooks": [],
      "afterHooks": [],
      "tests": [],
      "suites": [
        {
          "uuid": "ec679c2e-064c-44d1-acea-af2ddd554277",
          "title": "Tests d'accessibilité",
          "fullFile": "",
          "file": "",
          "beforeHooks": [],
          "afterHooks": [],
          "tests": [
            {
              "title": "vérifie l'accessibilité de la page d'accueil",
              "fullTitle": "Tests d'accessibilité vérifie l'accessibilité de la page d'accueil",
              "timedOut": null,
              "duration": 504,
              "state": "failed",
              "speed": null,
              "pass": false,
              "fail": true,
              "pending": false,
              "context": null,
              "code": "cy.visitAsAuthenticatedUser('/tableau-de-bord');\n// Injecter et vérifier l'accessibilité\ncy.checkAccessibility();",
              "err": {
                "message": "TypeError: cy.checkAccessibility is not a function",
                "estack": "TypeError: cy.checkAccessibility is not a function\n    at Context.eval (webpack://mathildanesth/./cypress/e2e/accessibility/accessibility-tests.spec.ts:26:11)\n    at runnable.fn (http://localhost:3000/__cypress/runner/cypress_runner.js:140440:19)\n    at callFn (http://localhost:3000/__cypress/runner/cypress_runner.js:159518:21)\n    at Runnable.run (http://localhost:3000/__cypress/runner/cypress_runner.js:159505:7)\n    at <unknown> (http://localhost:3000/__cypress/runner/cypress_runner.js:165577:30)\n    at PassThroughHandlerContext.finallyHandler (http://localhost:3000/__cypress/runner/cypress_runner.js:4042:23)\n    at PassThroughHandlerContext.tryCatcher (http://localhost:3000/__cypress/runner/cypress_runner.js:1777:23)\n    at Promise._settlePromiseFromHandler (http://localhost:3000/__cypress/runner/cypress_runner.js:1489:31)\n    at Promise._settlePromise (http://localhost:3000/__cypress/runner/cypress_runner.js:1546:18)",
                "diff": null
              },
              "uuid": "a4a46a71-a185-4106-ac76-299e9b68f29b",
              "parentUUID": "ec679c2e-064c-44d1-acea-af2ddd554277",
              "isHook": false,
              "skipped": false
            },
            {
              "title": "vérifie l'accessibilité de la page de congés",
              "fullTitle": "Tests d'accessibilité vérifie l'accessibilité de la page de congés",
              "timedOut": null,
              "duration": 449,
              "state": "failed",
              "speed": null,
              "pass": false,
              "fail": true,
              "pending": false,
              "context": null,
              "code": "cy.visitAsAuthenticatedUser('/conges');\n// Injecter et vérifier l'accessibilité\ncy.checkAccessibility();",
              "err": {
                "message": "TypeError: cy.checkAccessibility is not a function",
                "estack": "TypeError: cy.checkAccessibility is not a function\n    at Context.eval (webpack://mathildanesth/./cypress/e2e/accessibility/accessibility-tests.spec.ts:33:11)\n    at runnable.fn (http://localhost:3000/__cypress/runner/cypress_runner.js:140440:19)\n    at callFn (http://localhost:3000/__cypress/runner/cypress_runner.js:159518:21)\n    at Runnable.run (http://localhost:3000/__cypress/runner/cypress_runner.js:159505:7)\n    at <unknown> (http://localhost:3000/__cypress/runner/cypress_runner.js:165577:30)\n    at PassThroughHandlerContext.finallyHandler (http://localhost:3000/__cypress/runner/cypress_runner.js:4042:23)\n    at PassThroughHandlerContext.tryCatcher (http://localhost:3000/__cypress/runner/cypress_runner.js:1777:23)\n    at Promise._settlePromiseFromHandler (http://localhost:3000/__cypress/runner/cypress_runner.js:1489:31)\n    at Promise._settlePromise (http://localhost:3000/__cypress/runner/cypress_runner.js:1546:18)",
                "diff": null
              },
              "uuid": "2b0db739-5ac7-4f1e-b61f-8d798a45b78e",
              "parentUUID": "ec679c2e-064c-44d1-acea-af2ddd554277",
              "isHook": false,
              "skipped": false
            },
            {
              "title": "vérifie l'accessibilité de la page de planning",
              "fullTitle": "Tests d'accessibilité vérifie l'accessibilité de la page de planning",
              "timedOut": null,
              "duration": 423,
              "state": "failed",
              "speed": null,
              "pass": false,
              "fail": true,
              "pending": false,
              "context": null,
              "code": "cy.visitAsAuthenticatedUser('/planning/hebdomadaire');\n// Injecter et vérifier l'accessibilité\ncy.checkAccessibility();",
              "err": {
                "message": "TypeError: cy.checkAccessibility is not a function",
                "estack": "TypeError: cy.checkAccessibility is not a function\n    at Context.eval (webpack://mathildanesth/./cypress/e2e/accessibility/accessibility-tests.spec.ts:40:11)\n    at runnable.fn (http://localhost:3000/__cypress/runner/cypress_runner.js:140440:19)\n    at callFn (http://localhost:3000/__cypress/runner/cypress_runner.js:159518:21)\n    at Runnable.run (http://localhost:3000/__cypress/runner/cypress_runner.js:159505:7)\n    at <unknown> (http://localhost:3000/__cypress/runner/cypress_runner.js:165577:30)\n    at PassThroughHandlerContext.finallyHandler (http://localhost:3000/__cypress/runner/cypress_runner.js:4042:23)\n    at PassThroughHandlerContext.tryCatcher (http://localhost:3000/__cypress/runner/cypress_runner.js:1777:23)\n    at Promise._settlePromiseFromHandler (http://localhost:3000/__cypress/runner/cypress_runner.js:1489:31)\n    at Promise._settlePromise (http://localhost:3000/__cypress/runner/cypress_runner.js:1546:18)",
                "diff": null
              },
              "uuid": "f2168b06-ca6a-4bd6-bb3d-ce309e843b82",
              "parentUUID": "ec679c2e-064c-44d1-acea-af2ddd554277",
              "isHook": false,
              "skipped": false
            },
            {
              "title": "vérifie l'accessibilité du calendrier",
              "fullTitle": "Tests d'accessibilité vérifie l'accessibilité du calendrier",
              "timedOut": null,
              "duration": 451,
              "state": "failed",
              "speed": null,
              "pass": false,
              "fail": true,
              "pending": false,
              "context": null,
              "code": "cy.visitAsAuthenticatedUser('/calendrier');\n// Injecter et vérifier l'accessibilité\ncy.checkAccessibility();",
              "err": {
                "message": "TypeError: cy.checkAccessibility is not a function",
                "estack": "TypeError: cy.checkAccessibility is not a function\n    at Context.eval (webpack://mathildanesth/./cypress/e2e/accessibility/accessibility-tests.spec.ts:47:11)\n    at runnable.fn (http://localhost:3000/__cypress/runner/cypress_runner.js:140440:19)\n    at callFn (http://localhost:3000/__cypress/runner/cypress_runner.js:159518:21)\n    at Runnable.run (http://localhost:3000/__cypress/runner/cypress_runner.js:159505:7)\n    at <unknown> (http://localhost:3000/__cypress/runner/cypress_runner.js:165577:30)\n    at PassThroughHandlerContext.finallyHandler (http://localhost:3000/__cypress/runner/cypress_runner.js:4042:23)\n    at PassThroughHandlerContext.tryCatcher (http://localhost:3000/__cypress/runner/cypress_runner.js:1777:23)\n    at Promise._settlePromiseFromHandler (http://localhost:3000/__cypress/runner/cypress_runner.js:1489:31)\n    at Promise._settlePromise (http://localhost:3000/__cypress/runner/cypress_runner.js:1546:18)",
                "diff": null
              },
              "uuid": "6ea3f088-25d3-4ef4-a63f-a62e6d7bb8cf",
              "parentUUID": "ec679c2e-064c-44d1-acea-af2ddd554277",
              "isHook": false,
              "skipped": false
            },
            {
              "title": "vérifie l'accessibilité du formulaire de demande de congés",
              "fullTitle": "Tests d'accessibilité vérifie l'accessibilité du formulaire de demande de congés",
              "timedOut": null,
              "duration": 441,
              "state": "failed",
              "speed": null,
              "pass": false,
              "fail": true,
              "pending": false,
              "context": null,
              "code": "cy.visitAsAuthenticatedUser('/conges/nouveau');\n// Injecter et vérifier l'accessibilité avec une configuration personnalisée\ncy.checkAccessibility({\n    rules: {\n        'color-contrast': { enabled: true },\n        'label': { enabled: true },\n        'form-field-multiple-labels': { enabled: false }\n    }\n});",
              "err": {
                "message": "TypeError: cy.checkAccessibility is not a function",
                "estack": "TypeError: cy.checkAccessibility is not a function\n    at Context.eval (webpack://mathildanesth/./cypress/e2e/accessibility/accessibility-tests.spec.ts:54:11)\n    at runnable.fn (http://localhost:3000/__cypress/runner/cypress_runner.js:140440:19)\n    at callFn (http://localhost:3000/__cypress/runner/cypress_runner.js:159518:21)\n    at Runnable.run (http://localhost:3000/__cypress/runner/cypress_runner.js:159505:7)\n    at <unknown> (http://localhost:3000/__cypress/runner/cypress_runner.js:165577:30)\n    at PassThroughHandlerContext.finallyHandler (http://localhost:3000/__cypress/runner/cypress_runner.js:4042:23)\n    at PassThroughHandlerContext.tryCatcher (http://localhost:3000/__cypress/runner/cypress_runner.js:1777:23)\n    at Promise._settlePromiseFromHandler (http://localhost:3000/__cypress/runner/cypress_runner.js:1489:31)\n    at Promise._settlePromise (http://localhost:3000/__cypress/runner/cypress_runner.js:1546:18)",
                "diff": null
              },
              "uuid": "e039de3e-cf46-47c9-8227-b1b11601f8c9",
              "parentUUID": "ec679c2e-064c-44d1-acea-af2ddd554277",
              "isHook": false,
              "skipped": false
            }
          ],
          "suites": [],
          "passes": [],
          "failures": [
            "a4a46a71-a185-4106-ac76-299e9b68f29b",
            "2b0db739-5ac7-4f1e-b61f-8d798a45b78e",
            "f2168b06-ca6a-4bd6-bb3d-ce309e843b82",
            "6ea3f088-25d3-4ef4-a63f-a62e6d7bb8cf",
            "e039de3e-cf46-47c9-8227-b1b11601f8c9"
          ],
          "pending": [],
          "skipped": [],
          "duration": 2268,
          "root": false,
          "rootEmpty": false,
          "_timeout": 2000
        }
      ],
      "passes": [],
      "failures": [],
      "pending": [],
      "skipped": [],
      "duration": 0,
      "root": true,
      "rootEmpty": true,
      "_timeout": 2000
    }
  ],
  "meta": {
    "mocha": {
      "version": "7.2.0"
    },
    "mochawesome": {
      "options": {
        "quiet": false,
        "reportFilename": "mochawesome",
        "saveHtml": false,
        "saveJson": true,
        "consoleReporter": "spec",
        "useInlineDiffs": false,
        "code": true
      },
      "version": "7.1.3"
    },
    "marge": {
      "options": {
        "id": "default",
        "reportDir": "cypress/reports/mocha",
        "quite": true,
        "overwrite": false,
        "html": false,
        "json": true
      },
      "version": "6.2.0"
    }
  }
}