{
  "stats": {
    "suites": 1,
    "tests": 2,
    "passes": 1,
    "pending": 0,
    "failures": 1,
    "start": "2025-06-01T06:18:28.620Z",
    "end": "2025-06-01T06:19:20.479Z",
    "duration": 51859,
    "testsRegistered": 2,
    "passPercent": 50,
    "pendingPercent": 0,
    "other": 0,
    "hasOther": false,
    "skipped": 0,
    "hasSkipped": false
  },
  "results": [
    {
      "uuid": "677b5942-78ff-465d-9e76-08fb298e8e43",
      "title": "",
      "fullFile": "cypress/e2e/auth/simple-login-test.spec.ts",
      "file": "cypress/e2e/auth/simple-login-test.spec.ts",
      "beforeHooks": [],
      "afterHooks": [],
      "tests": [],
      "suites": [
        {
          "uuid": "9b871e0e-2e69-47ec-9c24-2b305beef4f9",
          "title": "Test de connexion simple",
          "fullFile": "",
          "file": "",
          "beforeHooks": [],
          "afterHooks": [],
          "tests": [
            {
              "title": "visite la page de connexion",
              "fullTitle": "Test de connexion simple visite la page de connexion",
              "timedOut": null,
              "duration": 715,
              "state": "passed",
              "speed": "fast",
              "pass": true,
              "fail": false,
              "pending": false,
              "context": null,
              "code": "cy.visit('/auth/connexion');\ncy.get('h1').should('contain', 'Connexion');\ncy.get('[data-cy=email-input]').should('be.visible');\ncy.get('[data-cy=password-input]').should('be.visible');\ncy.get('[data-cy=submit-button]').should('be.visible');",
              "err": {},
              "uuid": "53ef89ee-6c56-40ac-b703-8ad075ec3d74",
              "parentUUID": "9b871e0e-2e69-47ec-9c24-2b305beef4f9",
              "isHook": false,
              "skipped": false
            },
            {
              "title": "affiche une erreur pour des identifiants invalides",
              "fullTitle": "Test de connexion simple affiche une erreur pour des identifiants invalides",
              "timedOut": null,
              "duration": 18192,
              "state": "failed",
              "speed": null,
              "pass": false,
              "fail": true,
              "pending": false,
              "context": null,
              "code": "cy.visit('/auth/connexion');\ncy.get('[data-cy=email-input]').type('test@invalid.com');\ncy.get('[data-cy=password-input]').type('wrongpassword');\ncy.get('[data-cy=submit-button]').click({ force: true });\ncy.get('[data-cy=error-message]')\n    .should('be.visible')\n    .and('contain.text', 'Identifiants invalides');",
              "err": {
                "message": "AssertionError: Timed out retrying after 15000ms: Expected to find element: `[data-cy=error-message]`, but never found it.",
                "estack": "AssertionError: Timed out retrying after 15000ms: Expected to find element: `[data-cy=error-message]`, but never found it.\n    at Context.eval (webpack://mathildanesth/./cypress/e2e/auth/simple-login-test.spec.ts:17:13)",
                "diff": null
              },
              "uuid": "7e544a31-583f-4b0b-8a3d-c066dbc4c0ec",
              "parentUUID": "9b871e0e-2e69-47ec-9c24-2b305beef4f9",
              "isHook": false,
              "skipped": false
            }
          ],
          "suites": [],
          "passes": [
            "53ef89ee-6c56-40ac-b703-8ad075ec3d74"
          ],
          "failures": [
            "7e544a31-583f-4b0b-8a3d-c066dbc4c0ec"
          ],
          "pending": [],
          "skipped": [],
          "duration": 18907,
          "root": false,
          "rootEmpty": false,
          "_timeout": 2000
        }
      ],
      "passes": [],
      "failures": [],
      "pending": [],
      "skipped": [],
      "duration": 0,
      "root": true,
      "rootEmpty": true,
      "_timeout": 2000
    }
  ],
  "meta": {
    "mocha": {
      "version": "7.2.0"
    },
    "mochawesome": {
      "options": {
        "quiet": false,
        "reportFilename": "mochawesome",
        "saveHtml": false,
        "saveJson": true,
        "consoleReporter": "spec",
        "useInlineDiffs": false,
        "code": true
      },
      "version": "7.1.3"
    },
    "marge": {
      "options": {
        "id": "default",
        "reportDir": "cypress/reports/mocha",
        "quite": true,
        "overwrite": false,
        "html": false,
        "json": true
      },
      "version": "6.2.0"
    }
  }
}