{
  "stats": {
    "suites": 1,
    "tests": 1,
    "passes": 0,
    "pending": 0,
    "failures": 1,
    "start": "2025-05-05T11:20:49.062Z",
    "end": "2025-05-05T11:20:49.684Z",
    "duration": 622,
    "testsRegistered": 4,
    "passPercent": 0,
    "pendingPercent": 0,
    "other": 0,
    "hasOther": false,
    "skipped": 3,
    "hasSkipped": true
  },
  "results": [
    {
      "uuid": "e647467a-7ca4-4c5d-a89a-840df48ab869",
      "title": "",
      "fullFile": "cypress/e2e/performance/performance-tests.spec.ts",
      "file": "cypress/e2e/performance/performance-tests.spec.ts",
      "beforeHooks": [],
      "afterHooks": [],
      "tests": [],
      "suites": [
        {
          "uuid": "2999a132-41cf-4925-b837-1823b16caa88",
          "title": "Tests de performance",
          "fullFile": "",
          "file": "",
          "beforeHooks": [],
          "afterHooks": [],
          "tests": [
            {
              "title": "évalue les performances de la page d'accueil",
              "fullTitle": "Tests de performance évalue les performances de la page d'accueil",
              "timedOut": null,
              "duration": 526,
              "state": "failed",
              "speed": null,
              "pass": false,
              "fail": true,
              "pending": false,
              "context": null,
              "code": "// Visiter la page d'accueil (supposons /planning/hebdomadaire comme page principale après login)\ncy.visitAsAuthenticatedUser('/planning/hebdomadaire');\n// Mesurer les performances avec Lighthouse\n// cy.lighthouse(); // Commenté temporairement car la commande échoue\ncy.log(\"Lighthouse test skipped\"); // Placeholder",
              "err": {
                "message": "Error: Échec d'authentification: 500 \"<!DOCTYPE html><html><head><style data-next-hide-fouc=\\\"true\\\">body{display:none}</style><noscript data-next-hide-fouc=\\\"true\\\"><style>body{display:block}</style></noscript><meta charSet=\\\"utf-8\\\" data-next-head=\\\"\\\"/><meta name=\\\"viewport\\\" content=\\\"width=device-width\\\" data-next-head=\\\"\\\"/><noscript data-n-css=\\\"\\\"></noscript><script defer=\\\"\\\" nomodule=\\\"\\\" src=\\\"/_next/static/chunks/polyfills.js\\\"></script><script src=\\\"/_next/static/chunks/fallback/webpack.js\\\" defer=\\\"\\\"></script><script src=\\\"/_next/static/chunks/fallback/main.js\\\" defer=\\\"\\\"></script><script src=\\\"/_next/static/chunks/fallback/pages/_app.js\\\" defer=\\\"\\\"></script><script src=\\\"/_next/static/chunks/fallback/pages/_error.js\\\" defer=\\\"\\\"></script><noscript id=\\\"__next_css__DO_NOT_USE__\\\"></noscript></head><body><div id=\\\"__next\\\"></div><script src=\\\"/_next/static/chunks/fallback/react-refresh.js\\\"></script><script id=\\\"__NEXT_DATA__\\\" type=\\\"application/json\\\">{\\\"props\\\":{\\\"pageProps\\\":{\\\"statusCode\\\":500,\\\"hostname\\\":\\\"localhost\\\"}},\\\"page\\\":\\\"/_error\\\",\\\"query\\\":{},\\\"buildId\\\":\\\"development\\\",\\\"isFallback\\\":false,\\\"err\\\":{\\\"name\\\":\\\"Error\\\",\\\"source\\\":\\\"server\\\",\\\"message\\\":\\\"Syntax error: \\\\\\\"next/font\\\\\\\" requires SWC although Babel is being used due to a custom babel config being present.\\\\nRead more: https://nextjs.org/docs/messages/babel-font-loader-conflict\\\",\\\"stack\\\":\\\"Error: \\\\u001b[31m\\\\u001b[1mSyntax error\\\\u001b[22m\\\\u001b[39m: \\\\\\\"next/font\\\\\\\" requires SWC although Babel is being used due to a custom babel config being present.\\\\nRead more: https://nextjs.org/docs/messages/babel-font-loader-conflict\\\\n    at getBabelError (/Users/vincentperreard/Mathildanesth/node_modules/next/dist/build/webpack/plugins/wellknown-errors-plugin/parseBabel.js:24:16)\\\\n    at getModuleBuildError (/Users/vincentperreard/Mathildanesth/node_modules/next/dist/build/webpack/plugins/wellknown-errors-plugin/webpackModuleError.js:111:49)\\\\n    at async /Users/vincentperreard/Mathildanesth/node_modules/next/dist/build/webpack/plugins/wellknown-errors-plugin/index.js:29:49\\\\n    at async Promise.all (index 0)\\\\n    at async /Users/vincentperreard/Mathildanesth/node_modules/next/dist/build/webpack/plugins/wellknown-errors-plugin/index.js:27:21\\\"},\\\"gip\\\":true,\\\"scriptLoader\\\":[]}</script></body></html>\"\n\nBecause this error occurred during a `before each` hook we are skipping the remaining tests in the current suite: `Tests de performance`",
                "estack": "Error: Échec d'authentification: 500 \"<!DOCTYPE html><html><head><style data-next-hide-fouc=\\\"true\\\">body{display:none}</style><noscript data-next-hide-fouc=\\\"true\\\"><style>body{display:block}</style></noscript><meta charSet=\\\"utf-8\\\" data-next-head=\\\"\\\"/><meta name=\\\"viewport\\\" content=\\\"width=device-width\\\" data-next-head=\\\"\\\"/><noscript data-n-css=\\\"\\\"></noscript><script defer=\\\"\\\" nomodule=\\\"\\\" src=\\\"/_next/static/chunks/polyfills.js\\\"></script><script src=\\\"/_next/static/chunks/fallback/webpack.js\\\" defer=\\\"\\\"></script><script src=\\\"/_next/static/chunks/fallback/main.js\\\" defer=\\\"\\\"></script><script src=\\\"/_next/static/chunks/fallback/pages/_app.js\\\" defer=\\\"\\\"></script><script src=\\\"/_next/static/chunks/fallback/pages/_error.js\\\" defer=\\\"\\\"></script><noscript id=\\\"__next_css__DO_NOT_USE__\\\"></noscript></head><body><div id=\\\"__next\\\"></div><script src=\\\"/_next/static/chunks/fallback/react-refresh.js\\\"></script><script id=\\\"__NEXT_DATA__\\\" type=\\\"application/json\\\">{\\\"props\\\":{\\\"pageProps\\\":{\\\"statusCode\\\":500,\\\"hostname\\\":\\\"localhost\\\"}},\\\"page\\\":\\\"/_error\\\",\\\"query\\\":{},\\\"buildId\\\":\\\"development\\\",\\\"isFallback\\\":false,\\\"err\\\":{\\\"name\\\":\\\"Error\\\",\\\"source\\\":\\\"server\\\",\\\"message\\\":\\\"Syntax error: \\\\\\\"next/font\\\\\\\" requires SWC although Babel is being used due to a custom babel config being present.\\\\nRead more: https://nextjs.org/docs/messages/babel-font-loader-conflict\\\",\\\"stack\\\":\\\"Error: \\\\u001b[31m\\\\u001b[1mSyntax error\\\\u001b[22m\\\\u001b[39m: \\\\\\\"next/font\\\\\\\" requires SWC although Babel is being used due to a custom babel config being present.\\\\nRead more: https://nextjs.org/docs/messages/babel-font-loader-conflict\\\\n    at getBabelError (/Users/vincentperreard/Mathildanesth/node_modules/next/dist/build/webpack/plugins/wellknown-errors-plugin/parseBabel.js:24:16)\\\\n    at getModuleBuildError (/Users/vincentperreard/Mathildanesth/node_modules/next/dist/build/webpack/plugins/wellknown-errors-plugin/webpackModuleError.js:111:49)\\\\n    at async /Users/vincentperreard/Mathildanesth/node_modules/next/dist/build/webpack/plugins/wellknown-errors-plugin/index.js:29:49\\\\n    at async Promise.all (index 0)\\\\n    at async /Users/vincentperreard/Mathildanesth/node_modules/next/dist/build/webpack/plugins/wellknown-errors-plugin/index.js:27:21\\\"},\\\"gip\\\":true,\\\"scriptLoader\\\":[]}</script></body></html>\"\n\nBecause this error occurred during a `before each` hook we are skipping the remaining tests in the current suite: `Tests de performance`\n    at Context.eval (webpack://mathildanesth/./cypress/support/commands.ts:97:18)\n    at getRet (http://localhost:3000/__cypress/runner/cypress_runner.js:119616:20)\n    at tryCatcher (http://localhost:3000/__cypress/runner/cypress_runner.js:1777:23)\n    at Promise.attempt.Promise.try (http://localhost:3000/__cypress/runner/cypress_runner.js:4285:29)\n    at Context.thenFn (http://localhost:3000/__cypress/runner/cypress_runner.js:119627:66)\n    at Context.then (http://localhost:3000/__cypress/runner/cypress_runner.js:119878:21)\n    at wrapped (http://localhost:3000/__cypress/runner/cypress_runner.js:140155:19)\n    at <unknown> (http://localhost:3000/__cypress/runner/cypress_runner.js:146100:15)\n    at tryCatcher (http://localhost:3000/__cypress/runner/cypress_runner.js:1777:23)",
                "diff": null
              },
              "uuid": "6b3b2dab-d6bd-452b-8474-793ad0a48127",
              "parentUUID": "2999a132-41cf-4925-b837-1823b16caa88",
              "isHook": false,
              "skipped": false
            },
            {
              "title": "évalue les performances de la page de congés",
              "fullTitle": "Tests de performance évalue les performances de la page de congés",
              "timedOut": null,
              "duration": 0,
              "state": "skipped",
              "speed": null,
              "pass": false,
              "fail": false,
              "pending": false,
              "context": null,
              "code": "cy.visitAsAuthenticatedUser('/conges');\n// cy.lighthouse(); // Commenté temporairement\ncy.log(\"Lighthouse test skipped\");",
              "err": {},
              "uuid": "ee80731e-ba0a-4c35-b1f3-3c9845599bba",
              "parentUUID": "2999a132-41cf-4925-b837-1823b16caa88",
              "isHook": false,
              "skipped": true
            },
            {
              "title": "évalue les performances du calendrier",
              "fullTitle": "Tests de performance évalue les performances du calendrier",
              "timedOut": null,
              "duration": 0,
              "state": "skipped",
              "speed": null,
              "pass": false,
              "fail": false,
              "pending": false,
              "context": null,
              "code": "cy.visitAsAuthenticatedUser('/calendrier');\n// cy.lighthouse(); // Commenté temporairement\ncy.log(\"Lighthouse test skipped\");",
              "err": {},
              "uuid": "5cc8741d-d7a8-465b-9651-2c2313eac321",
              "parentUUID": "2999a132-41cf-4925-b837-1823b16caa88",
              "isHook": false,
              "skipped": true
            },
            {
              "title": "évalue les performances du planning",
              "fullTitle": "Tests de performance évalue les performances du planning",
              "timedOut": null,
              "duration": 0,
              "state": "skipped",
              "speed": null,
              "pass": false,
              "fail": false,
              "pending": false,
              "context": null,
              "code": "cy.visitAsAuthenticatedUser('/planning/hebdomadaire');\n// cy.lighthouse(); // Commenté temporairement\ncy.log(\"Lighthouse test skipped\");",
              "err": {},
              "uuid": "34e63e68-9e47-4b58-9b48-8e36aa152b8b",
              "parentUUID": "2999a132-41cf-4925-b837-1823b16caa88",
              "isHook": false,
              "skipped": true
            }
          ],
          "suites": [],
          "passes": [],
          "failures": [
            "6b3b2dab-d6bd-452b-8474-793ad0a48127"
          ],
          "pending": [],
          "skipped": [
            "ee80731e-ba0a-4c35-b1f3-3c9845599bba",
            "5cc8741d-d7a8-465b-9651-2c2313eac321",
            "34e63e68-9e47-4b58-9b48-8e36aa152b8b"
          ],
          "duration": 526,
          "root": false,
          "rootEmpty": false,
          "_timeout": 2000
        }
      ],
      "passes": [],
      "failures": [],
      "pending": [],
      "skipped": [],
      "duration": 0,
      "root": true,
      "rootEmpty": true,
      "_timeout": 2000
    }
  ],
  "meta": {
    "mocha": {
      "version": "7.2.0"
    },
    "mochawesome": {
      "options": {
        "quiet": false,
        "reportFilename": "mochawesome",
        "saveHtml": false,
        "saveJson": true,
        "consoleReporter": "spec",
        "useInlineDiffs": false,
        "code": true
      },
      "version": "7.1.3"
    },
    "marge": {
      "options": {
        "id": "default",
        "reportDir": "cypress/reports/mocha",
        "quite": true,
        "overwrite": false,
        "html": false,
        "json": true
      },
      "version": "6.2.0"
    }
  }
}