{
  "stats": {
    "suites": 1,
    "tests": 1,
    "passes": 0,
    "pending": 0,
    "failures": 1,
    "start": "2025-05-04T17:24:42.782Z",
    "end": "2025-05-04T17:24:43.634Z",
    "duration": 852,
    "testsRegistered": 5,
    "passPercent": 0,
    "pendingPercent": 0,
    "other": 0,
    "hasOther": false,
    "skipped": 4,
    "hasSkipped": true
  },
  "results": [
    {
      "uuid": "76619690-8b03-4ca3-b876-442c540cc2ac",
      "title": "",
      "fullFile": "cypress/e2e/accessibility/accessibility-tests.spec.ts",
      "file": "cypress/e2e/accessibility/accessibility-tests.spec.ts",
      "beforeHooks": [],
      "afterHooks": [],
      "tests": [],
      "suites": [
        {
          "uuid": "36f34cbb-0ff8-40b5-a24d-ead59a3e65b7",
          "title": "Tests d'accessibilité",
          "fullFile": "",
          "file": "",
          "beforeHooks": [],
          "afterHooks": [],
          "tests": [
            {
              "title": "vérifie l'accessibilité de la page d'accueil",
              "fullTitle": "Tests d'accessibilité vérifie l'accessibilité de la page d'accueil",
              "timedOut": null,
              "duration": 565,
              "state": "failed",
              "speed": null,
              "pass": false,
              "fail": true,
              "pending": false,
              "context": null,
              "code": "cy.visitAsAuthenticatedUser('/dashboard');\n// Injecter et vérifier l'accessibilité\ncy.checkAccessibility();",
              "err": {
                "message": "Error: Échec d'authentification: 401 {\"message\":\"Login ou mot de passe incorrect\"}\n\nBecause this error occurred during a `before each` hook we are skipping the remaining tests in the current suite: `Tests d'accessibilité`",
                "estack": "Error: Échec d'authentification: 401 {\"message\":\"Login ou mot de passe incorrect\"}\n\nBecause this error occurred during a `before each` hook we are skipping the remaining tests in the current suite: `Tests d'accessibilité`\n    at Context.eval (webpack://mathildanesth/./cypress/support/commands.ts:97:18)\n    at getRet (http://localhost:3000/__cypress/runner/cypress_runner.js:119616:20)\n    at tryCatcher (http://localhost:3000/__cypress/runner/cypress_runner.js:1777:23)\n    at Promise.attempt.Promise.try (http://localhost:3000/__cypress/runner/cypress_runner.js:4285:29)\n    at Context.thenFn (http://localhost:3000/__cypress/runner/cypress_runner.js:119627:66)\n    at Context.then (http://localhost:3000/__cypress/runner/cypress_runner.js:119878:21)\n    at wrapped (http://localhost:3000/__cypress/runner/cypress_runner.js:140155:19)\n    at <unknown> (http://localhost:3000/__cypress/runner/cypress_runner.js:146100:15)\n    at tryCatcher (http://localhost:3000/__cypress/runner/cypress_runner.js:1777:23)",
                "diff": null
              },
              "uuid": "37e18364-8312-4645-8882-47ab9dcf4948",
              "parentUUID": "36f34cbb-0ff8-40b5-a24d-ead59a3e65b7",
              "isHook": false,
              "skipped": false
            },
            {
              "title": "vérifie l'accessibilité de la page de congés",
              "fullTitle": "Tests d'accessibilité vérifie l'accessibilité de la page de congés",
              "timedOut": null,
              "duration": 0,
              "state": "skipped",
              "speed": null,
              "pass": false,
              "fail": false,
              "pending": false,
              "context": null,
              "code": "cy.visitAsAuthenticatedUser('/leaves');\n// Injecter et vérifier l'accessibilité\ncy.checkAccessibility();",
              "err": {},
              "uuid": "e0fc7f6c-402f-42de-a63e-c86bac48105d",
              "parentUUID": "36f34cbb-0ff8-40b5-a24d-ead59a3e65b7",
              "isHook": false,
              "skipped": true
            },
            {
              "title": "vérifie l'accessibilité de la page de planning",
              "fullTitle": "Tests d'accessibilité vérifie l'accessibilité de la page de planning",
              "timedOut": null,
              "duration": 0,
              "state": "skipped",
              "speed": null,
              "pass": false,
              "fail": false,
              "pending": false,
              "context": null,
              "code": "cy.visitAsAuthenticatedUser('/planning/hebdomadaire');\n// Injecter et vérifier l'accessibilité\ncy.checkAccessibility();",
              "err": {},
              "uuid": "593805c9-c0fe-49f0-84eb-ebe3d80462f7",
              "parentUUID": "36f34cbb-0ff8-40b5-a24d-ead59a3e65b7",
              "isHook": false,
              "skipped": true
            },
            {
              "title": "vérifie l'accessibilité du calendrier",
              "fullTitle": "Tests d'accessibilité vérifie l'accessibilité du calendrier",
              "timedOut": null,
              "duration": 0,
              "state": "skipped",
              "speed": null,
              "pass": false,
              "fail": false,
              "pending": false,
              "context": null,
              "code": "cy.visitAsAuthenticatedUser('/calendar');\n// Injecter et vérifier l'accessibilité\ncy.checkAccessibility();",
              "err": {},
              "uuid": "f18d0d8d-b821-4170-92da-4d8e3bc79db9",
              "parentUUID": "36f34cbb-0ff8-40b5-a24d-ead59a3e65b7",
              "isHook": false,
              "skipped": true
            },
            {
              "title": "vérifie l'accessibilité du formulaire de demande de congés",
              "fullTitle": "Tests d'accessibilité vérifie l'accessibilité du formulaire de demande de congés",
              "timedOut": null,
              "duration": 0,
              "state": "skipped",
              "speed": null,
              "pass": false,
              "fail": false,
              "pending": false,
              "context": null,
              "code": "cy.visitAsAuthenticatedUser('/leaves/new');\n// Injecter et vérifier l'accessibilité avec une configuration personnalisée\ncy.checkAccessibility({\n    rules: {\n        'color-contrast': { enabled: true },\n        'label': { enabled: true },\n        'form-field-multiple-labels': { enabled: false }\n    }\n});",
              "err": {},
              "uuid": "1ac8a88a-3945-4bd6-a4bf-174c9584e351",
              "parentUUID": "36f34cbb-0ff8-40b5-a24d-ead59a3e65b7",
              "isHook": false,
              "skipped": true
            }
          ],
          "suites": [],
          "passes": [],
          "failures": [
            "37e18364-8312-4645-8882-47ab9dcf4948"
          ],
          "pending": [],
          "skipped": [
            "e0fc7f6c-402f-42de-a63e-c86bac48105d",
            "593805c9-c0fe-49f0-84eb-ebe3d80462f7",
            "f18d0d8d-b821-4170-92da-4d8e3bc79db9",
            "1ac8a88a-3945-4bd6-a4bf-174c9584e351"
          ],
          "duration": 565,
          "root": false,
          "rootEmpty": false,
          "_timeout": 2000
        }
      ],
      "passes": [],
      "failures": [],
      "pending": [],
      "skipped": [],
      "duration": 0,
      "root": true,
      "rootEmpty": true,
      "_timeout": 2000
    }
  ],
  "meta": {
    "mocha": {
      "version": "7.2.0"
    },
    "mochawesome": {
      "options": {
        "quiet": false,
        "reportFilename": "mochawesome",
        "saveHtml": false,
        "saveJson": true,
        "consoleReporter": "spec",
        "useInlineDiffs": false,
        "code": true
      },
      "version": "7.1.3"
    },
    "marge": {
      "options": {
        "id": "default",
        "reportDir": "cypress/reports/mocha",
        "quite": true,
        "overwrite": false,
        "html": false,
        "json": true
      },
      "version": "6.2.0"
    }
  }
}