{
  "stats": {
    "suites": 1,
    "tests": 6,
    "passes": 0,
    "pending": 7,
    "failures": -1,
    "start": "2025-05-06T14:18:30.775Z",
    "end": "2025-05-06T14:18:33.683Z",
    "duration": 2908,
    "testsRegistered": 12,
    "passPercent": 0,
    "pendingPercent": 58.333333333333336,
    "other": 6,
    "hasOther": true,
    "skipped": 0,
    "hasSkipped": false
  },
  "results": [
    {
      "uuid": "9ff76e8f-7d12-44ef-ae9c-7014485d9315",
      "title": "",
      "fullFile": "cypress/e2e/conges/quota-management.spec.ts",
      "file": "cypress/e2e/conges/quota-management.spec.ts",
      "beforeHooks": [],
      "afterHooks": [],
      "tests": [],
      "suites": [
        {
          "uuid": "a56ccd0a-2a3d-41b4-b3c8-9cc59bfb6958",
          "title": "Gestion des quotas de congés",
          "fullFile": "",
          "file": "",
          "beforeHooks": [],
          "afterHooks": [],
          "tests": [
            {
              "title": "vérifie que l'authentification fonctionne",
              "fullTitle": "Gestion des quotas de congés vérifie que l'authentification fonctionne",
              "timedOut": null,
              "duration": 1682,
              "state": "failed",
              "speed": null,
              "pass": false,
              "fail": true,
              "pending": false,
              "context": null,
              "code": "// Vérifier si l'utilisateur existe via une API (si possible) ou une tâche\ncy.task('checkUserExists', testUser.email).then(function (exists) {\n    if (!exists) {\n        throw new Error(\"L'utilisateur de test \".concat(testUser.email, \" n'existe pas apr\\u00E8s le seeding.\"));\n    }\n    cy.log(\"V\\u00E9rification : L'utilisateur \".concat(testUser.email, \" existe.\"));\n    // Se connecter\n    cy.loginByApi(testUser.email, testUser.password);\n    // Vérifier que nous sommes bien authentifiés - juste une vérification minimale\n    cy.request({\n        method: 'GET',\n        url: '/api/auth/me',\n        failOnStatusCode: false\n    }).then(function (response) {\n        expect(response.status).to.eq(200);\n        expect(response.body).to.have.property('authenticated', true);\n        expect(response.body.user).to.have.property('role');\n        cy.log(\"Utilisateur authentifi\\u00E9 avec le r\\u00F4le: \".concat(response.body.user.role));\n    });\n});",
              "err": {
                "message": "Error: Échec d'authentification: 400 {\"error\":\"Login et mot de passe requis\"}",
                "estack": "Error: Échec d'authentification: 400 {\"error\":\"Login et mot de passe requis\"}\n    at Context.eval (webpack://mathildanesth/./cypress/support/commands.ts:97:18)\n    at getRet (http://localhost:3000/__cypress/runner/cypress_runner.js:119616:20)\n    at tryCatcher (http://localhost:3000/__cypress/runner/cypress_runner.js:1777:23)\n    at Promise.attempt.Promise.try (http://localhost:3000/__cypress/runner/cypress_runner.js:4285:29)\n    at Context.thenFn (http://localhost:3000/__cypress/runner/cypress_runner.js:119627:66)\n    at Context.then (http://localhost:3000/__cypress/runner/cypress_runner.js:119878:21)\n    at wrapped (http://localhost:3000/__cypress/runner/cypress_runner.js:140155:19)\n    at <unknown> (http://localhost:3000/__cypress/runner/cypress_runner.js:146100:15)\n    at tryCatcher (http://localhost:3000/__cypress/runner/cypress_runner.js:1777:23)",
                "diff": null
              },
              "uuid": "a813c478-3f1f-47be-b125-111e093756dd",
              "parentUUID": "a56ccd0a-2a3d-41b4-b3c8-9cc59bfb6958",
              "isHook": false,
              "skipped": false
            },
            {
              "title": "peut accéder à la page des congés après authentification",
              "fullTitle": "Gestion des quotas de congés peut accéder à la page des congés après authentification",
              "timedOut": null,
              "duration": 493,
              "state": "failed",
              "speed": null,
              "pass": false,
              "fail": true,
              "pending": false,
              "context": null,
              "code": "// Se connecter\ncy.loginByApi(testUser.email, testUser.password);\n// Accéder à la page des congés\ncy.visitAsAuthenticatedUser('/conges');\n// Vérifier que la page s'affiche correctement\ncy.location('pathname').should('include', '/conges');\n// Prendre une capture d'écran pour vérifier visuellement\ncy.screenshot('page-leaves-authentifiee');",
              "err": {
                "message": "Error: Échec d'authentification: 400 {\"error\":\"Login et mot de passe requis\"}",
                "estack": "Error: Échec d'authentification: 400 {\"error\":\"Login et mot de passe requis\"}\n    at Context.eval (webpack://mathildanesth/./cypress/support/commands.ts:97:18)\n    at getRet (http://localhost:3000/__cypress/runner/cypress_runner.js:119616:20)\n    at tryCatcher (http://localhost:3000/__cypress/runner/cypress_runner.js:1777:23)\n    at Promise.attempt.Promise.try (http://localhost:3000/__cypress/runner/cypress_runner.js:4285:29)\n    at Context.thenFn (http://localhost:3000/__cypress/runner/cypress_runner.js:119627:66)\n    at Context.then (http://localhost:3000/__cypress/runner/cypress_runner.js:119878:21)\n    at wrapped (http://localhost:3000/__cypress/runner/cypress_runner.js:140155:19)\n    at <unknown> (http://localhost:3000/__cypress/runner/cypress_runner.js:146100:15)\n    at tryCatcher (http://localhost:3000/__cypress/runner/cypress_runner.js:1777:23)",
                "diff": null
              },
              "uuid": "115d45a5-2a20-4cda-a98a-c494f1c9be96",
              "parentUUID": "a56ccd0a-2a3d-41b4-b3c8-9cc59bfb6958",
              "isHook": false,
              "skipped": false
            },
            {
              "title": "affiche un contenu sur la page des congés",
              "fullTitle": "Gestion des quotas de congés affiche un contenu sur la page des congés",
              "timedOut": null,
              "duration": 214,
              "state": "failed",
              "speed": null,
              "pass": false,
              "fail": true,
              "pending": false,
              "context": null,
              "code": "// Se connecter\ncy.loginByApi(testUser.email, testUser.password);\n// Accéder à la page des congés\ncy.visitAsAuthenticatedUser('/conges');\n// Vérifier qu'il y a du contenu visible (au lieu de chercher un texte spécifique)\ncy.get('main').should('be.visible')\n    .and('not.be.empty');\n// Vérifier la présence de certains éléments d'interface communs\ncy.get('button').should('exist');\ncy.screenshot('page-leaves-avec-contenu');",
              "err": {
                "message": "Error: Échec d'authentification: 400 {\"error\":\"Login et mot de passe requis\"}",
                "estack": "Error: Échec d'authentification: 400 {\"error\":\"Login et mot de passe requis\"}\n    at Context.eval (webpack://mathildanesth/./cypress/support/commands.ts:97:18)\n    at getRet (http://localhost:3000/__cypress/runner/cypress_runner.js:119616:20)\n    at tryCatcher (http://localhost:3000/__cypress/runner/cypress_runner.js:1777:23)\n    at Promise.attempt.Promise.try (http://localhost:3000/__cypress/runner/cypress_runner.js:4285:29)\n    at Context.thenFn (http://localhost:3000/__cypress/runner/cypress_runner.js:119627:66)\n    at Context.then (http://localhost:3000/__cypress/runner/cypress_runner.js:119878:21)\n    at wrapped (http://localhost:3000/__cypress/runner/cypress_runner.js:140155:19)\n    at <unknown> (http://localhost:3000/__cypress/runner/cypress_runner.js:146100:15)\n    at tryCatcher (http://localhost:3000/__cypress/runner/cypress_runner.js:1777:23)",
                "diff": null
              },
              "uuid": "1272c367-33e1-4869-88d9-d9392d8427b3",
              "parentUUID": "a56ccd0a-2a3d-41b4-b3c8-9cc59bfb6958",
              "isHook": false,
              "skipped": false
            },
            {
              "title": "permet de naviguer vers la page de demande de congés",
              "fullTitle": "Gestion des quotas de congés permet de naviguer vers la page de demande de congés",
              "timedOut": null,
              "duration": 122,
              "state": "failed",
              "speed": null,
              "pass": false,
              "fail": true,
              "pending": false,
              "context": null,
              "code": "// Se connecter\ncy.loginByApi(testUser.email, testUser.password);\n// Accéder à la page des congés\ncy.visitAsAuthenticatedUser('/conges');\n// Chercher un bouton ou lien pour créer une nouvelle demande\ncy.get('button:contains(\"Nouvelle\"), a:contains(\"Nouvelle\"), button:contains(\"Demander\"), a:contains(\"Demander\")')\n    .first()\n    .should('exist');\ncy.screenshot('bouton-nouvelle-demande');",
              "err": {
                "message": "Error: Échec d'authentification: 400 {\"error\":\"Login et mot de passe requis\"}",
                "estack": "Error: Échec d'authentification: 400 {\"error\":\"Login et mot de passe requis\"}\n    at Context.eval (webpack://mathildanesth/./cypress/support/commands.ts:97:18)\n    at getRet (http://localhost:3000/__cypress/runner/cypress_runner.js:119616:20)\n    at tryCatcher (http://localhost:3000/__cypress/runner/cypress_runner.js:1777:23)\n    at Promise.attempt.Promise.try (http://localhost:3000/__cypress/runner/cypress_runner.js:4285:29)\n    at Context.thenFn (http://localhost:3000/__cypress/runner/cypress_runner.js:119627:66)\n    at Context.then (http://localhost:3000/__cypress/runner/cypress_runner.js:119878:21)\n    at wrapped (http://localhost:3000/__cypress/runner/cypress_runner.js:140155:19)\n    at <unknown> (http://localhost:3000/__cypress/runner/cypress_runner.js:146100:15)\n    at tryCatcher (http://localhost:3000/__cypress/runner/cypress_runner.js:1777:23)",
                "diff": null
              },
              "uuid": "1d36ec90-b888-475b-921e-cd639e782925",
              "parentUUID": "a56ccd0a-2a3d-41b4-b3c8-9cc59bfb6958",
              "isHook": false,
              "skipped": false
            },
            {
              "title": "tente d'accéder à la page des soldes de congés",
              "fullTitle": "Gestion des quotas de congés tente d'accéder à la page des soldes de congés",
              "timedOut": null,
              "duration": 125,
              "state": "failed",
              "speed": null,
              "pass": false,
              "fail": true,
              "pending": false,
              "context": null,
              "code": "// Se connecter\ncy.loginByApi(testUser.email, testUser.password);\n// Tenter d'accéder à la page des quotas de congés \n// Note: cette route peut ne pas exister dans la version actuelle\ncy.visitAsAuthenticatedUser('/conges/quotas');\n// Vérifier que la page a chargé, même si ce n'est pas la bonne\ncy.get('body').should('be.visible');\n// Soit nous sommes redirigés vers la page des congés, soit nous voyons une page d'erreur,\n// soit nous voyons la page des quotas\ncy.url().then(function (url) {\n    cy.log(\"URL actuelle: \".concat(url));\n    cy.screenshot('tentative-page-quotas');\n});",
              "err": {
                "message": "Error: Échec d'authentification: 400 {\"error\":\"Login et mot de passe requis\"}",
                "estack": "Error: Échec d'authentification: 400 {\"error\":\"Login et mot de passe requis\"}\n    at Context.eval (webpack://mathildanesth/./cypress/support/commands.ts:97:18)\n    at getRet (http://localhost:3000/__cypress/runner/cypress_runner.js:119616:20)\n    at tryCatcher (http://localhost:3000/__cypress/runner/cypress_runner.js:1777:23)\n    at Promise.attempt.Promise.try (http://localhost:3000/__cypress/runner/cypress_runner.js:4285:29)\n    at Context.thenFn (http://localhost:3000/__cypress/runner/cypress_runner.js:119627:66)\n    at Context.then (http://localhost:3000/__cypress/runner/cypress_runner.js:119878:21)\n    at wrapped (http://localhost:3000/__cypress/runner/cypress_runner.js:140155:19)\n    at <unknown> (http://localhost:3000/__cypress/runner/cypress_runner.js:146100:15)\n    at tryCatcher (http://localhost:3000/__cypress/runner/cypress_runner.js:1777:23)",
                "diff": null
              },
              "uuid": "9da41a33-8e6f-4a2b-8ee2-858812e5bc8f",
              "parentUUID": "a56ccd0a-2a3d-41b4-b3c8-9cc59bfb6958",
              "isHook": false,
              "skipped": false
            },
            {
              "title": "permet à un administrateur d'ajuster les quotas d'un utilisateur",
              "fullTitle": "Gestion des quotas de congés permet à un administrateur d'ajuster les quotas d'un utilisateur",
              "timedOut": null,
              "duration": 0,
              "state": "pending",
              "speed": null,
              "pass": false,
              "fail": false,
              "pending": true,
              "context": null,
              "code": "// Désactivé car l'interface ne correspond pas\n// Se connecter en tant qu'administrateur\ncy.loginByApi(adminUser.email, adminUser.password);\n// Accéder à la page des utilisateurs\ncy.visitAsAuthenticatedUser('/utilisateurs');\n// Vérifier qu'on peut accéder à la page\ncy.get('main').should('be.visible');",
              "err": {},
              "uuid": "53cd3bf5-2547-4dc2-94e5-f45811b05e3d",
              "parentUUID": "a56ccd0a-2a3d-41b4-b3c8-9cc59bfb6958",
              "isHook": false,
              "skipped": false
            },
            {
              "title": "permet de transférer des jours de congés entre deux types de quotas",
              "fullTitle": "Gestion des quotas de congés permet de transférer des jours de congés entre deux types de quotas",
              "timedOut": null,
              "duration": 0,
              "state": "pending",
              "speed": null,
              "pass": false,
              "fail": false,
              "pending": true,
              "context": null,
              "code": "// Désactivé car l'interface ne correspond pas",
              "err": {},
              "uuid": "d6c674b3-ecdf-41f9-945a-b6ef74dc75ff",
              "parentUUID": "a56ccd0a-2a3d-41b4-b3c8-9cc59bfb6958",
              "isHook": false,
              "skipped": false
            },
            {
              "title": "permet de reporter des jours de congés sur l'année suivante",
              "fullTitle": "Gestion des quotas de congés permet de reporter des jours de congés sur l'année suivante",
              "timedOut": null,
              "duration": 0,
              "state": "pending",
              "speed": null,
              "pass": false,
              "fail": false,
              "pending": true,
              "context": null,
              "code": "// Test désactivé",
              "err": {},
              "uuid": "d9d33320-bb43-462e-ae8e-cf95c23b00e4",
              "parentUUID": "a56ccd0a-2a3d-41b4-b3c8-9cc59bfb6958",
              "isHook": false,
              "skipped": false
            },
            {
              "title": "affiche l'historique des ajustements de quotas",
              "fullTitle": "Gestion des quotas de congés affiche l'historique des ajustements de quotas",
              "timedOut": null,
              "duration": 0,
              "state": "pending",
              "speed": null,
              "pass": false,
              "fail": false,
              "pending": true,
              "context": null,
              "code": "// Test désactivé",
              "err": {},
              "uuid": "c3ffbb1e-09ac-47d1-a021-f1bde5499c41",
              "parentUUID": "a56ccd0a-2a3d-41b4-b3c8-9cc59bfb6958",
              "isHook": false,
              "skipped": false
            },
            {
              "title": "empêche de demander plus de jours que le quota disponible",
              "fullTitle": "Gestion des quotas de congés empêche de demander plus de jours que le quota disponible",
              "timedOut": null,
              "duration": 0,
              "state": "pending",
              "speed": null,
              "pass": false,
              "fail": false,
              "pending": true,
              "context": null,
              "code": "// Test désactivé",
              "err": {},
              "uuid": "831808b6-79ef-437e-97f8-224ea3ff822d",
              "parentUUID": "a56ccd0a-2a3d-41b4-b3c8-9cc59bfb6958",
              "isHook": false,
              "skipped": false
            },
            {
              "title": "affiche les quotas de congés dans le profil utilisateur",
              "fullTitle": "Gestion des quotas de congés affiche les quotas de congés dans le profil utilisateur",
              "timedOut": null,
              "duration": 0,
              "state": "pending",
              "speed": null,
              "pass": false,
              "fail": false,
              "pending": true,
              "context": null,
              "code": "// Test désactivé",
              "err": {},
              "uuid": "8eb35d27-b564-4dea-b553-09a61f36a7c1",
              "parentUUID": "a56ccd0a-2a3d-41b4-b3c8-9cc59bfb6958",
              "isHook": false,
              "skipped": false
            },
            {
              "title": "permet d'exporter les quotas de congés au format CSV",
              "fullTitle": "Gestion des quotas de congés permet d'exporter les quotas de congés au format CSV",
              "timedOut": null,
              "duration": 0,
              "state": "pending",
              "speed": null,
              "pass": false,
              "fail": false,
              "pending": true,
              "context": null,
              "code": "// Test désactivé",
              "err": {},
              "uuid": "aead58dc-6208-4c8b-bdc0-92940d00edfa",
              "parentUUID": "a56ccd0a-2a3d-41b4-b3c8-9cc59bfb6958",
              "isHook": false,
              "skipped": false
            }
          ],
          "suites": [],
          "passes": [],
          "failures": [
            "a813c478-3f1f-47be-b125-111e093756dd",
            "115d45a5-2a20-4cda-a98a-c494f1c9be96",
            "1272c367-33e1-4869-88d9-d9392d8427b3",
            "1d36ec90-b888-475b-921e-cd639e782925",
            "9da41a33-8e6f-4a2b-8ee2-858812e5bc8f"
          ],
          "pending": [
            "53cd3bf5-2547-4dc2-94e5-f45811b05e3d",
            "d6c674b3-ecdf-41f9-945a-b6ef74dc75ff",
            "d9d33320-bb43-462e-ae8e-cf95c23b00e4",
            "c3ffbb1e-09ac-47d1-a021-f1bde5499c41",
            "831808b6-79ef-437e-97f8-224ea3ff822d",
            "8eb35d27-b564-4dea-b553-09a61f36a7c1",
            "aead58dc-6208-4c8b-bdc0-92940d00edfa"
          ],
          "skipped": [],
          "duration": 2636,
          "root": false,
          "rootEmpty": false,
          "_timeout": 2000
        }
      ],
      "passes": [],
      "failures": [],
      "pending": [],
      "skipped": [],
      "duration": 0,
      "root": true,
      "rootEmpty": true,
      "_timeout": 2000
    }
  ],
  "meta": {
    "mocha": {
      "version": "7.2.0"
    },
    "mochawesome": {
      "options": {
        "quiet": false,
        "reportFilename": "mochawesome",
        "saveHtml": false,
        "saveJson": true,
        "consoleReporter": "spec",
        "useInlineDiffs": false,
        "code": true
      },
      "version": "7.1.3"
    },
    "marge": {
      "options": {
        "id": "default",
        "reportDir": "cypress/reports/mocha",
        "quite": true,
        "overwrite": false,
        "html": false,
        "json": true
      },
      "version": "6.2.0"
    }
  }
}