{
  "stats": {
    "suites": 1,
    "tests": 1,
    "passes": 0,
    "pending": 0,
    "failures": 1,
    "start": "2025-05-27T19:06:14.382Z",
    "end": "2025-05-27T19:06:14.823Z",
    "duration": 441,
    "testsRegistered": 6,
    "passPercent": 0,
    "pendingPercent": 0,
    "other": 0,
    "hasOther": false,
    "skipped": 5,
    "hasSkipped": true
  },
  "results": [
    {
      "uuid": "7d1d53e1-32cb-4ced-8e6b-3ec6d76ec94a",
      "title": "",
      "fullFile": "cypress/e2e/auth/authentication.spec.ts",
      "file": "cypress/e2e/auth/authentication.spec.ts",
      "beforeHooks": [],
      "afterHooks": [],
      "tests": [],
      "suites": [
        {
          "uuid": "715328ed-ea34-443f-8cfb-8d6bc7763496",
          "title": "Authentification et gestion des sessions",
          "fullFile": "",
          "file": "",
          "beforeHooks": [],
          "afterHooks": [],
          "tests": [
            {
              "title": "permet la connexion avec des identifiants valides",
              "fullTitle": "Authentification et gestion des sessions permet la connexion avec des identifiants valides",
              "timedOut": null,
              "duration": 158,
              "state": "failed",
              "speed": null,
              "pass": false,
              "fail": true,
              "pending": false,
              "context": null,
              "code": "cy.visit('/auth/connexion');\ncy.get('[data-testid=login-email-input]').type(testUser.email);\ncy.get('[data-testid=login-password-input]').type(testUser.password);\ncy.get('[data-testid=login-submit-button]').click();\n// Vérifier la redirection après connexion\ncy.url().should('satisfy', function (url) {\n    return url.includes('/tableau-de-bord') || url.includes('/planning');\n});\n// Vérifier que le nom de l'utilisateur est affiché\ncy.get('[data-cy=user-name]').should('contain', testUser.name);",
              "err": {
                "message": "ReferenceError: jest is not defined\n\nBecause this error occurred during a `before each` hook we are skipping the remaining tests in the current suite: `Authentification et gestion...`",
                "estack": "ReferenceError: jest is not defined\n\nBecause this error occurred during a `before each` hook we are skipping the remaining tests in the current suite: `Authentification et gestion...`\n    at Context.eval (webpack://mathildanesth/./cypress/e2e/auth/authentication.spec.ts:10:4)\n    at runnable.fn (http://localhost:3000/__cypress/runner/cypress_runner.js:140440:19)\n    at callFn (http://localhost:3000/__cypress/runner/cypress_runner.js:159518:21)\n    at Runnable.run (http://localhost:3000/__cypress/runner/cypress_runner.js:159505:7)\n    at <unknown> (http://localhost:3000/__cypress/runner/cypress_runner.js:165577:30)\n    at PassThroughHandlerContext.finallyHandler (http://localhost:3000/__cypress/runner/cypress_runner.js:4042:23)\n    at PassThroughHandlerContext.tryCatcher (http://localhost:3000/__cypress/runner/cypress_runner.js:1777:23)\n    at Promise._settlePromiseFromHandler (http://localhost:3000/__cypress/runner/cypress_runner.js:1489:31)\n    at Promise._settlePromise (http://localhost:3000/__cypress/runner/cypress_runner.js:1546:18)",
                "diff": null
              },
              "uuid": "05ad1662-c3e9-4e7a-93c2-4d318bb94f00",
              "parentUUID": "715328ed-ea34-443f-8cfb-8d6bc7763496",
              "isHook": false,
              "skipped": false
            },
            {
              "title": "affiche un message d'erreur pour des identifiants invalides",
              "fullTitle": "Authentification et gestion des sessions affiche un message d'erreur pour des identifiants invalides",
              "timedOut": null,
              "duration": 0,
              "state": "skipped",
              "speed": null,
              "pass": false,
              "fail": false,
              "pending": false,
              "context": null,
              "code": "cy.visit('/auth/connexion');\ncy.get('[data-testid=login-email-input]').type('utilisateur.invalide@example.com');\ncy.get('[data-testid=login-password-input]').type('mot_de_passe_incorrect');\ncy.get('[data-testid=login-submit-button]').click();\n// Vérifier le message d'erreur\ncy.get('[data-testid=login-error-message]')\n    .should('be.visible')\n    .and('contain.text', 'Identifiants invalides');",
              "err": {},
              "uuid": "ffb14262-8f19-4fc3-89fd-855df945ed62",
              "parentUUID": "715328ed-ea34-443f-8cfb-8d6bc7763496",
              "isHook": false,
              "skipped": true
            },
            {
              "title": "maintient la session utilisateur après rafraîchissement de la page",
              "fullTitle": "Authentification et gestion des sessions maintient la session utilisateur après rafraîchissement de la page",
              "timedOut": null,
              "duration": 0,
              "state": "skipped",
              "speed": null,
              "pass": false,
              "fail": false,
              "pending": false,
              "context": null,
              "code": "// Se connecter via l'API (plus rapide que via l'UI)\ncy.loginByApi(testUser.email, testUser.password);\n// Visiter la page d'accueil\ncy.visitAsAuthenticatedUser('/tableau-de-bord');\n// Vérifier que l'utilisateur est connecté\ncy.get('[data-cy=user-name]').should('contain', testUser.name);\n// Rafraîchir la page\ncy.reload();\n// Vérifier que l'utilisateur est toujours connecté\ncy.get('[data-cy=user-name]').should('contain', testUser.name);",
              "err": {},
              "uuid": "163c1192-75da-4a71-ac5e-b8a2469c4111",
              "parentUUID": "715328ed-ea34-443f-8cfb-8d6bc7763496",
              "isHook": false,
              "skipped": true
            },
            {
              "title": "permet la déconnexion",
              "fullTitle": "Authentification et gestion des sessions permet la déconnexion",
              "timedOut": null,
              "duration": 0,
              "state": "skipped",
              "speed": null,
              "pass": false,
              "fail": false,
              "pending": false,
              "context": null,
              "code": "// Se connecter via l'API\ncy.loginByApi(testUser.email, testUser.password);\ncy.visitAsAuthenticatedUser('/tableau-de-bord');\n// Ouvrir le menu utilisateur et cliquer sur déconnexion\ncy.get('[data-cy=user-menu]').click();\ncy.get('[data-cy=logout-option]').click();\n// Vérifier la redirection vers la page de connexion\ncy.url().should('include', '/auth/connexion');\n// Essayer d'accéder à une page protégée\ncy.visit('/tableau-de-bord');\n// Vérifier qu'on est redirigé vers la page de connexion\ncy.url().should('include', '/auth/connexion');",
              "err": {},
              "uuid": "3b5e66c1-65f9-4857-853a-03e57e2f4549",
              "parentUUID": "715328ed-ea34-443f-8cfb-8d6bc7763496",
              "isHook": false,
              "skipped": true
            },
            {
              "title": "redirige vers la page demandée après connexion",
              "fullTitle": "Authentification et gestion des sessions redirige vers la page demandée après connexion",
              "timedOut": null,
              "duration": 0,
              "state": "skipped",
              "speed": null,
              "pass": false,
              "fail": false,
              "pending": false,
              "context": null,
              "code": "// Essayer d'accéder à une page protégée sans être connecté\ncy.visit('/planning');\n// Vérifier qu'on est redirigé vers la page de connexion\ncy.url().should('include', '/auth/connexion');\n// Se connecter\ncy.get('[data-testid=login-email-input]').type(testUser.email);\ncy.get('[data-testid=login-password-input]').type(testUser.password);\ncy.get('[data-testid=login-submit-button]').click();\n// Vérifier qu'on est redirigé vers la page initialement demandée\ncy.url().should('include', '/planning');",
              "err": {},
              "uuid": "aacd9d72-bb7e-4240-8f37-1893f6b7d65d",
              "parentUUID": "715328ed-ea34-443f-8cfb-8d6bc7763496",
              "isHook": false,
              "skipped": true
            },
            {
              "title": "permet la récupération de mot de passe",
              "fullTitle": "Authentification et gestion des sessions permet la récupération de mot de passe",
              "timedOut": null,
              "duration": 0,
              "state": "skipped",
              "speed": null,
              "pass": false,
              "fail": false,
              "pending": false,
              "context": null,
              "code": "cy.visit('/auth/connexion');\n// Cliquer sur le lien \"Mot de passe oublié\"\ncy.get('[data-cy=forgot-password-link]').click();\n// Vérifier qu'on est sur la page de récupération de mot de passe\ncy.url().should('include', '/auth/reset-password');\n// Saisir l'email et soumettre\ncy.get('[data-cy=email-input]').type(testUser.email);\ncy.get('[data-cy=submit-button]').click();\n// Vérifier le message de confirmation\ncy.get('[data-cy=notification-success]')\n    .should('be.visible')\n    .and('contain', 'Instructions envoyées');",
              "err": {},
              "uuid": "5395735b-3411-4dff-b93d-3b006739d24f",
              "parentUUID": "715328ed-ea34-443f-8cfb-8d6bc7763496",
              "isHook": false,
              "skipped": true
            }
          ],
          "suites": [],
          "passes": [],
          "failures": [
            "05ad1662-c3e9-4e7a-93c2-4d318bb94f00"
          ],
          "pending": [],
          "skipped": [
            "ffb14262-8f19-4fc3-89fd-855df945ed62",
            "163c1192-75da-4a71-ac5e-b8a2469c4111",
            "3b5e66c1-65f9-4857-853a-03e57e2f4549",
            "aacd9d72-bb7e-4240-8f37-1893f6b7d65d",
            "5395735b-3411-4dff-b93d-3b006739d24f"
          ],
          "duration": 158,
          "root": false,
          "rootEmpty": false,
          "_timeout": 2000
        }
      ],
      "passes": [],
      "failures": [],
      "pending": [],
      "skipped": [],
      "duration": 0,
      "root": true,
      "rootEmpty": true,
      "_timeout": 2000
    }
  ],
  "meta": {
    "mocha": {
      "version": "7.2.0"
    },
    "mochawesome": {
      "options": {
        "quiet": false,
        "reportFilename": "mochawesome",
        "saveHtml": false,
        "saveJson": true,
        "consoleReporter": "spec",
        "useInlineDiffs": false,
        "code": true
      },
      "version": "7.1.3"
    },
    "marge": {
      "options": {
        "id": "default",
        "reportDir": "cypress/reports/mocha",
        "quite": true,
        "overwrite": false,
        "html": false,
        "json": true
      },
      "version": "6.2.0"
    }
  }
}