{
  "stats": {
    "suites": 1,
    "tests": 1,
    "passes": 0,
    "pending": 0,
    "failures": 1,
    "start": "2025-05-04T17:20:09.905Z",
    "end": "2025-05-04T17:20:10.456Z",
    "duration": 551,
    "testsRegistered": 7,
    "passPercent": 0,
    "pendingPercent": 0,
    "other": 0,
    "hasOther": false,
    "skipped": 6,
    "hasSkipped": true
  },
  "results": [
    {
      "uuid": "3056170d-a025-4ce1-945f-cb7354ec0569",
      "title": "",
      "fullFile": "cypress/e2e/planning/planning-management.spec.ts",
      "file": "cypress/e2e/planning/planning-management.spec.ts",
      "beforeHooks": [],
      "afterHooks": [],
      "tests": [],
      "suites": [
        {
          "uuid": "12587143-0f79-4ca6-bfe9-f79ce434edfb",
          "title": "Gestion des plannings",
          "fullFile": "",
          "file": "",
          "beforeHooks": [],
          "afterHooks": [],
          "tests": [
            {
              "title": "permet de générer un planning hebdomadaire",
              "fullTitle": "Gestion des plannings permet de générer un planning hebdomadaire",
              "timedOut": null,
              "duration": 301,
              "state": "failed",
              "speed": null,
              "pass": false,
              "fail": true,
              "pending": false,
              "context": null,
              "code": "// Accéder à la page de génération de planning\ncy.visitAsAuthenticatedUser('/planning/generator');\n// Sélectionner la semaine\nvar nextMonday = getNextMonday();\ncy.selectDate('[data-cy=week-start-date]', nextMonday);\n// Sélectionner un secteur opératoire\ncy.get('[data-cy=sector-select]').click();\ncy.get('[data-cy=sector-option-1]').click();\n// Définir les paramètres de génération\ncy.get('[data-cy=include-weekends]').click(); // Désactiver les weekends\ncy.get('[data-cy=respect-preferences]').click(); // Activer le respect des préférences\ncy.get('[data-cy=balance-workload]').click(); // Activer l'équilibrage de charge\n// Intercepter la requête de génération\ncy.intercept('POST', '**/api/planning/generate').as('generatePlanning');\n// Lancer la génération\ncy.get('[data-cy=generate-planning-button]').click();\n// Attendre la réponse de l'API\ncy.wait('@generatePlanning').its('response.statusCode').should('eq', 200);\n// Vérifier le message de succès\ncy.get('[data-cy=notification-success]')\n    .should('be.visible')\n    .and('contain', 'Planning généré avec succès');\n// Vérifier que le planning a été généré et redirige vers la vue du planning\ncy.url().should('include', '/planning/hebdomadaire');\ncy.get('[data-cy=planning-table]').should('be.visible');\ncy.get('[data-cy=planning-slot]').should('have.length.at.least', 5); // Au moins 5 créneaux (un par jour)",
              "err": {
                "message": "Error: Échec d'authentification: 400 {\"error\":\"Login et mot de passe requis\"}\n\nBecause this error occurred during a `before each` hook we are skipping the remaining tests in the current suite: `Gestion des plannings`",
                "estack": "Error: Échec d'authentification: 400 {\"error\":\"Login et mot de passe requis\"}\n\nBecause this error occurred during a `before each` hook we are skipping the remaining tests in the current suite: `Gestion des plannings`\n    at Context.eval (webpack://mathildanesth/./cypress/support/commands.ts:97:18)\n    at getRet (http://localhost:3000/__cypress/runner/cypress_runner.js:119616:20)\n    at tryCatcher (http://localhost:3000/__cypress/runner/cypress_runner.js:1777:23)\n    at Promise.attempt.Promise.try (http://localhost:3000/__cypress/runner/cypress_runner.js:4285:29)\n    at Context.thenFn (http://localhost:3000/__cypress/runner/cypress_runner.js:119627:66)\n    at Context.then (http://localhost:3000/__cypress/runner/cypress_runner.js:119878:21)\n    at wrapped (http://localhost:3000/__cypress/runner/cypress_runner.js:140155:19)\n    at <unknown> (http://localhost:3000/__cypress/runner/cypress_runner.js:146100:15)\n    at tryCatcher (http://localhost:3000/__cypress/runner/cypress_runner.js:1777:23)",
                "diff": null
              },
              "uuid": "79f17723-e7c4-49c5-af3a-1f7b79c3d158",
              "parentUUID": "12587143-0f79-4ca6-bfe9-f79ce434edfb",
              "isHook": false,
              "skipped": false
            },
            {
              "title": "permet de modifier manuellement un planning",
              "fullTitle": "Gestion des plannings permet de modifier manuellement un planning",
              "timedOut": null,
              "duration": 0,
              "state": "skipped",
              "speed": null,
              "pass": false,
              "fail": false,
              "pending": false,
              "context": null,
              "code": "// Accéder à la page de planning hebdomadaire\ncy.visitAsAuthenticatedUser('/planning/hebdomadaire');\n// Sélectionner une semaine\nvar nextMonday = getNextMonday();\ncy.selectDate('[data-cy=week-select]', nextMonday);\n// Cliquer sur un créneau vide pour l'éditer\ncy.get('[data-cy=planning-slot]:not(.occupied)').first().click();\n// Vérifier que le modal d'édition s'ouvre\ncy.get('[data-cy=assignment-modal]').should('be.visible');\n// Sélectionner un chirurgien\ncy.get('[data-cy=surgeon-select]').click();\ncy.get('[data-cy=surgeon-option]').first().click();\n// Sélectionner un MAR (Médecin Anesthésiste Réanimateur)\ncy.get('[data-cy=mar-select]').click();\ncy.get('[data-cy=mar-option]').first().click();\n// Ajouter un IADE (optionnel)\ncy.get('[data-cy=add-iade-checkbox]').click();\ncy.get('[data-cy=iade-select]').click();\ncy.get('[data-cy=iade-option]').first().click();\n// Définir le type d'intervention\ncy.get('[data-cy=assignment-type-select]').click();\ncy.get('[data-cy=assignment-type-option-standard]').click();\n// Ajouter des notes\ncy.get('[data-cy=assignment-notes]').type('Intervention programmée manuellement');\n// Intercepter la requête de création\ncy.intercept('POST', '**/api/planning/assignments').as('createAssignment');\n// Enregistrer l'assignation\ncy.get('[data-cy=save-assignment-button]').click();\n// Attendre la réponse de l'API\ncy.wait('@createAssignment').its('response.statusCode').should('eq', 201);\n// Vérifier le message de succès\ncy.get('[data-cy=notification-success]')\n    .should('be.visible')\n    .and('contain', 'Assignation créée');\n// Vérifier que le créneau est maintenant occupé\ncy.get('[data-cy=planning-slot].occupied').should('be.visible');",
              "err": {},
              "uuid": "548a9969-0bd5-4ac4-9694-bafb24d930b9",
              "parentUUID": "12587143-0f79-4ca6-bfe9-f79ce434edfb",
              "isHook": false,
              "skipped": true
            },
            {
              "title": "permet de modifier une assignation existante",
              "fullTitle": "Gestion des plannings permet de modifier une assignation existante",
              "timedOut": null,
              "duration": 0,
              "state": "skipped",
              "speed": null,
              "pass": false,
              "fail": false,
              "pending": false,
              "context": null,
              "code": "// Créer d'abord une assignation pour pouvoir la modifier\n// Pour simplifier le test, nous supposons qu'une assignation existe déjà\n// Accéder à la page de planning hebdomadaire\ncy.visitAsAuthenticatedUser('/planning/hebdomadaire');\n// Sélectionner une semaine\nvar nextMonday = getNextMonday();\ncy.selectDate('[data-cy=week-select]', nextMonday);\n// Créer une assignation pour le test\ncreateTestAssignment();\n// Cliquer sur l'assignation existante\ncy.get('[data-cy=planning-slot].occupied').first().click();\n// Vérifier que le modal d'édition s'ouvre\ncy.get('[data-cy=assignment-modal]').should('be.visible');\n// Modifier les notes\ncy.get('[data-cy=assignment-notes]').clear().type('Intervention modifiée');\n// Intercepter la requête de mise à jour\ncy.intercept('PUT', '**/api/planning/assignments/**').as('updateAssignment');\n// Enregistrer les modifications\ncy.get('[data-cy=save-assignment-button]').click();\n// Attendre la réponse de l'API\ncy.wait('@updateAssignment').its('response.statusCode').should('eq', 200);\n// Vérifier le message de succès\ncy.get('[data-cy=notification-success]')\n    .should('be.visible')\n    .and('contain', 'Assignation mise à jour');",
              "err": {},
              "uuid": "7afd5d89-9a3e-4fbc-b7c8-fe90382b8a63",
              "parentUUID": "12587143-0f79-4ca6-bfe9-f79ce434edfb",
              "isHook": false,
              "skipped": true
            },
            {
              "title": "permet de supprimer une assignation",
              "fullTitle": "Gestion des plannings permet de supprimer une assignation",
              "timedOut": null,
              "duration": 0,
              "state": "skipped",
              "speed": null,
              "pass": false,
              "fail": false,
              "pending": false,
              "context": null,
              "code": "// Accéder à la page de planning hebdomadaire\ncy.visitAsAuthenticatedUser('/planning/hebdomadaire');\n// Sélectionner une semaine\nvar nextMonday = getNextMonday();\ncy.selectDate('[data-cy=week-select]', nextMonday);\n// Créer une assignation pour le test\ncreateTestAssignment();\n// Cliquer sur l'assignation existante\ncy.get('[data-cy=planning-slot].occupied').first().click();\n// Vérifier que le modal d'édition s'ouvre\ncy.get('[data-cy=assignment-modal]').should('be.visible');\n// Intercepter la requête de suppression\ncy.intercept('DELETE', '**/api/planning/assignments/**').as('deleteAssignment');\n// Cliquer sur le bouton de suppression\ncy.get('[data-cy=delete-assignment-button]').click();\n// Confirmer la suppression\ncy.get('[data-cy=confirm-delete-button]').click();\n// Attendre la réponse de l'API\ncy.wait('@deleteAssignment').its('response.statusCode').should('eq', 200);\n// Vérifier le message de succès\ncy.get('[data-cy=notification-success]')\n    .should('be.visible')\n    .and('contain', 'Assignation supprimée');\n// Vérifier que le créneau est maintenant vide\ncy.get('[data-cy=planning-slot].occupied').should('not.exist');",
              "err": {},
              "uuid": "6a27c771-2451-412a-b368-5046ceba0a8e",
              "parentUUID": "12587143-0f79-4ca6-bfe9-f79ce434edfb",
              "isHook": false,
              "skipped": true
            },
            {
              "title": "permet de publier un planning",
              "fullTitle": "Gestion des plannings permet de publier un planning",
              "timedOut": null,
              "duration": 0,
              "state": "skipped",
              "speed": null,
              "pass": false,
              "fail": false,
              "pending": false,
              "context": null,
              "code": "// Accéder à la page de planning hebdomadaire\ncy.visitAsAuthenticatedUser('/planning/hebdomadaire');\n// Sélectionner une semaine\nvar nextMonday = getNextMonday();\ncy.selectDate('[data-cy=week-select]', nextMonday);\n// Créer quelques assignations pour le test\ncreateTestAssignment();\n// Intercepter la requête de publication\ncy.intercept('POST', '**/api/planning/publish').as('publishPlanning');\n// Cliquer sur le bouton de publication\ncy.get('[data-cy=publish-planning-button]').click();\n// Confirmer la publication\ncy.get('[data-cy=confirm-publish-button]').click();\n// Attendre la réponse de l'API\ncy.wait('@publishPlanning').its('response.statusCode').should('eq', 200);\n// Vérifier le message de succès\ncy.get('[data-cy=notification-success]')\n    .should('be.visible')\n    .and('contain', 'Planning publié');\n// Vérifier que le planning est marqué comme publié\ncy.get('[data-cy=published-badge]').should('be.visible');",
              "err": {},
              "uuid": "ea1ab607-9304-419a-8083-d6b587f16cce",
              "parentUUID": "12587143-0f79-4ca6-bfe9-f79ce434edfb",
              "isHook": false,
              "skipped": true
            },
            {
              "title": "permet de détecter les conflits lors de la génération d'un planning",
              "fullTitle": "Gestion des plannings permet de détecter les conflits lors de la génération d'un planning",
              "timedOut": null,
              "duration": 0,
              "state": "skipped",
              "speed": null,
              "pass": false,
              "fail": false,
              "pending": false,
              "context": null,
              "code": "// Accéder à la page de génération de planning\ncy.visitAsAuthenticatedUser('/planning/generator');\n// Sélectionner la semaine\nvar nextMonday = getNextMonday();\ncy.selectDate('[data-cy=week-start-date]', nextMonday);\n// Sélectionner un secteur opératoire\ncy.get('[data-cy=sector-select]').click();\ncy.get('[data-cy=sector-option-1]').click();\n// Activer la détection de conflits stricte\ncy.get('[data-cy=strict-conflict-detection]').click();\n// Simuler un conflit (par exemple, en créant manuellement une absence pour un médecin)\ncreateConflictingLeave();\n// Intercepter la requête de génération\ncy.intercept('POST', '**/api/planning/generate').as('generatePlanning');\n// Lancer la génération\ncy.get('[data-cy=generate-planning-button]').click();\n// Attendre la réponse de l'API\ncy.wait('@generatePlanning');\n// Vérifier l'affichage des conflits\ncy.get('[data-cy=conflicts-modal]').should('be.visible');\ncy.get('[data-cy=conflict-item]').should('have.length.at.least', 1);\n// Résoudre les conflits en ignorant\ncy.get('[data-cy=ignore-conflicts-button]').click();\n// Vérifier que le planning est généré malgré les conflits\ncy.url().should('include', '/planning/hebdomadaire');\ncy.get('[data-cy=planning-table]').should('be.visible');",
              "err": {},
              "uuid": "dee45707-91bb-402f-82ab-6d0ce94960f8",
              "parentUUID": "12587143-0f79-4ca6-bfe9-f79ce434edfb",
              "isHook": false,
              "skipped": true
            },
            {
              "title": "permet aux utilisateurs standards de visualiser leur planning",
              "fullTitle": "Gestion des plannings permet aux utilisateurs standards de visualiser leur planning",
              "timedOut": null,
              "duration": 0,
              "state": "skipped",
              "speed": null,
              "pass": false,
              "fail": false,
              "pending": false,
              "context": null,
              "code": "// Se déconnecter de l'administrateur\ncy.visit('/auth/logout');\n// Se connecter en tant que chirurgien\ncy.loginByApi(surgeonUser.email, surgeonUser.password);\n// Accéder à la page de planning\ncy.visitAsAuthenticatedUser('/planning/hebdomadaire');\n// Vérifier que le chirurgien peut voir le planning\ncy.get('[data-cy=planning-table]').should('be.visible');\n// Vérifier que les assignations sont visibles\ncy.get('[data-cy=planning-view]').should('be.visible');\n// Mais vérifier qu'il n'a pas accès aux fonctions d'édition réservées aux administrateurs\ncy.get('[data-cy=generate-planning-button]').should('not.exist');\ncy.get('[data-cy=publish-planning-button]').should('not.exist');",
              "err": {},
              "uuid": "f7cf8e09-219b-4d3a-8074-5f33a7aa4071",
              "parentUUID": "12587143-0f79-4ca6-bfe9-f79ce434edfb",
              "isHook": false,
              "skipped": true
            }
          ],
          "suites": [],
          "passes": [],
          "failures": [
            "79f17723-e7c4-49c5-af3a-1f7b79c3d158"
          ],
          "pending": [],
          "skipped": [
            "548a9969-0bd5-4ac4-9694-bafb24d930b9",
            "7afd5d89-9a3e-4fbc-b7c8-fe90382b8a63",
            "6a27c771-2451-412a-b368-5046ceba0a8e",
            "ea1ab607-9304-419a-8083-d6b587f16cce",
            "dee45707-91bb-402f-82ab-6d0ce94960f8",
            "f7cf8e09-219b-4d3a-8074-5f33a7aa4071"
          ],
          "duration": 301,
          "root": false,
          "rootEmpty": false,
          "_timeout": 2000
        }
      ],
      "passes": [],
      "failures": [],
      "pending": [],
      "skipped": [],
      "duration": 0,
      "root": true,
      "rootEmpty": true,
      "_timeout": 2000
    }
  ],
  "meta": {
    "mocha": {
      "version": "7.2.0"
    },
    "mochawesome": {
      "options": {
        "quiet": false,
        "reportFilename": "mochawesome",
        "saveHtml": false,
        "saveJson": true,
        "consoleReporter": "spec",
        "useInlineDiffs": false,
        "code": true
      },
      "version": "7.1.3"
    },
    "marge": {
      "options": {
        "id": "default",
        "reportDir": "cypress/reports/mocha",
        "quite": true,
        "overwrite": false,
        "html": false,
        "json": true
      },
      "version": "6.2.0"
    }
  }
}