{
  "stats": {
    "suites": 1,
    "tests": 1,
    "passes": 0,
    "pending": 0,
    "failures": 1,
    "start": "2025-06-01T06:00:51.744Z",
    "end": "2025-06-01T06:00:52.832Z",
    "duration": 1088,
    "testsRegistered": 6,
    "passPercent": 0,
    "pendingPercent": 0,
    "other": 1,
    "hasOther": true,
    "skipped": 4,
    "hasSkipped": true
  },
  "results": [
    {
      "uuid": "8f17ef5a-4908-46ea-a550-22dcf9bb20fe",
      "title": "",
      "fullFile": "cypress/e2e/auth/authentication.spec.ts",
      "file": "cypress/e2e/auth/authentication.spec.ts",
      "beforeHooks": [],
      "afterHooks": [],
      "tests": [],
      "suites": [
        {
          "uuid": "1cfa40bb-8dcc-41d9-a100-41bffdbc4608",
          "title": "Authentification et gestion des sessions",
          "fullFile": "",
          "file": "",
          "beforeHooks": [],
          "afterHooks": [],
          "tests": [
            {
              "title": "permet la connexion avec des identifiants valides",
              "fullTitle": "Authentification et gestion des sessions permet la connexion avec des identifiants valides",
              "timedOut": null,
              "duration": 103,
              "state": "failed",
              "speed": null,
              "pass": false,
              "fail": true,
              "pending": false,
              "context": null,
              "code": "cy.visit('/auth/connexion');\ncy.waitForPageLoad();\n// Remplir le formulaire avec des commandes sécurisées\ncy.safeType('[data-cy=email-input]', testUser.email);\ncy.safeType('[data-cy=password-input]', testUser.password);\ncy.safeClick('[data-cy=submit-button]');\n// Attendre la réponse de l'API avec retry\ncy.waitForApiResponse('loginRequest');\n// Vérifier la redirection après connexion (avec timeout étendu)\ncy.url({ timeout: 15000 }).should('satisfy', function (url) {\n    return url.includes('/tableau-de-bord') || url.includes('/planning') || url.includes('/');\n});\n// Vérifier que le nom de l'utilisateur est affiché\ncy.waitForElement('[data-cy=user-name]');\ncy.get('[data-cy=user-name]').should('contain', testUser.name);",
              "err": {
                "message": "TypeError: cy.clearSessionStorage is not a function\n\nBecause this error occurred during a `before each` hook we are skipping the remaining tests in the current suite: `Authentification et gestion...`",
                "estack": "TypeError: cy.clearSessionStorage is not a function\n\nBecause this error occurred during a `before each` hook we are skipping the remaining tests in the current suite: `Authentification et gestion...`\n    at Context.eval (webpack://mathildanesth/./cypress/support/commands.ts:575:7)\n    at wrapped (http://localhost:3001/__cypress/runner/cypress_runner.js:140165:43)\n    at <unknown> (http://localhost:3001/__cypress/runner/cypress_runner.js:146118:15)\n    at tryCatcher (http://localhost:3001/__cypress/runner/cypress_runner.js:1777:23)\n    at Promise._settlePromiseFromHandler (http://localhost:3001/__cypress/runner/cypress_runner.js:1489:31)\n    at Promise._settlePromise (http://localhost:3001/__cypress/runner/cypress_runner.js:1546:18)\n    at Promise._settlePromiseCtx (http://localhost:3001/__cypress/runner/cypress_runner.js:1583:10)\n    at _drainQueueStep (http://localhost:3001/__cypress/runner/cypress_runner.js:2381:12)\n    at _drainQueue (http://localhost:3001/__cypress/runner/cypress_runner.js:2370:9)",
                "diff": null
              },
              "uuid": "d674772c-0ea6-4da1-ae34-05c6c6c96aba",
              "parentUUID": "1cfa40bb-8dcc-41d9-a100-41bffdbc4608",
              "isHook": false,
              "skipped": false
            },
            {
              "title": "affiche un message d'erreur pour des identifiants invalides",
              "fullTitle": "Authentification et gestion des sessions affiche un message d'erreur pour des identifiants invalides",
              "timedOut": null,
              "duration": 0,
              "state": "skipped",
              "speed": null,
              "pass": false,
              "fail": false,
              "pending": false,
              "context": null,
              "code": "// Intercepter la requête avec réponse d'erreur\ncy.intercept('POST', '**/api/auth/login', {\n    statusCode: 401,\n    body: { error: 'Identifiants invalides' }\n}).as('failedLogin');\ncy.visit('/auth/connexion');\ncy.waitForPageLoad();\ncy.safeType('[data-cy=email-input]', 'utilisateur.invalide@example.com');\ncy.safeType('[data-cy=password-input]', 'mot_de_passe_incorrect');\ncy.safeClick('[data-cy=submit-button]');\n// Attendre la réponse d'erreur\ncy.wait('@failedLogin');\n// Vérifier le message d'erreur\ncy.waitForElement('[data-cy=error-message]', 10000);\ncy.get('[data-cy=error-message]')\n    .should('be.visible')\n    .and('contain.text', 'Identifiants invalides');",
              "err": {},
              "uuid": "b1a0c028-9e56-4551-84d4-e9f183d31bb6",
              "parentUUID": "1cfa40bb-8dcc-41d9-a100-41bffdbc4608",
              "isHook": false,
              "skipped": true
            },
            {
              "title": "maintient la session utilisateur après rafraîchissement de la page",
              "fullTitle": "Authentification et gestion des sessions maintient la session utilisateur après rafraîchissement de la page",
              "timedOut": null,
              "duration": 0,
              "state": "skipped",
              "speed": null,
              "pass": false,
              "fail": false,
              "pending": false,
              "context": null,
              "code": "// Se connecter via l'API (plus rapide que via l'UI)\ncy.loginByApi(testUser.email, testUser.password);\n// Visiter la page d'accueil\ncy.visitAsAuthenticatedUser('/tableau-de-bord');\ncy.waitForPageLoad();\n// Vérifier que l'utilisateur est connecté\ncy.waitForElement('[data-cy=user-name]');\ncy.get('[data-cy=user-name]').should('contain', testUser.name);\n// Rafraîchir la page\ncy.reload();\ncy.waitForPageLoad();\n// Vérifier que l'utilisateur est toujours connecté\ncy.waitForElement('[data-cy=user-name]');\ncy.get('[data-cy=user-name]').should('contain', testUser.name);",
              "err": {},
              "uuid": "edef30f6-725f-4e65-af65-3c420d70a354",
              "parentUUID": "1cfa40bb-8dcc-41d9-a100-41bffdbc4608",
              "isHook": false,
              "skipped": true
            },
            {
              "title": "permet la déconnexion",
              "fullTitle": "Authentification et gestion des sessions permet la déconnexion",
              "timedOut": null,
              "duration": 0,
              "state": "skipped",
              "speed": null,
              "pass": false,
              "fail": false,
              "pending": false,
              "context": null,
              "code": "// Se connecter via l'API\ncy.loginByApi(testUser.email, testUser.password);\ncy.visitAsAuthenticatedUser('/tableau-de-bord');\n// Ouvrir le menu utilisateur et cliquer sur déconnexion\ncy.get('[data-cy=user-menu]').click();\ncy.get('[data-cy=logout-option]').click();\n// Vérifier la redirection vers la page de connexion\ncy.url().should('include', '/auth/connexion');\n// Essayer d'accéder à une page protégée\ncy.visit('/tableau-de-bord');\n// Vérifier qu'on est redirigé vers la page de connexion\ncy.url().should('include', '/auth/connexion');",
              "err": {},
              "uuid": "48a06631-4d98-4378-9716-236b0821b1f9",
              "parentUUID": "1cfa40bb-8dcc-41d9-a100-41bffdbc4608",
              "isHook": false,
              "skipped": true
            },
            {
              "title": "redirige vers la page demandée après connexion",
              "fullTitle": "Authentification et gestion des sessions redirige vers la page demandée après connexion",
              "timedOut": null,
              "duration": 0,
              "state": "skipped",
              "speed": null,
              "pass": false,
              "fail": false,
              "pending": false,
              "context": null,
              "code": "// Essayer d'accéder à une page protégée sans être connecté\ncy.visit('/planning');\n// Vérifier qu'on est redirigé vers la page de connexion\ncy.url().should('include', '/auth/connexion');\n// Se connecter avec commandes sécurisées\ncy.safeType('[data-cy=email-input]', testUser.email);\ncy.safeType('[data-cy=password-input]', testUser.password);\ncy.safeClick('[data-cy=submit-button]');\n// Attendre la réponse de connexion\ncy.waitForApiResponse('loginRequest');\n// Vérifier qu'on est redirigé vers la page initialement demandée\ncy.url().should('include', '/planning');",
              "err": {},
              "uuid": "97216358-4b6b-42f7-853c-2640d3e589bf",
              "parentUUID": "1cfa40bb-8dcc-41d9-a100-41bffdbc4608",
              "isHook": false,
              "skipped": true
            },
            {
              "title": "permet la récupération de mot de passe",
              "fullTitle": "Authentification et gestion des sessions permet la récupération de mot de passe",
              "timedOut": null,
              "duration": 0,
              "state": "failed",
              "speed": null,
              "pass": false,
              "fail": true,
              "pending": false,
              "context": null,
              "code": "cy.visit('/auth/connexion');\n// Cliquer sur le lien \"Mot de passe oublié\"\ncy.get('[data-cy=forgot-password-link]').click();\n// Vérifier qu'on est sur la page de récupération de mot de passe\ncy.url().should('include', '/auth/reset-password');\n// Saisir l'email et soumettre\ncy.get('[data-cy=email-input]').type(testUser.email);\ncy.get('[data-cy=submit-button]').click();\n// Vérifier le message de confirmation\ncy.get('[data-cy=notification-success]')\n    .should('be.visible')\n    .and('contain', 'Instructions envoyées');",
              "err": {
                "message": "CypressError: `cy.request()` failed trying to load:\n\nhttp://localhost:3001/__coverage__\n\nWe attempted to make an http request to this URL but the request failed without a response.\n\nWe received this error at the network level:\n\n  > Error: connect ECONNREFUSED 127.0.0.1:3001\n\n-----------------------------------------------------------\n\nThe request we sent was:\n\nMethod: GET\nURL: http://localhost:3001/__coverage__\n\n-----------------------------------------------------------\n\nCommon situations why this would fail:\n  - you don't have internet access\n  - you forgot to run / boot your web server\n  - your web server isn't accessible\n  - you have weird network configuration settings on your computer\n\nhttps://on.cypress.io/request\n\nBecause this error occurred during a `after all` hook we are skipping all of the remaining tests.\n\nAlthough you have test retries enabled, we do not retry tests when `before all` or `after all` hooks fail",
                "estack": "CypressError: `cy.request()` failed trying to load:\n\nhttp://localhost:3001/__coverage__\n\nWe attempted to make an http request to this URL but the request failed without a response.\n\nWe received this error at the network level:\n\n  > Error: connect ECONNREFUSED 127.0.0.1:3001\n\n-----------------------------------------------------------\n\nThe request we sent was:\n\nMethod: GET\nURL: http://localhost:3001/__coverage__\n\n-----------------------------------------------------------\n\nCommon situations why this would fail:\n  - you don't have internet access\n  - you forgot to run / boot your web server\n  - your web server isn't accessible\n  - you have weird network configuration settings on your computer\n\nhttps://on.cypress.io/request\n\nBecause this error occurred during a `after all` hook we are skipping all of the remaining tests.\n\nAlthough you have test retries enabled, we do not retry tests when `before all` or `after all` hooks fail\n    at <unknown> (http://localhost:3001/__cypress/runner/cypress_runner.js:135025:70)\n    at tryCatcher (http://localhost:3001/__cypress/runner/cypress_runner.js:1777:23)\n    at <unknown> (http://localhost:3001/__cypress/runner/cypress_runner.js:4173:37)\n    at tryCatcher (http://localhost:3001/__cypress/runner/cypress_runner.js:1777:23)\n    at Promise._settlePromiseFromHandler (http://localhost:3001/__cypress/runner/cypress_runner.js:1489:31)\n    at Promise._settlePromise (http://localhost:3001/__cypress/runner/cypress_runner.js:1546:18)\n    at Promise._settlePromise0 (http://localhost:3001/__cypress/runner/cypress_runner.js:1591:10)\n    at Promise._settlePromises (http://localhost:3001/__cypress/runner/cypress_runner.js:1667:18)\n    at _drainQueueStep (http://localhost:3001/__cypress/runner/cypress_runner.js:2377:12)\n    at _drainQueue (http://localhost:3001/__cypress/runner/cypress_runner.js:2370:9)\n    at Async._drainQueues (http://localhost:3001/__cypress/runner/cypress_runner.js:2386:5)\n    at Async.drainQueues (http://localhost:3001/__cypress/runner/cypress_runner.js:2256:14)\nFrom Your Spec Code:\n    at captureCoverage (webpack://mathildanesth/./node_modules/@cypress/code-coverage/support.js:203:0)\n    at Context.collectBackendCoverage (webpack://mathildanesth/./node_modules/@cypress/code-coverage/support.js:238:0)\n\nFrom Node.js Internals:\n  RequestError: Error: connect ECONNREFUSED 127.0.0.1:3001\n      at new r (<embedded>:227:431481)\n      at ee.callback (<embedded>:227:437482)\n      at e.callback.s.callback [as _callback] (<embedded>:227:436928)\n      at s._callback.s.callback.s.callback (<embedded>:290:105750)\n      at ee.emit (node:events:518:28)\n      at ee.onRequestError (<embedded>:290:114692)\n      at ClientRequest.emit (node:events:530:35)\n      at emitErrorEvent (node:_http_client:101:11)\n      at Socket.socketErrorListener (node:_http_client:504:5)\n      at Socket.emit (node:events:518:28)\n      at emitErrorNT (node:internal/streams/destroy:169:8)\n      at emitErrorCloseNT (node:internal/streams/destroy:128:3)\n      at process.processTicksAndRejections (node:internal/process/task_queues:82:21)",
                "diff": null
              },
              "uuid": "0e762d49-2736-4d05-be00-3b7453bdc297",
              "parentUUID": "1cfa40bb-8dcc-41d9-a100-41bffdbc4608",
              "isHook": false,
              "skipped": false
            }
          ],
          "suites": [],
          "passes": [],
          "failures": [
            "d674772c-0ea6-4da1-ae34-05c6c6c96aba",
            "0e762d49-2736-4d05-be00-3b7453bdc297"
          ],
          "pending": [],
          "skipped": [
            "b1a0c028-9e56-4551-84d4-e9f183d31bb6",
            "edef30f6-725f-4e65-af65-3c420d70a354",
            "48a06631-4d98-4378-9716-236b0821b1f9",
            "97216358-4b6b-42f7-853c-2640d3e589bf"
          ],
          "duration": 103,
          "root": false,
          "rootEmpty": false,
          "_timeout": 2000
        }
      ],
      "passes": [],
      "failures": [],
      "pending": [],
      "skipped": [],
      "duration": 0,
      "root": true,
      "rootEmpty": true,
      "_timeout": 2000
    }
  ],
  "meta": {
    "mocha": {
      "version": "7.2.0"
    },
    "mochawesome": {
      "options": {
        "quiet": false,
        "reportFilename": "mochawesome",
        "saveHtml": false,
        "saveJson": true,
        "consoleReporter": "spec",
        "useInlineDiffs": false,
        "code": true
      },
      "version": "7.1.3"
    },
    "marge": {
      "options": {
        "id": "default",
        "reportDir": "cypress/reports/mocha",
        "quite": true,
        "overwrite": false,
        "html": false,
        "json": true
      },
      "version": "6.2.0"
    }
  }
}