{
  "stats": {
    "suites": 1,
    "tests": 4,
    "passes": 2,
    "pending": 7,
    "failures": -5,
    "start": "2025-05-05T05:03:19.819Z",
    "end": "2025-05-05T05:03:32.835Z",
    "duration": 13016,
    "testsRegistered": 10,
    "passPercent": 66.66666666666666,
    "pendingPercent": 70,
    "other": 6,
    "hasOther": true,
    "skipped": 0,
    "hasSkipped": false
  },
  "results": [
    {
      "uuid": "5cbd3e64-9733-4b90-af06-740dd7645263",
      "title": "",
      "fullFile": "cypress/e2e/leaves/quota-management.spec.ts",
      "file": "cypress/e2e/leaves/quota-management.spec.ts",
      "beforeHooks": [],
      "afterHooks": [],
      "tests": [],
      "suites": [
        {
          "uuid": "06893b04-9457-4638-ac88-76a66f9ed532",
          "title": "Gestion des quotas de congés",
          "fullFile": "",
          "file": "",
          "beforeHooks": [],
          "afterHooks": [],
          "tests": [
            {
              "title": "vérifie que l'authentification fonctionne",
              "fullTitle": "Gestion des quotas de congés vérifie que l'authentification fonctionne",
              "timedOut": null,
              "duration": 1811,
              "state": "passed",
              "speed": "fast",
              "pass": true,
              "fail": false,
              "pending": false,
              "context": null,
              "code": "// Vérifier si l'utilisateur existe via une API (si possible) ou une tâche\ncy.task('checkUserExists', testUser.email).then(function (exists) {\n    if (!exists) {\n        throw new Error(\"L'utilisateur de test \".concat(testUser.email, \" n'existe pas apr\\u00E8s le seeding.\"));\n    }\n    cy.log(\"V\\u00E9rification : L'utilisateur \".concat(testUser.email, \" existe.\"));\n    // Se connecter\n    cy.loginByApi(testUser.email, testUser.password);\n    // Vérifier que nous sommes bien authentifiés - juste une vérification minimale\n    cy.request({\n        method: 'GET',\n        url: '/api/auth/me',\n        failOnStatusCode: false\n    }).then(function (response) {\n        expect(response.status).to.eq(200);\n        expect(response.body).to.have.property('authenticated', true);\n        expect(response.body.user).to.have.property('role');\n        cy.log(\"Utilisateur authentifi\\u00E9 avec le r\\u00F4le: \".concat(response.body.user.role));\n    });\n});",
              "err": {},
              "uuid": "5be5b57d-9957-4495-ad25-e00ecb93d76f",
              "parentUUID": "06893b04-9457-4638-ac88-76a66f9ed532",
              "isHook": false,
              "skipped": false
            },
            {
              "title": "peut accéder à la page des congés après authentification",
              "fullTitle": "Gestion des quotas de congés peut accéder à la page des congés après authentification",
              "timedOut": null,
              "duration": 3879,
              "state": "passed",
              "speed": "fast",
              "pass": true,
              "fail": false,
              "pending": false,
              "context": null,
              "code": "// Se connecter\ncy.loginByApi(testUser.email, testUser.password);\n// Accéder à la page des congés\ncy.visitAsAuthenticatedUser('/leaves');\n// Vérifier que la page s'affiche correctement\ncy.location('pathname').should('include', '/leaves');\n// Prendre une capture d'écran pour vérifier visuellement\ncy.screenshot('page-leaves-authentifiee');",
              "err": {},
              "uuid": "a6677568-8bb2-4a11-b069-a1b6acdf0980",
              "parentUUID": "06893b04-9457-4638-ac88-76a66f9ed532",
              "isHook": false,
              "skipped": false
            },
            {
              "title": "affiche correctement les quotas de congés d'un utilisateur sur la page des congés",
              "fullTitle": "Gestion des quotas de congés affiche correctement les quotas de congés d'un utilisateur sur la page des congés",
              "timedOut": null,
              "duration": 7107,
              "state": "failed",
              "speed": null,
              "pass": false,
              "fail": true,
              "pending": false,
              "context": null,
              "code": "// Se connecter\ncy.loginByApi(testUser.email, testUser.password);\n// Accéder à la page des congés\ncy.visitAsAuthenticatedUser('/leaves');\n// Vérifier que la section des quotas est visible \n// TODO: Ajuster ce sélecteur si nécessaire\ncy.contains('Solde des congés').should('be.visible');\n// Vérifier la présence de certains types de quotas (sélecteurs plus robustes)\n// TODO: Ajuster ces sélecteurs si nécessaire\ncy.contains('Congés Payés').should('exist');\ncy.contains('RTT').should('exist');\ncy.screenshot('page-leaves-avec-quotas');",
              "err": {
                "message": "AssertionError: Timed out retrying after 4000ms: Expected to find content: 'Solde des congés' but never did.",
                "estack": "AssertionError: Timed out retrying after 4000ms: Expected to find content: 'Solde des congés' but never did.\n    at Context.eval (webpack://mathildanesth/./cypress/e2e/leaves/quota-management.spec.ts:77:40)",
                "diff": null
              },
              "uuid": "c50589bd-2d6c-4827-86a5-b13999dbb6ac",
              "parentUUID": "06893b04-9457-4638-ac88-76a66f9ed532",
              "isHook": false,
              "skipped": false
            },
            {
              "title": "permet à un administrateur d'ajuster les quotas d'un utilisateur",
              "fullTitle": "Gestion des quotas de congés permet à un administrateur d'ajuster les quotas d'un utilisateur",
              "timedOut": null,
              "duration": 0,
              "state": "pending",
              "speed": null,
              "pass": false,
              "fail": false,
              "pending": true,
              "context": null,
              "code": "// Test désactivé",
              "err": {},
              "uuid": "b6ab76dd-1745-4255-9f4f-7963e09f7825",
              "parentUUID": "06893b04-9457-4638-ac88-76a66f9ed532",
              "isHook": false,
              "skipped": false
            },
            {
              "title": "permet de transférer des jours de congés entre deux types de quotas",
              "fullTitle": "Gestion des quotas de congés permet de transférer des jours de congés entre deux types de quotas",
              "timedOut": null,
              "duration": 0,
              "state": "pending",
              "speed": null,
              "pass": false,
              "fail": false,
              "pending": true,
              "context": null,
              "code": "// Test désactivé",
              "err": {},
              "uuid": "42fc0772-6232-4784-b3fb-e2775043be03",
              "parentUUID": "06893b04-9457-4638-ac88-76a66f9ed532",
              "isHook": false,
              "skipped": false
            },
            {
              "title": "permet de reporter des jours de congés sur l'année suivante",
              "fullTitle": "Gestion des quotas de congés permet de reporter des jours de congés sur l'année suivante",
              "timedOut": null,
              "duration": 0,
              "state": "pending",
              "speed": null,
              "pass": false,
              "fail": false,
              "pending": true,
              "context": null,
              "code": "// Test désactivé",
              "err": {},
              "uuid": "6f556b78-4a83-474e-99f3-3fc4c75ca982",
              "parentUUID": "06893b04-9457-4638-ac88-76a66f9ed532",
              "isHook": false,
              "skipped": false
            },
            {
              "title": "affiche l'historique des ajustements de quotas",
              "fullTitle": "Gestion des quotas de congés affiche l'historique des ajustements de quotas",
              "timedOut": null,
              "duration": 0,
              "state": "pending",
              "speed": null,
              "pass": false,
              "fail": false,
              "pending": true,
              "context": null,
              "code": "// Test désactivé",
              "err": {},
              "uuid": "a2385076-ad2a-4adb-8e47-5142477ccd7f",
              "parentUUID": "06893b04-9457-4638-ac88-76a66f9ed532",
              "isHook": false,
              "skipped": false
            },
            {
              "title": "empêche de demander plus de jours que le quota disponible",
              "fullTitle": "Gestion des quotas de congés empêche de demander plus de jours que le quota disponible",
              "timedOut": null,
              "duration": 0,
              "state": "pending",
              "speed": null,
              "pass": false,
              "fail": false,
              "pending": true,
              "context": null,
              "code": "// Test désactivé",
              "err": {},
              "uuid": "656887e3-3ef8-427b-9eb3-31a259a8857e",
              "parentUUID": "06893b04-9457-4638-ac88-76a66f9ed532",
              "isHook": false,
              "skipped": false
            },
            {
              "title": "affiche les quotas de congés dans le profil utilisateur",
              "fullTitle": "Gestion des quotas de congés affiche les quotas de congés dans le profil utilisateur",
              "timedOut": null,
              "duration": 0,
              "state": "pending",
              "speed": null,
              "pass": false,
              "fail": false,
              "pending": true,
              "context": null,
              "code": "// Test désactivé",
              "err": {},
              "uuid": "b2c7f284-8c55-484f-b9ed-52c055548cc6",
              "parentUUID": "06893b04-9457-4638-ac88-76a66f9ed532",
              "isHook": false,
              "skipped": false
            },
            {
              "title": "permet d'exporter les quotas de congés au format CSV",
              "fullTitle": "Gestion des quotas de congés permet d'exporter les quotas de congés au format CSV",
              "timedOut": null,
              "duration": 0,
              "state": "pending",
              "speed": null,
              "pass": false,
              "fail": false,
              "pending": true,
              "context": null,
              "code": "// Test désactivé",
              "err": {},
              "uuid": "12b96481-91c0-4cd0-a020-5d7c2a69ed19",
              "parentUUID": "06893b04-9457-4638-ac88-76a66f9ed532",
              "isHook": false,
              "skipped": false
            }
          ],
          "suites": [],
          "passes": [
            "5be5b57d-9957-4495-ad25-e00ecb93d76f",
            "a6677568-8bb2-4a11-b069-a1b6acdf0980"
          ],
          "failures": [
            "c50589bd-2d6c-4827-86a5-b13999dbb6ac"
          ],
          "pending": [
            "b6ab76dd-1745-4255-9f4f-7963e09f7825",
            "42fc0772-6232-4784-b3fb-e2775043be03",
            "6f556b78-4a83-474e-99f3-3fc4c75ca982",
            "a2385076-ad2a-4adb-8e47-5142477ccd7f",
            "656887e3-3ef8-427b-9eb3-31a259a8857e",
            "b2c7f284-8c55-484f-b9ed-52c055548cc6",
            "12b96481-91c0-4cd0-a020-5d7c2a69ed19"
          ],
          "skipped": [],
          "duration": 12797,
          "root": false,
          "rootEmpty": false,
          "_timeout": 2000
        }
      ],
      "passes": [],
      "failures": [],
      "pending": [],
      "skipped": [],
      "duration": 0,
      "root": true,
      "rootEmpty": true,
      "_timeout": 2000
    }
  ],
  "meta": {
    "mocha": {
      "version": "7.2.0"
    },
    "mochawesome": {
      "options": {
        "quiet": false,
        "reportFilename": "mochawesome",
        "saveHtml": false,
        "saveJson": true,
        "consoleReporter": "spec",
        "useInlineDiffs": false,
        "code": true
      },
      "version": "7.1.3"
    },
    "marge": {
      "options": {
        "id": "default",
        "reportDir": "cypress/reports/mocha",
        "quite": true,
        "overwrite": false,
        "html": false,
        "json": true
      },
      "version": "6.2.0"
    }
  }
}