{
  "stats": {
    "suites": 1,
    "tests": 1,
    "passes": 0,
    "pending": 0,
    "failures": 1,
    "start": "2025-05-04T17:25:24.399Z",
    "end": "2025-05-04T17:25:25.005Z",
    "duration": 606,
    "testsRegistered": 4,
    "passPercent": 0,
    "pendingPercent": 0,
    "other": 0,
    "hasOther": false,
    "skipped": 3,
    "hasSkipped": true
  },
  "results": [
    {
      "uuid": "e0e2f143-c134-415e-a98d-e3f433977191",
      "title": "",
      "fullFile": "cypress/e2e/performance/performance-tests.spec.ts",
      "file": "cypress/e2e/performance/performance-tests.spec.ts",
      "beforeHooks": [],
      "afterHooks": [],
      "tests": [],
      "suites": [
        {
          "uuid": "8ccae447-f7c2-447d-85ff-89bc5675f6b6",
          "title": "Tests de performance",
          "fullFile": "",
          "file": "",
          "beforeHooks": [],
          "afterHooks": [],
          "tests": [
            {
              "title": "évalue les performances de la page d'accueil",
              "fullTitle": "Tests de performance évalue les performances de la page d'accueil",
              "timedOut": null,
              "duration": 376,
              "state": "failed",
              "speed": null,
              "pass": false,
              "fail": true,
              "pending": false,
              "context": null,
              "code": "cy.visitAsAuthenticatedUser('/dashboard');\ncy.runLighthouseAudit();",
              "err": {
                "message": "Error: Échec d'authentification: 401 {\"message\":\"Login ou mot de passe incorrect\"}\n\nBecause this error occurred during a `before each` hook we are skipping the remaining tests in the current suite: `Tests de performance`",
                "estack": "Error: Échec d'authentification: 401 {\"message\":\"Login ou mot de passe incorrect\"}\n\nBecause this error occurred during a `before each` hook we are skipping the remaining tests in the current suite: `Tests de performance`\n    at Context.eval (webpack://mathildanesth/./cypress/support/commands.ts:97:18)\n    at getRet (http://localhost:3000/__cypress/runner/cypress_runner.js:119616:20)\n    at tryCatcher (http://localhost:3000/__cypress/runner/cypress_runner.js:1777:23)\n    at Promise.attempt.Promise.try (http://localhost:3000/__cypress/runner/cypress_runner.js:4285:29)\n    at Context.thenFn (http://localhost:3000/__cypress/runner/cypress_runner.js:119627:66)\n    at Context.then (http://localhost:3000/__cypress/runner/cypress_runner.js:119878:21)\n    at wrapped (http://localhost:3000/__cypress/runner/cypress_runner.js:140155:19)\n    at <unknown> (http://localhost:3000/__cypress/runner/cypress_runner.js:146100:15)\n    at tryCatcher (http://localhost:3000/__cypress/runner/cypress_runner.js:1777:23)",
                "diff": null
              },
              "uuid": "dee76d0d-5e6d-47c2-a9d5-79b014f20f30",
              "parentUUID": "8ccae447-f7c2-447d-85ff-89bc5675f6b6",
              "isHook": false,
              "skipped": false
            },
            {
              "title": "évalue les performances de la page de congés",
              "fullTitle": "Tests de performance évalue les performances de la page de congés",
              "timedOut": null,
              "duration": 0,
              "state": "skipped",
              "speed": null,
              "pass": false,
              "fail": false,
              "pending": false,
              "context": null,
              "code": "cy.visitAsAuthenticatedUser('/leaves');\ncy.runLighthouseAudit();",
              "err": {},
              "uuid": "dab3f8be-52ec-45d0-ab75-dc4d69762e97",
              "parentUUID": "8ccae447-f7c2-447d-85ff-89bc5675f6b6",
              "isHook": false,
              "skipped": true
            },
            {
              "title": "évalue les performances du calendrier",
              "fullTitle": "Tests de performance évalue les performances du calendrier",
              "timedOut": null,
              "duration": 0,
              "state": "skipped",
              "speed": null,
              "pass": false,
              "fail": false,
              "pending": false,
              "context": null,
              "code": "cy.visitAsAuthenticatedUser('/calendar');\ncy.runLighthouseAudit();",
              "err": {},
              "uuid": "cb3a2486-fd2a-41da-933b-7d2c72c92814",
              "parentUUID": "8ccae447-f7c2-447d-85ff-89bc5675f6b6",
              "isHook": false,
              "skipped": true
            },
            {
              "title": "évalue les performances du planning",
              "fullTitle": "Tests de performance évalue les performances du planning",
              "timedOut": null,
              "duration": 0,
              "state": "skipped",
              "speed": null,
              "pass": false,
              "fail": false,
              "pending": false,
              "context": null,
              "code": "cy.visitAsAuthenticatedUser('/planning/hebdomadaire');\ncy.runLighthouseAudit();",
              "err": {},
              "uuid": "864d9ea7-4087-40ac-99f5-13d0117306df",
              "parentUUID": "8ccae447-f7c2-447d-85ff-89bc5675f6b6",
              "isHook": false,
              "skipped": true
            }
          ],
          "suites": [],
          "passes": [],
          "failures": [
            "dee76d0d-5e6d-47c2-a9d5-79b014f20f30"
          ],
          "pending": [],
          "skipped": [
            "dab3f8be-52ec-45d0-ab75-dc4d69762e97",
            "cb3a2486-fd2a-41da-933b-7d2c72c92814",
            "864d9ea7-4087-40ac-99f5-13d0117306df"
          ],
          "duration": 376,
          "root": false,
          "rootEmpty": false,
          "_timeout": 2000
        }
      ],
      "passes": [],
      "failures": [],
      "pending": [],
      "skipped": [],
      "duration": 0,
      "root": true,
      "rootEmpty": true,
      "_timeout": 2000
    }
  ],
  "meta": {
    "mocha": {
      "version": "7.2.0"
    },
    "mochawesome": {
      "options": {
        "quiet": false,
        "reportFilename": "mochawesome",
        "saveHtml": false,
        "saveJson": true,
        "consoleReporter": "spec",
        "useInlineDiffs": false,
        "code": true
      },
      "version": "7.1.3"
    },
    "marge": {
      "options": {
        "id": "default",
        "reportDir": "cypress/reports/mocha",
        "quite": true,
        "overwrite": false,
        "html": false,
        "json": true
      },
      "version": "6.2.0"
    }
  }
}