{
  "stats": {
    "suites": 1,
    "tests": 4,
    "passes": 1,
    "pending": 1,
    "failures": 2,
    "start": "2025-05-29T08:05:38.920Z",
    "end": "2025-05-29T08:05:58.105Z",
    "duration": 19185,
    "testsRegistered": 4,
    "passPercent": 33.33333333333333,
    "pendingPercent": 25,
    "other": 0,
    "hasOther": false,
    "skipped": 0,
    "hasSkipped": false
  },
  "results": [
    {
      "uuid": "64ffabe7-e95e-4fef-9c08-083a11a3c603",
      "title": "",
      "fullFile": "cypress/e2e/login.spec.ts",
      "file": "cypress/e2e/login.spec.ts",
      "beforeHooks": [],
      "afterHooks": [],
      "tests": [],
      "suites": [
        {
          "uuid": "835aed87-e741-496f-b0d0-c25908afc887",
          "title": "Page de connexion",
          "fullFile": "",
          "file": "",
          "beforeHooks": [],
          "afterHooks": [],
          "tests": [
            {
              "title": "affiche correctement le formulaire de connexion",
              "fullTitle": "Page de connexion affiche correctement le formulaire de connexion",
              "timedOut": null,
              "duration": 9288,
              "state": "passed",
              "speed": "medium",
              "pass": true,
              "fail": false,
              "pending": false,
              "context": null,
              "code": "// Vérifier que les éléments du formulaire sont présents\ncy.get('[data-cy=email-input]').should('be.visible');\ncy.get('[data-cy=password-input]').should('be.visible');\ncy.get('[data-cy=submit-button]').should('be.visible');",
              "err": {},
              "uuid": "88e3e72b-2977-4e31-844c-cd2cb75449c5",
              "parentUUID": "835aed87-e741-496f-b0d0-c25908afc887",
              "isHook": false,
              "skipped": false
            },
            {
              "title": "affiche une erreur pour des identifiants invalides",
              "fullTitle": "Page de connexion affiche une erreur pour des identifiants invalides",
              "timedOut": null,
              "duration": 729,
              "state": "failed",
              "speed": null,
              "pass": false,
              "fail": true,
              "pending": false,
              "context": null,
              "code": "// Tenter une connexion avec des identifiants invalides\ncy.get('[data-cy=email-input]').type('utilisateur.invalide@example.com');\ncy.get('[data-cy=password-input]').type('mot_de_passe_incorrect');\ncy.get('[data-cy=submit-button]').click();\n// Vérifier qu'un message d'erreur s'affiche\ncy.get('[data-cy=error-message]')\n    .should('be.visible')\n    .and('contain.text', 'Identifiants invalides');",
              "err": {
                "message": "CypressError: `cy.type()` failed because it targeted a disabled element.\n\nThe element typed into was:\n\n  > <input type=\"text\" id=\"login\" data-testid=\"login-email-input\" data-cy=\"email-input\" required=\"\" autocomplete=\"username\" class=\"mt-1 block w-full rounded-md border border-gray-300 px-3 py-2 shadow-sm focus:border-blue-500 focus:outline-none focus:ring-blue-500 sm:text-sm\" name=\"login\" value=\"\">\n\nEnsure the element does not have an attribute named `disabled` before typing into it.\n\nhttps://on.cypress.io/type",
                "estack": "CypressError: `cy.type()` failed because it targeted a disabled element.\n\nThe element typed into was:\n\n  > <input type=\"text\" id=\"login\" data-testid=\"login-email-input\" data-cy=\"email-input\" required=\"\" autocomplete=\"username\" class=\"mt-1 block w-full rounded-md border border-gray-300 px-3 py-2 shadow-sm focus:border-blue-500 focus:outline-none focus:ring-blue-500 sm:text-sm\" name=\"login\" value=\"\">\n\nEnsure the element does not have an attribute named `disabled` before typing into it.\n\nhttps://on.cypress.io/type\n    at <unknown> (http://localhost:3001/__cypress/runner/cypress_runner.js:115810:78)\n    at tryCatcher (http://localhost:3001/__cypress/runner/cypress_runner.js:1777:23)\n    at Promise._settlePromiseFromHandler (http://localhost:3001/__cypress/runner/cypress_runner.js:1489:31)\n    at Promise._settlePromise (http://localhost:3001/__cypress/runner/cypress_runner.js:1546:18)\n    at Promise._settlePromise0 (http://localhost:3001/__cypress/runner/cypress_runner.js:1591:10)\n    at Promise._settlePromises (http://localhost:3001/__cypress/runner/cypress_runner.js:1671:18)\n    at _drainQueueStep (http://localhost:3001/__cypress/runner/cypress_runner.js:2377:12)\n    at _drainQueue (http://localhost:3001/__cypress/runner/cypress_runner.js:2370:9)\n    at Async._drainQueues (http://localhost:3001/__cypress/runner/cypress_runner.js:2386:5)\n    at Async.drainQueues (http://localhost:3001/__cypress/runner/cypress_runner.js:2256:14)\nFrom Your Spec Code:\n    at Context.eval (webpack://mathildanesth/./cypress/e2e/login.spec.ts:17:40)",
                "diff": null
              },
              "uuid": "ea57fb8a-40e8-416f-a749-bfcaf3eb2de7",
              "parentUUID": "835aed87-e741-496f-b0d0-c25908afc887",
              "isHook": false,
              "skipped": false
            },
            {
              "title": "connecte l'utilisateur avec des identifiants valides",
              "fullTitle": "Page de connexion connecte l'utilisateur avec des identifiants valides",
              "timedOut": null,
              "duration": 884,
              "state": "failed",
              "speed": null,
              "pass": false,
              "fail": true,
              "pending": false,
              "context": null,
              "code": "// Intercepter la requête de connexion\ncy.intercept('POST', '**/api/auth/login').as('loginRequest');\n// Connexion avec des identifiants valides (utiliser admin des fixtures)\ncy.get('[data-cy=email-input]').type('admin@example.com');\ncy.get('[data-cy=password-input]').type('Test123!');\ncy.get('[data-cy=submit-button]').click();\n// Vérifier que la requête de connexion a été effectuée\ncy.wait('@loginRequest').then(function (interception) {\n    var _a, _b;\n    // Pour l'instant, accepter aussi l'erreur 500 (problème d'API)\n    expect((_a = interception.response) === null || _a === void 0 ? void 0 : _a.statusCode).to.be.oneOf([200, 500]);\n    if (((_b = interception.response) === null || _b === void 0 ? void 0 : _b.statusCode) === 200) {\n        // Si connexion réussie, vérifier la redirection\n        cy.url().should('satisfy', function (url) {\n            return url.includes('/tableau-de-bord') || url.includes('/planning') || url.includes('/');\n        });\n    }\n    else {\n        // Si erreur 500, vérifier qu'on reste sur la page de login avec un message d'erreur\n        cy.url().should('include', '/auth/connexion');\n        cy.get('[data-cy=error-message]').should('be.visible');\n    }\n});",
              "err": {
                "message": "CypressError: `cy.type()` failed because it targeted a disabled element.\n\nThe element typed into was:\n\n  > <input type=\"text\" id=\"login\" data-testid=\"login-email-input\" data-cy=\"email-input\" required=\"\" autocomplete=\"username\" class=\"mt-1 block w-full rounded-md border border-gray-300 px-3 py-2 shadow-sm focus:border-blue-500 focus:outline-none focus:ring-blue-500 sm:text-sm\" name=\"login\" value=\"\">\n\nEnsure the element does not have an attribute named `disabled` before typing into it.\n\nhttps://on.cypress.io/type",
                "estack": "CypressError: `cy.type()` failed because it targeted a disabled element.\n\nThe element typed into was:\n\n  > <input type=\"text\" id=\"login\" data-testid=\"login-email-input\" data-cy=\"email-input\" required=\"\" autocomplete=\"username\" class=\"mt-1 block w-full rounded-md border border-gray-300 px-3 py-2 shadow-sm focus:border-blue-500 focus:outline-none focus:ring-blue-500 sm:text-sm\" name=\"login\" value=\"\">\n\nEnsure the element does not have an attribute named `disabled` before typing into it.\n\nhttps://on.cypress.io/type\n    at <unknown> (http://localhost:3001/__cypress/runner/cypress_runner.js:115810:78)\n    at tryCatcher (http://localhost:3001/__cypress/runner/cypress_runner.js:1777:23)\n    at Promise._settlePromiseFromHandler (http://localhost:3001/__cypress/runner/cypress_runner.js:1489:31)\n    at Promise._settlePromise (http://localhost:3001/__cypress/runner/cypress_runner.js:1546:18)\n    at Promise._settlePromise0 (http://localhost:3001/__cypress/runner/cypress_runner.js:1591:10)\n    at Promise._settlePromises (http://localhost:3001/__cypress/runner/cypress_runner.js:1671:18)\n    at _drainQueueStep (http://localhost:3001/__cypress/runner/cypress_runner.js:2377:12)\n    at _drainQueue (http://localhost:3001/__cypress/runner/cypress_runner.js:2370:9)\n    at Async._drainQueues (http://localhost:3001/__cypress/runner/cypress_runner.js:2386:5)\n    at Async.drainQueues (http://localhost:3001/__cypress/runner/cypress_runner.js:2256:14)\nFrom Your Spec Code:\n    at Context.eval (webpack://mathildanesth/./cypress/e2e/login.spec.ts:32:40)",
                "diff": null
              },
              "uuid": "c61a526b-3729-42c8-aaf4-f037e79bd36d",
              "parentUUID": "835aed87-e741-496f-b0d0-c25908afc887",
              "isHook": false,
              "skipped": false
            },
            {
              "title": "permet la navigation vers la page de récupération de mot de passe",
              "fullTitle": "Page de connexion permet la navigation vers la page de récupération de mot de passe",
              "timedOut": null,
              "duration": 0,
              "state": "pending",
              "speed": null,
              "pass": false,
              "fail": false,
              "pending": true,
              "context": null,
              "code": "// SKIP: Fonctionnalité non implémentée - pas de lien mot de passe oublié\n// Cliquer sur le lien de récupération de mot de passe\ncy.get('[data-cy=forgot-password-link]').click();\n// Vérifier la redirection vers la page de récupération\ncy.url().should('include', '/auth/reset-password');",
              "err": {},
              "uuid": "38fbbf64-8879-4a01-ada9-1689c75a5611",
              "parentUUID": "835aed87-e741-496f-b0d0-c25908afc887",
              "isHook": false,
              "skipped": false
            }
          ],
          "suites": [],
          "passes": [
            "88e3e72b-2977-4e31-844c-cd2cb75449c5"
          ],
          "failures": [
            "ea57fb8a-40e8-416f-a749-bfcaf3eb2de7",
            "c61a526b-3729-42c8-aaf4-f037e79bd36d"
          ],
          "pending": [
            "38fbbf64-8879-4a01-ada9-1689c75a5611"
          ],
          "skipped": [],
          "duration": 10901,
          "root": false,
          "rootEmpty": false,
          "_timeout": 2000
        }
      ],
      "passes": [],
      "failures": [],
      "pending": [],
      "skipped": [],
      "duration": 0,
      "root": true,
      "rootEmpty": true,
      "_timeout": 2000
    }
  ],
  "meta": {
    "mocha": {
      "version": "7.2.0"
    },
    "mochawesome": {
      "options": {
        "quiet": false,
        "reportFilename": "mochawesome",
        "saveHtml": false,
        "saveJson": true,
        "consoleReporter": "spec",
        "useInlineDiffs": false,
        "code": true
      },
      "version": "7.1.3"
    },
    "marge": {
      "options": {
        "id": "default",
        "reportDir": "cypress/reports/mocha",
        "quite": true,
        "overwrite": false,
        "html": false,
        "json": true
      },
      "version": "6.2.0"
    }
  }
}