{
  "stats": {
    "suites": 1,
    "tests": 4,
    "passes": 1,
    "pending": 1,
    "failures": 2,
    "start": "2025-06-01T05:45:49.923Z",
    "end": "2025-06-01T05:46:59.945Z",
    "duration": 70022,
    "testsRegistered": 4,
    "passPercent": 33.33333333333333,
    "pendingPercent": 25,
    "other": 0,
    "hasOther": false,
    "skipped": 0,
    "hasSkipped": false
  },
  "results": [
    {
      "uuid": "bd0d1865-3578-4cf0-b6af-9fc1b9891938",
      "title": "",
      "fullFile": "cypress/e2e/login.spec.ts",
      "file": "cypress/e2e/login.spec.ts",
      "beforeHooks": [],
      "afterHooks": [],
      "tests": [],
      "suites": [
        {
          "uuid": "f152f858-9a25-484d-9473-1691d32ea942",
          "title": "Page de connexion",
          "fullFile": "",
          "file": "",
          "beforeHooks": [],
          "afterHooks": [],
          "tests": [
            {
              "title": "affiche correctement le formulaire de connexion",
              "fullTitle": "Page de connexion affiche correctement le formulaire de connexion",
              "timedOut": null,
              "duration": 16464,
              "state": "failed",
              "speed": null,
              "pass": false,
              "fail": true,
              "pending": false,
              "context": null,
              "code": "// Vérifier que les éléments du formulaire sont présents\ncy.waitForElement('[data-cy=email-input]');\ncy.waitForElement('[data-cy=password-input]');\ncy.waitForElement('[data-cy=submit-button]');",
              "err": {
                "message": "AssertionError: Timed out retrying after 15000ms: expected '<button.w-full.rounded-md.bg-blue-600.px-4.py-2.text-white.hover:bg-blue-700.focus:outline-none.focus:ring-2.focus:ring-blue-500.focus:ring-offset-2.disabled:opacity-50.disabled:cursor-not-allowed.transition-colors>' not to have attribute 'disabled'",
                "estack": "AssertionError: Timed out retrying after 15000ms: expected '<button.w-full.rounded-md.bg-blue-600.px-4.py-2.text-white.hover:bg-blue-700.focus:outline-none.focus:ring-2.focus:ring-blue-500.focus:ring-offset-2.disabled:opacity-50.disabled:cursor-not-allowed.transition-colors>' not to have attribute 'disabled'\n    at Context.eval (webpack://mathildanesth/./cypress/support/commands.ts:508:9)\n    at wrapped (http://localhost:3000/__cypress/runner/cypress_runner.js:140165:43)",
                "diff": null
              },
              "uuid": "4039059a-fce4-43eb-a282-ac426e35197d",
              "parentUUID": "f152f858-9a25-484d-9473-1691d32ea942",
              "isHook": false,
              "skipped": false
            },
            {
              "title": "affiche une erreur pour des identifiants invalides",
              "fullTitle": "Page de connexion affiche une erreur pour des identifiants invalides",
              "timedOut": null,
              "duration": 8052,
              "state": "passed",
              "speed": "medium",
              "pass": true,
              "fail": false,
              "pending": false,
              "context": null,
              "code": "// Intercepter la requête de connexion\ncy.intercept('POST', '**/api/auth/login').as('loginRequest');\n// Tenter une connexion avec des identifiants invalides\ncy.safeType('[data-cy=email-input]', 'utilisateur.invalide@example.com');\ncy.safeType('[data-cy=password-input]', 'mot_de_passe_incorrect');\ncy.safeClick('[data-cy=submit-button]');\n// Vérifier qu'un message d'erreur s'affiche ou la requête échoue\ncy.wait('@loginRequest').then(function (interception) {\n    var _a;\n    if (((_a = interception.response) === null || _a === void 0 ? void 0 : _a.statusCode) !== 200) {\n        // Si la requête échoue, vérifier qu'un message d'erreur s'affiche\n        cy.get('[data-cy=error-message]', { timeout: 10000 })\n            .should('be.visible')\n            .and('contain.text', 'Identifiants invalides');\n    }\n});",
              "err": {},
              "uuid": "3a317579-f776-4fb4-936d-864d17dda401",
              "parentUUID": "f152f858-9a25-484d-9473-1691d32ea942",
              "isHook": false,
              "skipped": false
            },
            {
              "title": "connecte l'utilisateur avec des identifiants valides",
              "fullTitle": "Page de connexion connecte l'utilisateur avec des identifiants valides",
              "timedOut": null,
              "duration": 2631,
              "state": "failed",
              "speed": null,
              "pass": false,
              "fail": true,
              "pending": false,
              "context": null,
              "code": "// Intercepter la requête de connexion\ncy.intercept('POST', '**/api/auth/login').as('loginRequest');\n// Connexion avec des identifiants valides (utiliser admin des fixtures)\ncy.safeType('[data-cy=email-input]', 'admin@example.com');\ncy.safeType('[data-cy=password-input]', 'Test123!');\ncy.safeClick('[data-cy=submit-button]');\n// Vérifier que la requête de connexion a été effectuée\ncy.wait('@loginRequest').then(function (interception) {\n    var _a, _b;\n    // Pour l'instant, accepter aussi l'erreur 500 (problème d'API)\n    expect((_a = interception.response) === null || _a === void 0 ? void 0 : _a.statusCode).to.be.oneOf([200, 500]);\n    if (((_b = interception.response) === null || _b === void 0 ? void 0 : _b.statusCode) === 200) {\n        // Si connexion réussie, vérifier la redirection\n        cy.url().should('satisfy', function (url) {\n            return url.includes('/tableau-de-bord') || url.includes('/planning') || url.includes('/');\n        });\n    }\n    else {\n        // Si erreur 500, vérifier qu'on reste sur la page de login avec un message d'erreur\n        cy.url().should('include', '/auth/connexion');\n        cy.get('[data-cy=error-message]').should('be.visible');\n    }\n});",
              "err": {
                "message": "AssertionError: expected 429 to be one of [ 200, 500 ]",
                "estack": "AssertionError: expected 429 to be one of [ 200, 500 ]\n    at Context.eval (webpack://mathildanesth/./cypress/e2e/login.spec.ts:48:60)\n    at getRet (http://localhost:3000/__cypress/runner/cypress_runner.js:119616:20)\n    at tryCatcher (http://localhost:3000/__cypress/runner/cypress_runner.js:1777:23)\n    at Promise.attempt.Promise.try (http://localhost:3000/__cypress/runner/cypress_runner.js:4285:29)\n    at Context.thenFn (http://localhost:3000/__cypress/runner/cypress_runner.js:119627:66)\n    at Context.then (http://localhost:3000/__cypress/runner/cypress_runner.js:119878:21)",
                "diff": "- 429\n+ [ 200, 500 ]\n"
              },
              "uuid": "70362615-8b6d-4036-92fa-be6a8cf9b796",
              "parentUUID": "f152f858-9a25-484d-9473-1691d32ea942",
              "isHook": false,
              "skipped": false
            },
            {
              "title": "permet la navigation vers la page de récupération de mot de passe",
              "fullTitle": "Page de connexion permet la navigation vers la page de récupération de mot de passe",
              "timedOut": null,
              "duration": 0,
              "state": "pending",
              "speed": null,
              "pass": false,
              "fail": false,
              "pending": true,
              "context": null,
              "code": "// SKIP: Fonctionnalité non implémentée - pas de lien mot de passe oublié\n// Cliquer sur le lien de récupération de mot de passe\ncy.get('[data-cy=forgot-password-link]').click();\n// Vérifier la redirection vers la page de récupération\ncy.url().should('include', '/auth/reset-password');",
              "err": {},
              "uuid": "9e6110a7-722b-4be6-b4c4-9d50a68af722",
              "parentUUID": "f152f858-9a25-484d-9473-1691d32ea942",
              "isHook": false,
              "skipped": false
            }
          ],
          "suites": [],
          "passes": [
            "3a317579-f776-4fb4-936d-864d17dda401"
          ],
          "failures": [
            "4039059a-fce4-43eb-a282-ac426e35197d",
            "70362615-8b6d-4036-92fa-be6a8cf9b796"
          ],
          "pending": [
            "9e6110a7-722b-4be6-b4c4-9d50a68af722"
          ],
          "skipped": [],
          "duration": 27147,
          "root": false,
          "rootEmpty": false,
          "_timeout": 2000
        }
      ],
      "passes": [],
      "failures": [],
      "pending": [],
      "skipped": [],
      "duration": 0,
      "root": true,
      "rootEmpty": true,
      "_timeout": 2000
    }
  ],
  "meta": {
    "mocha": {
      "version": "7.2.0"
    },
    "mochawesome": {
      "options": {
        "quiet": false,
        "reportFilename": "mochawesome",
        "saveHtml": false,
        "saveJson": true,
        "consoleReporter": "spec",
        "useInlineDiffs": false,
        "code": true
      },
      "version": "7.1.3"
    },
    "marge": {
      "options": {
        "id": "default",
        "reportDir": "cypress/reports/mocha",
        "quite": true,
        "overwrite": false,
        "html": false,
        "json": true
      },
      "version": "6.2.0"
    }
  }
}