{
  "stats": {
    "suites": 1,
    "tests": 6,
    "passes": 0,
    "pending": 7,
    "failures": -1,
    "start": "2025-05-06T14:19:18.492Z",
    "end": "2025-05-06T14:19:22.015Z",
    "duration": 3523,
    "testsRegistered": 12,
    "passPercent": 0,
    "pendingPercent": 58.333333333333336,
    "other": 6,
    "hasOther": true,
    "skipped": 0,
    "hasSkipped": false
  },
  "results": [
    {
      "uuid": "d9b5504e-0c50-4bd8-a51a-a611b0151da0",
      "title": "",
      "fullFile": "cypress/e2e/conges/quota-management.spec.ts",
      "file": "cypress/e2e/conges/quota-management.spec.ts",
      "beforeHooks": [],
      "afterHooks": [],
      "tests": [],
      "suites": [
        {
          "uuid": "4077f4b9-57aa-4729-b4ed-3cf98d54cc0a",
          "title": "Gestion des quotas de congés",
          "fullFile": "",
          "file": "",
          "beforeHooks": [],
          "afterHooks": [],
          "tests": [
            {
              "title": "vérifie que l'authentification fonctionne",
              "fullTitle": "Gestion des quotas de congés vérifie que l'authentification fonctionne",
              "timedOut": null,
              "duration": 1760,
              "state": "failed",
              "speed": null,
              "pass": false,
              "fail": true,
              "pending": false,
              "context": null,
              "code": "// Vérifier si l'utilisateur existe via une API (si possible) ou une tâche\ncy.task('checkUserExists', testUser.email).then(function (exists) {\n    if (!exists) {\n        throw new Error(\"L'utilisateur de test \".concat(testUser.email, \" n'existe pas apr\\u00E8s le seeding.\"));\n    }\n    cy.log(\"V\\u00E9rification : L'utilisateur \".concat(testUser.email, \" existe.\"));\n    // Se connecter\n    cy.loginByApi(testUser.email, testUser.password);\n    // Vérifier que nous sommes bien authentifiés - juste une vérification minimale\n    cy.request({\n        method: 'GET',\n        url: '/api/auth/me',\n        failOnStatusCode: false\n    }).then(function (response) {\n        expect(response.status).to.eq(200);\n        expect(response.body).to.have.property('authenticated', true);\n        expect(response.body.user).to.have.property('role');\n        cy.log(\"Utilisateur authentifi\\u00E9 avec le r\\u00F4le: \".concat(response.body.user.role));\n    });\n});",
              "err": {
                "message": "Error: Échec d'authentification: 401 {\"message\":\"Login ou mot de passe incorrect\"}",
                "estack": "Error: Échec d'authentification: 401 {\"message\":\"Login ou mot de passe incorrect\"}\n    at Context.eval (webpack://mathildanesth/./cypress/support/commands.ts:97:18)\n    at getRet (http://localhost:3000/__cypress/runner/cypress_runner.js:119616:20)\n    at tryCatcher (http://localhost:3000/__cypress/runner/cypress_runner.js:1777:23)\n    at Promise.attempt.Promise.try (http://localhost:3000/__cypress/runner/cypress_runner.js:4285:29)\n    at Context.thenFn (http://localhost:3000/__cypress/runner/cypress_runner.js:119627:66)\n    at Context.then (http://localhost:3000/__cypress/runner/cypress_runner.js:119878:21)\n    at wrapped (http://localhost:3000/__cypress/runner/cypress_runner.js:140155:19)\n    at <unknown> (http://localhost:3000/__cypress/runner/cypress_runner.js:146100:15)\n    at tryCatcher (http://localhost:3000/__cypress/runner/cypress_runner.js:1777:23)",
                "diff": null
              },
              "uuid": "7def1bbd-4089-4689-a686-e7741af9ebb7",
              "parentUUID": "4077f4b9-57aa-4729-b4ed-3cf98d54cc0a",
              "isHook": false,
              "skipped": false
            },
            {
              "title": "peut accéder à la page des congés après authentification",
              "fullTitle": "Gestion des quotas de congés peut accéder à la page des congés après authentification",
              "timedOut": null,
              "duration": 656,
              "state": "failed",
              "speed": null,
              "pass": false,
              "fail": true,
              "pending": false,
              "context": null,
              "code": "// Se connecter\ncy.loginByApi(testUser.email, testUser.password);\n// Accéder à la page des congés\ncy.visitAsAuthenticatedUser('/conges');\n// Vérifier que la page s'affiche correctement\ncy.location('pathname').should('include', '/conges');\n// Prendre une capture d'écran pour vérifier visuellement\ncy.screenshot('page-leaves-authentifiee');",
              "err": {
                "message": "Error: Échec d'authentification: 401 {\"message\":\"Login ou mot de passe incorrect\"}",
                "estack": "Error: Échec d'authentification: 401 {\"message\":\"Login ou mot de passe incorrect\"}\n    at Context.eval (webpack://mathildanesth/./cypress/support/commands.ts:97:18)\n    at getRet (http://localhost:3000/__cypress/runner/cypress_runner.js:119616:20)\n    at tryCatcher (http://localhost:3000/__cypress/runner/cypress_runner.js:1777:23)\n    at Promise.attempt.Promise.try (http://localhost:3000/__cypress/runner/cypress_runner.js:4285:29)\n    at Context.thenFn (http://localhost:3000/__cypress/runner/cypress_runner.js:119627:66)\n    at Context.then (http://localhost:3000/__cypress/runner/cypress_runner.js:119878:21)\n    at wrapped (http://localhost:3000/__cypress/runner/cypress_runner.js:140155:19)\n    at <unknown> (http://localhost:3000/__cypress/runner/cypress_runner.js:146100:15)\n    at tryCatcher (http://localhost:3000/__cypress/runner/cypress_runner.js:1777:23)",
                "diff": null
              },
              "uuid": "3f8f74a2-3517-42f6-a8d7-f19f177af423",
              "parentUUID": "4077f4b9-57aa-4729-b4ed-3cf98d54cc0a",
              "isHook": false,
              "skipped": false
            },
            {
              "title": "affiche un contenu sur la page des congés",
              "fullTitle": "Gestion des quotas de congés affiche un contenu sur la page des congés",
              "timedOut": null,
              "duration": 181,
              "state": "failed",
              "speed": null,
              "pass": false,
              "fail": true,
              "pending": false,
              "context": null,
              "code": "// Se connecter\ncy.loginByApi(testUser.email, testUser.password);\n// Accéder à la page des congés\ncy.visitAsAuthenticatedUser('/conges');\n// Vérifier qu'il y a du contenu visible (au lieu de chercher un texte spécifique)\ncy.get('main').should('be.visible')\n    .and('not.be.empty');\n// Vérifier la présence de certains éléments d'interface communs\ncy.get('button').should('exist');\ncy.screenshot('page-leaves-avec-contenu');",
              "err": {
                "message": "Error: Échec d'authentification: 401 {\"message\":\"Login ou mot de passe incorrect\"}",
                "estack": "Error: Échec d'authentification: 401 {\"message\":\"Login ou mot de passe incorrect\"}\n    at Context.eval (webpack://mathildanesth/./cypress/support/commands.ts:97:18)\n    at getRet (http://localhost:3000/__cypress/runner/cypress_runner.js:119616:20)\n    at tryCatcher (http://localhost:3000/__cypress/runner/cypress_runner.js:1777:23)\n    at Promise.attempt.Promise.try (http://localhost:3000/__cypress/runner/cypress_runner.js:4285:29)\n    at Context.thenFn (http://localhost:3000/__cypress/runner/cypress_runner.js:119627:66)\n    at Context.then (http://localhost:3000/__cypress/runner/cypress_runner.js:119878:21)\n    at wrapped (http://localhost:3000/__cypress/runner/cypress_runner.js:140155:19)\n    at <unknown> (http://localhost:3000/__cypress/runner/cypress_runner.js:146100:15)\n    at tryCatcher (http://localhost:3000/__cypress/runner/cypress_runner.js:1777:23)",
                "diff": null
              },
              "uuid": "8bff7322-2b93-479f-b623-581b1ed301f3",
              "parentUUID": "4077f4b9-57aa-4729-b4ed-3cf98d54cc0a",
              "isHook": false,
              "skipped": false
            },
            {
              "title": "permet de naviguer vers la page de demande de congés",
              "fullTitle": "Gestion des quotas de congés permet de naviguer vers la page de demande de congés",
              "timedOut": null,
              "duration": 154,
              "state": "failed",
              "speed": null,
              "pass": false,
              "fail": true,
              "pending": false,
              "context": null,
              "code": "// Se connecter\ncy.loginByApi(testUser.email, testUser.password);\n// Accéder à la page des congés\ncy.visitAsAuthenticatedUser('/conges');\n// Chercher un bouton ou lien pour créer une nouvelle demande\ncy.get('button:contains(\"Nouvelle\"), a:contains(\"Nouvelle\"), button:contains(\"Demander\"), a:contains(\"Demander\")')\n    .first()\n    .should('exist');\ncy.screenshot('bouton-nouvelle-demande');",
              "err": {
                "message": "Error: Échec d'authentification: 401 {\"message\":\"Login ou mot de passe incorrect\"}",
                "estack": "Error: Échec d'authentification: 401 {\"message\":\"Login ou mot de passe incorrect\"}\n    at Context.eval (webpack://mathildanesth/./cypress/support/commands.ts:97:18)\n    at getRet (http://localhost:3000/__cypress/runner/cypress_runner.js:119616:20)\n    at tryCatcher (http://localhost:3000/__cypress/runner/cypress_runner.js:1777:23)\n    at Promise.attempt.Promise.try (http://localhost:3000/__cypress/runner/cypress_runner.js:4285:29)\n    at Context.thenFn (http://localhost:3000/__cypress/runner/cypress_runner.js:119627:66)\n    at Context.then (http://localhost:3000/__cypress/runner/cypress_runner.js:119878:21)\n    at wrapped (http://localhost:3000/__cypress/runner/cypress_runner.js:140155:19)\n    at <unknown> (http://localhost:3000/__cypress/runner/cypress_runner.js:146100:15)\n    at tryCatcher (http://localhost:3000/__cypress/runner/cypress_runner.js:1777:23)",
                "diff": null
              },
              "uuid": "bc5df8f3-a7fa-4ecc-a7ab-d829f12d64f4",
              "parentUUID": "4077f4b9-57aa-4729-b4ed-3cf98d54cc0a",
              "isHook": false,
              "skipped": false
            },
            {
              "title": "tente d'accéder à la page des soldes de congés",
              "fullTitle": "Gestion des quotas de congés tente d'accéder à la page des soldes de congés",
              "timedOut": null,
              "duration": 155,
              "state": "failed",
              "speed": null,
              "pass": false,
              "fail": true,
              "pending": false,
              "context": null,
              "code": "// Se connecter\ncy.loginByApi(testUser.email, testUser.password);\n// Tenter d'accéder à la page des quotas de congés \n// Note: cette route peut ne pas exister dans la version actuelle\ncy.visitAsAuthenticatedUser('/conges/quotas');\n// Vérifier que la page a chargé, même si ce n'est pas la bonne\ncy.get('body').should('be.visible');\n// Soit nous sommes redirigés vers la page des congés, soit nous voyons une page d'erreur,\n// soit nous voyons la page des quotas\ncy.url().then(function (url) {\n    cy.log(\"URL actuelle: \".concat(url));\n    cy.screenshot('tentative-page-quotas');\n});",
              "err": {
                "message": "Error: Échec d'authentification: 401 {\"message\":\"Login ou mot de passe incorrect\"}",
                "estack": "Error: Échec d'authentification: 401 {\"message\":\"Login ou mot de passe incorrect\"}\n    at Context.eval (webpack://mathildanesth/./cypress/support/commands.ts:97:18)\n    at getRet (http://localhost:3000/__cypress/runner/cypress_runner.js:119616:20)\n    at tryCatcher (http://localhost:3000/__cypress/runner/cypress_runner.js:1777:23)\n    at Promise.attempt.Promise.try (http://localhost:3000/__cypress/runner/cypress_runner.js:4285:29)\n    at Context.thenFn (http://localhost:3000/__cypress/runner/cypress_runner.js:119627:66)\n    at Context.then (http://localhost:3000/__cypress/runner/cypress_runner.js:119878:21)\n    at wrapped (http://localhost:3000/__cypress/runner/cypress_runner.js:140155:19)\n    at <unknown> (http://localhost:3000/__cypress/runner/cypress_runner.js:146100:15)\n    at tryCatcher (http://localhost:3000/__cypress/runner/cypress_runner.js:1777:23)",
                "diff": null
              },
              "uuid": "5e66cbf7-aa0f-4969-8b2d-70946a621644",
              "parentUUID": "4077f4b9-57aa-4729-b4ed-3cf98d54cc0a",
              "isHook": false,
              "skipped": false
            },
            {
              "title": "permet à un administrateur d'ajuster les quotas d'un utilisateur",
              "fullTitle": "Gestion des quotas de congés permet à un administrateur d'ajuster les quotas d'un utilisateur",
              "timedOut": null,
              "duration": 0,
              "state": "pending",
              "speed": null,
              "pass": false,
              "fail": false,
              "pending": true,
              "context": null,
              "code": "// Désactivé car l'interface ne correspond pas\n// Se connecter en tant qu'administrateur\ncy.loginByApi(adminUser.email, adminUser.password);\n// Accéder à la page des utilisateurs\ncy.visitAsAuthenticatedUser('/utilisateurs');\n// Vérifier qu'on peut accéder à la page\ncy.get('main').should('be.visible');",
              "err": {},
              "uuid": "8a9d6521-41f7-441c-b87b-be1057f99cfc",
              "parentUUID": "4077f4b9-57aa-4729-b4ed-3cf98d54cc0a",
              "isHook": false,
              "skipped": false
            },
            {
              "title": "permet de transférer des jours de congés entre deux types de quotas",
              "fullTitle": "Gestion des quotas de congés permet de transférer des jours de congés entre deux types de quotas",
              "timedOut": null,
              "duration": 0,
              "state": "pending",
              "speed": null,
              "pass": false,
              "fail": false,
              "pending": true,
              "context": null,
              "code": "// Désactivé car l'interface ne correspond pas",
              "err": {},
              "uuid": "04ef113f-b33d-427c-bbfb-eecd4bbe21e3",
              "parentUUID": "4077f4b9-57aa-4729-b4ed-3cf98d54cc0a",
              "isHook": false,
              "skipped": false
            },
            {
              "title": "permet de reporter des jours de congés sur l'année suivante",
              "fullTitle": "Gestion des quotas de congés permet de reporter des jours de congés sur l'année suivante",
              "timedOut": null,
              "duration": 0,
              "state": "pending",
              "speed": null,
              "pass": false,
              "fail": false,
              "pending": true,
              "context": null,
              "code": "// Test désactivé",
              "err": {},
              "uuid": "6fbc84b9-e7ba-469a-b33a-ccdbeb433620",
              "parentUUID": "4077f4b9-57aa-4729-b4ed-3cf98d54cc0a",
              "isHook": false,
              "skipped": false
            },
            {
              "title": "affiche l'historique des ajustements de quotas",
              "fullTitle": "Gestion des quotas de congés affiche l'historique des ajustements de quotas",
              "timedOut": null,
              "duration": 0,
              "state": "pending",
              "speed": null,
              "pass": false,
              "fail": false,
              "pending": true,
              "context": null,
              "code": "// Test désactivé",
              "err": {},
              "uuid": "c12ed59b-e5f9-4239-b9da-8b50f7e981c1",
              "parentUUID": "4077f4b9-57aa-4729-b4ed-3cf98d54cc0a",
              "isHook": false,
              "skipped": false
            },
            {
              "title": "empêche de demander plus de jours que le quota disponible",
              "fullTitle": "Gestion des quotas de congés empêche de demander plus de jours que le quota disponible",
              "timedOut": null,
              "duration": 0,
              "state": "pending",
              "speed": null,
              "pass": false,
              "fail": false,
              "pending": true,
              "context": null,
              "code": "// Test désactivé",
              "err": {},
              "uuid": "8fd9366b-a73a-4288-b93b-2d2ff0250e1d",
              "parentUUID": "4077f4b9-57aa-4729-b4ed-3cf98d54cc0a",
              "isHook": false,
              "skipped": false
            },
            {
              "title": "affiche les quotas de congés dans le profil utilisateur",
              "fullTitle": "Gestion des quotas de congés affiche les quotas de congés dans le profil utilisateur",
              "timedOut": null,
              "duration": 0,
              "state": "pending",
              "speed": null,
              "pass": false,
              "fail": false,
              "pending": true,
              "context": null,
              "code": "// Test désactivé",
              "err": {},
              "uuid": "bd8ac452-c7f2-4746-b4b6-ba478629fcda",
              "parentUUID": "4077f4b9-57aa-4729-b4ed-3cf98d54cc0a",
              "isHook": false,
              "skipped": false
            },
            {
              "title": "permet d'exporter les quotas de congés au format CSV",
              "fullTitle": "Gestion des quotas de congés permet d'exporter les quotas de congés au format CSV",
              "timedOut": null,
              "duration": 0,
              "state": "pending",
              "speed": null,
              "pass": false,
              "fail": false,
              "pending": true,
              "context": null,
              "code": "// Test désactivé",
              "err": {},
              "uuid": "4a141c45-2dda-4020-9dd6-a0f7884f5697",
              "parentUUID": "4077f4b9-57aa-4729-b4ed-3cf98d54cc0a",
              "isHook": false,
              "skipped": false
            }
          ],
          "suites": [],
          "passes": [],
          "failures": [
            "7def1bbd-4089-4689-a686-e7741af9ebb7",
            "3f8f74a2-3517-42f6-a8d7-f19f177af423",
            "8bff7322-2b93-479f-b623-581b1ed301f3",
            "bc5df8f3-a7fa-4ecc-a7ab-d829f12d64f4",
            "5e66cbf7-aa0f-4969-8b2d-70946a621644"
          ],
          "pending": [
            "8a9d6521-41f7-441c-b87b-be1057f99cfc",
            "04ef113f-b33d-427c-bbfb-eecd4bbe21e3",
            "6fbc84b9-e7ba-469a-b33a-ccdbeb433620",
            "c12ed59b-e5f9-4239-b9da-8b50f7e981c1",
            "8fd9366b-a73a-4288-b93b-2d2ff0250e1d",
            "bd8ac452-c7f2-4746-b4b6-ba478629fcda",
            "4a141c45-2dda-4020-9dd6-a0f7884f5697"
          ],
          "skipped": [],
          "duration": 2906,
          "root": false,
          "rootEmpty": false,
          "_timeout": 2000
        }
      ],
      "passes": [],
      "failures": [],
      "pending": [],
      "skipped": [],
      "duration": 0,
      "root": true,
      "rootEmpty": true,
      "_timeout": 2000
    }
  ],
  "meta": {
    "mocha": {
      "version": "7.2.0"
    },
    "mochawesome": {
      "options": {
        "quiet": false,
        "reportFilename": "mochawesome",
        "saveHtml": false,
        "saveJson": true,
        "consoleReporter": "spec",
        "useInlineDiffs": false,
        "code": true
      },
      "version": "7.1.3"
    },
    "marge": {
      "options": {
        "id": "default",
        "reportDir": "cypress/reports/mocha",
        "quite": true,
        "overwrite": false,
        "html": false,
        "json": true
      },
      "version": "6.2.0"
    }
  }
}