{
  "stats": {
    "suites": 1,
    "tests": 6,
    "passes": 0,
    "pending": 0,
    "failures": 6,
    "start": "2025-05-04T17:24:55.483Z",
    "end": "2025-05-04T17:25:18.356Z",
    "duration": 22873,
    "testsRegistered": 6,
    "passPercent": 0,
    "pendingPercent": 0,
    "other": 0,
    "hasOther": false,
    "skipped": 0,
    "hasSkipped": false
  },
  "results": [
    {
      "uuid": "7e4820f4-4b41-45f6-8f62-3ad55664b102",
      "title": "",
      "fullFile": "cypress/e2e/auth/authentication.spec.ts",
      "file": "cypress/e2e/auth/authentication.spec.ts",
      "beforeHooks": [],
      "afterHooks": [],
      "tests": [],
      "suites": [
        {
          "uuid": "7b0e950b-46ad-4e88-bcc8-501fd0ff7e06",
          "title": "Authentification et gestion des sessions",
          "fullFile": "",
          "file": "",
          "beforeHooks": [],
          "afterHooks": [],
          "tests": [
            {
              "title": "permet la connexion avec des identifiants valides",
              "fullTitle": "Authentification et gestion des sessions permet la connexion avec des identifiants valides",
              "timedOut": null,
              "duration": 5093,
              "state": "failed",
              "speed": null,
              "pass": false,
              "fail": true,
              "pending": false,
              "context": null,
              "code": "cy.visit('/auth/login');\ncy.get('[data-cy=email-input]').type(testUser.email);\ncy.get('[data-cy=password-input]').type(testUser.password);\ncy.get('[data-cy=login-button]').click();\n// Vérifier la redirection après connexion\ncy.url().should(function (url) {\n    expect(url).to.satisfy(function (url) {\n        return url.includes('/dashboard') || url.includes('/planning');\n    });\n});\n// Vérifier que le nom de l'utilisateur est affiché\ncy.get('[data-cy=user-name]').should('contain', testUser.name);",
              "err": {
                "message": "AssertionError: Timed out retrying after 4000ms: Expected to find element: `[data-cy=email-input]`, but never found it.",
                "estack": "AssertionError: Timed out retrying after 4000ms: Expected to find element: `[data-cy=email-input]`, but never found it.\n    at Context.eval (webpack://mathildanesth/./cypress/e2e/auth/authentication.spec.ts:21:11)",
                "diff": null
              },
              "uuid": "3a69f375-5ba7-42d0-93f2-844218403c9b",
              "parentUUID": "7b0e950b-46ad-4e88-bcc8-501fd0ff7e06",
              "isHook": false,
              "skipped": false
            },
            {
              "title": "affiche un message d'erreur pour des identifiants invalides",
              "fullTitle": "Authentification et gestion des sessions affiche un message d'erreur pour des identifiants invalides",
              "timedOut": null,
              "duration": 5051,
              "state": "failed",
              "speed": null,
              "pass": false,
              "fail": true,
              "pending": false,
              "context": null,
              "code": "cy.visit('/auth/login');\ncy.get('[data-cy=email-input]').type('utilisateur.invalide@example.com');\ncy.get('[data-cy=password-input]').type('mot_de_passe_incorrect');\ncy.get('[data-cy=login-button]').click();\n// Vérifier le message d'erreur\ncy.get('[data-cy=notification-error]')\n    .should('be.visible')\n    .and('contain', 'Identifiants invalides');",
              "err": {
                "message": "AssertionError: Timed out retrying after 4000ms: Expected to find element: `[data-cy=email-input]`, but never found it.",
                "estack": "AssertionError: Timed out retrying after 4000ms: Expected to find element: `[data-cy=email-input]`, but never found it.\n    at Context.eval (webpack://mathildanesth/./cypress/e2e/auth/authentication.spec.ts:38:11)",
                "diff": null
              },
              "uuid": "7f945fba-35e2-482b-83b4-c45044827694",
              "parentUUID": "7b0e950b-46ad-4e88-bcc8-501fd0ff7e06",
              "isHook": false,
              "skipped": false
            },
            {
              "title": "maintient la session utilisateur après rafraîchissement de la page",
              "fullTitle": "Authentification et gestion des sessions maintient la session utilisateur après rafraîchissement de la page",
              "timedOut": null,
              "duration": 519,
              "state": "failed",
              "speed": null,
              "pass": false,
              "fail": true,
              "pending": false,
              "context": null,
              "code": "// Se connecter via l'API (plus rapide que via l'UI)\ncy.loginByApi(testUser.email, testUser.password);\n// Visiter la page d'accueil\ncy.visitAsAuthenticatedUser('/dashboard');\n// Vérifier que l'utilisateur est connecté\ncy.get('[data-cy=user-name]').should('contain', testUser.name);\n// Rafraîchir la page\ncy.reload();\n// Vérifier que l'utilisateur est toujours connecté\ncy.get('[data-cy=user-name]').should('contain', testUser.name);",
              "err": {
                "message": "Error: Échec d'authentification: 401 {\"message\":\"Login ou mot de passe incorrect\"}",
                "estack": "Error: Échec d'authentification: 401 {\"message\":\"Login ou mot de passe incorrect\"}\n    at Context.eval (webpack://mathildanesth/./cypress/support/commands.ts:97:18)\n    at getRet (http://localhost:3000/__cypress/runner/cypress_runner.js:119616:20)\n    at tryCatcher (http://localhost:3000/__cypress/runner/cypress_runner.js:1777:23)\n    at Promise.attempt.Promise.try (http://localhost:3000/__cypress/runner/cypress_runner.js:4285:29)\n    at Context.thenFn (http://localhost:3000/__cypress/runner/cypress_runner.js:119627:66)\n    at Context.then (http://localhost:3000/__cypress/runner/cypress_runner.js:119878:21)\n    at wrapped (http://localhost:3000/__cypress/runner/cypress_runner.js:140155:19)\n    at <unknown> (http://localhost:3000/__cypress/runner/cypress_runner.js:146100:15)\n    at tryCatcher (http://localhost:3000/__cypress/runner/cypress_runner.js:1777:23)",
                "diff": null
              },
              "uuid": "ec23c6c3-065e-4801-94af-d49c4af0ec27",
              "parentUUID": "7b0e950b-46ad-4e88-bcc8-501fd0ff7e06",
              "isHook": false,
              "skipped": false
            },
            {
              "title": "permet la déconnexion",
              "fullTitle": "Authentification et gestion des sessions permet la déconnexion",
              "timedOut": null,
              "duration": 499,
              "state": "failed",
              "speed": null,
              "pass": false,
              "fail": true,
              "pending": false,
              "context": null,
              "code": "// Se connecter via l'API\ncy.loginByApi(testUser.email, testUser.password);\ncy.visitAsAuthenticatedUser('/dashboard');\n// Ouvrir le menu utilisateur et cliquer sur déconnexion\ncy.get('[data-cy=user-menu]').click();\ncy.get('[data-cy=logout-option]').click();\n// Vérifier la redirection vers la page de connexion\ncy.url().should('include', '/auth/login');\n// Essayer d'accéder à une page protégée\ncy.visit('/dashboard');\n// Vérifier qu'on est redirigé vers la page de connexion\ncy.url().should('include', '/auth/login');",
              "err": {
                "message": "Error: Échec d'authentification: 401 {\"message\":\"Login ou mot de passe incorrect\"}",
                "estack": "Error: Échec d'authentification: 401 {\"message\":\"Login ou mot de passe incorrect\"}\n    at Context.eval (webpack://mathildanesth/./cypress/support/commands.ts:97:18)\n    at getRet (http://localhost:3000/__cypress/runner/cypress_runner.js:119616:20)\n    at tryCatcher (http://localhost:3000/__cypress/runner/cypress_runner.js:1777:23)\n    at Promise.attempt.Promise.try (http://localhost:3000/__cypress/runner/cypress_runner.js:4285:29)\n    at Context.thenFn (http://localhost:3000/__cypress/runner/cypress_runner.js:119627:66)\n    at Context.then (http://localhost:3000/__cypress/runner/cypress_runner.js:119878:21)\n    at wrapped (http://localhost:3000/__cypress/runner/cypress_runner.js:140155:19)\n    at <unknown> (http://localhost:3000/__cypress/runner/cypress_runner.js:146100:15)\n    at tryCatcher (http://localhost:3000/__cypress/runner/cypress_runner.js:1777:23)",
                "diff": null
              },
              "uuid": "1221a68a-4315-4727-81b7-f8f9f9f136dd",
              "parentUUID": "7b0e950b-46ad-4e88-bcc8-501fd0ff7e06",
              "isHook": false,
              "skipped": false
            },
            {
              "title": "redirige vers la page demandée après connexion",
              "fullTitle": "Authentification et gestion des sessions redirige vers la page demandée après connexion",
              "timedOut": null,
              "duration": 6457,
              "state": "failed",
              "speed": null,
              "pass": false,
              "fail": true,
              "pending": false,
              "context": null,
              "code": "// Essayer d'accéder à une page protégée sans être connecté\ncy.visit('/planning');\n// Vérifier qu'on est redirigé vers la page de connexion\ncy.url().should('include', '/auth/login');\n// Se connecter\ncy.get('[data-cy=email-input]').type(testUser.email);\ncy.get('[data-cy=password-input]').type(testUser.password);\ncy.get('[data-cy=login-button]').click();\n// Vérifier qu'on est redirigé vers la page initialement demandée\ncy.url().should('include', '/planning');",
              "err": {
                "message": "AssertionError: Timed out retrying after 4000ms: Expected to find element: `[data-cy=email-input]`, but never found it.",
                "estack": "AssertionError: Timed out retrying after 4000ms: Expected to find element: `[data-cy=email-input]`, but never found it.\n    at Context.eval (webpack://mathildanesth/./cypress/e2e/auth/authentication.spec.ts:92:11)",
                "diff": null
              },
              "uuid": "ce96bd16-4e08-4fc7-93a7-c82f8bd5ca65",
              "parentUUID": "7b0e950b-46ad-4e88-bcc8-501fd0ff7e06",
              "isHook": false,
              "skipped": false
            },
            {
              "title": "permet la récupération de mot de passe",
              "fullTitle": "Authentification et gestion des sessions permet la récupération de mot de passe",
              "timedOut": null,
              "duration": 4996,
              "state": "failed",
              "speed": null,
              "pass": false,
              "fail": true,
              "pending": false,
              "context": null,
              "code": "cy.visit('/auth/login');\n// Cliquer sur le lien \"Mot de passe oublié\"\ncy.get('[data-cy=forgot-password-link]').click();\n// Vérifier qu'on est sur la page de récupération de mot de passe\ncy.url().should('include', '/auth/reset-password');\n// Saisir l'email et soumettre\ncy.get('[data-cy=email-input]').type(testUser.email);\ncy.get('[data-cy=submit-button]').click();\n// Vérifier le message de confirmation\ncy.get('[data-cy=notification-success]')\n    .should('be.visible')\n    .and('contain', 'Instructions envoyées');",
              "err": {
                "message": "AssertionError: Timed out retrying after 4000ms: Expected to find element: `[data-cy=forgot-password-link]`, but never found it.",
                "estack": "AssertionError: Timed out retrying after 4000ms: Expected to find element: `[data-cy=forgot-password-link]`, but never found it.\n    at Context.eval (webpack://mathildanesth/./cypress/e2e/auth/authentication.spec.ts:104:11)",
                "diff": null
              },
              "uuid": "eceedcb8-97a5-4291-886a-0a6794b6fc1c",
              "parentUUID": "7b0e950b-46ad-4e88-bcc8-501fd0ff7e06",
              "isHook": false,
              "skipped": false
            }
          ],
          "suites": [],
          "passes": [],
          "failures": [
            "3a69f375-5ba7-42d0-93f2-844218403c9b",
            "7f945fba-35e2-482b-83b4-c45044827694",
            "ec23c6c3-065e-4801-94af-d49c4af0ec27",
            "1221a68a-4315-4727-81b7-f8f9f9f136dd",
            "ce96bd16-4e08-4fc7-93a7-c82f8bd5ca65",
            "eceedcb8-97a5-4291-886a-0a6794b6fc1c"
          ],
          "pending": [],
          "skipped": [],
          "duration": 22615,
          "root": false,
          "rootEmpty": false,
          "_timeout": 2000
        }
      ],
      "passes": [],
      "failures": [],
      "pending": [],
      "skipped": [],
      "duration": 0,
      "root": true,
      "rootEmpty": true,
      "_timeout": 2000
    }
  ],
  "meta": {
    "mocha": {
      "version": "7.2.0"
    },
    "mochawesome": {
      "options": {
        "quiet": false,
        "reportFilename": "mochawesome",
        "saveHtml": false,
        "saveJson": true,
        "consoleReporter": "spec",
        "useInlineDiffs": false,
        "code": true
      },
      "version": "7.1.3"
    },
    "marge": {
      "options": {
        "id": "default",
        "reportDir": "cypress/reports/mocha",
        "quite": true,
        "overwrite": false,
        "html": false,
        "json": true
      },
      "version": "6.2.0"
    }
  }
}