{
  "stats": {
    "suites": 1,
    "tests": 1,
    "passes": 0,
    "pending": 0,
    "failures": 1,
    "start": "2025-06-01T06:01:09.578Z",
    "end": "2025-06-01T06:01:10.683Z",
    "duration": 1105,
    "testsRegistered": 5,
    "passPercent": 0,
    "pendingPercent": 0,
    "other": 1,
    "hasOther": true,
    "skipped": 3,
    "hasSkipped": true
  },
  "results": [
    {
      "uuid": "26b058a4-4b0b-4d9c-a537-2abb5f57f194",
      "title": "",
      "fullFile": "cypress/e2e/admin/admin-workflows.spec.ts",
      "file": "cypress/e2e/admin/admin-workflows.spec.ts",
      "beforeHooks": [],
      "afterHooks": [],
      "tests": [],
      "suites": [
        {
          "uuid": "2329f055-dc00-41e2-ad6c-50c4eba4f9c7",
          "title": "Workflows administrateur",
          "fullFile": "",
          "file": "",
          "beforeHooks": [],
          "afterHooks": [],
          "tests": [
            {
              "title": "permet la gestion complète des utilisateurs",
              "fullTitle": "Workflows administrateur permet la gestion complète des utilisateurs",
              "timedOut": null,
              "duration": 105,
              "state": "failed",
              "speed": null,
              "pass": false,
              "fail": true,
              "pending": false,
              "context": null,
              "code": "// ÉTAPE 1: Connexion admin\ncy.log('🔐 ÉTAPE 1: Connexion administrateur');\ncy.visit('/auth/connexion');\ncy.waitForPageLoad();\ncy.safeType('[data-cy=email-input]', adminUser.email);\ncy.safeType('[data-cy=password-input]', adminUser.password);\ncy.safeClick('[data-cy=submit-button]');\ncy.waitForApiResponse('adminLogin');\ncy.url({ timeout: 15000 }).should('include', '/tableau-de-bord');\n// ÉTAPE 2: Navigation vers gestion utilisateurs\ncy.log('👥 ÉTAPE 2: Navigation vers gestion utilisateurs');\ncy.get('[data-cy=nav-admin]').click();\ncy.get('[data-cy=admin-menu]').within(function () {\n    cy.get('[data-cy=admin-users-link]').click();\n});\ncy.waitForApiResponse('usersList');\ncy.url().should('include', '/admin/utilisateurs');\ncy.waitForElement('[data-cy=users-table]');\n// ÉTAPE 3: Création d'un nouvel utilisateur\ncy.log('➕ ÉTAPE 3: Création d\\'un nouvel utilisateur');\ncy.safeClick('[data-cy=create-user-button]');\ncy.waitForElement('[data-cy=user-modal]');\ncy.get('[data-cy=user-modal]').within(function () {\n    cy.safeType('[data-cy=user-email]', 'nouveau.medecin@example.com');\n    cy.safeType('[data-cy=user-nom]', 'Nouveau');\n    cy.safeType('[data-cy=user-prenom]', 'Médecin');\n    cy.safeType('[data-cy=user-password]', 'TempPass123!');\n    cy.safeClick('[data-cy=user-role-select]');\n    cy.get('[data-cy=role-option-user]').click();\n    cy.safeClick('[data-cy=professional-role-select]');\n    cy.get('[data-cy=professional-role-iade]').click();\n    cy.safeClick('[data-cy=save-user-button]');\n});\ncy.waitForApiResponse('createUser');\ncy.waitForElement('[data-cy=notification-success]');\ncy.get('[data-cy=notification-success]').should('contain', 'Utilisateur créé');\n// ÉTAPE 4: Modification d'un utilisateur existant\ncy.log('✏️ ÉTAPE 4: Modification d\\'utilisateur');\ncy.get('[data-cy=users-table]').within(function () {\n    cy.get('[data-cy=user-row]').first().within(function () {\n        cy.get('[data-cy=edit-user-button]').click();\n    });\n});\ncy.waitForElement('[data-cy=user-modal]');\ncy.get('[data-cy=user-modal]').within(function () {\n    cy.get('[data-cy=user-nom]').clear().type('Nom Modifié');\n    cy.safeClick('[data-cy=save-user-button]');\n});\ncy.waitForApiResponse('updateUser');\ncy.waitForElement('[data-cy=notification-success]');\ncy.get('[data-cy=notification-success]').should('contain', 'Utilisateur modifié');\n// ÉTAPE 5: Désactivation d'un utilisateur\ncy.log('🚫 ÉTAPE 5: Désactivation d\\'utilisateur');\ncy.get('[data-cy=users-table]').within(function () {\n    cy.get('[data-cy=user-row]').last().within(function () {\n        cy.get('[data-cy=toggle-user-status]').click();\n    });\n});\ncy.waitForElement('[data-cy=confirm-modal]');\ncy.get('[data-cy=confirm-modal]').within(function () {\n    cy.safeClick('[data-cy=confirm-action]');\n});\ncy.waitForApiResponse('updateUser');\ncy.waitForElement('[data-cy=notification-success]');\ncy.get('[data-cy=notification-success]').should('contain', 'Statut utilisateur modifié');",
              "err": {
                "message": "TypeError: cy.clearSessionStorage is not a function\n\nBecause this error occurred during a `before each` hook we are skipping the remaining tests in the current suite: `Workflows administrateur`",
                "estack": "TypeError: cy.clearSessionStorage is not a function\n\nBecause this error occurred during a `before each` hook we are skipping the remaining tests in the current suite: `Workflows administrateur`\n    at Context.eval (webpack://mathildanesth/./cypress/support/commands.ts:575:7)\n    at wrapped (http://localhost:3001/__cypress/runner/cypress_runner.js:140165:43)\n    at <unknown> (http://localhost:3001/__cypress/runner/cypress_runner.js:146118:15)\n    at tryCatcher (http://localhost:3001/__cypress/runner/cypress_runner.js:1777:23)\n    at Promise._settlePromiseFromHandler (http://localhost:3001/__cypress/runner/cypress_runner.js:1489:31)\n    at Promise._settlePromise (http://localhost:3001/__cypress/runner/cypress_runner.js:1546:18)\n    at Promise._settlePromiseCtx (http://localhost:3001/__cypress/runner/cypress_runner.js:1583:10)\n    at _drainQueueStep (http://localhost:3001/__cypress/runner/cypress_runner.js:2381:12)\n    at _drainQueue (http://localhost:3001/__cypress/runner/cypress_runner.js:2370:9)",
                "diff": null
              },
              "uuid": "3dd5853f-aa5f-4ffa-97eb-5e5fda81b831",
              "parentUUID": "2329f055-dc00-41e2-ad6c-50c4eba4f9c7",
              "isHook": false,
              "skipped": false
            },
            {
              "title": "permet la gestion des demandes de congés",
              "fullTitle": "Workflows administrateur permet la gestion des demandes de congés",
              "timedOut": null,
              "duration": 0,
              "state": "skipped",
              "speed": null,
              "pass": false,
              "fail": false,
              "pending": false,
              "context": null,
              "code": "// Connexion admin\ncy.visit('/auth/connexion');\ncy.waitForPageLoad();\ncy.safeType('[data-cy=email-input]', adminUser.email);\ncy.safeType('[data-cy=password-input]', adminUser.password);\ncy.safeClick('[data-cy=submit-button]');\ncy.waitForApiResponse('adminLogin');\ncy.url().should('include', '/tableau-de-bord');\n// Navigation vers gestion des congés\ncy.log('📋 Navigation vers gestion des congés');\ncy.get('[data-cy=nav-admin]').click();\ncy.get('[data-cy=admin-menu]').within(function () {\n    cy.get('[data-cy=admin-leaves-link]').click();\n});\ncy.waitForApiResponse('adminLeavesList');\ncy.url().should('include', '/admin/conges');\ncy.waitForElement('[data-cy=leaves-management-table]');\n// Approbation d'une demande\ncy.log('✅ Approbation d\\'une demande de congé');\ncy.get('[data-cy=leaves-management-table]').within(function () {\n    cy.get('[data-cy=leave-row-pending]').first().within(function () {\n        cy.get('[data-cy=approve-leave-button]').click();\n    });\n});\ncy.waitForElement('[data-cy=approval-modal]');\ncy.get('[data-cy=approval-modal]').within(function () {\n    cy.safeType('[data-cy=approval-comment]', 'Demande approuvée - planning compatible');\n    cy.safeClick('[data-cy=confirm-approval]');\n});\ncy.waitForApiResponse('approveLeave');\ncy.waitForElement('[data-cy=notification-success]');\ncy.get('[data-cy=notification-success]').should('contain', 'Congé approuvé');\n// Rejet d'une demande\ncy.log('❌ Rejet d\\'une demande de congé');\ncy.get('[data-cy=leaves-management-table]').within(function () {\n    cy.get('[data-cy=leave-row-pending]').first().within(function () {\n        cy.get('[data-cy=reject-leave-button]').click();\n    });\n});\ncy.waitForElement('[data-cy=rejection-modal]');\ncy.get('[data-cy=rejection-modal]').within(function () {\n    cy.safeType('[data-cy=rejection-reason]', 'Conflit avec planning existant');\n    cy.safeClick('[data-cy=confirm-rejection]');\n});\ncy.waitForApiResponse('rejectLeave');\ncy.waitForElement('[data-cy=notification-success]');\ncy.get('[data-cy=notification-success]').should('contain', 'Congé rejeté');",
              "err": {},
              "uuid": "08e54658-a55a-4e52-b6be-46a35b73f4c9",
              "parentUUID": "2329f055-dc00-41e2-ad6c-50c4eba4f9c7",
              "isHook": false,
              "skipped": true
            },
            {
              "title": "permet la gestion des sites et salles",
              "fullTitle": "Workflows administrateur permet la gestion des sites et salles",
              "timedOut": null,
              "duration": 0,
              "state": "skipped",
              "speed": null,
              "pass": false,
              "fail": false,
              "pending": false,
              "context": null,
              "code": "// Connexion admin\ncy.visit('/auth/connexion');\ncy.waitForPageLoad();\ncy.safeType('[data-cy=email-input]', adminUser.email);\ncy.safeType('[data-cy=password-input]', adminUser.password);\ncy.safeClick('[data-cy=submit-button]');\ncy.waitForApiResponse('adminLogin');\n// Navigation vers gestion des sites\ncy.log('🏥 Navigation vers gestion des sites');\ncy.get('[data-cy=nav-admin]').click();\ncy.get('[data-cy=admin-menu]').within(function () {\n    cy.get('[data-cy=admin-sites-link]').click();\n});\ncy.waitForApiResponse('sitesList');\ncy.url().should('include', '/admin/sites');\ncy.waitForElement('[data-cy=sites-table]');\n// Création d'un nouveau site\ncy.log('🏗️ Création d\\'un nouveau site');\ncy.safeClick('[data-cy=create-site-button]');\ncy.waitForElement('[data-cy=site-modal]');\ncy.get('[data-cy=site-modal]').within(function () {\n    cy.safeType('[data-cy=site-name]', 'Nouveau Site Médical');\n    cy.safeType('[data-cy=site-address]', '123 Rue de la Santé, 75000 Paris');\n    cy.safeType('[data-cy=site-phone]', '01 23 45 67 89');\n    cy.safeType('[data-cy=site-capacity]', '50');\n    cy.safeClick('[data-cy=save-site-button]');\n});\ncy.waitForApiResponse('createSite');\ncy.waitForElement('[data-cy=notification-success]');\ncy.get('[data-cy=notification-success]').should('contain', 'Site créé');\n// Gestion des salles d'opération\ncy.log('🏥 Gestion des salles d\\'opération');\ncy.get('[data-cy=sites-table]').within(function () {\n    cy.get('[data-cy=site-row]').first().within(function () {\n        cy.get('[data-cy=manage-rooms-button]').click();\n    });\n});\ncy.waitForElement('[data-cy=rooms-modal]');\ncy.get('[data-cy=rooms-modal]').within(function () {\n    cy.safeClick('[data-cy=add-room-button]');\n    cy.get('[data-cy=room-form]').within(function () {\n        cy.safeType('[data-cy=room-name]', 'Salle Opération 1');\n        cy.safeClick('[data-cy=room-type-select]');\n        cy.get('[data-cy=room-type-chirurgie]').click();\n        cy.safeType('[data-cy=room-capacity]', '8');\n        cy.safeClick('[data-cy=save-room-button]');\n    });\n});\ncy.waitForElement('[data-cy=notification-success]');\ncy.get('[data-cy=notification-success]').should('contain', 'Salle ajoutée');",
              "err": {},
              "uuid": "993ec22a-1451-4754-9a03-d1923cc5b095",
              "parentUUID": "2329f055-dc00-41e2-ad6c-50c4eba4f9c7",
              "isHook": false,
              "skipped": true
            },
            {
              "title": "permet la configuration système",
              "fullTitle": "Workflows administrateur permet la configuration système",
              "timedOut": null,
              "duration": 0,
              "state": "skipped",
              "speed": null,
              "pass": false,
              "fail": false,
              "pending": false,
              "context": null,
              "code": "// Connexion admin\ncy.visit('/auth/connexion');\ncy.waitForPageLoad();\ncy.safeType('[data-cy=email-input]', adminUser.email);\ncy.safeType('[data-cy=password-input]', adminUser.password);\ncy.safeClick('[data-cy=submit-button]');\ncy.waitForApiResponse('adminLogin');\n// Navigation vers configuration\ncy.log('⚙️ Navigation vers configuration système');\ncy.get('[data-cy=nav-admin]').click();\ncy.get('[data-cy=admin-menu]').within(function () {\n    cy.get('[data-cy=admin-config-link]').click();\n});\ncy.url().should('include', '/admin/configuration');\ncy.waitForElement('[data-cy=config-form]');\n// Configuration des règles de planning\ncy.log('📋 Configuration des règles de planning');\ncy.get('[data-cy=config-form]').within(function () {\n    cy.get('[data-cy=max-consecutive-days]').clear().type('5');\n    cy.get('[data-cy=min-rest-hours]').clear().type('11');\n    cy.get('[data-cy=max-weekly-hours]').clear().type('48');\n    cy.get('[data-cy=enable-auto-assignment]').check();\n    cy.get('[data-cy=enable-conflict-detection]').check();\n    cy.safeClick('[data-cy=save-config-button]');\n});\ncy.waitForElement('[data-cy=notification-success]');\ncy.get('[data-cy=notification-success]').should('contain', 'Configuration sauvegardée');\n// Test de sauvegarde/restauration\ncy.log('💾 Test de sauvegarde/restauration');\ncy.get('[data-cy=backup-section]').within(function () {\n    cy.safeClick('[data-cy=create-backup-button]');\n});\ncy.waitForElement('[data-cy=notification-success]');\ncy.get('[data-cy=notification-success]').should('contain', 'Sauvegarde créée');\n// Vérifier que la liste des sauvegardes se met à jour\ncy.get('[data-cy=backups-list]').should('contain', new Date().toLocaleDateString());",
              "err": {},
              "uuid": "920f5183-982a-42f3-b6d2-313c54fba36b",
              "parentUUID": "2329f055-dc00-41e2-ad6c-50c4eba4f9c7",
              "isHook": false,
              "skipped": true
            },
            {
              "title": "génère des rapports d'administration",
              "fullTitle": "Workflows administrateur génère des rapports d'administration",
              "timedOut": null,
              "duration": 0,
              "state": "failed",
              "speed": null,
              "pass": false,
              "fail": true,
              "pending": false,
              "context": null,
              "code": "// Connexion admin\ncy.visit('/auth/connexion');\ncy.waitForPageLoad();\ncy.safeType('[data-cy=email-input]', adminUser.email);\ncy.safeType('[data-cy=password-input]', adminUser.password);\ncy.safeClick('[data-cy=submit-button]');\ncy.waitForApiResponse('adminLogin');\n// Navigation vers rapports\ncy.log('📊 Navigation vers rapports');\ncy.get('[data-cy=nav-admin]').click();\ncy.get('[data-cy=admin-menu]').within(function () {\n    cy.get('[data-cy=admin-reports-link]').click();\n});\ncy.url().should('include', '/admin/rapports');\ncy.waitForElement('[data-cy=reports-dashboard]');\n// Génération rapport d'activité\ncy.log('📈 Génération rapport d\\'activité');\ncy.get('[data-cy=activity-report-section]').within(function () {\n    cy.safeType('[data-cy=report-start-date]', '2025-05-01');\n    cy.safeType('[data-cy=report-end-date]', '2025-05-31');\n    cy.safeClick('[data-cy=generate-activity-report]');\n});\ncy.waitForElement('[data-cy=report-generated]');\ncy.get('[data-cy=report-generated]').should('be.visible');\n// Vérification du contenu du rapport\ncy.get('[data-cy=report-stats]').within(function () {\n    cy.get('[data-cy=total-users]').should('exist');\n    cy.get('[data-cy=total-leaves]').should('exist');\n    cy.get('[data-cy=total-assignments]').should('exist');\n});\n// Export du rapport\ncy.log('📥 Export du rapport');\ncy.get('[data-cy=export-report-section]').within(function () {\n    cy.safeClick('[data-cy=export-format-csv]');\n    cy.safeClick('[data-cy=export-report-button]');\n});\n// Vérifier que le téléchargement démarre\ncy.waitForElement('[data-cy=notification-success]');\ncy.get('[data-cy=notification-success]').should('contain', 'Rapport exporté');",
              "err": {
                "message": "CypressError: `cy.request()` failed trying to load:\n\nhttp://localhost:3001/__coverage__\n\nWe attempted to make an http request to this URL but the request failed without a response.\n\nWe received this error at the network level:\n\n  > Error: connect ECONNREFUSED 127.0.0.1:3001\n\n-----------------------------------------------------------\n\nThe request we sent was:\n\nMethod: GET\nURL: http://localhost:3001/__coverage__\n\n-----------------------------------------------------------\n\nCommon situations why this would fail:\n  - you don't have internet access\n  - you forgot to run / boot your web server\n  - your web server isn't accessible\n  - you have weird network configuration settings on your computer\n\nhttps://on.cypress.io/request\n\nBecause this error occurred during a `after all` hook we are skipping all of the remaining tests.\n\nAlthough you have test retries enabled, we do not retry tests when `before all` or `after all` hooks fail",
                "estack": "CypressError: `cy.request()` failed trying to load:\n\nhttp://localhost:3001/__coverage__\n\nWe attempted to make an http request to this URL but the request failed without a response.\n\nWe received this error at the network level:\n\n  > Error: connect ECONNREFUSED 127.0.0.1:3001\n\n-----------------------------------------------------------\n\nThe request we sent was:\n\nMethod: GET\nURL: http://localhost:3001/__coverage__\n\n-----------------------------------------------------------\n\nCommon situations why this would fail:\n  - you don't have internet access\n  - you forgot to run / boot your web server\n  - your web server isn't accessible\n  - you have weird network configuration settings on your computer\n\nhttps://on.cypress.io/request\n\nBecause this error occurred during a `after all` hook we are skipping all of the remaining tests.\n\nAlthough you have test retries enabled, we do not retry tests when `before all` or `after all` hooks fail\n    at <unknown> (http://localhost:3001/__cypress/runner/cypress_runner.js:135025:70)\n    at tryCatcher (http://localhost:3001/__cypress/runner/cypress_runner.js:1777:23)\n    at <unknown> (http://localhost:3001/__cypress/runner/cypress_runner.js:4173:37)\n    at tryCatcher (http://localhost:3001/__cypress/runner/cypress_runner.js:1777:23)\n    at Promise._settlePromiseFromHandler (http://localhost:3001/__cypress/runner/cypress_runner.js:1489:31)\n    at Promise._settlePromise (http://localhost:3001/__cypress/runner/cypress_runner.js:1546:18)\n    at Promise._settlePromise0 (http://localhost:3001/__cypress/runner/cypress_runner.js:1591:10)\n    at Promise._settlePromises (http://localhost:3001/__cypress/runner/cypress_runner.js:1667:18)\n    at _drainQueueStep (http://localhost:3001/__cypress/runner/cypress_runner.js:2377:12)\n    at _drainQueue (http://localhost:3001/__cypress/runner/cypress_runner.js:2370:9)\n    at Async._drainQueues (http://localhost:3001/__cypress/runner/cypress_runner.js:2386:5)\n    at Async.drainQueues (http://localhost:3001/__cypress/runner/cypress_runner.js:2256:14)\nFrom Your Spec Code:\n    at captureCoverage (webpack://mathildanesth/./node_modules/@cypress/code-coverage/support.js:203:0)\n    at Context.collectBackendCoverage (webpack://mathildanesth/./node_modules/@cypress/code-coverage/support.js:238:0)\n\nFrom Node.js Internals:\n  RequestError: Error: connect ECONNREFUSED 127.0.0.1:3001\n      at new r (<embedded>:227:431481)\n      at ee.callback (<embedded>:227:437482)\n      at e.callback.s.callback [as _callback] (<embedded>:227:436928)\n      at s._callback.s.callback.s.callback (<embedded>:290:105750)\n      at ee.emit (node:events:518:28)\n      at ee.onRequestError (<embedded>:290:114692)\n      at ClientRequest.emit (node:events:530:35)\n      at emitErrorEvent (node:_http_client:101:11)\n      at Socket.socketErrorListener (node:_http_client:504:5)\n      at Socket.emit (node:events:518:28)\n      at emitErrorNT (node:internal/streams/destroy:169:8)\n      at emitErrorCloseNT (node:internal/streams/destroy:128:3)\n      at process.processTicksAndRejections (node:internal/process/task_queues:82:21)",
                "diff": null
              },
              "uuid": "e0b70bfb-b1fd-40cb-a94e-e6dc5753c2ec",
              "parentUUID": "2329f055-dc00-41e2-ad6c-50c4eba4f9c7",
              "isHook": false,
              "skipped": false
            }
          ],
          "suites": [],
          "passes": [],
          "failures": [
            "3dd5853f-aa5f-4ffa-97eb-5e5fda81b831",
            "e0b70bfb-b1fd-40cb-a94e-e6dc5753c2ec"
          ],
          "pending": [],
          "skipped": [
            "08e54658-a55a-4e52-b6be-46a35b73f4c9",
            "993ec22a-1451-4754-9a03-d1923cc5b095",
            "920f5183-982a-42f3-b6d2-313c54fba36b"
          ],
          "duration": 105,
          "root": false,
          "rootEmpty": false,
          "_timeout": 2000
        }
      ],
      "passes": [],
      "failures": [],
      "pending": [],
      "skipped": [],
      "duration": 0,
      "root": true,
      "rootEmpty": true,
      "_timeout": 2000
    }
  ],
  "meta": {
    "mocha": {
      "version": "7.2.0"
    },
    "mochawesome": {
      "options": {
        "quiet": false,
        "reportFilename": "mochawesome",
        "saveHtml": false,
        "saveJson": true,
        "consoleReporter": "spec",
        "useInlineDiffs": false,
        "code": true
      },
      "version": "7.1.3"
    },
    "marge": {
      "options": {
        "id": "default",
        "reportDir": "cypress/reports/mocha",
        "quite": true,
        "overwrite": false,
        "html": false,
        "json": true
      },
      "version": "6.2.0"
    }
  }
}