{
  "stats": {
    "suites": 5,
    "tests": 9,
    "passes": 0,
    "pending": 0,
    "failures": 9,
    "start": "2025-05-04T20:25:04.826Z",
    "end": "2025-05-04T20:25:41.879Z",
    "duration": 37053,
    "testsRegistered": 9,
    "passPercent": 0,
    "pendingPercent": 0,
    "other": 0,
    "hasOther": false,
    "skipped": 0,
    "hasSkipped": false
  },
  "results": [
    {
      "uuid": "633d9f9e-e3ee-4943-ae52-52f255b0dbe6",
      "title": "",
      "fullFile": "cypress/e2e/compatibility/responsive-tests.spec.ts",
      "file": "cypress/e2e/compatibility/responsive-tests.spec.ts",
      "beforeHooks": [],
      "afterHooks": [],
      "tests": [],
      "suites": [
        {
          "uuid": "c6d98026-05d3-4541-ac36-fa39acd5749b",
          "title": "Tests de compatibilité responsive",
          "fullFile": "",
          "file": "",
          "beforeHooks": [],
          "afterHooks": [],
          "tests": [],
          "suites": [
            {
              "uuid": "262b4353-bbc9-4dbe-be17-35327c6d7c31",
              "title": "Tests sur mobile",
              "fullFile": "",
              "file": "",
              "beforeHooks": [],
              "afterHooks": [],
              "tests": [
                {
                  "title": "affiche correctement le menu de navigation",
                  "fullTitle": "Tests de compatibilité responsive Tests sur mobile affiche correctement le menu de navigation",
                  "timedOut": null,
                  "duration": 680,
                  "state": "failed",
                  "speed": null,
                  "pass": false,
                  "fail": true,
                  "pending": false,
                  "context": null,
                  "code": "cy.visitAsAuthenticatedUser('/dashboard');\n// Vérifier que le menu hamburger est présent sur mobile\ncy.get('[data-cy=mobile-menu-button]').should('be.visible');\n// Cliquer sur le menu hamburger\ncy.get('[data-cy=mobile-menu-button]').click();\n// Vérifier que le menu s'ouvre\ncy.get('[data-cy=navigation-menu]').should('be.visible');",
                  "err": {
                    "message": "CypressError: `cy.visit()` failed trying to load:\n\nhttp://localhost:3000/dashboard\n\nThe response we received from your web server was:\n\n  > 404: Not Found\n\nThis was considered a failure because the status code was not `2xx`.\n\nIf you do not want status codes to cause failures pass the option: `failOnStatusCode: false`",
                    "estack": "CypressError: `cy.visit()` failed trying to load:\n\nhttp://localhost:3000/dashboard\n\nThe response we received from your web server was:\n\n  > 404: Not Found\n\nThis was considered a failure because the status code was not `2xx`.\n\nIf you do not want status codes to cause failures pass the option: `failOnStatusCode: false`\n    at <unknown> (http://localhost:3000/__cypress/runner/cypress_runner.js:133692:76)\n    at visitFailedByErr (http://localhost:3000/__cypress/runner/cypress_runner.js:133098:12)\n    at <unknown> (http://localhost:3000/__cypress/runner/cypress_runner.js:133675:13)\n    at tryCatcher (http://localhost:3000/__cypress/runner/cypress_runner.js:1777:23)\n    at Promise._settlePromiseFromHandler (http://localhost:3000/__cypress/runner/cypress_runner.js:1489:31)\n    at Promise._settlePromise (http://localhost:3000/__cypress/runner/cypress_runner.js:1546:18)\n    at Promise._settlePromise0 (http://localhost:3000/__cypress/runner/cypress_runner.js:1591:10)\n    at Promise._settlePromises (http://localhost:3000/__cypress/runner/cypress_runner.js:1667:18)\n    at _drainQueueStep (http://localhost:3000/__cypress/runner/cypress_runner.js:2377:12)\n    at _drainQueue (http://localhost:3000/__cypress/runner/cypress_runner.js:2370:9)\n    at Async._drainQueues (http://localhost:3000/__cypress/runner/cypress_runner.js:2386:5)\n    at Async.drainQueues (http://localhost:3000/__cypress/runner/cypress_runner.js:2256:14)\nFrom Your Spec Code:\n    at Context.eval (webpack://mathildanesth/./cypress/support/commands.ts:124:7)\n    at wrapped (http://localhost:3000/__cypress/runner/cypress_runner.js:140147:43)",
                    "diff": null
                  },
                  "uuid": "7b35a27e-bc91-4735-b3bf-24004169a5dc",
                  "parentUUID": "262b4353-bbc9-4dbe-be17-35327c6d7c31",
                  "isHook": false,
                  "skipped": false
                },
                {
                  "title": "affiche correctement la liste des congés",
                  "fullTitle": "Tests de compatibilité responsive Tests sur mobile affiche correctement la liste des congés",
                  "timedOut": null,
                  "duration": 7201,
                  "state": "failed",
                  "speed": null,
                  "pass": false,
                  "fail": true,
                  "pending": false,
                  "context": null,
                  "code": "cy.visitAsAuthenticatedUser('/leaves');\n// Vérifier que les cartes de congés s'affichent en une colonne\ncy.get('[data-cy=leave-item]').should('have.css', 'width', '100%');",
                  "err": {
                    "message": "AssertionError: Timed out retrying after 4000ms: Expected to find element: `[data-cy=leave-item]`, but never found it.",
                    "estack": "AssertionError: Timed out retrying after 4000ms: Expected to find element: `[data-cy=leave-item]`, but never found it.\n    at Context.eval (webpack://mathildanesth/./cypress/e2e/compatibility/responsive-tests.spec.ts:44:43)",
                    "diff": null
                  },
                  "uuid": "b093bbbb-d08d-4983-84e4-c28bb604f73b",
                  "parentUUID": "262b4353-bbc9-4dbe-be17-35327c6d7c31",
                  "isHook": false,
                  "skipped": false
                },
                {
                  "title": "adapte correctement le calendrier",
                  "fullTitle": "Tests de compatibilité responsive Tests sur mobile adapte correctement le calendrier",
                  "timedOut": null,
                  "duration": 6463,
                  "state": "failed",
                  "speed": null,
                  "pass": false,
                  "fail": true,
                  "pending": false,
                  "context": null,
                  "code": "cy.visitAsAuthenticatedUser('/calendar');\n// Vérifier que la vue par défaut est différente sur mobile\ncy.get('[data-cy=calendar-day-view]').should('be.visible');\n// Vérifier que les contrôles du calendrier sont adaptés\ncy.get('[data-cy=calendar-controls]').should('have.css', 'flex-direction', 'column');",
                  "err": {
                    "message": "AssertionError: Timed out retrying after 4000ms: Expected to find element: `[data-cy=calendar-day-view]`, but never found it.",
                    "estack": "AssertionError: Timed out retrying after 4000ms: Expected to find element: `[data-cy=calendar-day-view]`, but never found it.\n    at Context.eval (webpack://mathildanesth/./cypress/e2e/compatibility/responsive-tests.spec.ts:51:50)",
                    "diff": null
                  },
                  "uuid": "cf19ff4c-79cb-4c0d-9be0-025e95c7b9dd",
                  "parentUUID": "262b4353-bbc9-4dbe-be17-35327c6d7c31",
                  "isHook": false,
                  "skipped": false
                }
              ],
              "suites": [],
              "passes": [],
              "failures": [
                "7b35a27e-bc91-4735-b3bf-24004169a5dc",
                "b093bbbb-d08d-4983-84e4-c28bb604f73b",
                "cf19ff4c-79cb-4c0d-9be0-025e95c7b9dd"
              ],
              "pending": [],
              "skipped": [],
              "duration": 14344,
              "root": false,
              "rootEmpty": false,
              "_timeout": 2000
            },
            {
              "uuid": "b7b251f0-a02f-4145-beb2-1867ba9b0482",
              "title": "Tests sur tablette",
              "fullFile": "",
              "file": "",
              "beforeHooks": [],
              "afterHooks": [],
              "tests": [
                {
                  "title": "affiche correctement le menu de navigation",
                  "fullTitle": "Tests de compatibilité responsive Tests sur tablette affiche correctement le menu de navigation",
                  "timedOut": null,
                  "duration": 1012,
                  "state": "failed",
                  "speed": null,
                  "pass": false,
                  "fail": true,
                  "pending": false,
                  "context": null,
                  "code": "cy.visitAsAuthenticatedUser('/dashboard');\n// Vérifier l'affichage correct du menu sur tablette\ncy.get('[data-cy=navigation-menu]').should('be.visible');",
                  "err": {
                    "message": "CypressError: `cy.visit()` failed trying to load:\n\nhttp://localhost:3000/dashboard\n\nThe response we received from your web server was:\n\n  > 404: Not Found\n\nThis was considered a failure because the status code was not `2xx`.\n\nIf you do not want status codes to cause failures pass the option: `failOnStatusCode: false`",
                    "estack": "CypressError: `cy.visit()` failed trying to load:\n\nhttp://localhost:3000/dashboard\n\nThe response we received from your web server was:\n\n  > 404: Not Found\n\nThis was considered a failure because the status code was not `2xx`.\n\nIf you do not want status codes to cause failures pass the option: `failOnStatusCode: false`\n    at <unknown> (http://localhost:3000/__cypress/runner/cypress_runner.js:133692:76)\n    at visitFailedByErr (http://localhost:3000/__cypress/runner/cypress_runner.js:133098:12)\n    at <unknown> (http://localhost:3000/__cypress/runner/cypress_runner.js:133675:13)\n    at tryCatcher (http://localhost:3000/__cypress/runner/cypress_runner.js:1777:23)\n    at Promise._settlePromiseFromHandler (http://localhost:3000/__cypress/runner/cypress_runner.js:1489:31)\n    at Promise._settlePromise (http://localhost:3000/__cypress/runner/cypress_runner.js:1546:18)\n    at Promise._settlePromise0 (http://localhost:3000/__cypress/runner/cypress_runner.js:1591:10)\n    at Promise._settlePromises (http://localhost:3000/__cypress/runner/cypress_runner.js:1667:18)\n    at _drainQueueStep (http://localhost:3000/__cypress/runner/cypress_runner.js:2377:12)\n    at _drainQueue (http://localhost:3000/__cypress/runner/cypress_runner.js:2370:9)\n    at Async._drainQueues (http://localhost:3000/__cypress/runner/cypress_runner.js:2386:5)\n    at Async.drainQueues (http://localhost:3000/__cypress/runner/cypress_runner.js:2256:14)\nFrom Your Spec Code:\n    at Context.eval (webpack://mathildanesth/./cypress/support/commands.ts:124:7)\n    at wrapped (http://localhost:3000/__cypress/runner/cypress_runner.js:140147:43)",
                    "diff": null
                  },
                  "uuid": "40f8c5b0-63a0-4e65-ab29-3287388cc99c",
                  "parentUUID": "b7b251f0-a02f-4145-beb2-1867ba9b0482",
                  "isHook": false,
                  "skipped": false
                },
                {
                  "title": "affiche correctement la liste des congés",
                  "fullTitle": "Tests de compatibilité responsive Tests sur tablette affiche correctement la liste des congés",
                  "timedOut": null,
                  "duration": 6294,
                  "state": "failed",
                  "speed": null,
                  "pass": false,
                  "fail": true,
                  "pending": false,
                  "context": null,
                  "code": "cy.visitAsAuthenticatedUser('/leaves');\n// Vérifier que les cartes de congés s'affichent en grille\ncy.get('[data-cy=leave-grid]').should('have.css', 'grid-template-columns');",
                  "err": {
                    "message": "AssertionError: Timed out retrying after 4000ms: Expected to find element: `[data-cy=leave-grid]`, but never found it.",
                    "estack": "AssertionError: Timed out retrying after 4000ms: Expected to find element: `[data-cy=leave-grid]`, but never found it.\n    at Context.eval (webpack://mathildanesth/./cypress/e2e/compatibility/responsive-tests.spec.ts:74:43)",
                    "diff": null
                  },
                  "uuid": "21a4df9f-8e07-47cf-8b7d-df657cafcc76",
                  "parentUUID": "b7b251f0-a02f-4145-beb2-1867ba9b0482",
                  "isHook": false,
                  "skipped": false
                }
              ],
              "suites": [],
              "passes": [],
              "failures": [
                "40f8c5b0-63a0-4e65-ab29-3287388cc99c",
                "21a4df9f-8e07-47cf-8b7d-df657cafcc76"
              ],
              "pending": [],
              "skipped": [],
              "duration": 7306,
              "root": false,
              "rootEmpty": false,
              "_timeout": 2000
            },
            {
              "uuid": "f5190fd2-67d0-4c5c-9e8d-8bc201caf98d",
              "title": "Tests sur desktop",
              "fullFile": "",
              "file": "",
              "beforeHooks": [],
              "afterHooks": [],
              "tests": [
                {
                  "title": "affiche correctement le menu de navigation",
                  "fullTitle": "Tests de compatibilité responsive Tests sur desktop affiche correctement le menu de navigation",
                  "timedOut": null,
                  "duration": 651,
                  "state": "failed",
                  "speed": null,
                  "pass": false,
                  "fail": true,
                  "pending": false,
                  "context": null,
                  "code": "cy.visitAsAuthenticatedUser('/dashboard');\n// Vérifier l'affichage du menu latéral sur desktop\ncy.get('[data-cy=sidebar-navigation]').should('be.visible');",
                  "err": {
                    "message": "CypressError: `cy.visit()` failed trying to load:\n\nhttp://localhost:3000/dashboard\n\nThe response we received from your web server was:\n\n  > 404: Not Found\n\nThis was considered a failure because the status code was not `2xx`.\n\nIf you do not want status codes to cause failures pass the option: `failOnStatusCode: false`",
                    "estack": "CypressError: `cy.visit()` failed trying to load:\n\nhttp://localhost:3000/dashboard\n\nThe response we received from your web server was:\n\n  > 404: Not Found\n\nThis was considered a failure because the status code was not `2xx`.\n\nIf you do not want status codes to cause failures pass the option: `failOnStatusCode: false`\n    at <unknown> (http://localhost:3000/__cypress/runner/cypress_runner.js:133692:76)\n    at visitFailedByErr (http://localhost:3000/__cypress/runner/cypress_runner.js:133098:12)\n    at <unknown> (http://localhost:3000/__cypress/runner/cypress_runner.js:133675:13)\n    at tryCatcher (http://localhost:3000/__cypress/runner/cypress_runner.js:1777:23)\n    at Promise._settlePromiseFromHandler (http://localhost:3000/__cypress/runner/cypress_runner.js:1489:31)\n    at Promise._settlePromise (http://localhost:3000/__cypress/runner/cypress_runner.js:1546:18)\n    at Promise._settlePromise0 (http://localhost:3000/__cypress/runner/cypress_runner.js:1591:10)\n    at Promise._settlePromises (http://localhost:3000/__cypress/runner/cypress_runner.js:1667:18)\n    at _drainQueueStep (http://localhost:3000/__cypress/runner/cypress_runner.js:2377:12)\n    at _drainQueue (http://localhost:3000/__cypress/runner/cypress_runner.js:2370:9)\n    at Async._drainQueues (http://localhost:3000/__cypress/runner/cypress_runner.js:2386:5)\n    at Async.drainQueues (http://localhost:3000/__cypress/runner/cypress_runner.js:2256:14)\nFrom Your Spec Code:\n    at Context.eval (webpack://mathildanesth/./cypress/support/commands.ts:124:7)\n    at wrapped (http://localhost:3000/__cypress/runner/cypress_runner.js:140147:43)",
                    "diff": null
                  },
                  "uuid": "b89a1329-2ff5-4a10-814c-700e75413a6b",
                  "parentUUID": "f5190fd2-67d0-4c5c-9e8d-8bc201caf98d",
                  "isHook": false,
                  "skipped": false
                },
                {
                  "title": "affiche correctement le planning hebdomadaire",
                  "fullTitle": "Tests de compatibilité responsive Tests sur desktop affiche correctement le planning hebdomadaire",
                  "timedOut": null,
                  "duration": 7285,
                  "state": "failed",
                  "speed": null,
                  "pass": false,
                  "fail": true,
                  "pending": false,
                  "context": null,
                  "code": "cy.visitAsAuthenticatedUser('/planning/hebdomadaire');\n// Vérifier que toutes les colonnes sont visibles\ncy.get('[data-cy=planning-day-column]').should('have.length.at.least', 5);",
                  "err": {
                    "message": "AssertionError: Timed out retrying after 4000ms: Expected to find element: `[data-cy=planning-day-column]`, but never found it.",
                    "estack": "AssertionError: Timed out retrying after 4000ms: Expected to find element: `[data-cy=planning-day-column]`, but never found it.\n    at Context.eval (webpack://mathildanesth/./cypress/e2e/compatibility/responsive-tests.spec.ts:94:52)",
                    "diff": null
                  },
                  "uuid": "305419b5-0acc-4875-80bc-794a02d1341c",
                  "parentUUID": "f5190fd2-67d0-4c5c-9e8d-8bc201caf98d",
                  "isHook": false,
                  "skipped": false
                }
              ],
              "suites": [],
              "passes": [],
              "failures": [
                "b89a1329-2ff5-4a10-814c-700e75413a6b",
                "305419b5-0acc-4875-80bc-794a02d1341c"
              ],
              "pending": [],
              "skipped": [],
              "duration": 7936,
              "root": false,
              "rootEmpty": false,
              "_timeout": 2000
            },
            {
              "uuid": "0439901f-901f-4c86-84be-b98ed9368d33",
              "title": "Tests sur grand écran",
              "fullFile": "",
              "file": "",
              "beforeHooks": [],
              "afterHooks": [],
              "tests": [
                {
                  "title": "optimise l'affichage du planning",
                  "fullTitle": "Tests de compatibilité responsive Tests sur grand écran optimise l'affichage du planning",
                  "timedOut": null,
                  "duration": 6050,
                  "state": "failed",
                  "speed": null,
                  "pass": false,
                  "fail": true,
                  "pending": false,
                  "context": null,
                  "code": "cy.visitAsAuthenticatedUser('/planning/hebdomadaire');\n// Vérifier que l'interface exploite l'espace disponible\ncy.get('[data-cy=planning-container]').invoke('width').should('be.gt', 1800);",
                  "err": {
                    "message": "AssertionError: Timed out retrying after 4000ms: Expected to find element: `[data-cy=planning-container]`, but never found it.",
                    "estack": "AssertionError: Timed out retrying after 4000ms: Expected to find element: `[data-cy=planning-container]`, but never found it.\n    at Context.eval (webpack://mathildanesth/./cypress/e2e/compatibility/responsive-tests.spec.ts:107:15)",
                    "diff": null
                  },
                  "uuid": "72761f64-8b4b-4cf1-8b90-e1dd573dad50",
                  "parentUUID": "0439901f-901f-4c86-84be-b98ed9368d33",
                  "isHook": false,
                  "skipped": false
                },
                {
                  "title": "affiche correctement le tableau de bord",
                  "fullTitle": "Tests de compatibilité responsive Tests sur grand écran affiche correctement le tableau de bord",
                  "timedOut": null,
                  "duration": 829,
                  "state": "failed",
                  "speed": null,
                  "pass": false,
                  "fail": true,
                  "pending": false,
                  "context": null,
                  "code": "cy.visitAsAuthenticatedUser('/dashboard');\n// Vérifier que les widgets s'adaptent à l'espace disponible\ncy.get('[data-cy=dashboard-widgets]').invoke('width').should('be.gt', 1800);",
                  "err": {
                    "message": "CypressError: `cy.visit()` failed trying to load:\n\nhttp://localhost:3000/dashboard\n\nThe response we received from your web server was:\n\n  > 404: Not Found\n\nThis was considered a failure because the status code was not `2xx`.\n\nIf you do not want status codes to cause failures pass the option: `failOnStatusCode: false`",
                    "estack": "CypressError: `cy.visit()` failed trying to load:\n\nhttp://localhost:3000/dashboard\n\nThe response we received from your web server was:\n\n  > 404: Not Found\n\nThis was considered a failure because the status code was not `2xx`.\n\nIf you do not want status codes to cause failures pass the option: `failOnStatusCode: false`\n    at <unknown> (http://localhost:3000/__cypress/runner/cypress_runner.js:133692:76)\n    at visitFailedByErr (http://localhost:3000/__cypress/runner/cypress_runner.js:133098:12)\n    at <unknown> (http://localhost:3000/__cypress/runner/cypress_runner.js:133675:13)\n    at tryCatcher (http://localhost:3000/__cypress/runner/cypress_runner.js:1777:23)\n    at Promise._settlePromiseFromHandler (http://localhost:3000/__cypress/runner/cypress_runner.js:1489:31)\n    at Promise._settlePromise (http://localhost:3000/__cypress/runner/cypress_runner.js:1546:18)\n    at Promise._settlePromise0 (http://localhost:3000/__cypress/runner/cypress_runner.js:1591:10)\n    at Promise._settlePromises (http://localhost:3000/__cypress/runner/cypress_runner.js:1667:18)\n    at _drainQueueStep (http://localhost:3000/__cypress/runner/cypress_runner.js:2377:12)\n    at _drainQueue (http://localhost:3000/__cypress/runner/cypress_runner.js:2370:9)\n    at Async._drainQueues (http://localhost:3000/__cypress/runner/cypress_runner.js:2386:5)\n    at Async.drainQueues (http://localhost:3000/__cypress/runner/cypress_runner.js:2256:14)\nFrom Your Spec Code:\n    at Context.eval (webpack://mathildanesth/./cypress/support/commands.ts:124:7)\n    at wrapped (http://localhost:3000/__cypress/runner/cypress_runner.js:140147:43)",
                    "diff": null
                  },
                  "uuid": "a86befd9-a959-45b8-9db5-31aaab73f294",
                  "parentUUID": "0439901f-901f-4c86-84be-b98ed9368d33",
                  "isHook": false,
                  "skipped": false
                }
              ],
              "suites": [],
              "passes": [],
              "failures": [
                "72761f64-8b4b-4cf1-8b90-e1dd573dad50",
                "a86befd9-a959-45b8-9db5-31aaab73f294"
              ],
              "pending": [],
              "skipped": [],
              "duration": 6879,
              "root": false,
              "rootEmpty": false,
              "_timeout": 2000
            }
          ],
          "passes": [],
          "failures": [],
          "pending": [],
          "skipped": [],
          "duration": 0,
          "root": false,
          "rootEmpty": false,
          "_timeout": 2000
        }
      ],
      "passes": [],
      "failures": [],
      "pending": [],
      "skipped": [],
      "duration": 0,
      "root": true,
      "rootEmpty": true,
      "_timeout": 2000
    }
  ],
  "meta": {
    "mocha": {
      "version": "7.2.0"
    },
    "mochawesome": {
      "options": {
        "quiet": false,
        "reportFilename": "mochawesome",
        "saveHtml": false,
        "saveJson": true,
        "consoleReporter": "spec",
        "useInlineDiffs": false,
        "code": true
      },
      "version": "7.1.3"
    },
    "marge": {
      "options": {
        "id": "default",
        "reportDir": "cypress/reports/mocha",
        "quite": true,
        "overwrite": false,
        "html": false,
        "json": true
      },
      "version": "6.2.0"
    }
  }
}