{
  "stats": {
    "suites": 1,
    "tests": 1,
    "passes": 0,
    "pending": 0,
    "failures": 1,
    "start": "2025-05-04T15:25:46.349Z",
    "end": "2025-05-04T15:25:46.732Z",
    "duration": 383,
    "testsRegistered": 6,
    "passPercent": 0,
    "pendingPercent": 0,
    "other": 0,
    "hasOther": false,
    "skipped": 5,
    "hasSkipped": true
  },
  "results": [
    {
      "uuid": "9a8e85e9-8bc8-4d2c-bc94-73ba23ac8d18",
      "title": "",
      "fullFile": "cypress/e2e/auth/authentication.spec.ts",
      "file": "cypress/e2e/auth/authentication.spec.ts",
      "beforeHooks": [],
      "afterHooks": [],
      "tests": [],
      "suites": [
        {
          "uuid": "d184671c-f354-4a37-8903-07d51ad01df4",
          "title": "Authentification et gestion des sessions",
          "fullFile": "",
          "file": "",
          "beforeHooks": [],
          "afterHooks": [],
          "tests": [
            {
              "title": "permet la connexion avec des identifiants valides",
              "fullTitle": "Authentification et gestion des sessions permet la connexion avec des identifiants valides",
              "timedOut": null,
              "duration": 163,
              "state": "failed",
              "speed": null,
              "pass": false,
              "fail": true,
              "pending": false,
              "context": null,
              "code": "cy.visit('/auth/login');\ncy.get('[data-cy=email-input]').type(testUser.email);\ncy.get('[data-cy=password-input]').type(testUser.password);\ncy.get('[data-cy=login-button]').click();\n// Vérifier la redirection après connexion\ncy.url().should(function (url) {\n    expect(url).to.satisfy(function (url) {\n        return url.includes('/dashboard') || url.includes('/planning');\n    });\n});\n// Vérifier que le nom de l'utilisateur est affiché\ncy.get('[data-cy=user-name]').should('contain', testUser.name);",
              "err": {
                "message": "CypressError: `cy.task('resetTestDatabase')` failed with the following error:\n\n> Cypress is not defined\n\nhttps://on.cypress.io/api/task\n\nBecause this error occurred during a `before each` hook we are skipping all of the remaining tests.",
                "estack": "CypressError: `cy.task('resetTestDatabase')` failed with the following error:\n\n> Cypress is not defined\n\nhttps://on.cypress.io/api/task\n\nBecause this error occurred during a `before each` hook we are skipping all of the remaining tests.\n    at <unknown> (http://localhost:3000/__cypress/runner/cypress_runner.js:137227:70)\n    at tryCatcher (http://localhost:3000/__cypress/runner/cypress_runner.js:1777:23)\n    at Promise._settlePromiseFromHandler (http://localhost:3000/__cypress/runner/cypress_runner.js:1489:31)\n    at Promise._settlePromise (http://localhost:3000/__cypress/runner/cypress_runner.js:1546:18)\n    at Promise._settlePromise0 (http://localhost:3000/__cypress/runner/cypress_runner.js:1591:10)\n    at Promise._settlePromises (http://localhost:3000/__cypress/runner/cypress_runner.js:1667:18)\n    at _drainQueueStep (http://localhost:3000/__cypress/runner/cypress_runner.js:2377:12)\n    at _drainQueue (http://localhost:3000/__cypress/runner/cypress_runner.js:2370:9)\n    at Async._drainQueues (http://localhost:3000/__cypress/runner/cypress_runner.js:2386:5)\n    at Async.drainQueues (http://localhost:3000/__cypress/runner/cypress_runner.js:2256:14)\nFrom Your Spec Code:\n    at Context.eval (webpack://mathildanesth/./cypress/support/e2e.ts:34:7)\n\nFrom Node.js Internals:\n  ReferenceError: Cypress is not defined\n      at resetTestDatabase (file:///Users/vincentperreard/Mathildanesth/cypress.config.ts:42:35)\n      at invoke (/Users/vincentperreard/Library/Caches/Cypress/14.3.2/Cypress.app/Contents/Resources/app/packages/server/lib/plugins/child/run_plugins.js:252:16)\n      at <unknown> (/Users/vincentperreard/Library/Caches/Cypress/14.3.2/Cypress.app/Contents/Resources/app/packages/server/lib/plugins/util.js:59:14)\n      at tryCatcher (/Users/vincentperreard/Library/Caches/Cypress/14.3.2/Cypress.app/Contents/Resources/app/node_modules/bluebird/js/release/util.js:16:23)\n      at Promise.attempt.Promise.try (/Users/vincentperreard/Library/Caches/Cypress/14.3.2/Cypress.app/Contents/Resources/app/node_modules/bluebird/js/release/method.js:39:29)\n      at Object.wrapChildPromise (/Users/vincentperreard/Library/Caches/Cypress/14.3.2/Cypress.app/Contents/Resources/app/packages/server/lib/plugins/util.js:58:23)\n      at RunPlugins.taskExecute (/Users/vincentperreard/Library/Caches/Cypress/14.3.2/Cypress.app/Contents/Resources/app/packages/server/lib/plugins/child/run_plugins.js:258:10)\n      at RunPlugins.execute (/Users/vincentperreard/Library/Caches/Cypress/14.3.2/Cypress.app/Contents/Resources/app/packages/server/lib/plugins/child/run_plugins.js:170:21)\n      at EventEmitter.<anonymous> (/Users/vincentperreard/Library/Caches/Cypress/14.3.2/Cypress.app/Contents/Resources/app/packages/server/lib/plugins/child/run_plugins.js:56:12)\n      at EventEmitter.emit (node:events:518:28)\n      at process.<anonymous> (/Users/vincentperreard/Library/Caches/Cypress/14.3.2/Cypress.app/Contents/Resources/app/packages/server/lib/plugins/util.js:33:22)\n      at process.emit (node:events:518:28)\n      at emit (node:internal/child_process:950:14)\n      at process.processTicksAndRejections (node:internal/process/task_queues:91:21)",
                "diff": null
              },
              "uuid": "17a12805-6390-42e8-ad5b-03fa5fb05da3",
              "parentUUID": "d184671c-f354-4a37-8903-07d51ad01df4",
              "isHook": false,
              "skipped": false
            },
            {
              "title": "affiche un message d'erreur pour des identifiants invalides",
              "fullTitle": "Authentification et gestion des sessions affiche un message d'erreur pour des identifiants invalides",
              "timedOut": null,
              "duration": 0,
              "state": "skipped",
              "speed": null,
              "pass": false,
              "fail": false,
              "pending": false,
              "context": null,
              "code": "cy.visit('/auth/login');\ncy.get('[data-cy=email-input]').type('utilisateur.invalide@example.com');\ncy.get('[data-cy=password-input]').type('mot_de_passe_incorrect');\ncy.get('[data-cy=login-button]').click();\n// Vérifier le message d'erreur\ncy.get('[data-cy=notification-error]')\n    .should('be.visible')\n    .and('contain', 'Identifiants invalides');",
              "err": {},
              "uuid": "8932cea5-c617-4d28-bf31-03c4ce794d8a",
              "parentUUID": "d184671c-f354-4a37-8903-07d51ad01df4",
              "isHook": false,
              "skipped": true
            },
            {
              "title": "maintient la session utilisateur après rafraîchissement de la page",
              "fullTitle": "Authentification et gestion des sessions maintient la session utilisateur après rafraîchissement de la page",
              "timedOut": null,
              "duration": 0,
              "state": "skipped",
              "speed": null,
              "pass": false,
              "fail": false,
              "pending": false,
              "context": null,
              "code": "// Se connecter via l'API (plus rapide que via l'UI)\ncy.loginByApi(testUser.email, testUser.password);\n// Visiter la page d'accueil\ncy.visitAsAuthenticatedUser('/dashboard');\n// Vérifier que l'utilisateur est connecté\ncy.get('[data-cy=user-name]').should('contain', testUser.name);\n// Rafraîchir la page\ncy.reload();\n// Vérifier que l'utilisateur est toujours connecté\ncy.get('[data-cy=user-name]').should('contain', testUser.name);",
              "err": {},
              "uuid": "73357c23-fd1a-4a01-a774-65377e19afcf",
              "parentUUID": "d184671c-f354-4a37-8903-07d51ad01df4",
              "isHook": false,
              "skipped": true
            },
            {
              "title": "permet la déconnexion",
              "fullTitle": "Authentification et gestion des sessions permet la déconnexion",
              "timedOut": null,
              "duration": 0,
              "state": "skipped",
              "speed": null,
              "pass": false,
              "fail": false,
              "pending": false,
              "context": null,
              "code": "// Se connecter via l'API\ncy.loginByApi(testUser.email, testUser.password);\ncy.visitAsAuthenticatedUser('/dashboard');\n// Ouvrir le menu utilisateur et cliquer sur déconnexion\ncy.get('[data-cy=user-menu]').click();\ncy.get('[data-cy=logout-option]').click();\n// Vérifier la redirection vers la page de connexion\ncy.url().should('include', '/auth/login');\n// Essayer d'accéder à une page protégée\ncy.visit('/dashboard');\n// Vérifier qu'on est redirigé vers la page de connexion\ncy.url().should('include', '/auth/login');",
              "err": {},
              "uuid": "00555a78-8bc7-4374-9313-f9e5e8481f2b",
              "parentUUID": "d184671c-f354-4a37-8903-07d51ad01df4",
              "isHook": false,
              "skipped": true
            },
            {
              "title": "redirige vers la page demandée après connexion",
              "fullTitle": "Authentification et gestion des sessions redirige vers la page demandée après connexion",
              "timedOut": null,
              "duration": 0,
              "state": "skipped",
              "speed": null,
              "pass": false,
              "fail": false,
              "pending": false,
              "context": null,
              "code": "// Essayer d'accéder à une page protégée sans être connecté\ncy.visit('/planning');\n// Vérifier qu'on est redirigé vers la page de connexion\ncy.url().should('include', '/auth/login');\n// Se connecter\ncy.get('[data-cy=email-input]').type(testUser.email);\ncy.get('[data-cy=password-input]').type(testUser.password);\ncy.get('[data-cy=login-button]').click();\n// Vérifier qu'on est redirigé vers la page initialement demandée\ncy.url().should('include', '/planning');",
              "err": {},
              "uuid": "373409c6-8392-4ff1-a277-c1d2ee92a467",
              "parentUUID": "d184671c-f354-4a37-8903-07d51ad01df4",
              "isHook": false,
              "skipped": true
            },
            {
              "title": "permet la récupération de mot de passe",
              "fullTitle": "Authentification et gestion des sessions permet la récupération de mot de passe",
              "timedOut": null,
              "duration": 0,
              "state": "skipped",
              "speed": null,
              "pass": false,
              "fail": false,
              "pending": false,
              "context": null,
              "code": "cy.visit('/auth/login');\n// Cliquer sur le lien \"Mot de passe oublié\"\ncy.get('[data-cy=forgot-password-link]').click();\n// Vérifier qu'on est sur la page de récupération de mot de passe\ncy.url().should('include', '/auth/reset-password');\n// Saisir l'email et soumettre\ncy.get('[data-cy=email-input]').type(testUser.email);\ncy.get('[data-cy=submit-button]').click();\n// Vérifier le message de confirmation\ncy.get('[data-cy=notification-success]')\n    .should('be.visible')\n    .and('contain', 'Instructions envoyées');",
              "err": {},
              "uuid": "09added0-b091-4be7-ac90-f0a9a31ad569",
              "parentUUID": "d184671c-f354-4a37-8903-07d51ad01df4",
              "isHook": false,
              "skipped": true
            }
          ],
          "suites": [],
          "passes": [],
          "failures": [
            "17a12805-6390-42e8-ad5b-03fa5fb05da3"
          ],
          "pending": [],
          "skipped": [
            "8932cea5-c617-4d28-bf31-03c4ce794d8a",
            "73357c23-fd1a-4a01-a774-65377e19afcf",
            "00555a78-8bc7-4374-9313-f9e5e8481f2b",
            "373409c6-8392-4ff1-a277-c1d2ee92a467",
            "09added0-b091-4be7-ac90-f0a9a31ad569"
          ],
          "duration": 163,
          "root": false,
          "rootEmpty": false,
          "_timeout": 2000
        }
      ],
      "passes": [],
      "failures": [],
      "pending": [],
      "skipped": [],
      "duration": 0,
      "root": true,
      "rootEmpty": true,
      "_timeout": 2000
    }
  ],
  "meta": {
    "mocha": {
      "version": "7.2.0"
    },
    "mochawesome": {
      "options": {
        "quiet": false,
        "reportFilename": "mochawesome",
        "saveHtml": false,
        "saveJson": true,
        "consoleReporter": "spec",
        "useInlineDiffs": false,
        "code": true
      },
      "version": "7.1.3"
    },
    "marge": {
      "options": {
        "id": "default",
        "reportDir": "cypress/reports/mocha",
        "quite": true,
        "overwrite": false,
        "html": false,
        "json": true
      },
      "version": "6.2.0"
    }
  }
}