{
  "stats": {
    "suites": 2,
    "tests": 1,
    "passes": 0,
    "pending": 0,
    "failures": 1,
    "start": "2025-06-01T07:19:48.532Z",
    "end": "2025-06-01T07:20:40.704Z",
    "duration": 52172,
    "testsRegistered": 18,
    "passPercent": 0,
    "pendingPercent": 0,
    "other": 0,
    "hasOther": false,
    "skipped": 17,
    "hasSkipped": true
  },
  "results": [
    {
      "uuid": "706abce7-76f2-4f6d-a212-ad4704b2bbdc",
      "title": "",
      "fullFile": "cypress/e2e/performance/critical-performance.spec.ts",
      "file": "cypress/e2e/performance/critical-performance.spec.ts",
      "beforeHooks": [],
      "afterHooks": [],
      "tests": [],
      "suites": [
        {
          "uuid": "e7c8dfd5-3449-488e-9ba6-974957cc3362",
          "title": "Tests de Performance Critiques",
          "fullFile": "",
          "file": "",
          "beforeHooks": [],
          "afterHooks": [],
          "tests": [],
          "suites": [
            {
              "uuid": "16c7e5b8-49a5-4ada-a11c-a7e14c8db8cf",
              "title": "Performance des pages principales",
              "fullFile": "",
              "file": "",
              "beforeHooks": [],
              "afterHooks": [],
              "tests": [
                {
                  "title": "devrait charger le dashboard admin en moins de 2 secondes",
                  "fullTitle": "Tests de Performance Critiques Performance des pages principales devrait charger le dashboard admin en moins de 2 secondes",
                  "timedOut": null,
                  "duration": 17227,
                  "state": "failed",
                  "speed": null,
                  "pass": false,
                  "fail": true,
                  "pending": false,
                  "context": null,
                  "code": "var startTime = Date.now();\ncy.visit('/admin/dashboard');\n// Attendre que tous les widgets soient chargés\ncy.get('[data-testid=\"dashboard-widgets\"]').should('be.visible');\ncy.get('[data-testid=\"loading-indicator\"]').should('not.exist');\ncy.then(function () {\n    var loadTime = Date.now() - startTime;\n    expect(loadTime).to.be.lessThan(2000);\n    cy.log(\"Dashboard charg\\u00E9 en \".concat(loadTime, \"ms\"));\n});",
                  "err": {
                    "message": "CypressError: Timed out retrying after 15050ms: `cy.click()` failed because this element is `disabled`:\n\n`<button type=\"submit\" data-testid=\"login-submit-button\" data-cy=\"submit-button\" disabled=\"\" class=\"w-full rounded-md bg-blue-600 px-4 py-2 text-white hover:bg-blue-700 focus:outline-none focus:ring-2 focus:ring-blue-500 focus:ring-offset-2 disabled:opacity-50 disabled:cursor-not-allowed transition-colors\">Se conn...</button>`\n\nFix this problem, or use `{force: true}` to disable error checking.\n\nhttps://on.cypress.io/element-cannot-be-interacted-with\n\nBecause this error occurred during a `before each` hook we are skipping the remaining tests in the current suite: `Tests de Performance Critiques`",
                    "estack": "CypressError: Timed out retrying after 15050ms: `cy.click()` failed because this element is `disabled`:\n\n`<button type=\"submit\" data-testid=\"login-submit-button\" data-cy=\"submit-button\" disabled=\"\" class=\"w-full rounded-md bg-blue-600 px-4 py-2 text-white hover:bg-blue-700 focus:outline-none focus:ring-2 focus:ring-blue-500 focus:ring-offset-2 disabled:opacity-50 disabled:cursor-not-allowed transition-colors\">Se conn...</button>`\n\nFix this problem, or use `{force: true}` to disable error checking.\n\nhttps://on.cypress.io/element-cannot-be-interacted-with\n\nBecause this error occurred during a `before each` hook we are skipping the remaining tests in the current suite: `Tests de Performance Critiques`\n    at Object.isNotDisabled (http://localhost:3000/__cypress/runner/cypress_runner.js:146985:58)\n    at runAllChecks (http://localhost:3000/__cypress/runner/cypress_runner.js:113392:26)\n    at retryActionability (http://localhost:3000/__cypress/runner/cypress_runner.js:113481:16)\n    at tryCatcher (http://localhost:3000/__cypress/runner/cypress_runner.js:1777:23)\n    at Promise.attempt.Promise.try (http://localhost:3000/__cypress/runner/cypress_runner.js:4285:29)\n    at whenStable (http://localhost:3000/__cypress/runner/cypress_runner.js:145846:68)\n    at <unknown> (http://localhost:3000/__cypress/runner/cypress_runner.js:145787:14)\n    at tryCatcher (http://localhost:3000/__cypress/runner/cypress_runner.js:1777:23)\n    at Promise._settlePromiseFromHandler (http://localhost:3000/__cypress/runner/cypress_runner.js:1489:31)\n    at Promise._settlePromise (http://localhost:3000/__cypress/runner/cypress_runner.js:1546:18)\n    at Promise._settlePromise0 (http://localhost:3000/__cypress/runner/cypress_runner.js:1591:10)\n    at Promise._settlePromises (http://localhost:3000/__cypress/runner/cypress_runner.js:1671:18)\n    at Promise._fulfill (http://localhost:3000/__cypress/runner/cypress_runner.js:1615:18)\n    at <unknown> (http://localhost:3000/__cypress/runner/cypress_runner.js:5420:46)\nFrom Your Spec Code:\n    at Context.eval (webpack://mathildanesth/./cypress/support/commands.ts:142:38)\n    at wrapped (http://localhost:3000/__cypress/runner/cypress_runner.js:140165:43)",
                    "diff": null
                  },
                  "uuid": "af710e96-bc2e-4be0-9601-4dd1ebf8a9e5",
                  "parentUUID": "16c7e5b8-49a5-4ada-a11c-a7e14c8db8cf",
                  "isHook": false,
                  "skipped": false
                },
                {
                  "title": "devrait charger la liste des utilisateurs rapidement même avec beaucoup de données",
                  "fullTitle": "Tests de Performance Critiques Performance des pages principales devrait charger la liste des utilisateurs rapidement même avec beaucoup de données",
                  "timedOut": null,
                  "duration": 0,
                  "state": "skipped",
                  "speed": null,
                  "pass": false,
                  "fail": false,
                  "pending": false,
                  "context": null,
                  "code": "cy.intercept('GET', '/api/utilisateurs*', { fixture: 'large-users-dataset.json' }).as('getUsers');\nvar startTime = Date.now();\ncy.visit('/admin/utilisateurs');\ncy.wait('@getUsers');\ncy.get('[data-testid=\"users-table\"]').should('be.visible');\ncy.then(function () {\n    var loadTime = Date.now() - startTime;\n    expect(loadTime).to.be.lessThan(3000);\n    cy.log(\"1000+ utilisateurs charg\\u00E9s en \".concat(loadTime, \"ms\"));\n});",
                  "err": {},
                  "uuid": "5d2cd58d-6389-46ee-8236-971f74cfb7cc",
                  "parentUUID": "16c7e5b8-49a5-4ada-a11c-a7e14c8db8cf",
                  "isHook": false,
                  "skipped": true
                },
                {
                  "title": "devrait charger le planning mensuel rapidement",
                  "fullTitle": "Tests de Performance Critiques Performance des pages principales devrait charger le planning mensuel rapidement",
                  "timedOut": null,
                  "duration": 0,
                  "state": "skipped",
                  "speed": null,
                  "pass": false,
                  "fail": false,
                  "pending": false,
                  "context": null,
                  "code": "var startTime = Date.now();\ncy.visit('/planning?view=month&date=2024-01-01');\ncy.get('[data-testid=\"planning-calendar\"]').should('be.visible');\ncy.get('[data-testid=\"calendar-events\"]').should('have.length.greaterThan', 0);\ncy.then(function () {\n    var loadTime = Date.now() - startTime;\n    expect(loadTime).to.be.lessThan(2500);\n    cy.log(\"Planning mensuel charg\\u00E9 en \".concat(loadTime, \"ms\"));\n});",
                  "err": {},
                  "uuid": "1b77f957-9e7e-4d18-bc94-fffcbf98ea56",
                  "parentUUID": "16c7e5b8-49a5-4ada-a11c-a7e14c8db8cf",
                  "isHook": false,
                  "skipped": true
                }
              ],
              "suites": [],
              "passes": [],
              "failures": [
                "af710e96-bc2e-4be0-9601-4dd1ebf8a9e5"
              ],
              "pending": [],
              "skipped": [
                "5d2cd58d-6389-46ee-8236-971f74cfb7cc",
                "1b77f957-9e7e-4d18-bc94-fffcbf98ea56"
              ],
              "duration": 17227,
              "root": false,
              "rootEmpty": false,
              "_timeout": 2000
            },
            {
              "uuid": "57905664-1040-4a1b-86a4-d5fb84f2bb92",
              "title": "Performance des API critiques",
              "fullFile": "",
              "file": "",
              "beforeHooks": [],
              "afterHooks": [],
              "tests": [
                {
                  "title": "devrait répondre rapidement aux requêtes de recherche d'utilisateurs",
                  "fullTitle": "Tests de Performance Critiques Performance des API critiques devrait répondre rapidement aux requêtes de recherche d'utilisateurs",
                  "timedOut": null,
                  "duration": 0,
                  "state": "skipped",
                  "speed": null,
                  "pass": false,
                  "fail": false,
                  "pending": false,
                  "context": null,
                  "code": "cy.visit('/admin/utilisateurs');\n// Mesurer le temps de réponse de la recherche\ncy.get('[data-testid=\"search-input\"]').type('dupont');\ncy.intercept('GET', '/api/utilisateurs/search*').as('searchUsers');\ncy.wait('@searchUsers').then(function (interception) {\n    expect(interception.reply.delay || 0).to.be.lessThan(500);\n});\ncy.get('[data-testid=\"search-results\"]').should('be.visible');",
                  "err": {},
                  "uuid": "1de5a730-b3a7-4ed6-b8e5-67241ea5b6ba",
                  "parentUUID": null,
                  "isHook": false,
                  "skipped": true
                },
                {
                  "title": "devrait générer un planning rapidement",
                  "fullTitle": "Tests de Performance Critiques Performance des API critiques devrait générer un planning rapidement",
                  "timedOut": null,
                  "duration": 0,
                  "state": "skipped",
                  "speed": null,
                  "pass": false,
                  "fail": false,
                  "pending": false,
                  "context": null,
                  "code": "cy.visit('/admin/planning/generate');\ncy.get('[data-testid=\"start-date\"]').type('2024-01-01');\ncy.get('[data-testid=\"end-date\"]').type('2024-01-07');\ncy.get('[data-testid=\"site-select\"]').select('Site Principal');\nvar startTime = Date.now();\ncy.get('[data-testid=\"generate-btn\"]').click();\ncy.get('[data-testid=\"generation-complete\"]', { timeout: 10000 }).should('be.visible');\ncy.then(function () {\n    var generationTime = Date.now() - startTime;\n    expect(generationTime).to.be.lessThan(5000);\n    cy.log(\"Planning g\\u00E9n\\u00E9r\\u00E9 en \".concat(generationTime, \"ms\"));\n});",
                  "err": {},
                  "uuid": "8fb7e31f-1030-43a5-b293-a9c21bed0324",
                  "parentUUID": null,
                  "isHook": false,
                  "skipped": true
                },
                {
                  "title": "devrait traiter les demandes de congés en masse rapidement",
                  "fullTitle": "Tests de Performance Critiques Performance des API critiques devrait traiter les demandes de congés en masse rapidement",
                  "timedOut": null,
                  "duration": 0,
                  "state": "skipped",
                  "speed": null,
                  "pass": false,
                  "fail": false,
                  "pending": false,
                  "context": null,
                  "code": "cy.visit('/admin/conges');\n// Sélectionner plusieurs demandes\ncy.get('[data-testid=\"select-all-pending\"]').check();\nvar startTime = Date.now();\ncy.get('[data-testid=\"bulk-approve-btn\"]').click();\ncy.get('[data-testid=\"confirm-bulk-approve\"]').click();\ncy.get('[data-testid=\"bulk-operation-complete\"]', { timeout: 8000 }).should('be.visible');\ncy.then(function () {\n    var processingTime = Date.now() - startTime;\n    expect(processingTime).to.be.lessThan(3000);\n    cy.log(\"Traitement en masse effectu\\u00E9 en \".concat(processingTime, \"ms\"));\n});",
                  "err": {},
                  "uuid": "d394eafb-9c9d-4f7b-a092-f366b03fd380",
                  "parentUUID": null,
                  "isHook": false,
                  "skipped": true
                }
              ],
              "suites": [],
              "passes": [],
              "failures": [],
              "pending": [],
              "skipped": [
                "1de5a730-b3a7-4ed6-b8e5-67241ea5b6ba",
                "8fb7e31f-1030-43a5-b293-a9c21bed0324",
                "d394eafb-9c9d-4f7b-a092-f366b03fd380"
              ],
              "duration": 0,
              "root": false,
              "rootEmpty": false,
              "_timeout": 2000
            },
            {
              "uuid": "14e50db5-c1c9-4a3f-a563-b91805f5c5b9",
              "title": "Performance des opérations drag & drop",
              "fullFile": "",
              "file": "",
              "beforeHooks": [],
              "afterHooks": [],
              "tests": [
                {
                  "title": "devrait déplacer les éléments fluidement dans le planning",
                  "fullTitle": "Tests de Performance Critiques Performance des opérations drag & drop devrait déplacer les éléments fluidement dans le planning",
                  "timedOut": null,
                  "duration": 0,
                  "state": "skipped",
                  "speed": null,
                  "pass": false,
                  "fail": false,
                  "pending": false,
                  "context": null,
                  "code": "cy.visit('/bloc-operatoire');\n// Mesurer la fluidité du drag & drop\ncy.get('[data-testid=\"assignment-card\"]').first().as('sourceCard');\ncy.get('[data-testid=\"drop-zone\"]').first().as('targetZone');\nvar startTime = Date.now();\ncy.get('@sourceCard').trigger('dragstart');\ncy.get('@targetZone').trigger('dragover');\ncy.get('@targetZone').trigger('drop');\ncy.get('[data-testid=\"drop-feedback\"]').should('be.visible');\ncy.then(function () {\n    var dropTime = Date.now() - startTime;\n    expect(dropTime).to.be.lessThan(100); // Très réactif\n    cy.log(\"Drag & drop effectu\\u00E9 en \".concat(dropTime, \"ms\"));\n});",
                  "err": {},
                  "uuid": "11b036da-f147-41c9-a315-98b193824fee",
                  "parentUUID": null,
                  "isHook": false,
                  "skipped": true
                },
                {
                  "title": "devrait gérer le tri de grandes listes sans lag",
                  "fullTitle": "Tests de Performance Critiques Performance des opérations drag & drop devrait gérer le tri de grandes listes sans lag",
                  "timedOut": null,
                  "duration": 0,
                  "state": "skipped",
                  "speed": null,
                  "pass": false,
                  "fail": false,
                  "pending": false,
                  "context": null,
                  "code": "cy.visit('/admin/utilisateurs');\n// Trier une grande liste\nvar startTime = Date.now();\ncy.get('[data-testid=\"sort-by-name\"]').click();\ncy.get('[data-testid=\"sort-complete\"]').should('exist');\ncy.then(function () {\n    var sortTime = Date.now() - startTime;\n    expect(sortTime).to.be.lessThan(1000);\n    cy.log(\"Tri de 1000+ \\u00E9l\\u00E9ments en \".concat(sortTime, \"ms\"));\n});",
                  "err": {},
                  "uuid": "a986a9c8-26d8-4867-870a-02ea8234326a",
                  "parentUUID": null,
                  "isHook": false,
                  "skipped": true
                }
              ],
              "suites": [],
              "passes": [],
              "failures": [],
              "pending": [],
              "skipped": [
                "11b036da-f147-41c9-a315-98b193824fee",
                "a986a9c8-26d8-4867-870a-02ea8234326a"
              ],
              "duration": 0,
              "root": false,
              "rootEmpty": false,
              "_timeout": 2000
            },
            {
              "uuid": "dff7ec5d-a88b-44e9-b474-c5a3af792af6",
              "title": "Performance des filtres et recherches",
              "fullFile": "",
              "file": "",
              "beforeHooks": [],
              "afterHooks": [],
              "tests": [
                {
                  "title": "devrait filtrer les données instantanément",
                  "fullTitle": "Tests de Performance Critiques Performance des filtres et recherches devrait filtrer les données instantanément",
                  "timedOut": null,
                  "duration": 0,
                  "state": "skipped",
                  "speed": null,
                  "pass": false,
                  "fail": false,
                  "pending": false,
                  "context": null,
                  "code": "cy.visit('/admin/conges');\n// Test de filtre en temps réel\ncy.get('[data-testid=\"status-filter\"]').select('PENDING');\n// Le filtre doit être quasi-instantané\ncy.get('[data-testid=\"filtered-results\"]').should('be.visible');\ncy.get('[data-testid=\"filter-delay\"]').should('have.attr', 'data-time').then(function (time) {\n    expect(parseInt(time)).to.be.lessThan(200);\n});",
                  "err": {},
                  "uuid": "f18ccf6d-1459-481b-8aee-16e5e5af4fda",
                  "parentUUID": null,
                  "isHook": false,
                  "skipped": true
                },
                {
                  "title": "devrait gérer la recherche avec autocomplétion rapidement",
                  "fullTitle": "Tests de Performance Critiques Performance des filtres et recherches devrait gérer la recherche avec autocomplétion rapidement",
                  "timedOut": null,
                  "duration": 0,
                  "state": "skipped",
                  "speed": null,
                  "pass": false,
                  "fail": false,
                  "pending": false,
                  "context": null,
                  "code": "cy.visit('/admin/planning/assign');\ncy.get('[data-testid=\"user-search\"]').type('dupo');\n// L'autocomplétion doit apparaître rapidement\ncy.get('[data-testid=\"autocomplete-results\"]', { timeout: 500 }).should('be.visible');\ncy.get('[data-testid=\"autocomplete-item\"]').should('have.length.greaterThan', 0);",
                  "err": {},
                  "uuid": "82301fa2-b8d9-4710-92ab-66cd9c6468cf",
                  "parentUUID": null,
                  "isHook": false,
                  "skipped": true
                }
              ],
              "suites": [],
              "passes": [],
              "failures": [],
              "pending": [],
              "skipped": [
                "f18ccf6d-1459-481b-8aee-16e5e5af4fda",
                "82301fa2-b8d9-4710-92ab-66cd9c6468cf"
              ],
              "duration": 0,
              "root": false,
              "rootEmpty": false,
              "_timeout": 2000
            },
            {
              "uuid": "cfa48706-1141-4cec-aa58-233b002f9cf8",
              "title": "Performance des rapports et exports",
              "fullFile": "",
              "file": "",
              "beforeHooks": [],
              "afterHooks": [],
              "tests": [
                {
                  "title": "devrait générer un rapport PDF rapidement",
                  "fullTitle": "Tests de Performance Critiques Performance des rapports et exports devrait générer un rapport PDF rapidement",
                  "timedOut": null,
                  "duration": 0,
                  "state": "skipped",
                  "speed": null,
                  "pass": false,
                  "fail": false,
                  "pending": false,
                  "context": null,
                  "code": "cy.visit('/admin/reports');\ncy.get('[data-testid=\"report-type\"]').select('MONTHLY_SUMMARY');\ncy.get('[data-testid=\"month-selector\"]').select('2024-01');\nvar startTime = Date.now();\ncy.get('[data-testid=\"generate-pdf\"]').click();\ncy.get('[data-testid=\"pdf-ready\"]', { timeout: 10000 }).should('be.visible');\ncy.then(function () {\n    var generationTime = Date.now() - startTime;\n    expect(generationTime).to.be.lessThan(5000);\n    cy.log(\"Rapport PDF g\\u00E9n\\u00E9r\\u00E9 en \".concat(generationTime, \"ms\"));\n});",
                  "err": {},
                  "uuid": "a141c22f-e0aa-41a8-82d0-e56ee18db351",
                  "parentUUID": null,
                  "isHook": false,
                  "skipped": true
                },
                {
                  "title": "devrait exporter des données volumineuses en CSV rapidement",
                  "fullTitle": "Tests de Performance Critiques Performance des rapports et exports devrait exporter des données volumineuses en CSV rapidement",
                  "timedOut": null,
                  "duration": 0,
                  "state": "skipped",
                  "speed": null,
                  "pass": false,
                  "fail": false,
                  "pending": false,
                  "context": null,
                  "code": "cy.visit('/admin/utilisateurs');\nvar startTime = Date.now();\ncy.get('[data-testid=\"export-all-csv\"]').click();\ncy.get('[data-testid=\"export-complete\"]', { timeout: 8000 }).should('be.visible');\ncy.then(function () {\n    var exportTime = Date.now() - startTime;\n    expect(exportTime).to.be.lessThan(3000);\n    cy.log(\"Export CSV de 1000+ utilisateurs en \".concat(exportTime, \"ms\"));\n});",
                  "err": {},
                  "uuid": "71a5d7cb-139c-4c15-bf34-1757e9c331d5",
                  "parentUUID": null,
                  "isHook": false,
                  "skipped": true
                }
              ],
              "suites": [],
              "passes": [],
              "failures": [],
              "pending": [],
              "skipped": [
                "a141c22f-e0aa-41a8-82d0-e56ee18db351",
                "71a5d7cb-139c-4c15-bf34-1757e9c331d5"
              ],
              "duration": 0,
              "root": false,
              "rootEmpty": false,
              "_timeout": 2000
            },
            {
              "uuid": "61afb15a-df6d-4433-9dca-bc38df49d0b9",
              "title": "Performance de la navigation",
              "fullFile": "",
              "file": "",
              "beforeHooks": [],
              "afterHooks": [],
              "tests": [
                {
                  "title": "devrait naviguer entre les pages sans délai perceptible",
                  "fullTitle": "Tests de Performance Critiques Performance de la navigation devrait naviguer entre les pages sans délai perceptible",
                  "timedOut": null,
                  "duration": 0,
                  "state": "skipped",
                  "speed": null,
                  "pass": false,
                  "fail": false,
                  "pending": false,
                  "context": null,
                  "code": "var pages = [\n    '/admin/dashboard',\n    '/admin/utilisateurs',\n    '/admin/conges',\n    '/admin/planning',\n    '/admin/sites'\n];\npages.forEach(function (page, index) {\n    var startTime = Date.now();\n    cy.visit(page);\n    cy.get('[data-testid=\"page-content\"]').should('be.visible');\n    cy.then(function () {\n        var loadTime = Date.now() - startTime;\n        expect(loadTime).to.be.lessThan(1500);\n        cy.log(\"Page \".concat(page, \" charg\\u00E9e en \").concat(loadTime, \"ms\"));\n    });\n});",
                  "err": {},
                  "uuid": "407ba146-6166-453f-bb70-5d6597384957",
                  "parentUUID": null,
                  "isHook": false,
                  "skipped": true
                },
                {
                  "title": "devrait gérer le cache du routeur efficacement",
                  "fullTitle": "Tests de Performance Critiques Performance de la navigation devrait gérer le cache du routeur efficacement",
                  "timedOut": null,
                  "duration": 0,
                  "state": "skipped",
                  "speed": null,
                  "pass": false,
                  "fail": false,
                  "pending": false,
                  "context": null,
                  "code": "// Première visite\nvar startTime1 = Date.now();\ncy.visit('/admin/utilisateurs');\ncy.get('[data-testid=\"users-table\"]').should('be.visible');\ncy.then(function () {\n    var firstLoad = Date.now() - startTime1;\n    // Navigation vers une autre page\n    cy.visit('/admin/dashboard');\n    cy.get('[data-testid=\"dashboard-widgets\"]').should('be.visible');\n    // Retour à la page utilisateurs (doit être plus rapide)\n    var startTime2 = Date.now();\n    cy.visit('/admin/utilisateurs');\n    cy.get('[data-testid=\"users-table\"]').should('be.visible');\n    cy.then(function () {\n        var secondLoad = Date.now() - startTime2;\n        expect(secondLoad).to.be.lessThan(firstLoad * 0.7); // 30% plus rapide minimum\n        cy.log(\"Cache efficace: \".concat(firstLoad, \"ms -> \").concat(secondLoad, \"ms\"));\n    });\n});",
                  "err": {},
                  "uuid": "58e6a382-6a42-47f9-bf2a-42b8f034c103",
                  "parentUUID": null,
                  "isHook": false,
                  "skipped": true
                }
              ],
              "suites": [],
              "passes": [],
              "failures": [],
              "pending": [],
              "skipped": [
                "407ba146-6166-453f-bb70-5d6597384957",
                "58e6a382-6a42-47f9-bf2a-42b8f034c103"
              ],
              "duration": 0,
              "root": false,
              "rootEmpty": false,
              "_timeout": 2000
            },
            {
              "uuid": "92483b88-add6-4936-a010-9f513a7c2ae4",
              "title": "Performance sous charge",
              "fullFile": "",
              "file": "",
              "beforeHooks": [],
              "afterHooks": [],
              "tests": [
                {
                  "title": "devrait gérer de multiples requêtes simultanées",
                  "fullTitle": "Tests de Performance Critiques Performance sous charge devrait gérer de multiples requêtes simultanées",
                  "timedOut": null,
                  "duration": 0,
                  "state": "skipped",
                  "speed": null,
                  "pass": false,
                  "fail": false,
                  "pending": false,
                  "context": null,
                  "code": "cy.visit('/admin/dashboard');\n// Simuler plusieurs actions simultanées\nvar startTime = Date.now();\n// Actions parallèles\ncy.get('[data-testid=\"refresh-stats\"]').click();\ncy.get('[data-testid=\"load-notifications\"]').click();\ncy.get('[data-testid=\"update-calendar\"]').click();\n// Attendre que toutes les actions soient terminées\ncy.get('[data-testid=\"all-widgets-loaded\"]').should('be.visible');\ncy.then(function () {\n    var totalTime = Date.now() - startTime;\n    expect(totalTime).to.be.lessThan(4000); // Toutes les actions en moins de 4s\n    cy.log(\"Charges multiples g\\u00E9r\\u00E9es en \".concat(totalTime, \"ms\"));\n});",
                  "err": {},
                  "uuid": "073a4171-1fac-4f82-9dd9-2bd7ba9afbf9",
                  "parentUUID": null,
                  "isHook": false,
                  "skipped": true
                },
                {
                  "title": "devrait maintenir la responsivité lors d'opérations lourdes",
                  "fullTitle": "Tests de Performance Critiques Performance sous charge devrait maintenir la responsivité lors d'opérations lourdes",
                  "timedOut": null,
                  "duration": 0,
                  "state": "skipped",
                  "speed": null,
                  "pass": false,
                  "fail": false,
                  "pending": false,
                  "context": null,
                  "code": "cy.visit('/admin/simulations');\n// Lancer une simulation complexe\ncy.get('[data-testid=\"complex-simulation-btn\"]').click();\n// Vérifier que l'interface reste responsive\ncy.get('[data-testid=\"cancel-simulation\"]').should('be.visible');\ncy.get('[data-testid=\"progress-indicator\"]').should('be.visible');\n// Tester l'interaction pendant le traitement\ncy.get('[data-testid=\"other-tab\"]').click();\ncy.get('[data-testid=\"tab-content\"]').should('be.visible');\n// L'interface doit rester fluide\ncy.get('body').should('not.have.class', 'frozen');",
                  "err": {},
                  "uuid": "830e4471-8527-4624-8e1e-7e32d5eaf4f8",
                  "parentUUID": null,
                  "isHook": false,
                  "skipped": true
                }
              ],
              "suites": [],
              "passes": [],
              "failures": [],
              "pending": [],
              "skipped": [
                "073a4171-1fac-4f82-9dd9-2bd7ba9afbf9",
                "830e4471-8527-4624-8e1e-7e32d5eaf4f8"
              ],
              "duration": 0,
              "root": false,
              "rootEmpty": false,
              "_timeout": 2000
            },
            {
              "uuid": "88a2d689-ee39-4aaa-8d99-dcb8b27098e2",
              "title": "Performance mémoire",
              "fullFile": "",
              "file": "",
              "beforeHooks": [],
              "afterHooks": [],
              "tests": [
                {
                  "title": "ne devrait pas avoir de fuites mémoire lors de navigation intensive",
                  "fullTitle": "Tests de Performance Critiques Performance mémoire ne devrait pas avoir de fuites mémoire lors de navigation intensive",
                  "timedOut": null,
                  "duration": 0,
                  "state": "skipped",
                  "speed": null,
                  "pass": false,
                  "fail": false,
                  "pending": false,
                  "context": null,
                  "code": "// Test de navigation répétée pour détecter les fuites\nvar pages = ['/admin/utilisateurs', '/admin/conges', '/admin/planning'];\n// Navigation répétée\nfor (var i = 0; i < 5; i++) {\n    pages.forEach(function (page) {\n        cy.visit(page);\n        cy.get('[data-testid=\"page-content\"]').should('be.visible');\n        cy.wait(100);\n    });\n}\n// Vérifier que la performance ne se dégrade pas\nvar finalStartTime = Date.now();\ncy.visit('/admin/utilisateurs');\ncy.get('[data-testid=\"users-table\"]').should('be.visible');\ncy.then(function () {\n    var finalLoadTime = Date.now() - finalStartTime;\n    expect(finalLoadTime).to.be.lessThan(2000); // Pas de dégradation\n    cy.log(\"Performance stable apr\\u00E8s navigation intensive: \".concat(finalLoadTime, \"ms\"));\n});",
                  "err": {},
                  "uuid": "16fd53cb-c6e1-4d7d-a91b-0defb2171b6d",
                  "parentUUID": null,
                  "isHook": false,
                  "skipped": true
                }
              ],
              "suites": [],
              "passes": [],
              "failures": [],
              "pending": [],
              "skipped": [
                "16fd53cb-c6e1-4d7d-a91b-0defb2171b6d"
              ],
              "duration": 0,
              "root": false,
              "rootEmpty": false,
              "_timeout": 2000
            },
            {
              "uuid": "fc8b5107-e4d4-41aa-883a-4998a0511cac",
              "title": "Benchmarks et métriques",
              "fullFile": "",
              "file": "",
              "beforeHooks": [],
              "afterHooks": [],
              "tests": [
                {
                  "title": "devrait mesurer et enregistrer les métriques de performance",
                  "fullTitle": "Tests de Performance Critiques Benchmarks et métriques devrait mesurer et enregistrer les métriques de performance",
                  "timedOut": null,
                  "duration": 0,
                  "state": "skipped",
                  "speed": null,
                  "pass": false,
                  "fail": false,
                  "pending": false,
                  "context": null,
                  "code": "cy.visit('/admin/dashboard');\n// Mesurer différentes métriques\ncy.window().then(function (win) {\n    var performance = win.performance;\n    // Temps de chargement initial\n    var navigationStart = performance.timing.navigationStart;\n    var domContentLoaded = performance.timing.domContentLoadedEventEnd;\n    var loadComplete = performance.timing.loadEventEnd;\n    var domTime = domContentLoaded - navigationStart;\n    var loadTime = loadComplete - navigationStart;\n    cy.log(\"DOM Ready: \".concat(domTime, \"ms\"));\n    cy.log(\"Load Complete: \".concat(loadTime, \"ms\"));\n    expect(domTime).to.be.lessThan(1500);\n    expect(loadTime).to.be.lessThan(3000);\n    // Enregistrer dans un fichier pour suivi\n    cy.writeFile('cypress/reports/performance-metrics.json', {\n        timestamp: new Date().toISOString(),\n        domTime: domTime,\n        loadTime: loadTime,\n        page: '/admin/dashboard'\n    }, { flag: 'a+' });\n});",
                  "err": {},
                  "uuid": "6a1eb391-9382-4239-a57a-ce39b97ea086",
                  "parentUUID": null,
                  "isHook": false,
                  "skipped": true
                }
              ],
              "suites": [],
              "passes": [],
              "failures": [],
              "pending": [],
              "skipped": [
                "6a1eb391-9382-4239-a57a-ce39b97ea086"
              ],
              "duration": 0,
              "root": false,
              "rootEmpty": false,
              "_timeout": 2000
            }
          ],
          "passes": [],
          "failures": [],
          "pending": [],
          "skipped": [],
          "duration": 0,
          "root": false,
          "rootEmpty": false,
          "_timeout": 2000
        }
      ],
      "passes": [],
      "failures": [],
      "pending": [],
      "skipped": [],
      "duration": 0,
      "root": true,
      "rootEmpty": true,
      "_timeout": 2000
    }
  ],
  "meta": {
    "mocha": {
      "version": "7.2.0"
    },
    "mochawesome": {
      "options": {
        "quiet": false,
        "reportFilename": "mochawesome",
        "saveHtml": false,
        "saveJson": true,
        "consoleReporter": "spec",
        "useInlineDiffs": false,
        "code": true
      },
      "version": "7.1.3"
    },
    "marge": {
      "options": {
        "id": "default",
        "reportDir": "cypress/reports/mocha",
        "quite": true,
        "overwrite": false,
        "html": false,
        "json": true
      },
      "version": "6.2.0"
    }
  }
}