{
  "stats": {
    "suites": 1,
    "tests": 6,
    "passes": 0,
    "pending": 0,
    "failures": 6,
    "start": "2025-05-04T21:56:04.046Z",
    "end": "2025-05-04T21:56:36.739Z",
    "duration": 32693,
    "testsRegistered": 6,
    "passPercent": 0,
    "pendingPercent": 0,
    "other": 1,
    "hasOther": true,
    "skipped": 0,
    "hasSkipped": false
  },
  "results": [
    {
      "uuid": "97dc6a2f-bb12-472d-a902-6563262766ea",
      "title": "",
      "fullFile": "cypress/e2e/conges/quota-management.spec.ts",
      "file": "cypress/e2e/conges/quota-management.spec.ts",
      "beforeHooks": [],
      "afterHooks": [],
      "tests": [],
      "suites": [
        {
          "uuid": "fd962a35-e3b5-4e33-9871-0366fabc4135",
          "title": "Gestion des quotas de congés",
          "fullFile": "",
          "file": "",
          "beforeHooks": [],
          "afterHooks": [],
          "tests": [
            {
              "title": "affiche correctement les quotas de congés d'un utilisateur",
              "fullTitle": "Gestion des quotas de congés affiche correctement les quotas de congés d'un utilisateur",
              "timedOut": null,
              "duration": 1395,
              "state": "failed",
              "speed": null,
              "pass": false,
              "fail": true,
              "pending": false,
              "context": null,
              "code": "// Vérifier si l'utilisateur existe via une API (si possible) ou une tâche\ncy.task('checkUserExists', testUser.email).then(function (exists) {\n    if (!exists) {\n        throw new Error(\"L'utilisateur de test \".concat(testUser.email, \" n'existe pas apr\\u00E8s le seeding.\"));\n    }\n    cy.log(\"V\\u00E9rification : L'utilisateur \".concat(testUser.email, \" existe.\"));\n    // Se connecter\n    cy.loginByApi(testUser.email, testUser.password);\n    // Accéder à la page de quotas\n    cy.visitAsAuthenticatedUser('/conges/quotas');\n    // Vérifier que les informations de quotas sont affichées\n    cy.get('[data-cy=quota-summary]').should('be.visible');\n    // Vérifier les différents types de quotas\n    cy.get('[data-cy=quota-conges-payes]').should('contain', '25');\n    cy.get('[data-cy=quota-rtt]').should('contain', '15');\n    cy.get('[data-cy=quota-formation]').should('contain', '5');\n    // Vérifier les jours utilisés\n    cy.get('[data-cy=used-days]').should('be.visible');\n    // Vérifier les jours restants\n    cy.get('[data-cy=remaining-days]').should('be.visible');\n});",
              "err": {
                "message": "Error: Échec d'authentification: 401 {\"message\":\"Login ou mot de passe incorrect\"}",
                "estack": "Error: Échec d'authentification: 401 {\"message\":\"Login ou mot de passe incorrect\"}\n    at Context.eval (webpack://mathildanesth/./cypress/support/commands.ts:97:18)\n    at getRet (http://localhost:3000/__cypress/runner/cypress_runner.js:119616:20)\n    at tryCatcher (http://localhost:3000/__cypress/runner/cypress_runner.js:1777:23)\n    at Promise.attempt.Promise.try (http://localhost:3000/__cypress/runner/cypress_runner.js:4285:29)\n    at Context.thenFn (http://localhost:3000/__cypress/runner/cypress_runner.js:119627:66)\n    at Context.then (http://localhost:3000/__cypress/runner/cypress_runner.js:119878:21)\n    at wrapped (http://localhost:3000/__cypress/runner/cypress_runner.js:140155:19)\n    at <unknown> (http://localhost:3000/__cypress/runner/cypress_runner.js:146100:15)\n    at tryCatcher (http://localhost:3000/__cypress/runner/cypress_runner.js:1777:23)",
                "diff": null
              },
              "uuid": "ed3976a2-b84e-4e01-a147-e16dd769333f",
              "parentUUID": "fd962a35-e3b5-4e33-9871-0366fabc4135",
              "isHook": false,
              "skipped": false
            },
            {
              "title": "permet à un administrateur d'ajuster les quotas d'un utilisateur",
              "fullTitle": "Gestion des quotas de congés permet à un administrateur d'ajuster les quotas d'un utilisateur",
              "timedOut": null,
              "duration": 201,
              "state": "failed",
              "speed": null,
              "pass": false,
              "fail": true,
              "pending": false,
              "context": null,
              "code": "// Se connecter en tant qu'administrateur\ncy.loginByApi(adminUser.email, adminUser.password);\n// Accéder à la page d'administration des quotas\ncy.visitAsAuthenticatedUser('/admin/conges/quotas');\n// Rechercher un utilisateur\ncy.get('[data-cy=user-search]').type(targetUser.name);\ncy.get(\"[data-cy=user-item-\".concat(targetUser.id, \"]\")).click();\n// Ajuster le quota de congés payés\ncy.get('[data-cy=edit-quota-conges-payes]').click();\ncy.get('[data-cy=quota-input]').clear().type('30');\n// Saisir une justification\ncy.get('[data-cy=adjustment-reason]').type('Ajustement pour ancienneté');\n// Intercepter la requête d'ajustement\ncy.intercept('PUT', '**/api/conges/quotas/**').as('updateQuota');\n// Enregistrer les modifications\ncy.get('[data-cy=save-quota-button]').click();\n// Attendre la réponse de l'API\ncy.wait('@updateQuota').its('response.statusCode').should('eq', 200);\n// Vérifier le message de succès\ncy.get('[data-cy=notification-success]')\n    .should('be.visible')\n    .and('contain', 'Quota mis à jour');\n// Vérifier que le quota a bien été mis à jour\ncy.get('[data-cy=quota-conges-payes]').should('contain', '30');",
              "err": {
                "message": "Error: Échec d'authentification: 401 {\"message\":\"Login ou mot de passe incorrect\"}",
                "estack": "Error: Échec d'authentification: 401 {\"message\":\"Login ou mot de passe incorrect\"}\n    at Context.eval (webpack://mathildanesth/./cypress/support/commands.ts:97:18)\n    at getRet (http://localhost:3000/__cypress/runner/cypress_runner.js:119616:20)\n    at tryCatcher (http://localhost:3000/__cypress/runner/cypress_runner.js:1777:23)\n    at Promise.attempt.Promise.try (http://localhost:3000/__cypress/runner/cypress_runner.js:4285:29)\n    at Context.thenFn (http://localhost:3000/__cypress/runner/cypress_runner.js:119627:66)\n    at Context.then (http://localhost:3000/__cypress/runner/cypress_runner.js:119878:21)\n    at wrapped (http://localhost:3000/__cypress/runner/cypress_runner.js:140155:19)\n    at <unknown> (http://localhost:3000/__cypress/runner/cypress_runner.js:146100:15)\n    at tryCatcher (http://localhost:3000/__cypress/runner/cypress_runner.js:1777:23)",
                "diff": null
              },
              "uuid": "41eb707a-5ce4-4f5d-b611-0fa6eb36a63b",
              "parentUUID": "fd962a35-e3b5-4e33-9871-0366fabc4135",
              "isHook": false,
              "skipped": false
            },
            {
              "title": "permet de transférer des jours de congés entre deux types de quotas",
              "fullTitle": "Gestion des quotas de congés permet de transférer des jours de congés entre deux types de quotas",
              "timedOut": null,
              "duration": 204,
              "state": "failed",
              "speed": null,
              "pass": false,
              "fail": true,
              "pending": false,
              "context": null,
              "code": "// Se connecter\ncy.loginByApi(testUser.email, testUser.password);\n// Accéder à la page de transfert de quotas\ncy.visitAsAuthenticatedUser('/conges/quotas/transfer');\n// Sélectionner le type de quota source\ncy.get('[data-cy=source-quota-select]').click();\ncy.get('[data-cy=quota-option-rtt]').click();\n// Sélectionner le type de quota destination\ncy.get('[data-cy=target-quota-select]').click();\ncy.get('[data-cy=quota-option-conges-payes]').click();\n// Définir le nombre de jours à transférer\ncy.get('[data-cy=transfer-days-input]').clear().type('3');\n// Intercepter la requête de transfert\ncy.intercept('POST', '**/api/conges/quotas/transfer').as('transferQuota');\n// Confirmer le transfert\ncy.get('[data-cy=confirm-transfer-button]').click();\n// Attendre la réponse de l'API\ncy.wait('@transferQuota').its('response.statusCode').should('eq', 200);\n// Vérifier le message de succès\ncy.get('[data-cy=notification-success]')\n    .should('be.visible')\n    .and('contain', 'Transfert effectué');\n// Vérifier que les quotas ont été mis à jour\ncy.visitAsAuthenticatedUser('/conges/quotas');\ncy.get('[data-cy=quota-conges-payes]').should('contain', '28'); // 25 + 3\ncy.get('[data-cy=quota-rtt]').should('contain', '12'); // 15 - 3",
              "err": {
                "message": "Error: Échec d'authentification: 401 {\"message\":\"Login ou mot de passe incorrect\"}",
                "estack": "Error: Échec d'authentification: 401 {\"message\":\"Login ou mot de passe incorrect\"}\n    at Context.eval (webpack://mathildanesth/./cypress/support/commands.ts:97:18)\n    at getRet (http://localhost:3000/__cypress/runner/cypress_runner.js:119616:20)\n    at tryCatcher (http://localhost:3000/__cypress/runner/cypress_runner.js:1777:23)\n    at Promise.attempt.Promise.try (http://localhost:3000/__cypress/runner/cypress_runner.js:4285:29)\n    at Context.thenFn (http://localhost:3000/__cypress/runner/cypress_runner.js:119627:66)\n    at Context.then (http://localhost:3000/__cypress/runner/cypress_runner.js:119878:21)\n    at wrapped (http://localhost:3000/__cypress/runner/cypress_runner.js:140155:19)\n    at <unknown> (http://localhost:3000/__cypress/runner/cypress_runner.js:146100:15)\n    at tryCatcher (http://localhost:3000/__cypress/runner/cypress_runner.js:1777:23)",
                "diff": null
              },
              "uuid": "c2762cdc-8d15-4b80-9145-07a76e24da26",
              "parentUUID": "fd962a35-e3b5-4e33-9871-0366fabc4135",
              "isHook": false,
              "skipped": false
            },
            {
              "title": "permet de reporter des jours de congés sur l'année suivante",
              "fullTitle": "Gestion des quotas de congés permet de reporter des jours de congés sur l'année suivante",
              "timedOut": null,
              "duration": 202,
              "state": "failed",
              "speed": null,
              "pass": false,
              "fail": true,
              "pending": false,
              "context": null,
              "code": "// Se connecter\ncy.loginByApi(testUser.email, testUser.password);\n// Accéder à la page de report de quotas\ncy.visitAsAuthenticatedUser('/conges/quotas/carry-over');\n// Sélectionner le type de quota à reporter\ncy.get('[data-cy=quota-type-select]').click();\ncy.get('[data-cy=quota-option-conges-payes]').click();\n// Définir le nombre de jours à reporter\ncy.get('[data-cy=carryover-days-input]').clear().type('5');\n// Saisir une justification\ncy.get('[data-cy=carryover-reason]').type('Report pour projet en cours');\n// Intercepter la requête de report\ncy.intercept('POST', '**/api/conges/quotas/carry-over').as('carryOverQuota');\n// Confirmer le report\ncy.get('[data-cy=confirm-carryover-button]').click();\n// Attendre la réponse de l'API\ncy.wait('@carryOverQuota').its('response.statusCode').should('eq', 200);\n// Vérifier le message de succès\ncy.get('[data-cy=notification-success]')\n    .should('be.visible')\n    .and('contain', 'Report effectué');\n// Vérifier que le report apparaît dans l'historique\ncy.get('[data-cy=carryover-history]').should('contain', 'Report pour projet en cours');",
              "err": {
                "message": "Error: Échec d'authentification: 401 {\"message\":\"Login ou mot de passe incorrect\"}",
                "estack": "Error: Échec d'authentification: 401 {\"message\":\"Login ou mot de passe incorrect\"}\n    at Context.eval (webpack://mathildanesth/./cypress/support/commands.ts:97:18)\n    at getRet (http://localhost:3000/__cypress/runner/cypress_runner.js:119616:20)\n    at tryCatcher (http://localhost:3000/__cypress/runner/cypress_runner.js:1777:23)\n    at Promise.attempt.Promise.try (http://localhost:3000/__cypress/runner/cypress_runner.js:4285:29)\n    at Context.thenFn (http://localhost:3000/__cypress/runner/cypress_runner.js:119627:66)\n    at Context.then (http://localhost:3000/__cypress/runner/cypress_runner.js:119878:21)\n    at wrapped (http://localhost:3000/__cypress/runner/cypress_runner.js:140155:19)\n    at <unknown> (http://localhost:3000/__cypress/runner/cypress_runner.js:146100:15)\n    at tryCatcher (http://localhost:3000/__cypress/runner/cypress_runner.js:1777:23)",
                "diff": null
              },
              "uuid": "86da8cf8-b743-419d-b949-cdb23e3344ad",
              "parentUUID": "fd962a35-e3b5-4e33-9871-0366fabc4135",
              "isHook": false,
              "skipped": false
            },
            {
              "title": "affiche l'historique des ajustements de quotas",
              "fullTitle": "Gestion des quotas de congés affiche l'historique des ajustements de quotas",
              "timedOut": null,
              "duration": 203,
              "state": "failed",
              "speed": null,
              "pass": false,
              "fail": true,
              "pending": false,
              "context": null,
              "code": "// Se connecter\ncy.loginByApi(testUser.email, testUser.password);\n// Accéder à la page d'historique des quotas\ncy.visitAsAuthenticatedUser('/conges/quotas/history');\n// Vérifier que l'historique est affiché\ncy.get('[data-cy=quota-history]').should('be.visible');\n// Vérifier qu'on peut filtrer par type d'opération\ncy.get('[data-cy=filter-by-operation]').click();\ncy.get('[data-cy=operation-option-adjustment]').click();\n// Vérifier qu'on peut filtrer par date\ncy.get('[data-cy=filter-by-date]').click();\ncy.get('[data-cy=date-option-this-year]').click();\n// Vérifier que les résultats filtrés s'affichent\ncy.get('[data-cy=history-item]').should('have.length.at.least', 1);",
              "err": {
                "message": "Error: Échec d'authentification: 401 {\"message\":\"Login ou mot de passe incorrect\"}",
                "estack": "Error: Échec d'authentification: 401 {\"message\":\"Login ou mot de passe incorrect\"}\n    at Context.eval (webpack://mathildanesth/./cypress/support/commands.ts:97:18)\n    at getRet (http://localhost:3000/__cypress/runner/cypress_runner.js:119616:20)\n    at tryCatcher (http://localhost:3000/__cypress/runner/cypress_runner.js:1777:23)\n    at Promise.attempt.Promise.try (http://localhost:3000/__cypress/runner/cypress_runner.js:4285:29)\n    at Context.thenFn (http://localhost:3000/__cypress/runner/cypress_runner.js:119627:66)\n    at Context.then (http://localhost:3000/__cypress/runner/cypress_runner.js:119878:21)\n    at wrapped (http://localhost:3000/__cypress/runner/cypress_runner.js:140155:19)\n    at <unknown> (http://localhost:3000/__cypress/runner/cypress_runner.js:146100:15)\n    at tryCatcher (http://localhost:3000/__cypress/runner/cypress_runner.js:1777:23)",
                "diff": null
              },
              "uuid": "e0bd5c0e-f0e2-4b39-8e7c-084fd67a0e92",
              "parentUUID": "fd962a35-e3b5-4e33-9871-0366fabc4135",
              "isHook": false,
              "skipped": false
            },
            {
              "title": "empêche de demander plus de jours que le quota disponible",
              "fullTitle": "Gestion des quotas de congés empêche de demander plus de jours que le quota disponible",
              "timedOut": null,
              "duration": 30145,
              "state": "failed",
              "speed": null,
              "pass": false,
              "fail": true,
              "pending": false,
              "context": null,
              "code": "// Se connecter\ncy.loginByApi(testUser.email, testUser.password);\n// Accéder à la page de demande de congés\ncy.visitAsAuthenticatedUser('/conges/nouveau');\n// Remplir le formulaire avec trop de jours\ncy.get('[data-cy=leave-type-select]').click();\ncy.get('[data-cy=leave-type-option-conges]').click();\n// Sélectionner une période très longue (plus que le quota disponible)\nvar startDate = new Date();\nstartDate.setDate(startDate.getDate() + 1);\nvar endDate = new Date();\nendDate.setDate(endDate.getDate() + 60); // 60 jours de congés (bien plus que le quota)\ncy.selectDate('[data-cy=start-date-input]', startDate);\ncy.selectDate('[data-cy=end-date-input]', endDate);\n// Ajouter un commentaire\ncy.get('[data-cy=leave-notes]').type('Longue absence');\n// Soumettre la demande\ncy.get('[data-cy=submit-leave-request]').click();\n// Vérifier le message d'erreur\ncy.get('[data-cy=notification-error]')\n    .should('be.visible')\n    .and('contain', 'Quota insuffisant');\n// Vérifier que le formulaire affiche une validation d'erreur\ncy.get('[data-cy=quota-error-message]')\n    .should('be.visible')\n    .and('contain', 'dépasse votre quota disponible');",
              "err": {
                "message": "CypressError: `cy.request()` timed out waiting `30000ms` for a response from your server.\n\nThe request we sent was:\n\nMethod: GET\nURL: http://localhost:3000/__coverage__\n\nNo response was received within the timeout.\n\nhttps://on.cypress.io/request\n\nBecause this error occurred during a `after all` hook we are skipping all of the remaining tests.",
                "estack": "CypressError: `cy.request()` timed out waiting `30000ms` for a response from your server.\n\nThe request we sent was:\n\nMethod: GET\nURL: http://localhost:3000/__coverage__\n\nNo response was received within the timeout.\n\nhttps://on.cypress.io/request\n\nBecause this error occurred during a `after all` hook we are skipping all of the remaining tests.\n    at <unknown> (http://localhost:3000/__cypress/runner/cypress_runner.js:134996:70)\n    at tryCatcher (http://localhost:3000/__cypress/runner/cypress_runner.js:1777:23)\n    at <unknown> (http://localhost:3000/__cypress/runner/cypress_runner.js:4156:41)\n    at tryCatcher (http://localhost:3000/__cypress/runner/cypress_runner.js:1777:23)\n    at Promise._settlePromiseFromHandler (http://localhost:3000/__cypress/runner/cypress_runner.js:1489:31)\n    at Promise._settlePromise (http://localhost:3000/__cypress/runner/cypress_runner.js:1546:18)\n    at Promise._settlePromise0 (http://localhost:3000/__cypress/runner/cypress_runner.js:1591:10)\n    at Promise._settlePromises (http://localhost:3000/__cypress/runner/cypress_runner.js:1667:18)\n    at _drainQueueStep (http://localhost:3000/__cypress/runner/cypress_runner.js:2377:12)\n    at _drainQueue (http://localhost:3000/__cypress/runner/cypress_runner.js:2370:9)\n    at Async._drainQueues (http://localhost:3000/__cypress/runner/cypress_runner.js:2386:5)\n    at Async.drainQueues (http://localhost:3000/__cypress/runner/cypress_runner.js:2256:14)\nFrom Your Spec Code:\n    at captureCoverage (webpack://mathildanesth/./node_modules/@cypress/code-coverage/support.js:203:0)\n    at Context.collectBackendCoverage (webpack://mathildanesth/./node_modules/@cypress/code-coverage/support.js:238:0)",
                "diff": null
              },
              "uuid": "e37dc259-45b9-4bac-8558-fad806e713f5",
              "parentUUID": "fd962a35-e3b5-4e33-9871-0366fabc4135",
              "isHook": false,
              "skipped": false
            }
          ],
          "suites": [],
          "passes": [],
          "failures": [
            "ed3976a2-b84e-4e01-a147-e16dd769333f",
            "41eb707a-5ce4-4f5d-b611-0fa6eb36a63b",
            "c2762cdc-8d15-4b80-9145-07a76e24da26",
            "86da8cf8-b743-419d-b949-cdb23e3344ad",
            "e0bd5c0e-f0e2-4b39-8e7c-084fd67a0e92",
            "e37dc259-45b9-4bac-8558-fad806e713f5"
          ],
          "pending": [],
          "skipped": [],
          "duration": 32350,
          "root": false,
          "rootEmpty": false,
          "_timeout": 2000
        }
      ],
      "passes": [],
      "failures": [],
      "pending": [],
      "skipped": [],
      "duration": 0,
      "root": true,
      "rootEmpty": true,
      "_timeout": 2000
    }
  ],
  "meta": {
    "mocha": {
      "version": "7.2.0"
    },
    "mochawesome": {
      "options": {
        "quiet": false,
        "reportFilename": "mochawesome",
        "saveHtml": false,
        "saveJson": true,
        "consoleReporter": "spec",
        "useInlineDiffs": false,
        "code": true
      },
      "version": "7.1.3"
    },
    "marge": {
      "options": {
        "id": "default",
        "reportDir": "cypress/reports/mocha",
        "quite": true,
        "overwrite": false,
        "html": false,
        "json": true
      },
      "version": "6.2.0"
    }
  }
}