{
  "stats": {
    "suites": 1,
    "tests": 1,
    "passes": 0,
    "pending": 0,
    "failures": 1,
    "start": "2025-05-28T15:20:22.007Z",
    "end": "2025-05-28T15:21:11.269Z",
    "duration": 49262,
    "testsRegistered": 1,
    "passPercent": 0,
    "pendingPercent": 0,
    "other": 0,
    "hasOther": false,
    "skipped": 0,
    "hasSkipped": false
  },
  "results": [
    {
      "uuid": "a5c57f57-3ca5-4bd3-b03f-988dde8f5e1e",
      "title": "",
      "fullFile": "cypress/e2e/auth/successful-login-test.spec.ts",
      "file": "cypress/e2e/auth/successful-login-test.spec.ts",
      "beforeHooks": [],
      "afterHooks": [],
      "tests": [],
      "suites": [
        {
          "uuid": "2bbd1f96-e747-4848-b5bf-73b47abbd9d6",
          "title": "Test de connexion réussie",
          "fullFile": "",
          "file": "",
          "beforeHooks": [],
          "afterHooks": [],
          "tests": [
            {
              "title": "permet la connexion avec des identifiants valides",
              "fullTitle": "Test de connexion réussie permet la connexion avec des identifiants valides",
              "timedOut": null,
              "duration": 15924,
              "state": "failed",
              "speed": null,
              "pass": false,
              "fail": true,
              "pending": false,
              "context": null,
              "code": "cy.visit('/auth/connexion');\ncy.get('[data-cy=email-input]').type('admin');\ncy.get('[data-cy=password-input]').type('admin');\ncy.get('[data-cy=submit-button]').click({ force: true });\n// Attendre la redirection ou un changement de page\ncy.url().should('not.include', '/auth/connexion');\n// Optionnel : vérifier qu'on est sur une page protégée\ncy.url().should('satisfy', function (url) {\n    return url.includes('/tableau-de-bord') || url.includes('/') || url.includes('/planning');\n});",
              "err": {
                "message": "AssertionError: Timed out retrying after 15000ms: expected 'http://localhost:3001/auth/connexion' to not include '/auth/connexion'",
                "estack": "AssertionError: Timed out retrying after 15000ms: expected 'http://localhost:3001/auth/connexion' to not include '/auth/connexion'\n    at Context.eval (webpack://mathildanesth/./cypress/e2e/auth/successful-login-test.spec.ts:9:17)",
                "diff": null
              },
              "uuid": "6f45722a-05de-431d-89db-4d5d2662ffd9",
              "parentUUID": "2bbd1f96-e747-4848-b5bf-73b47abbd9d6",
              "isHook": false,
              "skipped": false
            }
          ],
          "suites": [],
          "passes": [],
          "failures": [
            "6f45722a-05de-431d-89db-4d5d2662ffd9"
          ],
          "pending": [],
          "skipped": [],
          "duration": 15924,
          "root": false,
          "rootEmpty": false,
          "_timeout": 2000
        }
      ],
      "passes": [],
      "failures": [],
      "pending": [],
      "skipped": [],
      "duration": 0,
      "root": true,
      "rootEmpty": true,
      "_timeout": 2000
    }
  ],
  "meta": {
    "mocha": {
      "version": "7.2.0"
    },
    "mochawesome": {
      "options": {
        "quiet": false,
        "reportFilename": "mochawesome",
        "saveHtml": false,
        "saveJson": true,
        "consoleReporter": "spec",
        "useInlineDiffs": false,
        "code": true
      },
      "version": "7.1.3"
    },
    "marge": {
      "options": {
        "id": "default",
        "reportDir": "cypress/reports/mocha",
        "quite": true,
        "overwrite": false,
        "html": false,
        "json": true
      },
      "version": "6.2.0"
    }
  }
}