{
  "stats": {
    "suites": 1,
    "tests": 2,
    "passes": 1,
    "pending": 0,
    "failures": 1,
    "start": "2025-05-28T15:11:24.731Z",
    "end": "2025-05-28T15:12:14.359Z",
    "duration": 49628,
    "testsRegistered": 2,
    "passPercent": 50,
    "pendingPercent": 0,
    "other": 0,
    "hasOther": false,
    "skipped": 0,
    "hasSkipped": false
  },
  "results": [
    {
      "uuid": "d8b70dd8-3f92-45cf-8060-2914597201b4",
      "title": "",
      "fullFile": "cypress/e2e/auth/simple-login-test.spec.ts",
      "file": "cypress/e2e/auth/simple-login-test.spec.ts",
      "beforeHooks": [],
      "afterHooks": [],
      "tests": [],
      "suites": [
        {
          "uuid": "2577c5d5-0129-41b1-8898-34e40b136347",
          "title": "Test de connexion simple",
          "fullFile": "",
          "file": "",
          "beforeHooks": [],
          "afterHooks": [],
          "tests": [
            {
              "title": "visite la page de connexion",
              "fullTitle": "Test de connexion simple visite la page de connexion",
              "timedOut": null,
              "duration": 629,
              "state": "passed",
              "speed": "fast",
              "pass": true,
              "fail": false,
              "pending": false,
              "context": null,
              "code": "cy.visit('/auth/connexion');\ncy.get('h1').should('contain', 'Connexion');\ncy.get('[data-cy=email-input]').should('be.visible');\ncy.get('[data-cy=password-input]').should('be.visible');\ncy.get('[data-cy=submit-button]').should('be.visible');",
              "err": {},
              "uuid": "38c59e0f-5b8d-4660-9774-e49c2ce0f6d9",
              "parentUUID": "2577c5d5-0129-41b1-8898-34e40b136347",
              "isHook": false,
              "skipped": false
            },
            {
              "title": "affiche une erreur pour des identifiants invalides",
              "fullTitle": "Test de connexion simple affiche une erreur pour des identifiants invalides",
              "timedOut": null,
              "duration": 16116,
              "state": "failed",
              "speed": null,
              "pass": false,
              "fail": true,
              "pending": false,
              "context": null,
              "code": "cy.visit('/auth/connexion');\ncy.get('[data-cy=email-input]').type('test@invalid.com');\ncy.get('[data-cy=password-input]').type('wrongpassword');\ncy.get('[data-cy=submit-button]').click();\ncy.get('[data-cy=error-message]')\n    .should('be.visible')\n    .and('contain.text', 'Identifiants invalides');",
              "err": {
                "message": "CypressError: Timed out retrying after 15050ms: `cy.click()` failed because this element is `disabled`:\n\n`<button type=\"submit\" data-testid=\"login-submit-button\" data-cy=\"submit-button\" disabled=\"\" class=\"w-full rounded-md bg-blue-600 px-4 py-2 text-white hover:bg-blue-700 focus:outline-none focus:ring-2 focus:ring-blue-500 focus:ring-offset-2 disabled:opacity-50 disabled:cursor-not-allowed transition-colors\">Se conn...</button>`\n\nFix this problem, or use `{force: true}` to disable error checking.\n\nhttps://on.cypress.io/element-cannot-be-interacted-with",
                "estack": "CypressError: Timed out retrying after 15050ms: `cy.click()` failed because this element is `disabled`:\n\n`<button type=\"submit\" data-testid=\"login-submit-button\" data-cy=\"submit-button\" disabled=\"\" class=\"w-full rounded-md bg-blue-600 px-4 py-2 text-white hover:bg-blue-700 focus:outline-none focus:ring-2 focus:ring-blue-500 focus:ring-offset-2 disabled:opacity-50 disabled:cursor-not-allowed transition-colors\">Se conn...</button>`\n\nFix this problem, or use `{force: true}` to disable error checking.\n\nhttps://on.cypress.io/element-cannot-be-interacted-with\n    at Object.isNotDisabled (http://localhost:3001/__cypress/runner/cypress_runner.js:146985:58)\n    at runAllChecks (http://localhost:3001/__cypress/runner/cypress_runner.js:113392:26)\n    at retryActionability (http://localhost:3001/__cypress/runner/cypress_runner.js:113481:16)\n    at tryCatcher (http://localhost:3001/__cypress/runner/cypress_runner.js:1777:23)\n    at Promise.attempt.Promise.try (http://localhost:3001/__cypress/runner/cypress_runner.js:4285:29)\n    at whenStable (http://localhost:3001/__cypress/runner/cypress_runner.js:145846:68)\n    at <unknown> (http://localhost:3001/__cypress/runner/cypress_runner.js:145787:14)\n    at tryCatcher (http://localhost:3001/__cypress/runner/cypress_runner.js:1777:23)\n    at Promise._settlePromiseFromHandler (http://localhost:3001/__cypress/runner/cypress_runner.js:1489:31)\n    at Promise._settlePromise (http://localhost:3001/__cypress/runner/cypress_runner.js:1546:18)\n    at Promise._settlePromise0 (http://localhost:3001/__cypress/runner/cypress_runner.js:1591:10)\n    at Promise._settlePromises (http://localhost:3001/__cypress/runner/cypress_runner.js:1671:18)\n    at Promise._fulfill (http://localhost:3001/__cypress/runner/cypress_runner.js:1615:18)\n    at <unknown> (http://localhost:3001/__cypress/runner/cypress_runner.js:5420:46)\nFrom Your Spec Code:\n    at Context.eval (webpack://mathildanesth/./cypress/e2e/auth/simple-login-test.spec.ts:14:42)",
                "diff": null
              },
              "uuid": "10b0a7e0-1b21-4864-ad38-51822ca6b3d8",
              "parentUUID": "2577c5d5-0129-41b1-8898-34e40b136347",
              "isHook": false,
              "skipped": false
            }
          ],
          "suites": [],
          "passes": [
            "38c59e0f-5b8d-4660-9774-e49c2ce0f6d9"
          ],
          "failures": [
            "10b0a7e0-1b21-4864-ad38-51822ca6b3d8"
          ],
          "pending": [],
          "skipped": [],
          "duration": 16745,
          "root": false,
          "rootEmpty": false,
          "_timeout": 2000
        }
      ],
      "passes": [],
      "failures": [],
      "pending": [],
      "skipped": [],
      "duration": 0,
      "root": true,
      "rootEmpty": true,
      "_timeout": 2000
    }
  ],
  "meta": {
    "mocha": {
      "version": "7.2.0"
    },
    "mochawesome": {
      "options": {
        "quiet": false,
        "reportFilename": "mochawesome",
        "saveHtml": false,
        "saveJson": true,
        "consoleReporter": "spec",
        "useInlineDiffs": false,
        "code": true
      },
      "version": "7.1.3"
    },
    "marge": {
      "options": {
        "id": "default",
        "reportDir": "cypress/reports/mocha",
        "quite": true,
        "overwrite": false,
        "html": false,
        "json": true
      },
      "version": "6.2.0"
    }
  }
}