{
  "stats": {
    "suites": 1,
    "tests": 4,
    "passes": 0,
    "pending": 0,
    "failures": 4,
    "start": "2025-05-26T21:48:42.866Z",
    "end": "2025-05-26T21:49:12.104Z",
    "duration": 29238,
    "testsRegistered": 4,
    "passPercent": 0,
    "pendingPercent": 0,
    "other": 0,
    "hasOther": false,
    "skipped": 0,
    "hasSkipped": false
  },
  "results": [
    {
      "uuid": "c077f147-25e4-474c-8d4a-bd5e32242937",
      "title": "",
      "fullFile": "cypress/e2e/login.spec.ts",
      "file": "cypress/e2e/login.spec.ts",
      "beforeHooks": [],
      "afterHooks": [],
      "tests": [],
      "suites": [
        {
          "uuid": "f092f048-159e-4a19-be74-36a8c8384496",
          "title": "Page de connexion",
          "fullFile": "",
          "file": "",
          "beforeHooks": [],
          "afterHooks": [],
          "tests": [
            {
              "title": "affiche correctement le formulaire de connexion",
              "fullTitle": "Page de connexion affiche correctement le formulaire de connexion",
              "timedOut": null,
              "duration": 11593,
              "state": "failed",
              "speed": null,
              "pass": false,
              "fail": true,
              "pending": false,
              "context": null,
              "code": "// Vérifier que les éléments du formulaire sont présents\ncy.get('[data-testid=login-email-input]').should('be.visible');\ncy.get('[data-testid=login-password-input]').should('be.visible');\ncy.get('[data-testid=login-submit-button]').should('be.visible');",
              "err": {
                "message": "AssertionError: Timed out retrying after 4000ms: Expected to find element: `[data-testid=login-email-input]`, but never found it.",
                "estack": "AssertionError: Timed out retrying after 4000ms: Expected to find element: `[data-testid=login-email-input]`, but never found it.\n    at Context.eval (webpack://mathildanesth/./cypress/e2e/login.spec.ts:10:50)",
                "diff": null
              },
              "uuid": "67d4c80c-6d1f-45b9-96be-ee066ce529a2",
              "parentUUID": "f092f048-159e-4a19-be74-36a8c8384496",
              "isHook": false,
              "skipped": false
            },
            {
              "title": "affiche une erreur pour des identifiants invalides",
              "fullTitle": "Page de connexion affiche une erreur pour des identifiants invalides",
              "timedOut": null,
              "duration": 6751,
              "state": "failed",
              "speed": null,
              "pass": false,
              "fail": true,
              "pending": false,
              "context": null,
              "code": "// Tenter une connexion avec des identifiants invalides\ncy.get('[data-testid=login-email-input]').type('utilisateur.invalide@example.com');\ncy.get('[data-testid=login-password-input]').type('mot_de_passe_incorrect');\ncy.get('[data-testid=login-submit-button]').click();\n// Vérifier qu'un message d'erreur s'affiche\ncy.get('[data-testid=login-error-message]')\n    .should('be.visible')\n    .and('contain.text', 'Identifiants invalides');",
              "err": {
                "message": "AssertionError: Timed out retrying after 4000ms: expected '<div.mb-4.rounded-md.bg-red-50.p-4>' to contain text 'Identifiants invalides', but the text was 'Erreur de connexion'",
                "estack": "AssertionError: Timed out retrying after 4000ms: expected '<div.mb-4.rounded-md.bg-red-50.p-4>' to contain text 'Identifiants invalides', but the text was 'Erreur de connexion'\n    at Context.eval (webpack://mathildanesth/./cypress/e2e/login.spec.ts:24:13)",
                "diff": "- 'Erreur de connexion'\n+ 'Identifiants invalides'\n"
              },
              "uuid": "ddafe6e4-48f9-4328-a3e5-8fa3bd010c59",
              "parentUUID": "f092f048-159e-4a19-be74-36a8c8384496",
              "isHook": false,
              "skipped": false
            },
            {
              "title": "connecte l'utilisateur avec des identifiants valides",
              "fullTitle": "Page de connexion connecte l'utilisateur avec des identifiants valides",
              "timedOut": null,
              "duration": 5967,
              "state": "failed",
              "speed": null,
              "pass": false,
              "fail": true,
              "pending": false,
              "context": null,
              "code": "// Intercepter la requête de connexion\ncy.intercept('POST', '**/api/auth/login').as('loginRequest');\n// Connexion avec des identifiants valides (à remplacer par des identifiants de test)\ncy.get('[data-testid=login-email-input]').type('utilisateur.test@example.com');\ncy.get('[data-testid=login-password-input]').type('mot_de_passe_test');\ncy.get('[data-testid=login-submit-button]').click();\n// Vérifier que la requête de connexion a été effectuée\ncy.wait('@loginRequest').its('response.statusCode').should('eq', 200);\n// Vérifier la redirection vers le tableau de bord ou la page d'accueil\ncy.url().should('satisfy', function (url) {\n    return url.includes('/dashboard') || url.includes('/planning');\n});\n// Vérifier que l'utilisateur est bien connecté\ncy.get('[data-cy=user-menu]').should('be.visible');",
              "err": {
                "message": "AssertionError: Timed out retrying after 4000ms: expected 500 to equal 200",
                "estack": "AssertionError: Timed out retrying after 4000ms: expected 500 to equal 200\n    at Context.eval (webpack://mathildanesth/./cypress/e2e/login.spec.ts:37:60)",
                "diff": "- 500\n+ 200\n"
              },
              "uuid": "d2ec8cdd-eac7-4e7e-a7db-201c81b9df16",
              "parentUUID": "f092f048-159e-4a19-be74-36a8c8384496",
              "isHook": false,
              "skipped": false
            },
            {
              "title": "permet la navigation vers la page de récupération de mot de passe",
              "fullTitle": "Page de connexion permet la navigation vers la page de récupération de mot de passe",
              "timedOut": null,
              "duration": 4640,
              "state": "failed",
              "speed": null,
              "pass": false,
              "fail": true,
              "pending": false,
              "context": null,
              "code": "// Cliquer sur le lien de récupération de mot de passe\ncy.get('[data-cy=forgot-password-link]').click();\n// Vérifier la redirection vers la page de récupération\ncy.url().should('include', '/auth/reset-password');",
              "err": {
                "message": "AssertionError: Timed out retrying after 4000ms: Expected to find element: `[data-cy=forgot-password-link]`, but never found it.",
                "estack": "AssertionError: Timed out retrying after 4000ms: Expected to find element: `[data-cy=forgot-password-link]`, but never found it.\n    at Context.eval (webpack://mathildanesth/./cypress/e2e/login.spec.ts:50:11)",
                "diff": null
              },
              "uuid": "6a304ea2-f60f-406a-863e-939e1644f0a1",
              "parentUUID": "f092f048-159e-4a19-be74-36a8c8384496",
              "isHook": false,
              "skipped": false
            }
          ],
          "suites": [],
          "passes": [],
          "failures": [
            "67d4c80c-6d1f-45b9-96be-ee066ce529a2",
            "ddafe6e4-48f9-4328-a3e5-8fa3bd010c59",
            "d2ec8cdd-eac7-4e7e-a7db-201c81b9df16",
            "6a304ea2-f60f-406a-863e-939e1644f0a1"
          ],
          "pending": [],
          "skipped": [],
          "duration": 28951,
          "root": false,
          "rootEmpty": false,
          "_timeout": 2000
        }
      ],
      "passes": [],
      "failures": [],
      "pending": [],
      "skipped": [],
      "duration": 0,
      "root": true,
      "rootEmpty": true,
      "_timeout": 2000
    }
  ],
  "meta": {
    "mocha": {
      "version": "7.2.0"
    },
    "mochawesome": {
      "options": {
        "quiet": false,
        "reportFilename": "mochawesome",
        "saveHtml": false,
        "saveJson": true,
        "consoleReporter": "spec",
        "useInlineDiffs": false,
        "code": true
      },
      "version": "7.1.3"
    },
    "marge": {
      "options": {
        "id": "default",
        "reportDir": "cypress/reports/mocha",
        "quite": true,
        "overwrite": false,
        "html": false,
        "json": true
      },
      "version": "6.2.0"
    }
  }
}