{
  "stats": {
    "suites": 1,
    "tests": 5,
    "passes": 0,
    "pending": 0,
    "failures": 5,
    "start": "2025-05-04T18:45:28.415Z",
    "end": "2025-05-04T18:45:31.539Z",
    "duration": 3124,
    "testsRegistered": 5,
    "passPercent": 0,
    "pendingPercent": 0,
    "other": 0,
    "hasOther": false,
    "skipped": 0,
    "hasSkipped": false
  },
  "results": [
    {
      "uuid": "ab1bd2cd-384e-43b1-b731-c871465a2de7",
      "title": "",
      "fullFile": "cypress/e2e/accessibility/accessibility-tests.spec.ts",
      "file": "cypress/e2e/accessibility/accessibility-tests.spec.ts",
      "beforeHooks": [],
      "afterHooks": [],
      "tests": [],
      "suites": [
        {
          "uuid": "bca01102-dea4-4cfd-bc4a-6777ee4ca3f7",
          "title": "Tests d'accessibilité",
          "fullFile": "",
          "file": "",
          "beforeHooks": [],
          "afterHooks": [],
          "tests": [
            {
              "title": "vérifie l'accessibilité de la page d'accueil",
              "fullTitle": "Tests d'accessibilité vérifie l'accessibilité de la page d'accueil",
              "timedOut": null,
              "duration": 721,
              "state": "failed",
              "speed": null,
              "pass": false,
              "fail": true,
              "pending": false,
              "context": null,
              "code": "cy.visitAsAuthenticatedUser('/dashboard');\n// Injecter et vérifier l'accessibilité\ncy.checkAccessibility();",
              "err": {
                "message": "TypeError: cy.checkAccessibility is not a function",
                "estack": "TypeError: cy.checkAccessibility is not a function\n    at Context.eval (webpack://mathildanesth/./cypress/e2e/accessibility/accessibility-tests.spec.ts:26:11)\n    at runnable.fn (http://localhost:3000/__cypress/runner/cypress_runner.js:140422:19)\n    at callFn (http://localhost:3000/__cypress/runner/cypress_runner.js:159500:21)\n    at Runnable.run (http://localhost:3000/__cypress/runner/cypress_runner.js:159487:7)\n    at <unknown> (http://localhost:3000/__cypress/runner/cypress_runner.js:165559:30)\n    at PassThroughHandlerContext.finallyHandler (http://localhost:3000/__cypress/runner/cypress_runner.js:4042:23)\n    at PassThroughHandlerContext.tryCatcher (http://localhost:3000/__cypress/runner/cypress_runner.js:1777:23)\n    at Promise._settlePromiseFromHandler (http://localhost:3000/__cypress/runner/cypress_runner.js:1489:31)\n    at Promise._settlePromise (http://localhost:3000/__cypress/runner/cypress_runner.js:1546:18)",
                "diff": null
              },
              "uuid": "a9ded3c4-4641-4dfe-82ea-18aa16243034",
              "parentUUID": "bca01102-dea4-4cfd-bc4a-6777ee4ca3f7",
              "isHook": false,
              "skipped": false
            },
            {
              "title": "vérifie l'accessibilité de la page de congés",
              "fullTitle": "Tests d'accessibilité vérifie l'accessibilité de la page de congés",
              "timedOut": null,
              "duration": 588,
              "state": "failed",
              "speed": null,
              "pass": false,
              "fail": true,
              "pending": false,
              "context": null,
              "code": "cy.visitAsAuthenticatedUser('/leaves');\n// Injecter et vérifier l'accessibilité\ncy.checkAccessibility();",
              "err": {
                "message": "TypeError: cy.checkAccessibility is not a function",
                "estack": "TypeError: cy.checkAccessibility is not a function\n    at Context.eval (webpack://mathildanesth/./cypress/e2e/accessibility/accessibility-tests.spec.ts:33:11)\n    at runnable.fn (http://localhost:3000/__cypress/runner/cypress_runner.js:140422:19)\n    at callFn (http://localhost:3000/__cypress/runner/cypress_runner.js:159500:21)\n    at Runnable.run (http://localhost:3000/__cypress/runner/cypress_runner.js:159487:7)\n    at <unknown> (http://localhost:3000/__cypress/runner/cypress_runner.js:165559:30)\n    at PassThroughHandlerContext.finallyHandler (http://localhost:3000/__cypress/runner/cypress_runner.js:4042:23)\n    at PassThroughHandlerContext.tryCatcher (http://localhost:3000/__cypress/runner/cypress_runner.js:1777:23)\n    at Promise._settlePromiseFromHandler (http://localhost:3000/__cypress/runner/cypress_runner.js:1489:31)\n    at Promise._settlePromise (http://localhost:3000/__cypress/runner/cypress_runner.js:1546:18)",
                "diff": null
              },
              "uuid": "0f541a35-be61-48c2-a3e0-5ffb9473a4f2",
              "parentUUID": "bca01102-dea4-4cfd-bc4a-6777ee4ca3f7",
              "isHook": false,
              "skipped": false
            },
            {
              "title": "vérifie l'accessibilité de la page de planning",
              "fullTitle": "Tests d'accessibilité vérifie l'accessibilité de la page de planning",
              "timedOut": null,
              "duration": 562,
              "state": "failed",
              "speed": null,
              "pass": false,
              "fail": true,
              "pending": false,
              "context": null,
              "code": "cy.visitAsAuthenticatedUser('/planning/hebdomadaire');\n// Injecter et vérifier l'accessibilité\ncy.checkAccessibility();",
              "err": {
                "message": "TypeError: cy.checkAccessibility is not a function",
                "estack": "TypeError: cy.checkAccessibility is not a function\n    at Context.eval (webpack://mathildanesth/./cypress/e2e/accessibility/accessibility-tests.spec.ts:40:11)\n    at runnable.fn (http://localhost:3000/__cypress/runner/cypress_runner.js:140422:19)\n    at callFn (http://localhost:3000/__cypress/runner/cypress_runner.js:159500:21)\n    at Runnable.run (http://localhost:3000/__cypress/runner/cypress_runner.js:159487:7)\n    at <unknown> (http://localhost:3000/__cypress/runner/cypress_runner.js:165559:30)\n    at PassThroughHandlerContext.finallyHandler (http://localhost:3000/__cypress/runner/cypress_runner.js:4042:23)\n    at PassThroughHandlerContext.tryCatcher (http://localhost:3000/__cypress/runner/cypress_runner.js:1777:23)\n    at Promise._settlePromiseFromHandler (http://localhost:3000/__cypress/runner/cypress_runner.js:1489:31)\n    at Promise._settlePromise (http://localhost:3000/__cypress/runner/cypress_runner.js:1546:18)",
                "diff": null
              },
              "uuid": "4c97b264-fb9e-4a20-8dd8-4bed3f79a464",
              "parentUUID": "bca01102-dea4-4cfd-bc4a-6777ee4ca3f7",
              "isHook": false,
              "skipped": false
            },
            {
              "title": "vérifie l'accessibilité du calendrier",
              "fullTitle": "Tests d'accessibilité vérifie l'accessibilité du calendrier",
              "timedOut": null,
              "duration": 558,
              "state": "failed",
              "speed": null,
              "pass": false,
              "fail": true,
              "pending": false,
              "context": null,
              "code": "cy.visitAsAuthenticatedUser('/calendar');\n// Injecter et vérifier l'accessibilité\ncy.checkAccessibility();",
              "err": {
                "message": "TypeError: cy.checkAccessibility is not a function",
                "estack": "TypeError: cy.checkAccessibility is not a function\n    at Context.eval (webpack://mathildanesth/./cypress/e2e/accessibility/accessibility-tests.spec.ts:47:11)\n    at runnable.fn (http://localhost:3000/__cypress/runner/cypress_runner.js:140422:19)\n    at callFn (http://localhost:3000/__cypress/runner/cypress_runner.js:159500:21)\n    at Runnable.run (http://localhost:3000/__cypress/runner/cypress_runner.js:159487:7)\n    at <unknown> (http://localhost:3000/__cypress/runner/cypress_runner.js:165559:30)\n    at PassThroughHandlerContext.finallyHandler (http://localhost:3000/__cypress/runner/cypress_runner.js:4042:23)\n    at PassThroughHandlerContext.tryCatcher (http://localhost:3000/__cypress/runner/cypress_runner.js:1777:23)\n    at Promise._settlePromiseFromHandler (http://localhost:3000/__cypress/runner/cypress_runner.js:1489:31)\n    at Promise._settlePromise (http://localhost:3000/__cypress/runner/cypress_runner.js:1546:18)",
                "diff": null
              },
              "uuid": "376cc816-6cd8-4434-abb6-3e2e37b2271b",
              "parentUUID": "bca01102-dea4-4cfd-bc4a-6777ee4ca3f7",
              "isHook": false,
              "skipped": false
            },
            {
              "title": "vérifie l'accessibilité du formulaire de demande de congés",
              "fullTitle": "Tests d'accessibilité vérifie l'accessibilité du formulaire de demande de congés",
              "timedOut": null,
              "duration": 557,
              "state": "failed",
              "speed": null,
              "pass": false,
              "fail": true,
              "pending": false,
              "context": null,
              "code": "cy.visitAsAuthenticatedUser('/leaves/new');\n// Injecter et vérifier l'accessibilité avec une configuration personnalisée\ncy.checkAccessibility({\n    rules: {\n        'color-contrast': { enabled: true },\n        'label': { enabled: true },\n        'form-field-multiple-labels': { enabled: false }\n    }\n});",
              "err": {
                "message": "TypeError: cy.checkAccessibility is not a function",
                "estack": "TypeError: cy.checkAccessibility is not a function\n    at Context.eval (webpack://mathildanesth/./cypress/e2e/accessibility/accessibility-tests.spec.ts:54:11)\n    at runnable.fn (http://localhost:3000/__cypress/runner/cypress_runner.js:140422:19)\n    at callFn (http://localhost:3000/__cypress/runner/cypress_runner.js:159500:21)\n    at Runnable.run (http://localhost:3000/__cypress/runner/cypress_runner.js:159487:7)\n    at <unknown> (http://localhost:3000/__cypress/runner/cypress_runner.js:165559:30)\n    at PassThroughHandlerContext.finallyHandler (http://localhost:3000/__cypress/runner/cypress_runner.js:4042:23)\n    at PassThroughHandlerContext.tryCatcher (http://localhost:3000/__cypress/runner/cypress_runner.js:1777:23)\n    at Promise._settlePromiseFromHandler (http://localhost:3000/__cypress/runner/cypress_runner.js:1489:31)\n    at Promise._settlePromise (http://localhost:3000/__cypress/runner/cypress_runner.js:1546:18)",
                "diff": null
              },
              "uuid": "668e8ec1-518f-4c31-80dd-169e2cd42266",
              "parentUUID": "bca01102-dea4-4cfd-bc4a-6777ee4ca3f7",
              "isHook": false,
              "skipped": false
            }
          ],
          "suites": [],
          "passes": [],
          "failures": [
            "a9ded3c4-4641-4dfe-82ea-18aa16243034",
            "0f541a35-be61-48c2-a3e0-5ffb9473a4f2",
            "4c97b264-fb9e-4a20-8dd8-4bed3f79a464",
            "376cc816-6cd8-4434-abb6-3e2e37b2271b",
            "668e8ec1-518f-4c31-80dd-169e2cd42266"
          ],
          "pending": [],
          "skipped": [],
          "duration": 2986,
          "root": false,
          "rootEmpty": false,
          "_timeout": 2000
        }
      ],
      "passes": [],
      "failures": [],
      "pending": [],
      "skipped": [],
      "duration": 0,
      "root": true,
      "rootEmpty": true,
      "_timeout": 2000
    }
  ],
  "meta": {
    "mocha": {
      "version": "7.2.0"
    },
    "mochawesome": {
      "options": {
        "quiet": false,
        "reportFilename": "mochawesome",
        "saveHtml": false,
        "saveJson": true,
        "consoleReporter": "spec",
        "useInlineDiffs": false,
        "code": true
      },
      "version": "7.1.3"
    },
    "marge": {
      "options": {
        "id": "default",
        "reportDir": "cypress/reports/mocha",
        "quite": true,
        "overwrite": false,
        "html": false,
        "json": true
      },
      "version": "6.2.0"
    }
  }
}