{
  "stats": {
    "suites": 1,
    "tests": 1,
    "passes": 0,
    "pending": 0,
    "failures": 1,
    "start": "2025-06-01T06:01:06.079Z",
    "end": "2025-06-01T06:01:08.760Z",
    "duration": 2681,
    "testsRegistered": 5,
    "passPercent": 0,
    "pendingPercent": 0,
    "other": 1,
    "hasOther": true,
    "skipped": 3,
    "hasSkipped": true
  },
  "results": [
    {
      "uuid": "4810f552-7433-4c45-9b73-8a67045ea6ea",
      "title": "",
      "fullFile": "cypress/e2e/auth/ultra-stable-login.spec.ts",
      "file": "cypress/e2e/auth/ultra-stable-login.spec.ts",
      "beforeHooks": [],
      "afterHooks": [],
      "tests": [],
      "suites": [
        {
          "uuid": "f8b6a5f4-7833-45a3-883f-dc02070326f6",
          "title": "Connexion Ultra Stable",
          "fullFile": "",
          "file": "",
          "beforeHooks": [],
          "afterHooks": [],
          "tests": [
            {
              "title": "affiche le formulaire et permet la saisie",
              "fullTitle": "Connexion Ultra Stable affiche le formulaire et permet la saisie",
              "timedOut": null,
              "duration": 639,
              "state": "failed",
              "speed": null,
              "pass": false,
              "fail": true,
              "pending": false,
              "context": null,
              "code": "// Vérifier la présence des éléments\ncy.get('[data-cy=email-input]').should('exist');\ncy.get('[data-cy=password-input]').should('exist');\ncy.get('[data-cy=submit-button]').should('exist');\n// Forcer l'activation des champs via JavaScript si nécessaire\ncy.get('[data-cy=email-input]').then(function ($input) {\n    if ($input.prop('disabled')) {\n        cy.log('Input is disabled, removing disabled attribute');\n        cy.get('[data-cy=email-input]').invoke('prop', 'disabled', false);\n    }\n});\ncy.get('[data-cy=password-input]').then(function ($input) {\n    if ($input.prop('disabled')) {\n        cy.log('Password input is disabled, removing disabled attribute');\n        cy.get('[data-cy=password-input]').invoke('prop', 'disabled', false);\n    }\n});\n// Maintenant tenter la saisie\ncy.get('[data-cy=email-input]').clear().type('test@example.com');\ncy.get('[data-cy=password-input]').clear().type('password123');\n// Vérifier les valeurs\ncy.get('[data-cy=email-input]').should('have.value', 'test@example.com');\ncy.get('[data-cy=password-input]').should('have.value', 'password123');",
              "err": {
                "message": "CypressError: `cy.visit()` failed trying to load:\n\nhttp://localhost:3001/auth/connexion\n\nWe attempted to make an http request to this URL but the request failed without a response.\n\nWe received this error at the network level:\n\n  > Error: connect ECONNREFUSED 127.0.0.1:3001\n\nCommon situations why this would fail:\n  - you don't have internet access\n  - you forgot to run / boot your web server\n  - your web server isn't accessible\n  - you have weird network configuration settings on your computer\n\nBecause this error occurred during a `before each` hook we are skipping the remaining tests in the current suite: `Connexion Ultra Stable`",
                "estack": "CypressError: `cy.visit()` failed trying to load:\n\nhttp://localhost:3001/auth/connexion\n\nWe attempted to make an http request to this URL but the request failed without a response.\n\nWe received this error at the network level:\n\n  > Error: connect ECONNREFUSED 127.0.0.1:3001\n\nCommon situations why this would fail:\n  - you don't have internet access\n  - you forgot to run / boot your web server\n  - your web server isn't accessible\n  - you have weird network configuration settings on your computer\n\nBecause this error occurred during a `before each` hook we are skipping the remaining tests in the current suite: `Connexion Ultra Stable`\n    at <unknown> (http://localhost:3001/__cypress/runner/cypress_runner.js:133726:74)\n    at visitFailedByErr (http://localhost:3001/__cypress/runner/cypress_runner.js:133116:12)\n    at <unknown> (http://localhost:3001/__cypress/runner/cypress_runner.js:133725:11)\n    at tryCatcher (http://localhost:3001/__cypress/runner/cypress_runner.js:1777:23)\n    at Promise._settlePromiseFromHandler (http://localhost:3001/__cypress/runner/cypress_runner.js:1489:31)\n    at Promise._settlePromise (http://localhost:3001/__cypress/runner/cypress_runner.js:1546:18)\n    at Promise._settlePromise0 (http://localhost:3001/__cypress/runner/cypress_runner.js:1591:10)\n    at Promise._settlePromises (http://localhost:3001/__cypress/runner/cypress_runner.js:1667:18)\n    at _drainQueueStep (http://localhost:3001/__cypress/runner/cypress_runner.js:2377:12)\n    at _drainQueue (http://localhost:3001/__cypress/runner/cypress_runner.js:2370:9)\n    at Async._drainQueues (http://localhost:3001/__cypress/runner/cypress_runner.js:2386:5)\n    at Async.drainQueues (http://localhost:3001/__cypress/runner/cypress_runner.js:2256:14)\nFrom Your Spec Code:\n    at Context.eval (webpack://mathildanesth/./cypress/e2e/auth/ultra-stable-login.spec.ts:12:11)\n\nFrom Node.js Internals:\n  Error: connect ECONNREFUSED 127.0.0.1:3001\n      at TCPConnectWrap.afterConnect [as oncomplete] (node:net:1611:16)",
                "diff": null
              },
              "uuid": "1c7c226c-d733-4568-82e5-5c7ebdebd869",
              "parentUUID": "f8b6a5f4-7833-45a3-883f-dc02070326f6",
              "isHook": false,
              "skipped": false
            },
            {
              "title": "teste la connexion avec mock API",
              "fullTitle": "Connexion Ultra Stable teste la connexion avec mock API",
              "timedOut": null,
              "duration": 0,
              "state": "skipped",
              "speed": null,
              "pass": false,
              "fail": false,
              "pending": false,
              "context": null,
              "code": "// Mock de l'API pour éviter les problèmes de backend\ncy.intercept('POST', '**/api/auth/login', {\n    statusCode: 200,\n    body: { success: true, redirectUrl: '/' }\n}).as('loginSuccess');\n// Activer les champs et saisir\ncy.get('[data-cy=email-input]').invoke('prop', 'disabled', false);\ncy.get('[data-cy=password-input]').invoke('prop', 'disabled', false);\ncy.get('[data-cy=email-input]').clear().type('admin@example.com');\ncy.get('[data-cy=password-input]').clear().type('Test123!');\n// Activer le bouton et cliquer\ncy.get('[data-cy=submit-button]').then(function ($btn) {\n    if ($btn.prop('disabled')) {\n        cy.get('[data-cy=submit-button]').invoke('prop', 'disabled', false);\n    }\n});\ncy.get('[data-cy=submit-button]').click();\n// Vérifier l'appel API\ncy.wait('@loginSuccess');",
              "err": {},
              "uuid": "d67ae65b-9045-4477-800f-5c899061dd5e",
              "parentUUID": "f8b6a5f4-7833-45a3-883f-dc02070326f6",
              "isHook": false,
              "skipped": true
            },
            {
              "title": "teste la gestion d'erreurs",
              "fullTitle": "Connexion Ultra Stable teste la gestion d'erreurs",
              "timedOut": null,
              "duration": 0,
              "state": "skipped",
              "speed": null,
              "pass": false,
              "fail": false,
              "pending": false,
              "context": null,
              "code": "// Mock d'erreur\ncy.intercept('POST', '**/api/auth/login', {\n    statusCode: 401,\n    body: { error: 'Identifiants invalides' }\n}).as('loginError');\n// Forcer l'activation et saisir\ncy.get('[data-cy=email-input]').invoke('prop', 'disabled', false);\ncy.get('[data-cy=password-input]').invoke('prop', 'disabled', false);\ncy.get('[data-cy=email-input]').clear().type('wrong@test.com');\ncy.get('[data-cy=password-input]').clear().type('wrongpass');\ncy.get('[data-cy=submit-button]').invoke('prop', 'disabled', false);\ncy.get('[data-cy=submit-button]').click();\n// Vérifier l'affichage de l'erreur\ncy.wait('@loginError');\ncy.get('[data-cy=error-message]', { timeout: 10000 }).should('be.visible');",
              "err": {},
              "uuid": "c7b68167-0b77-419f-b5fa-51f94b09ac45",
              "parentUUID": "f8b6a5f4-7833-45a3-883f-dc02070326f6",
              "isHook": false,
              "skipped": true
            },
            {
              "title": "teste le workflow complet sans dépendances backend",
              "fullTitle": "Connexion Ultra Stable teste le workflow complet sans dépendances backend",
              "timedOut": null,
              "duration": 0,
              "state": "skipped",
              "speed": null,
              "pass": false,
              "fail": false,
              "pending": false,
              "context": null,
              "code": "// Test complètement isolé\n// Étape 1: Vérifier l'affichage initial\ncy.contains('Connexion').should('be.visible');\n// Étape 2: Activer tous les champs\ncy.get('input').each(function ($input) {\n    cy.wrap($input).invoke('prop', 'disabled', false);\n});\ncy.get('button').each(function ($button) {\n    cy.wrap($button).invoke('prop', 'disabled', false);\n});\n// Étape 3: Remplir le formulaire\ncy.get('[data-cy=email-input]').clear().type('admin@example.com');\ncy.get('[data-cy=password-input]').clear().type('password');\n// Étape 4: Vérifier l'état du formulaire\ncy.get('[data-cy=email-input]').should('have.value', 'admin@example.com');\ncy.get('[data-cy=password-input]').should('have.value', 'password');\n// Étape 5: Mock et submit\ncy.intercept('POST', '**/api/auth/login', {\n    statusCode: 200,\n    body: { success: true }\n}).as('login');\ncy.get('[data-cy=submit-button]').click();\n// Étape 6: Vérification\ncy.wait('@login').its('request.body').should('deep.include', {\n    login: 'admin@example.com',\n    password: 'password'\n});",
              "err": {},
              "uuid": "a284fcc0-7f92-4d6a-a267-ce1ca9fcb6e3",
              "parentUUID": "f8b6a5f4-7833-45a3-883f-dc02070326f6",
              "isHook": false,
              "skipped": true
            },
            {
              "title": "teste le formulaire avec interaction directe DOM",
              "fullTitle": "Connexion Ultra Stable teste le formulaire avec interaction directe DOM",
              "timedOut": null,
              "duration": 0,
              "state": "failed",
              "speed": null,
              "pass": false,
              "fail": true,
              "pending": false,
              "context": null,
              "code": "// Approche alternative : interaction directe avec le DOM\ncy.get('[data-cy=email-input]').then(function ($input) {\n    $input.val('direct@test.com');\n    $input.trigger('input');\n    $input.trigger('change');\n});\ncy.get('[data-cy=password-input]').then(function ($input) {\n    $input.val('directpass');\n    $input.trigger('input');\n    $input.trigger('change');\n});\n// Vérifier que React a pris en compte les changements\ncy.get('[data-cy=email-input]').should('have.value', 'direct@test.com');\ncy.get('[data-cy=password-input]').should('have.value', 'directpass');\n// Vérifier que le bouton n'est plus désactivé\ncy.get('[data-cy=submit-button]').should('not.be.disabled');",
              "err": {
                "message": "CypressError: `cy.request()` failed trying to load:\n\nhttp://localhost:3001/__coverage__\n\nWe attempted to make an http request to this URL but the request failed without a response.\n\nWe received this error at the network level:\n\n  > Error: connect ECONNREFUSED 127.0.0.1:3001\n\n-----------------------------------------------------------\n\nThe request we sent was:\n\nMethod: GET\nURL: http://localhost:3001/__coverage__\n\n-----------------------------------------------------------\n\nCommon situations why this would fail:\n  - you don't have internet access\n  - you forgot to run / boot your web server\n  - your web server isn't accessible\n  - you have weird network configuration settings on your computer\n\nhttps://on.cypress.io/request\n\nBecause this error occurred during a `after all` hook we are skipping all of the remaining tests.\n\nAlthough you have test retries enabled, we do not retry tests when `before all` or `after all` hooks fail",
                "estack": "CypressError: `cy.request()` failed trying to load:\n\nhttp://localhost:3001/__coverage__\n\nWe attempted to make an http request to this URL but the request failed without a response.\n\nWe received this error at the network level:\n\n  > Error: connect ECONNREFUSED 127.0.0.1:3001\n\n-----------------------------------------------------------\n\nThe request we sent was:\n\nMethod: GET\nURL: http://localhost:3001/__coverage__\n\n-----------------------------------------------------------\n\nCommon situations why this would fail:\n  - you don't have internet access\n  - you forgot to run / boot your web server\n  - your web server isn't accessible\n  - you have weird network configuration settings on your computer\n\nhttps://on.cypress.io/request\n\nBecause this error occurred during a `after all` hook we are skipping all of the remaining tests.\n\nAlthough you have test retries enabled, we do not retry tests when `before all` or `after all` hooks fail\n    at <unknown> (http://localhost:3001/__cypress/runner/cypress_runner.js:135025:70)\n    at tryCatcher (http://localhost:3001/__cypress/runner/cypress_runner.js:1777:23)\n    at <unknown> (http://localhost:3001/__cypress/runner/cypress_runner.js:4173:37)\n    at tryCatcher (http://localhost:3001/__cypress/runner/cypress_runner.js:1777:23)\n    at Promise._settlePromiseFromHandler (http://localhost:3001/__cypress/runner/cypress_runner.js:1489:31)\n    at Promise._settlePromise (http://localhost:3001/__cypress/runner/cypress_runner.js:1546:18)\n    at Promise._settlePromise0 (http://localhost:3001/__cypress/runner/cypress_runner.js:1591:10)\n    at Promise._settlePromises (http://localhost:3001/__cypress/runner/cypress_runner.js:1667:18)\n    at _drainQueueStep (http://localhost:3001/__cypress/runner/cypress_runner.js:2377:12)\n    at _drainQueue (http://localhost:3001/__cypress/runner/cypress_runner.js:2370:9)\n    at Async._drainQueues (http://localhost:3001/__cypress/runner/cypress_runner.js:2386:5)\n    at Async.drainQueues (http://localhost:3001/__cypress/runner/cypress_runner.js:2256:14)\nFrom Your Spec Code:\n    at captureCoverage (webpack://mathildanesth/./node_modules/@cypress/code-coverage/support.js:203:0)\n    at Context.collectBackendCoverage (webpack://mathildanesth/./node_modules/@cypress/code-coverage/support.js:238:0)\n\nFrom Node.js Internals:\n  RequestError: Error: connect ECONNREFUSED 127.0.0.1:3001\n      at new r (<embedded>:227:431481)\n      at ee.callback (<embedded>:227:437482)\n      at e.callback.s.callback [as _callback] (<embedded>:227:436928)\n      at s._callback.s.callback.s.callback (<embedded>:290:105750)\n      at ee.emit (node:events:518:28)\n      at ee.onRequestError (<embedded>:290:114692)\n      at ClientRequest.emit (node:events:530:35)\n      at emitErrorEvent (node:_http_client:101:11)\n      at Socket.socketErrorListener (node:_http_client:504:5)\n      at Socket.emit (node:events:518:28)\n      at emitErrorNT (node:internal/streams/destroy:169:8)\n      at emitErrorCloseNT (node:internal/streams/destroy:128:3)\n      at process.processTicksAndRejections (node:internal/process/task_queues:82:21)",
                "diff": null
              },
              "uuid": "bd558881-a9c8-4ec5-9160-46f44d594962",
              "parentUUID": "f8b6a5f4-7833-45a3-883f-dc02070326f6",
              "isHook": false,
              "skipped": false
            }
          ],
          "suites": [],
          "passes": [],
          "failures": [
            "1c7c226c-d733-4568-82e5-5c7ebdebd869",
            "bd558881-a9c8-4ec5-9160-46f44d594962"
          ],
          "pending": [],
          "skipped": [
            "d67ae65b-9045-4477-800f-5c899061dd5e",
            "c7b68167-0b77-419f-b5fa-51f94b09ac45",
            "a284fcc0-7f92-4d6a-a267-ce1ca9fcb6e3"
          ],
          "duration": 639,
          "root": false,
          "rootEmpty": false,
          "_timeout": 2000
        }
      ],
      "passes": [],
      "failures": [],
      "pending": [],
      "skipped": [],
      "duration": 0,
      "root": true,
      "rootEmpty": true,
      "_timeout": 2000
    }
  ],
  "meta": {
    "mocha": {
      "version": "7.2.0"
    },
    "mochawesome": {
      "options": {
        "quiet": false,
        "reportFilename": "mochawesome",
        "saveHtml": false,
        "saveJson": true,
        "consoleReporter": "spec",
        "useInlineDiffs": false,
        "code": true
      },
      "version": "7.1.3"
    },
    "marge": {
      "options": {
        "id": "default",
        "reportDir": "cypress/reports/mocha",
        "quite": true,
        "overwrite": false,
        "html": false,
        "json": true
      },
      "version": "6.2.0"
    }
  }
}