{
  "stats": {
    "suites": 1,
    "tests": 6,
    "passes": 0,
    "pending": 0,
    "failures": 6,
    "start": "2025-05-04T20:15:32.615Z",
    "end": "2025-05-04T20:15:52.826Z",
    "duration": 20211,
    "testsRegistered": 6,
    "passPercent": 0,
    "pendingPercent": 0,
    "other": 0,
    "hasOther": false,
    "skipped": 0,
    "hasSkipped": false
  },
  "results": [
    {
      "uuid": "bfe0e8ed-c486-4423-9284-01d6db7f3c9a",
      "title": "",
      "fullFile": "cypress/e2e/conges/quota-management.spec.ts",
      "file": "cypress/e2e/conges/quota-management.spec.ts",
      "beforeHooks": [],
      "afterHooks": [],
      "tests": [],
      "suites": [
        {
          "uuid": "7cdd73e9-124d-4fc3-8f2c-9ea908b0aa68",
          "title": "Gestion des quotas de congés",
          "fullFile": "",
          "file": "",
          "beforeHooks": [],
          "afterHooks": [],
          "tests": [
            {
              "title": "affiche correctement les quotas de congés d'un utilisateur",
              "fullTitle": "Gestion des quotas de congés affiche correctement les quotas de congés d'un utilisateur",
              "timedOut": null,
              "duration": 10665,
              "state": "failed",
              "speed": null,
              "pass": false,
              "fail": true,
              "pending": false,
              "context": null,
              "code": "// Se connecter\ncy.loginByApi(testUser.email, testUser.password);\n// Accéder à la page de quotas\ncy.visitAsAuthenticatedUser('/conges/quotas');\n// Vérifier que les informations de quotas sont affichées\ncy.get('[data-cy=quota-summary]').should('be.visible');\n// Vérifier les différents types de quotas\ncy.get('[data-cy=quota-conges-payes]').should('contain', '25');\ncy.get('[data-cy=quota-rtt]').should('contain', '15');\ncy.get('[data-cy=quota-formation]').should('contain', '5');\n// Vérifier les jours utilisés\ncy.get('[data-cy=used-days]').should('be.visible');\n// Vérifier les jours restants\ncy.get('[data-cy=remaining-days]').should('be.visible');",
              "err": {
                "message": "AssertionError: Timed out retrying after 4000ms: Expected to find element: `[data-cy=quota-summary]`, but never found it.",
                "estack": "AssertionError: Timed out retrying after 4000ms: Expected to find element: `[data-cy=quota-summary]`, but never found it.\n    at Context.eval (webpack://mathildanesth/./cypress/e2e/conges/quota-management.spec.ts:40:42)",
                "diff": null
              },
              "uuid": "2b695988-088e-450d-879b-5a41a2b1e118",
              "parentUUID": "7cdd73e9-124d-4fc3-8f2c-9ea908b0aa68",
              "isHook": false,
              "skipped": false
            },
            {
              "title": "permet à un administrateur d'ajuster les quotas d'un utilisateur",
              "fullTitle": "Gestion des quotas de congés permet à un administrateur d'ajuster les quotas d'un utilisateur",
              "timedOut": null,
              "duration": 796,
              "state": "failed",
              "speed": null,
              "pass": false,
              "fail": true,
              "pending": false,
              "context": null,
              "code": "// Se connecter en tant qu'administrateur\ncy.loginByApi(adminUser.email, adminUser.password);\n// Accéder à la page d'administration des quotas\ncy.visitAsAuthenticatedUser('/admin/conges/quotas');\n// Rechercher un utilisateur\ncy.get('[data-cy=user-search]').type(targetUser.name);\ncy.get(\"[data-cy=user-item-\".concat(targetUser.id, \"]\")).click();\n// Ajuster le quota de congés payés\ncy.get('[data-cy=edit-quota-conges-payes]').click();\ncy.get('[data-cy=quota-input]').clear().type('30');\n// Saisir une justification\ncy.get('[data-cy=adjustment-reason]').type('Ajustement pour ancienneté');\n// Intercepter la requête d'ajustement\ncy.intercept('PUT', '**/api/conges/quotas/**').as('updateQuota');\n// Enregistrer les modifications\ncy.get('[data-cy=save-quota-button]').click();\n// Attendre la réponse de l'API\ncy.wait('@updateQuota').its('response.statusCode').should('eq', 200);\n// Vérifier le message de succès\ncy.get('[data-cy=notification-success]')\n    .should('be.visible')\n    .and('contain', 'Quota mis à jour');\n// Vérifier que le quota a bien été mis à jour\ncy.get('[data-cy=quota-conges-payes]').should('contain', '30');",
              "err": {
                "message": "CypressError: `cy.visit()` failed trying to load:\n\nhttp://localhost:3000/admin/conges/quotas\n\nThe response we received from your web server was:\n\n  > 404: Not Found\n\nThis was considered a failure because the status code was not `2xx`.\n\nIf you do not want status codes to cause failures pass the option: `failOnStatusCode: false`",
                "estack": "CypressError: `cy.visit()` failed trying to load:\n\nhttp://localhost:3000/admin/conges/quotas\n\nThe response we received from your web server was:\n\n  > 404: Not Found\n\nThis was considered a failure because the status code was not `2xx`.\n\nIf you do not want status codes to cause failures pass the option: `failOnStatusCode: false`\n    at <unknown> (http://localhost:3000/__cypress/runner/cypress_runner.js:133692:76)\n    at visitFailedByErr (http://localhost:3000/__cypress/runner/cypress_runner.js:133098:12)\n    at <unknown> (http://localhost:3000/__cypress/runner/cypress_runner.js:133675:13)\n    at tryCatcher (http://localhost:3000/__cypress/runner/cypress_runner.js:1777:23)\n    at Promise._settlePromiseFromHandler (http://localhost:3000/__cypress/runner/cypress_runner.js:1489:31)\n    at Promise._settlePromise (http://localhost:3000/__cypress/runner/cypress_runner.js:1546:18)\n    at Promise._settlePromise0 (http://localhost:3000/__cypress/runner/cypress_runner.js:1591:10)\n    at Promise._settlePromises (http://localhost:3000/__cypress/runner/cypress_runner.js:1667:18)\n    at _drainQueueStep (http://localhost:3000/__cypress/runner/cypress_runner.js:2377:12)\n    at _drainQueue (http://localhost:3000/__cypress/runner/cypress_runner.js:2370:9)\n    at Async._drainQueues (http://localhost:3000/__cypress/runner/cypress_runner.js:2386:5)\n    at Async.drainQueues (http://localhost:3000/__cypress/runner/cypress_runner.js:2256:14)\nFrom Your Spec Code:\n    at Context.eval (webpack://mathildanesth/./cypress/support/commands.ts:124:7)\n    at wrapped (http://localhost:3000/__cypress/runner/cypress_runner.js:140147:43)",
                "diff": null
              },
              "uuid": "cb788fca-1296-4a6e-b25b-1453a4bc3379",
              "parentUUID": "7cdd73e9-124d-4fc3-8f2c-9ea908b0aa68",
              "isHook": false,
              "skipped": false
            },
            {
              "title": "permet de transférer des jours de congés entre deux types de quotas",
              "fullTitle": "Gestion des quotas de congés permet de transférer des jours de congés entre deux types de quotas",
              "timedOut": null,
              "duration": 637,
              "state": "failed",
              "speed": null,
              "pass": false,
              "fail": true,
              "pending": false,
              "context": null,
              "code": "// Se connecter\ncy.loginByApi(testUser.email, testUser.password);\n// Accéder à la page de transfert de quotas\ncy.visitAsAuthenticatedUser('/conges/quotas/transfer');\n// Sélectionner le type de quota source\ncy.get('[data-cy=source-quota-select]').click();\ncy.get('[data-cy=quota-option-rtt]').click();\n// Sélectionner le type de quota destination\ncy.get('[data-cy=target-quota-select]').click();\ncy.get('[data-cy=quota-option-conges-payes]').click();\n// Définir le nombre de jours à transférer\ncy.get('[data-cy=transfer-days-input]').clear().type('3');\n// Intercepter la requête de transfert\ncy.intercept('POST', '**/api/conges/quotas/transfer').as('transferQuota');\n// Confirmer le transfert\ncy.get('[data-cy=confirm-transfer-button]').click();\n// Attendre la réponse de l'API\ncy.wait('@transferQuota').its('response.statusCode').should('eq', 200);\n// Vérifier le message de succès\ncy.get('[data-cy=notification-success]')\n    .should('be.visible')\n    .and('contain', 'Transfert effectué');\n// Vérifier que les quotas ont été mis à jour\ncy.visitAsAuthenticatedUser('/conges/quotas');\ncy.get('[data-cy=quota-conges-payes]').should('contain', '28'); // 25 + 3\ncy.get('[data-cy=quota-rtt]').should('contain', '12'); // 15 - 3",
              "err": {
                "message": "CypressError: `cy.visit()` failed trying to load:\n\nhttp://localhost:3000/conges/quotas/transfer\n\nThe response we received from your web server was:\n\n  > 404: Not Found\n\nThis was considered a failure because the status code was not `2xx`.\n\nIf you do not want status codes to cause failures pass the option: `failOnStatusCode: false`",
                "estack": "CypressError: `cy.visit()` failed trying to load:\n\nhttp://localhost:3000/conges/quotas/transfer\n\nThe response we received from your web server was:\n\n  > 404: Not Found\n\nThis was considered a failure because the status code was not `2xx`.\n\nIf you do not want status codes to cause failures pass the option: `failOnStatusCode: false`\n    at <unknown> (http://localhost:3000/__cypress/runner/cypress_runner.js:133692:76)\n    at visitFailedByErr (http://localhost:3000/__cypress/runner/cypress_runner.js:133098:12)\n    at <unknown> (http://localhost:3000/__cypress/runner/cypress_runner.js:133675:13)\n    at tryCatcher (http://localhost:3000/__cypress/runner/cypress_runner.js:1777:23)\n    at Promise._settlePromiseFromHandler (http://localhost:3000/__cypress/runner/cypress_runner.js:1489:31)\n    at Promise._settlePromise (http://localhost:3000/__cypress/runner/cypress_runner.js:1546:18)\n    at Promise._settlePromise0 (http://localhost:3000/__cypress/runner/cypress_runner.js:1591:10)\n    at Promise._settlePromises (http://localhost:3000/__cypress/runner/cypress_runner.js:1667:18)\n    at _drainQueueStep (http://localhost:3000/__cypress/runner/cypress_runner.js:2377:12)\n    at _drainQueue (http://localhost:3000/__cypress/runner/cypress_runner.js:2370:9)\n    at Async._drainQueues (http://localhost:3000/__cypress/runner/cypress_runner.js:2386:5)\n    at Async.drainQueues (http://localhost:3000/__cypress/runner/cypress_runner.js:2256:14)\nFrom Your Spec Code:\n    at Context.eval (webpack://mathildanesth/./cypress/support/commands.ts:124:7)\n    at wrapped (http://localhost:3000/__cypress/runner/cypress_runner.js:140147:43)",
                "diff": null
              },
              "uuid": "0848e329-34ac-4846-a89b-087975c9d47d",
              "parentUUID": "7cdd73e9-124d-4fc3-8f2c-9ea908b0aa68",
              "isHook": false,
              "skipped": false
            },
            {
              "title": "permet de reporter des jours de congés sur l'année suivante",
              "fullTitle": "Gestion des quotas de congés permet de reporter des jours de congés sur l'année suivante",
              "timedOut": null,
              "duration": 657,
              "state": "failed",
              "speed": null,
              "pass": false,
              "fail": true,
              "pending": false,
              "context": null,
              "code": "// Se connecter\ncy.loginByApi(testUser.email, testUser.password);\n// Accéder à la page de report de quotas\ncy.visitAsAuthenticatedUser('/conges/quotas/carry-over');\n// Sélectionner le type de quota à reporter\ncy.get('[data-cy=quota-type-select]').click();\ncy.get('[data-cy=quota-option-conges-payes]').click();\n// Définir le nombre de jours à reporter\ncy.get('[data-cy=carryover-days-input]').clear().type('5');\n// Saisir une justification\ncy.get('[data-cy=carryover-reason]').type('Report pour projet en cours');\n// Intercepter la requête de report\ncy.intercept('POST', '**/api/conges/quotas/carry-over').as('carryOverQuota');\n// Confirmer le report\ncy.get('[data-cy=confirm-carryover-button]').click();\n// Attendre la réponse de l'API\ncy.wait('@carryOverQuota').its('response.statusCode').should('eq', 200);\n// Vérifier le message de succès\ncy.get('[data-cy=notification-success]')\n    .should('be.visible')\n    .and('contain', 'Report effectué');\n// Vérifier que le report apparaît dans l'historique\ncy.get('[data-cy=carryover-history]').should('contain', 'Report pour projet en cours');",
              "err": {
                "message": "CypressError: `cy.visit()` failed trying to load:\n\nhttp://localhost:3000/conges/quotas/carry-over\n\nThe response we received from your web server was:\n\n  > 404: Not Found\n\nThis was considered a failure because the status code was not `2xx`.\n\nIf you do not want status codes to cause failures pass the option: `failOnStatusCode: false`",
                "estack": "CypressError: `cy.visit()` failed trying to load:\n\nhttp://localhost:3000/conges/quotas/carry-over\n\nThe response we received from your web server was:\n\n  > 404: Not Found\n\nThis was considered a failure because the status code was not `2xx`.\n\nIf you do not want status codes to cause failures pass the option: `failOnStatusCode: false`\n    at <unknown> (http://localhost:3000/__cypress/runner/cypress_runner.js:133692:76)\n    at visitFailedByErr (http://localhost:3000/__cypress/runner/cypress_runner.js:133098:12)\n    at <unknown> (http://localhost:3000/__cypress/runner/cypress_runner.js:133675:13)\n    at tryCatcher (http://localhost:3000/__cypress/runner/cypress_runner.js:1777:23)\n    at Promise._settlePromiseFromHandler (http://localhost:3000/__cypress/runner/cypress_runner.js:1489:31)\n    at Promise._settlePromise (http://localhost:3000/__cypress/runner/cypress_runner.js:1546:18)\n    at Promise._settlePromise0 (http://localhost:3000/__cypress/runner/cypress_runner.js:1591:10)\n    at Promise._settlePromises (http://localhost:3000/__cypress/runner/cypress_runner.js:1667:18)\n    at _drainQueueStep (http://localhost:3000/__cypress/runner/cypress_runner.js:2377:12)\n    at _drainQueue (http://localhost:3000/__cypress/runner/cypress_runner.js:2370:9)\n    at Async._drainQueues (http://localhost:3000/__cypress/runner/cypress_runner.js:2386:5)\n    at Async.drainQueues (http://localhost:3000/__cypress/runner/cypress_runner.js:2256:14)\nFrom Your Spec Code:\n    at Context.eval (webpack://mathildanesth/./cypress/support/commands.ts:124:7)\n    at wrapped (http://localhost:3000/__cypress/runner/cypress_runner.js:140147:43)",
                "diff": null
              },
              "uuid": "711b0ab9-bf82-4ff2-b20d-4db936df4cc8",
              "parentUUID": "7cdd73e9-124d-4fc3-8f2c-9ea908b0aa68",
              "isHook": false,
              "skipped": false
            },
            {
              "title": "affiche l'historique des ajustements de quotas",
              "fullTitle": "Gestion des quotas de congés affiche l'historique des ajustements de quotas",
              "timedOut": null,
              "duration": 636,
              "state": "failed",
              "speed": null,
              "pass": false,
              "fail": true,
              "pending": false,
              "context": null,
              "code": "// Se connecter\ncy.loginByApi(testUser.email, testUser.password);\n// Accéder à la page d'historique des quotas\ncy.visitAsAuthenticatedUser('/conges/quotas/history');\n// Vérifier que l'historique est affiché\ncy.get('[data-cy=quota-history]').should('be.visible');\n// Vérifier qu'on peut filtrer par type d'opération\ncy.get('[data-cy=filter-by-operation]').click();\ncy.get('[data-cy=operation-option-adjustment]').click();\n// Vérifier qu'on peut filtrer par date\ncy.get('[data-cy=filter-by-date]').click();\ncy.get('[data-cy=date-option-this-year]').click();\n// Vérifier que les résultats filtrés s'affichent\ncy.get('[data-cy=history-item]').should('have.length.at.least', 1);",
              "err": {
                "message": "CypressError: `cy.visit()` failed trying to load:\n\nhttp://localhost:3000/conges/quotas/history\n\nThe response we received from your web server was:\n\n  > 404: Not Found\n\nThis was considered a failure because the status code was not `2xx`.\n\nIf you do not want status codes to cause failures pass the option: `failOnStatusCode: false`",
                "estack": "CypressError: `cy.visit()` failed trying to load:\n\nhttp://localhost:3000/conges/quotas/history\n\nThe response we received from your web server was:\n\n  > 404: Not Found\n\nThis was considered a failure because the status code was not `2xx`.\n\nIf you do not want status codes to cause failures pass the option: `failOnStatusCode: false`\n    at <unknown> (http://localhost:3000/__cypress/runner/cypress_runner.js:133692:76)\n    at visitFailedByErr (http://localhost:3000/__cypress/runner/cypress_runner.js:133098:12)\n    at <unknown> (http://localhost:3000/__cypress/runner/cypress_runner.js:133675:13)\n    at tryCatcher (http://localhost:3000/__cypress/runner/cypress_runner.js:1777:23)\n    at Promise._settlePromiseFromHandler (http://localhost:3000/__cypress/runner/cypress_runner.js:1489:31)\n    at Promise._settlePromise (http://localhost:3000/__cypress/runner/cypress_runner.js:1546:18)\n    at Promise._settlePromise0 (http://localhost:3000/__cypress/runner/cypress_runner.js:1591:10)\n    at Promise._settlePromises (http://localhost:3000/__cypress/runner/cypress_runner.js:1667:18)\n    at _drainQueueStep (http://localhost:3000/__cypress/runner/cypress_runner.js:2377:12)\n    at _drainQueue (http://localhost:3000/__cypress/runner/cypress_runner.js:2370:9)\n    at Async._drainQueues (http://localhost:3000/__cypress/runner/cypress_runner.js:2386:5)\n    at Async.drainQueues (http://localhost:3000/__cypress/runner/cypress_runner.js:2256:14)\nFrom Your Spec Code:\n    at Context.eval (webpack://mathildanesth/./cypress/support/commands.ts:124:7)\n    at wrapped (http://localhost:3000/__cypress/runner/cypress_runner.js:140147:43)",
                "diff": null
              },
              "uuid": "a711bff3-56e1-48e5-b05d-30c4fa2c920d",
              "parentUUID": "7cdd73e9-124d-4fc3-8f2c-9ea908b0aa68",
              "isHook": false,
              "skipped": false
            },
            {
              "title": "empêche de demander plus de jours que le quota disponible",
              "fullTitle": "Gestion des quotas de congés empêche de demander plus de jours que le quota disponible",
              "timedOut": null,
              "duration": 6517,
              "state": "failed",
              "speed": null,
              "pass": false,
              "fail": true,
              "pending": false,
              "context": null,
              "code": "// Se connecter\ncy.loginByApi(testUser.email, testUser.password);\n// Accéder à la page de demande de congés\ncy.visitAsAuthenticatedUser('/conges/nouveau');\n// Remplir le formulaire avec trop de jours\ncy.get('[data-cy=leave-type-select]').click();\ncy.get('[data-cy=leave-type-option-conges]').click();\n// Sélectionner une période très longue (plus que le quota disponible)\nvar startDate = new Date();\nstartDate.setDate(startDate.getDate() + 1);\nvar endDate = new Date();\nendDate.setDate(endDate.getDate() + 60); // 60 jours de congés (bien plus que le quota)\ncy.selectDate('[data-cy=start-date-input]', startDate);\ncy.selectDate('[data-cy=end-date-input]', endDate);\n// Ajouter un commentaire\ncy.get('[data-cy=leave-notes]').type('Longue absence');\n// Soumettre la demande\ncy.get('[data-cy=submit-leave-request]').click();\n// Vérifier le message d'erreur\ncy.get('[data-cy=notification-error]')\n    .should('be.visible')\n    .and('contain', 'Quota insuffisant');\n// Vérifier que le formulaire affiche une validation d'erreur\ncy.get('[data-cy=quota-error-message]')\n    .should('be.visible')\n    .and('contain', 'dépasse votre quota disponible');",
              "err": {
                "message": "AssertionError: Timed out retrying after 4000ms: Expected to find element: `[data-cy=leave-type-select]`, but never found it.",
                "estack": "AssertionError: Timed out retrying after 4000ms: Expected to find element: `[data-cy=leave-type-select]`, but never found it.\n    at Context.eval (webpack://mathildanesth/./cypress/e2e/conges/quota-management.spec.ts:193:11)",
                "diff": null
              },
              "uuid": "dd275b57-9c50-4d99-a661-56ebf6b19524",
              "parentUUID": "7cdd73e9-124d-4fc3-8f2c-9ea908b0aa68",
              "isHook": false,
              "skipped": false
            }
          ],
          "suites": [],
          "passes": [],
          "failures": [
            "2b695988-088e-450d-879b-5a41a2b1e118",
            "cb788fca-1296-4a6e-b25b-1453a4bc3379",
            "0848e329-34ac-4846-a89b-087975c9d47d",
            "711b0ab9-bf82-4ff2-b20d-4db936df4cc8",
            "a711bff3-56e1-48e5-b05d-30c4fa2c920d",
            "dd275b57-9c50-4d99-a661-56ebf6b19524"
          ],
          "pending": [],
          "skipped": [],
          "duration": 19908,
          "root": false,
          "rootEmpty": false,
          "_timeout": 2000
        }
      ],
      "passes": [],
      "failures": [],
      "pending": [],
      "skipped": [],
      "duration": 0,
      "root": true,
      "rootEmpty": true,
      "_timeout": 2000
    }
  ],
  "meta": {
    "mocha": {
      "version": "7.2.0"
    },
    "mochawesome": {
      "options": {
        "quiet": false,
        "reportFilename": "mochawesome",
        "saveHtml": false,
        "saveJson": true,
        "consoleReporter": "spec",
        "useInlineDiffs": false,
        "code": true
      },
      "version": "7.1.3"
    },
    "marge": {
      "options": {
        "id": "default",
        "reportDir": "cypress/reports/mocha",
        "quite": true,
        "overwrite": false,
        "html": false,
        "json": true
      },
      "version": "6.2.0"
    }
  }
}