{
  "stats": {
    "suites": 1,
    "tests": 5,
    "passes": 0,
    "pending": 0,
    "failures": 5,
    "start": "2025-05-30T05:13:10.276Z",
    "end": "2025-05-30T05:13:33.018Z",
    "duration": 22742,
    "testsRegistered": 5,
    "passPercent": 0,
    "pendingPercent": 0,
    "other": 1,
    "hasOther": true,
    "skipped": 0,
    "hasSkipped": false
  },
  "results": [
    {
      "uuid": "f522ac56-c488-4356-9bf0-bb2eb53ff299",
      "title": "",
      "fullFile": "cypress/e2e/accessibility/accessibility-tests.spec.ts",
      "file": "cypress/e2e/accessibility/accessibility-tests.spec.ts",
      "beforeHooks": [],
      "afterHooks": [],
      "tests": [],
      "suites": [
        {
          "uuid": "e90f969a-81a1-43d0-91f5-7dccdab4d384",
          "title": "Tests d'accessibilité",
          "fullFile": "",
          "file": "",
          "beforeHooks": [],
          "afterHooks": [],
          "tests": [
            {
              "title": "vérifie l'accessibilité de la page d'accueil",
              "fullTitle": "Tests d'accessibilité vérifie l'accessibilité de la page d'accueil",
              "timedOut": null,
              "duration": 676,
              "state": "failed",
              "speed": null,
              "pass": false,
              "fail": true,
              "pending": false,
              "context": null,
              "code": "cy.visitAsAuthenticatedUser('/tableau-de-bord');\n// Injecter et vérifier l'accessibilité\ncy.checkAccessibility();",
              "err": {
                "message": "TypeError: cy.checkAccessibility is not a function",
                "estack": "TypeError: cy.checkAccessibility is not a function\n    at Context.eval (webpack://mathildanesth/./cypress/e2e/accessibility/accessibility-tests.spec.ts:26:11)\n    at runnable.fn (http://localhost:3001/__cypress/runner/cypress_runner.js:140440:19)\n    at callFn (http://localhost:3001/__cypress/runner/cypress_runner.js:159518:21)\n    at Runnable.run (http://localhost:3001/__cypress/runner/cypress_runner.js:159505:7)\n    at <unknown> (http://localhost:3001/__cypress/runner/cypress_runner.js:165577:30)\n    at PassThroughHandlerContext.finallyHandler (http://localhost:3001/__cypress/runner/cypress_runner.js:4042:23)\n    at PassThroughHandlerContext.tryCatcher (http://localhost:3001/__cypress/runner/cypress_runner.js:1777:23)\n    at Promise._settlePromiseFromHandler (http://localhost:3001/__cypress/runner/cypress_runner.js:1489:31)\n    at Promise._settlePromise (http://localhost:3001/__cypress/runner/cypress_runner.js:1546:18)",
                "diff": null
              },
              "uuid": "535ed7d0-3fab-4030-83c4-f3ee2d6191f6",
              "parentUUID": "e90f969a-81a1-43d0-91f5-7dccdab4d384",
              "isHook": false,
              "skipped": false
            },
            {
              "title": "vérifie l'accessibilité de la page de congés",
              "fullTitle": "Tests d'accessibilité vérifie l'accessibilité de la page de congés",
              "timedOut": null,
              "duration": 587,
              "state": "failed",
              "speed": null,
              "pass": false,
              "fail": true,
              "pending": false,
              "context": null,
              "code": "cy.visitAsAuthenticatedUser('/conges');\n// Injecter et vérifier l'accessibilité\ncy.checkAccessibility();",
              "err": {
                "message": "TypeError: cy.checkAccessibility is not a function",
                "estack": "TypeError: cy.checkAccessibility is not a function\n    at Context.eval (webpack://mathildanesth/./cypress/e2e/accessibility/accessibility-tests.spec.ts:33:11)\n    at runnable.fn (http://localhost:3001/__cypress/runner/cypress_runner.js:140440:19)\n    at callFn (http://localhost:3001/__cypress/runner/cypress_runner.js:159518:21)\n    at Runnable.run (http://localhost:3001/__cypress/runner/cypress_runner.js:159505:7)\n    at <unknown> (http://localhost:3001/__cypress/runner/cypress_runner.js:165577:30)\n    at PassThroughHandlerContext.finallyHandler (http://localhost:3001/__cypress/runner/cypress_runner.js:4042:23)\n    at PassThroughHandlerContext.tryCatcher (http://localhost:3001/__cypress/runner/cypress_runner.js:1777:23)\n    at Promise._settlePromiseFromHandler (http://localhost:3001/__cypress/runner/cypress_runner.js:1489:31)\n    at Promise._settlePromise (http://localhost:3001/__cypress/runner/cypress_runner.js:1546:18)",
                "diff": null
              },
              "uuid": "c58b5e77-a16a-44d5-a635-7353fce065d6",
              "parentUUID": "e90f969a-81a1-43d0-91f5-7dccdab4d384",
              "isHook": false,
              "skipped": false
            },
            {
              "title": "vérifie l'accessibilité de la page de planning",
              "fullTitle": "Tests d'accessibilité vérifie l'accessibilité de la page de planning",
              "timedOut": null,
              "duration": 559,
              "state": "failed",
              "speed": null,
              "pass": false,
              "fail": true,
              "pending": false,
              "context": null,
              "code": "cy.visitAsAuthenticatedUser('/planning/hebdomadaire');\n// Injecter et vérifier l'accessibilité\ncy.checkAccessibility();",
              "err": {
                "message": "TypeError: cy.checkAccessibility is not a function",
                "estack": "TypeError: cy.checkAccessibility is not a function\n    at Context.eval (webpack://mathildanesth/./cypress/e2e/accessibility/accessibility-tests.spec.ts:40:11)\n    at runnable.fn (http://localhost:3001/__cypress/runner/cypress_runner.js:140440:19)\n    at callFn (http://localhost:3001/__cypress/runner/cypress_runner.js:159518:21)\n    at Runnable.run (http://localhost:3001/__cypress/runner/cypress_runner.js:159505:7)\n    at <unknown> (http://localhost:3001/__cypress/runner/cypress_runner.js:165577:30)\n    at PassThroughHandlerContext.finallyHandler (http://localhost:3001/__cypress/runner/cypress_runner.js:4042:23)\n    at PassThroughHandlerContext.tryCatcher (http://localhost:3001/__cypress/runner/cypress_runner.js:1777:23)\n    at Promise._settlePromiseFromHandler (http://localhost:3001/__cypress/runner/cypress_runner.js:1489:31)\n    at Promise._settlePromise (http://localhost:3001/__cypress/runner/cypress_runner.js:1546:18)",
                "diff": null
              },
              "uuid": "63994d0f-1946-4af1-9df6-b4209a2874e0",
              "parentUUID": "e90f969a-81a1-43d0-91f5-7dccdab4d384",
              "isHook": false,
              "skipped": false
            },
            {
              "title": "vérifie l'accessibilité du calendrier",
              "fullTitle": "Tests d'accessibilité vérifie l'accessibilité du calendrier",
              "timedOut": null,
              "duration": 665,
              "state": "failed",
              "speed": null,
              "pass": false,
              "fail": true,
              "pending": false,
              "context": null,
              "code": "cy.visitAsAuthenticatedUser('/calendrier');\n// Injecter et vérifier l'accessibilité\ncy.checkAccessibility();",
              "err": {
                "message": "TypeError: cy.checkAccessibility is not a function",
                "estack": "TypeError: cy.checkAccessibility is not a function\n    at Context.eval (webpack://mathildanesth/./cypress/e2e/accessibility/accessibility-tests.spec.ts:47:11)\n    at runnable.fn (http://localhost:3001/__cypress/runner/cypress_runner.js:140440:19)\n    at callFn (http://localhost:3001/__cypress/runner/cypress_runner.js:159518:21)\n    at Runnable.run (http://localhost:3001/__cypress/runner/cypress_runner.js:159505:7)\n    at <unknown> (http://localhost:3001/__cypress/runner/cypress_runner.js:165577:30)\n    at PassThroughHandlerContext.finallyHandler (http://localhost:3001/__cypress/runner/cypress_runner.js:4042:23)\n    at PassThroughHandlerContext.tryCatcher (http://localhost:3001/__cypress/runner/cypress_runner.js:1777:23)\n    at Promise._settlePromiseFromHandler (http://localhost:3001/__cypress/runner/cypress_runner.js:1489:31)\n    at Promise._settlePromise (http://localhost:3001/__cypress/runner/cypress_runner.js:1546:18)",
                "diff": null
              },
              "uuid": "9f4e81ec-3a9f-4f75-a146-7d090a6e008c",
              "parentUUID": "e90f969a-81a1-43d0-91f5-7dccdab4d384",
              "isHook": false,
              "skipped": false
            },
            {
              "title": "vérifie l'accessibilité du formulaire de demande de congés",
              "fullTitle": "Tests d'accessibilité vérifie l'accessibilité du formulaire de demande de congés",
              "timedOut": null,
              "duration": 10107,
              "state": "failed",
              "speed": null,
              "pass": false,
              "fail": true,
              "pending": false,
              "context": null,
              "code": "cy.visitAsAuthenticatedUser('/conges/nouveau');\n// Injecter et vérifier l'accessibilité avec une configuration personnalisée\ncy.checkAccessibility({\n    rules: {\n        'color-contrast': { enabled: true },\n        'label': { enabled: true },\n        'form-field-multiple-labels': { enabled: false }\n    }\n});",
              "err": {
                "message": "CypressError: `cy.request()` timed out waiting `10000ms` for a response from your server.\n\nThe request we sent was:\n\nMethod: GET\nURL: http://localhost:3001/__coverage__\n\nNo response was received within the timeout.\n\nhttps://on.cypress.io/request\n\nBecause this error occurred during a `after all` hook we are skipping all of the remaining tests.\n\nAlthough you have test retries enabled, we do not retry tests when `before all` or `after all` hooks fail",
                "estack": "CypressError: `cy.request()` timed out waiting `10000ms` for a response from your server.\n\nThe request we sent was:\n\nMethod: GET\nURL: http://localhost:3001/__coverage__\n\nNo response was received within the timeout.\n\nhttps://on.cypress.io/request\n\nBecause this error occurred during a `after all` hook we are skipping all of the remaining tests.\n\nAlthough you have test retries enabled, we do not retry tests when `before all` or `after all` hooks fail\n    at <unknown> (http://localhost:3001/__cypress/runner/cypress_runner.js:135014:70)\n    at tryCatcher (http://localhost:3001/__cypress/runner/cypress_runner.js:1777:23)\n    at <unknown> (http://localhost:3001/__cypress/runner/cypress_runner.js:4156:41)\n    at tryCatcher (http://localhost:3001/__cypress/runner/cypress_runner.js:1777:23)\n    at Promise._settlePromiseFromHandler (http://localhost:3001/__cypress/runner/cypress_runner.js:1489:31)\n    at Promise._settlePromise (http://localhost:3001/__cypress/runner/cypress_runner.js:1546:18)\n    at Promise._settlePromise0 (http://localhost:3001/__cypress/runner/cypress_runner.js:1591:10)\n    at Promise._settlePromises (http://localhost:3001/__cypress/runner/cypress_runner.js:1667:18)\n    at _drainQueueStep (http://localhost:3001/__cypress/runner/cypress_runner.js:2377:12)\n    at _drainQueue (http://localhost:3001/__cypress/runner/cypress_runner.js:2370:9)\n    at Async._drainQueues (http://localhost:3001/__cypress/runner/cypress_runner.js:2386:5)\n    at Async.drainQueues (http://localhost:3001/__cypress/runner/cypress_runner.js:2256:14)\nFrom Your Spec Code:\n    at captureCoverage (webpack://mathildanesth/./node_modules/@cypress/code-coverage/support.js:203:0)\n    at Context.collectBackendCoverage (webpack://mathildanesth/./node_modules/@cypress/code-coverage/support.js:238:0)",
                "diff": null
              },
              "uuid": "d24706b6-ea5b-436f-8f50-d8cfe61f3157",
              "parentUUID": "e90f969a-81a1-43d0-91f5-7dccdab4d384",
              "isHook": false,
              "skipped": false
            }
          ],
          "suites": [],
          "passes": [],
          "failures": [
            "535ed7d0-3fab-4030-83c4-f3ee2d6191f6",
            "c58b5e77-a16a-44d5-a635-7353fce065d6",
            "63994d0f-1946-4af1-9df6-b4209a2874e0",
            "9f4e81ec-3a9f-4f75-a146-7d090a6e008c",
            "d24706b6-ea5b-436f-8f50-d8cfe61f3157"
          ],
          "pending": [],
          "skipped": [],
          "duration": 12594,
          "root": false,
          "rootEmpty": false,
          "_timeout": 2000
        }
      ],
      "passes": [],
      "failures": [],
      "pending": [],
      "skipped": [],
      "duration": 0,
      "root": true,
      "rootEmpty": true,
      "_timeout": 2000
    }
  ],
  "meta": {
    "mocha": {
      "version": "7.2.0"
    },
    "mochawesome": {
      "options": {
        "quiet": false,
        "reportFilename": "mochawesome",
        "saveHtml": false,
        "saveJson": true,
        "consoleReporter": "spec",
        "useInlineDiffs": false,
        "code": true
      },
      "version": "7.1.3"
    },
    "marge": {
      "options": {
        "id": "default",
        "reportDir": "cypress/reports/mocha",
        "quite": true,
        "overwrite": false,
        "html": false,
        "json": true
      },
      "version": "6.2.0"
    }
  }
}