{
  "stats": {
    "suites": 1,
    "tests": 5,
    "passes": 0,
    "pending": 0,
    "failures": 5,
    "start": "2025-05-04T18:48:15.037Z",
    "end": "2025-05-04T18:48:22.453Z",
    "duration": 7416,
    "testsRegistered": 5,
    "passPercent": 0,
    "pendingPercent": 0,
    "other": 0,
    "hasOther": false,
    "skipped": 0,
    "hasSkipped": false
  },
  "results": [
    {
      "uuid": "cb563cdb-416d-4918-99c2-a119aa77de87",
      "title": "",
      "fullFile": "cypress/e2e/conges/leave-management.spec.ts",
      "file": "cypress/e2e/conges/leave-management.spec.ts",
      "beforeHooks": [],
      "afterHooks": [],
      "tests": [],
      "suites": [
        {
          "uuid": "29e6d9e8-914a-42f7-96da-ca198ec87658",
          "title": "Gestion des congés",
          "fullFile": "",
          "file": "",
          "beforeHooks": [],
          "afterHooks": [],
          "tests": [
            {
              "title": "permet de créer une nouvelle demande de congés",
              "fullTitle": "Gestion des congés permet de créer une nouvelle demande de congés",
              "timedOut": null,
              "duration": 1249,
              "state": "failed",
              "speed": null,
              "pass": false,
              "fail": true,
              "pending": false,
              "context": null,
              "code": "// Se connecter en tant que médecin\ncy.loginByApi(testUser.email, testUser.password);\n// Accéder à la page de demande de congés\ncy.visitAsAuthenticatedUser('/conges/nouveau');\n// Remplir le formulaire de demande\ncy.get('[data-cy=leave-type-select]').click();\ncy.get('[data-cy=leave-type-option-conges]').click();\n// Sélectionner les dates\nvar tomorrow = new Date();\ntomorrow.setDate(tomorrow.getDate() + 1);\nvar nextWeek = new Date();\nnextWeek.setDate(nextWeek.getDate() + 7);\ncy.selectDate('[data-cy=start-date-input]', tomorrow);\ncy.selectDate('[data-cy=end-date-input]', nextWeek);\n// Ajouter un commentaire\ncy.get('[data-cy=leave-notes]').type('Congés pour raisons personnelles');\n// Intercepter la requête de création\ncy.intercept('POST', '**/api/conges').as('createLeave');\n// Soumettre la demande\ncy.get('[data-cy=submit-leave-request]').click();\n// Attendre la réponse de l'API\ncy.wait('@createLeave').its('response.statusCode').should('eq', 201);\n// Vérifier le message de succès\ncy.get('[data-cy=notification-success]')\n    .should('be.visible')\n    .and('contain', 'Demande de congés soumise avec succès');\n// Vérifier que la demande apparaît dans la liste des congés\ncy.visitAsAuthenticatedUser('/conges');\ncy.get('[data-cy=leave-list]').should('contain', 'Congés pour raisons personnelles');",
              "err": {
                "message": "CypressError: Cypress detected that you returned a promise from a command while also invoking one or more cy commands in that promise.\n\nThe command that returned the promise was:\n\n  > `cy.visit()`\n\nThe cy command you invoked inside the promise was:\n\n  > `cy.intercept()`\n\nBecause Cypress commands are already promise-like, you don't need to wrap them or return your own promise.\n\nCypress will resolve your command with whatever the final Cypress command yields.\n\nThe reason this is an error instead of a warning is because Cypress internally queues commands serially whereas Promises execute as soon as they are invoked. Attempting to reconcile this would prevent Cypress from ever resolving.\n\nhttps://on.cypress.io/returning-promise-and-commands-in-another-command",
                "estack": "CypressError: Cypress detected that you returned a promise from a command while also invoking one or more cy commands in that promise.\n\nThe command that returned the promise was:\n\n  > `cy.visit()`\n\nThe cy command you invoked inside the promise was:\n\n  > `cy.intercept()`\n\nBecause Cypress commands are already promise-like, you don't need to wrap them or return your own promise.\n\nCypress will resolve your command with whatever the final Cypress command yields.\n\nThe reason this is an error instead of a warning is because Cypress internally queues commands serially whereas Promises execute as soon as they are invoked. Attempting to reconcile this would prevent Cypress from ever resolving.\n\nhttps://on.cypress.io/returning-promise-and-commands-in-another-command\n    at cy.<computed> [as intercept] (http://localhost:3000/__cypress/runner/cypress_runner.js:140215:64)\n    at Context.onBeforeLoad (webpack://mathildanesth/./cypress/support/commands.ts:124:15)\n    at $Cy.onBeforeLoad (http://localhost:3000/__cypress/runner/cypress_runner.js:133421:132)\n    at $Cy.listener (http://localhost:3000/__cypress/runner/cypress_runner.js:143179:17)\n    at EventEmitter.emit (http://localhost:3000/__cypress/runner/cypress_runner.js:143259:19)\n    at parent.<computed> [as emit] (http://localhost:3000/__cypress/runner/cypress_runner.js:142172:32)\n    at $Cypress.action (http://localhost:3000/__cypress/runner/cypress_runner.js:41679:21)\n    at <unknown> (http://localhost:3000/conges/nouveau:1:1409)\n    at <unknown> (http://localhost:3000/conges/nouveau:1:1450)\nFrom Your Spec Code:\n    at Context.eval (webpack://mathildanesth/./cypress/support/commands.ts:118:7)\n    at wrapped (http://localhost:3000/__cypress/runner/cypress_runner.js:140147:43)",
                "diff": null
              },
              "uuid": "5cff3373-59d1-4d22-b7f9-996bc78142b7",
              "parentUUID": "29e6d9e8-914a-42f7-96da-ca198ec87658",
              "isHook": false,
              "skipped": false
            },
            {
              "title": "permet à un administrateur de valider une demande de congés",
              "fullTitle": "Gestion des congés permet à un administrateur de valider une demande de congés",
              "timedOut": null,
              "duration": 1182,
              "state": "failed",
              "speed": null,
              "pass": false,
              "fail": true,
              "pending": false,
              "context": null,
              "code": "// Se connecter en tant qu'administrateur\ncy.loginByApi(adminUser.email, adminUser.password);\n// Accéder à la page de gestion des congés\ncy.visitAsAuthenticatedUser('/admin/conges');\n// Chercher une demande en attente\ncy.get('[data-cy=pending-leaves-tab]').click();\n// Sélectionner la première demande en attente\ncy.get('[data-cy=leave-item]:contains(\"Vacances d\\'été\")').first().as('targetLeave');\n// Ouvrir le menu d'actions\ncy.get('@targetLeave').find('[data-cy=leave-actions]').click();\ncy.get('[data-cy=approve-leave-action]').click();\n// Intercepter la requête d'approbation\ncy.intercept('PUT', '**/api/conges/**/approve').as('approveLeave');\n// Confirmer l'approbation\ncy.get('[data-cy=confirm-approve-button]').click();\n// Attendre la réponse de l'API\ncy.wait('@approveLeave').its('response.statusCode').should('eq', 200);\n// Vérifier le message de succès\ncy.get('[data-cy=notification-success]')\n    .should('be.visible')\n    .and('contain', 'Demande de congés approuvée');\n// Vérifier que la demande apparaît dans l'onglet des congés approuvés\ncy.get('[data-cy=approved-leaves-tab]').click();\ncy.get('[data-cy=leave-list]').should('contain', 'Vacances d\\'été');",
              "err": {
                "message": "CypressError: Cypress detected that you returned a promise from a command while also invoking one or more cy commands in that promise.\n\nThe command that returned the promise was:\n\n  > `cy.visit()`\n\nThe cy command you invoked inside the promise was:\n\n  > `cy.intercept()`\n\nBecause Cypress commands are already promise-like, you don't need to wrap them or return your own promise.\n\nCypress will resolve your command with whatever the final Cypress command yields.\n\nThe reason this is an error instead of a warning is because Cypress internally queues commands serially whereas Promises execute as soon as they are invoked. Attempting to reconcile this would prevent Cypress from ever resolving.\n\nhttps://on.cypress.io/returning-promise-and-commands-in-another-command",
                "estack": "CypressError: Cypress detected that you returned a promise from a command while also invoking one or more cy commands in that promise.\n\nThe command that returned the promise was:\n\n  > `cy.visit()`\n\nThe cy command you invoked inside the promise was:\n\n  > `cy.intercept()`\n\nBecause Cypress commands are already promise-like, you don't need to wrap them or return your own promise.\n\nCypress will resolve your command with whatever the final Cypress command yields.\n\nThe reason this is an error instead of a warning is because Cypress internally queues commands serially whereas Promises execute as soon as they are invoked. Attempting to reconcile this would prevent Cypress from ever resolving.\n\nhttps://on.cypress.io/returning-promise-and-commands-in-another-command\n    at cy.<computed> [as intercept] (http://localhost:3000/__cypress/runner/cypress_runner.js:140215:64)\n    at Context.onBeforeLoad (webpack://mathildanesth/./cypress/support/commands.ts:124:15)\n    at $Cy.onBeforeLoad (http://localhost:3000/__cypress/runner/cypress_runner.js:133421:132)\n    at $Cy.listener (http://localhost:3000/__cypress/runner/cypress_runner.js:143179:17)\n    at EventEmitter.emit (http://localhost:3000/__cypress/runner/cypress_runner.js:143259:19)\n    at parent.<computed> [as emit] (http://localhost:3000/__cypress/runner/cypress_runner.js:142172:32)\n    at $Cypress.action (http://localhost:3000/__cypress/runner/cypress_runner.js:41679:21)\n    at <unknown> (http://localhost:3000/admin/conges:1:1409)\n    at <unknown> (http://localhost:3000/admin/conges:1:1450)\nFrom Your Spec Code:\n    at Context.eval (webpack://mathildanesth/./cypress/support/commands.ts:118:7)\n    at wrapped (http://localhost:3000/__cypress/runner/cypress_runner.js:140147:43)",
                "diff": null
              },
              "uuid": "ad3ccd87-d173-48a3-9995-aa910c537f19",
              "parentUUID": "29e6d9e8-914a-42f7-96da-ca198ec87658",
              "isHook": false,
              "skipped": false
            },
            {
              "title": "permet à un administrateur de rejeter une demande de congés",
              "fullTitle": "Gestion des congés permet à un administrateur de rejeter une demande de congés",
              "timedOut": null,
              "duration": 1302,
              "state": "failed",
              "speed": null,
              "pass": false,
              "fail": true,
              "pending": false,
              "context": null,
              "code": "// Se connecter en tant qu'administrateur\ncy.loginByApi(adminUser.email, adminUser.password);\n// Accéder à la page de gestion des congés\ncy.visitAsAuthenticatedUser('/admin/conges');\n// Chercher une demande en attente\ncy.get('[data-cy=pending-leaves-tab]').click();\n// Sélectionner la première demande en attente\ncy.get('[data-cy=leave-item]:contains(\"Vacances de Noël\")').first().as('targetLeave');\n// Ouvrir le menu d'actions\ncy.get('@targetLeave').find('[data-cy=leave-actions]').click();\ncy.get('[data-cy=reject-leave-action]').click();\n// Remplir le motif de rejet\ncy.get('[data-cy=rejection-reason]').type('Personnel insuffisant pour cette période');\n// Intercepter la requête de rejet\ncy.intercept('PUT', '**/api/conges/**/reject').as('rejectLeave');\n// Confirmer le rejet\ncy.get('[data-cy=confirm-reject-button]').click();\n// Attendre la réponse de l'API\ncy.wait('@rejectLeave').its('response.statusCode').should('eq', 200);\n// Vérifier le message de succès\ncy.get('[data-cy=notification-success]')\n    .should('be.visible')\n    .and('contain', 'Demande de congés rejetée');\n// Vérifier que la demande apparaît dans l'onglet des congés rejetés\ncy.get('[data-cy=rejected-leaves-tab]').click();\ncy.get('[data-cy=leave-list]').should('contain', 'Vacances de Noël');",
              "err": {
                "message": "CypressError: Cypress detected that you returned a promise from a command while also invoking one or more cy commands in that promise.\n\nThe command that returned the promise was:\n\n  > `cy.visit()`\n\nThe cy command you invoked inside the promise was:\n\n  > `cy.intercept()`\n\nBecause Cypress commands are already promise-like, you don't need to wrap them or return your own promise.\n\nCypress will resolve your command with whatever the final Cypress command yields.\n\nThe reason this is an error instead of a warning is because Cypress internally queues commands serially whereas Promises execute as soon as they are invoked. Attempting to reconcile this would prevent Cypress from ever resolving.\n\nhttps://on.cypress.io/returning-promise-and-commands-in-another-command",
                "estack": "CypressError: Cypress detected that you returned a promise from a command while also invoking one or more cy commands in that promise.\n\nThe command that returned the promise was:\n\n  > `cy.visit()`\n\nThe cy command you invoked inside the promise was:\n\n  > `cy.intercept()`\n\nBecause Cypress commands are already promise-like, you don't need to wrap them or return your own promise.\n\nCypress will resolve your command with whatever the final Cypress command yields.\n\nThe reason this is an error instead of a warning is because Cypress internally queues commands serially whereas Promises execute as soon as they are invoked. Attempting to reconcile this would prevent Cypress from ever resolving.\n\nhttps://on.cypress.io/returning-promise-and-commands-in-another-command\n    at cy.<computed> [as intercept] (http://localhost:3000/__cypress/runner/cypress_runner.js:140215:64)\n    at Context.onBeforeLoad (webpack://mathildanesth/./cypress/support/commands.ts:124:15)\n    at $Cy.onBeforeLoad (http://localhost:3000/__cypress/runner/cypress_runner.js:133421:132)\n    at $Cy.listener (http://localhost:3000/__cypress/runner/cypress_runner.js:143179:17)\n    at EventEmitter.emit (http://localhost:3000/__cypress/runner/cypress_runner.js:143259:19)\n    at parent.<computed> [as emit] (http://localhost:3000/__cypress/runner/cypress_runner.js:142172:32)\n    at $Cypress.action (http://localhost:3000/__cypress/runner/cypress_runner.js:41679:21)\n    at <unknown> (http://localhost:3000/admin/conges:1:1409)\n    at <unknown> (http://localhost:3000/admin/conges:1:1450)\nFrom Your Spec Code:\n    at Context.eval (webpack://mathildanesth/./cypress/support/commands.ts:118:7)\n    at wrapped (http://localhost:3000/__cypress/runner/cypress_runner.js:140147:43)",
                "diff": null
              },
              "uuid": "f003fcef-a3c6-4bc0-8e8a-f942623ee625",
              "parentUUID": "29e6d9e8-914a-42f7-96da-ca198ec87658",
              "isHook": false,
              "skipped": false
            },
            {
              "title": "permet à un utilisateur de modifier une demande en attente",
              "fullTitle": "Gestion des congés permet à un utilisateur de modifier une demande en attente",
              "timedOut": null,
              "duration": 1227,
              "state": "failed",
              "speed": null,
              "pass": false,
              "fail": true,
              "pending": false,
              "context": null,
              "code": "// Se connecter\ncy.loginByApi(testUser.email, testUser.password);\n// Accéder à la page de gestion des congés\ncy.visitAsAuthenticatedUser('/conges');\n// Trouver une demande en attente et cliquer dessus\ncy.get('[data-cy=leave-item]:contains(\"Vacances de Noël\")').click();\n// Cliquer sur le bouton Modifier\ncy.get('[data-cy=edit-leave-button]').click();\n// Modifier la date de fin\nvar newEndDate = new Date('2024-12-28T23:59:59.999Z');\ncy.selectDate('[data-cy=end-date-input]', newEndDate);\n// Modifier les notes\ncy.get('[data-cy=leave-notes]').clear().type('Vacances de Noël prolongées');\n// Intercepter la requête de mise à jour\ncy.intercept('PUT', '**/api/conges/**').as('updateLeave');\n// Soumettre les modifications\ncy.get('[data-cy=submit-leave-request]').click();\n// Attendre la réponse de l'API\ncy.wait('@updateLeave').its('response.statusCode').should('eq', 200);\n// Vérifier le message de succès\ncy.get('[data-cy=notification-success]')\n    .should('be.visible')\n    .and('contain', 'Demande de congés mise à jour');\n// Vérifier que les modifications sont visibles\ncy.visitAsAuthenticatedUser('/conges');\ncy.get('[data-cy=leave-item]:contains(\"Vacances de Noël prolongées\")').should('be.visible');",
              "err": {
                "message": "CypressError: Cypress detected that you returned a promise from a command while also invoking one or more cy commands in that promise.\n\nThe command that returned the promise was:\n\n  > `cy.visit()`\n\nThe cy command you invoked inside the promise was:\n\n  > `cy.intercept()`\n\nBecause Cypress commands are already promise-like, you don't need to wrap them or return your own promise.\n\nCypress will resolve your command with whatever the final Cypress command yields.\n\nThe reason this is an error instead of a warning is because Cypress internally queues commands serially whereas Promises execute as soon as they are invoked. Attempting to reconcile this would prevent Cypress from ever resolving.\n\nhttps://on.cypress.io/returning-promise-and-commands-in-another-command",
                "estack": "CypressError: Cypress detected that you returned a promise from a command while also invoking one or more cy commands in that promise.\n\nThe command that returned the promise was:\n\n  > `cy.visit()`\n\nThe cy command you invoked inside the promise was:\n\n  > `cy.intercept()`\n\nBecause Cypress commands are already promise-like, you don't need to wrap them or return your own promise.\n\nCypress will resolve your command with whatever the final Cypress command yields.\n\nThe reason this is an error instead of a warning is because Cypress internally queues commands serially whereas Promises execute as soon as they are invoked. Attempting to reconcile this would prevent Cypress from ever resolving.\n\nhttps://on.cypress.io/returning-promise-and-commands-in-another-command\n    at cy.<computed> [as intercept] (http://localhost:3000/__cypress/runner/cypress_runner.js:140215:64)\n    at Context.onBeforeLoad (webpack://mathildanesth/./cypress/support/commands.ts:124:15)\n    at $Cy.onBeforeLoad (http://localhost:3000/__cypress/runner/cypress_runner.js:133421:132)\n    at $Cy.listener (http://localhost:3000/__cypress/runner/cypress_runner.js:143179:17)\n    at EventEmitter.emit (http://localhost:3000/__cypress/runner/cypress_runner.js:143259:19)\n    at parent.<computed> [as emit] (http://localhost:3000/__cypress/runner/cypress_runner.js:142172:32)\n    at $Cypress.action (http://localhost:3000/__cypress/runner/cypress_runner.js:41679:21)\n    at <unknown> (http://localhost:3000/conges:1:1409)\n    at <unknown> (http://localhost:3000/conges:1:1450)\nFrom Your Spec Code:\n    at Context.eval (webpack://mathildanesth/./cypress/support/commands.ts:118:7)\n    at wrapped (http://localhost:3000/__cypress/runner/cypress_runner.js:140147:43)",
                "diff": null
              },
              "uuid": "ec91feda-5ddb-4670-b778-32dad5787a0a",
              "parentUUID": "29e6d9e8-914a-42f7-96da-ca198ec87658",
              "isHook": false,
              "skipped": false
            },
            {
              "title": "permet à un utilisateur d'annuler une demande en attente",
              "fullTitle": "Gestion des congés permet à un utilisateur d'annuler une demande en attente",
              "timedOut": null,
              "duration": 1180,
              "state": "failed",
              "speed": null,
              "pass": false,
              "fail": true,
              "pending": false,
              "context": null,
              "code": "// Se connecter\ncy.loginByApi(testUser.email, testUser.password);\n// Accéder à la page de gestion des congés\ncy.visitAsAuthenticatedUser('/conges');\n// Trouver une demande en attente et cliquer dessus\ncy.get('[data-cy=leave-item]:contains(\"Vacances de Noël\")').click();\n// Cliquer sur le bouton Annuler\ncy.get('[data-cy=cancel-leave-button]').click();\n// Intercepter la requête d'annulation\ncy.intercept('DELETE', '**/api/conges/**').as('cancelLeave');\n// Confirmer l'annulation\ncy.get('[data-cy=confirm-cancel-button]').click();\n// Attendre la réponse de l'API\ncy.wait('@cancelLeave').its('response.statusCode').should('eq', 200);\n// Vérifier le message de succès\ncy.get('[data-cy=notification-success]')\n    .should('be.visible')\n    .and('contain', 'Demande de congés annulée');\n// Vérifier que la demande n'apparaît plus\ncy.get('[data-cy=leave-item]:contains(\"Vacances de Noël\")').should('not.exist');",
              "err": {
                "message": "CypressError: Cypress detected that you returned a promise from a command while also invoking one or more cy commands in that promise.\n\nThe command that returned the promise was:\n\n  > `cy.visit()`\n\nThe cy command you invoked inside the promise was:\n\n  > `cy.intercept()`\n\nBecause Cypress commands are already promise-like, you don't need to wrap them or return your own promise.\n\nCypress will resolve your command with whatever the final Cypress command yields.\n\nThe reason this is an error instead of a warning is because Cypress internally queues commands serially whereas Promises execute as soon as they are invoked. Attempting to reconcile this would prevent Cypress from ever resolving.\n\nhttps://on.cypress.io/returning-promise-and-commands-in-another-command",
                "estack": "CypressError: Cypress detected that you returned a promise from a command while also invoking one or more cy commands in that promise.\n\nThe command that returned the promise was:\n\n  > `cy.visit()`\n\nThe cy command you invoked inside the promise was:\n\n  > `cy.intercept()`\n\nBecause Cypress commands are already promise-like, you don't need to wrap them or return your own promise.\n\nCypress will resolve your command with whatever the final Cypress command yields.\n\nThe reason this is an error instead of a warning is because Cypress internally queues commands serially whereas Promises execute as soon as they are invoked. Attempting to reconcile this would prevent Cypress from ever resolving.\n\nhttps://on.cypress.io/returning-promise-and-commands-in-another-command\n    at cy.<computed> [as intercept] (http://localhost:3000/__cypress/runner/cypress_runner.js:140215:64)\n    at Context.onBeforeLoad (webpack://mathildanesth/./cypress/support/commands.ts:124:15)\n    at $Cy.onBeforeLoad (http://localhost:3000/__cypress/runner/cypress_runner.js:133421:132)\n    at $Cy.listener (http://localhost:3000/__cypress/runner/cypress_runner.js:143179:17)\n    at EventEmitter.emit (http://localhost:3000/__cypress/runner/cypress_runner.js:143259:19)\n    at parent.<computed> [as emit] (http://localhost:3000/__cypress/runner/cypress_runner.js:142172:32)\n    at $Cypress.action (http://localhost:3000/__cypress/runner/cypress_runner.js:41679:21)\n    at <unknown> (http://localhost:3000/conges:1:1409)\n    at <unknown> (http://localhost:3000/conges:1:1450)\nFrom Your Spec Code:\n    at Context.eval (webpack://mathildanesth/./cypress/support/commands.ts:118:7)\n    at wrapped (http://localhost:3000/__cypress/runner/cypress_runner.js:140147:43)",
                "diff": null
              },
              "uuid": "070c6a34-0464-4152-821f-327c0fe1a764",
              "parentUUID": "29e6d9e8-914a-42f7-96da-ca198ec87658",
              "isHook": false,
              "skipped": false
            }
          ],
          "suites": [],
          "passes": [],
          "failures": [
            "5cff3373-59d1-4d22-b7f9-996bc78142b7",
            "ad3ccd87-d173-48a3-9995-aa910c537f19",
            "f003fcef-a3c6-4bc0-8e8a-f942623ee625",
            "ec91feda-5ddb-4670-b778-32dad5787a0a",
            "070c6a34-0464-4152-821f-327c0fe1a764"
          ],
          "pending": [],
          "skipped": [],
          "duration": 6140,
          "root": false,
          "rootEmpty": false,
          "_timeout": 2000
        }
      ],
      "passes": [],
      "failures": [],
      "pending": [],
      "skipped": [],
      "duration": 0,
      "root": true,
      "rootEmpty": true,
      "_timeout": 2000
    }
  ],
  "meta": {
    "mocha": {
      "version": "7.2.0"
    },
    "mochawesome": {
      "options": {
        "quiet": false,
        "reportFilename": "mochawesome",
        "saveHtml": false,
        "saveJson": true,
        "consoleReporter": "spec",
        "useInlineDiffs": false,
        "code": true
      },
      "version": "7.1.3"
    },
    "marge": {
      "options": {
        "id": "default",
        "reportDir": "cypress/reports/mocha",
        "quite": true,
        "overwrite": false,
        "html": false,
        "json": true
      },
      "version": "6.2.0"
    }
  }
}