{
  "stats": {
    "suites": 2,
    "tests": 1,
    "passes": 0,
    "pending": 0,
    "failures": 1,
    "start": "2025-06-01T06:45:15.490Z",
    "end": "2025-06-01T06:46:06.701Z",
    "duration": 51211,
    "testsRegistered": 15,
    "passPercent": 0,
    "pendingPercent": 0,
    "other": 0,
    "hasOther": false,
    "skipped": 14,
    "hasSkipped": true
  },
  "results": [
    {
      "uuid": "aa21bf84-6d78-4d5d-9856-047c2ba59dbe",
      "title": "",
      "fullFile": "cypress/e2e/admin/leave-management.spec.ts",
      "file": "cypress/e2e/admin/leave-management.spec.ts",
      "beforeHooks": [],
      "afterHooks": [],
      "tests": [],
      "suites": [
        {
          "uuid": "a96e0560-7821-4749-b191-984207402e84",
          "title": "Admin - Gestion des Congés",
          "fullFile": "",
          "file": "",
          "beforeHooks": [],
          "afterHooks": [],
          "tests": [],
          "suites": [
            {
              "uuid": "bc89b9f3-6ca8-417a-bcce-f31fabda1d49",
              "title": "Tableau de bord des congés",
              "fullFile": "",
              "file": "",
              "beforeHooks": [],
              "afterHooks": [],
              "tests": [
                {
                  "title": "devrait afficher les statistiques globales",
                  "fullTitle": "Admin - Gestion des Congés Tableau de bord des congés devrait afficher les statistiques globales",
                  "timedOut": null,
                  "duration": 17069,
                  "state": "failed",
                  "speed": null,
                  "pass": false,
                  "fail": true,
                  "pending": false,
                  "context": null,
                  "code": "cy.get('[data-testid=\"leave-stats\"]').within(function () {\n    cy.get('[data-testid=\"pending-requests\"]').should('exist');\n    cy.get('[data-testid=\"approved-this-month\"]').should('exist');\n    cy.get('[data-testid=\"total-days-taken\"]').should('exist');\n    cy.get('[data-testid=\"upcoming-leaves\"]').should('exist');\n});",
                  "err": {
                    "message": "CypressError: Timed out retrying after 15050ms: `cy.click()` failed because this element is `disabled`:\n\n`<button type=\"submit\" data-testid=\"login-submit-button\" data-cy=\"submit-button\" disabled=\"\" class=\"w-full rounded-md bg-blue-600 px-4 py-2 text-white hover:bg-blue-700 focus:outline-none focus:ring-2 focus:ring-blue-500 focus:ring-offset-2 disabled:opacity-50 disabled:cursor-not-allowed transition-colors\">Se conn...</button>`\n\nFix this problem, or use `{force: true}` to disable error checking.\n\nhttps://on.cypress.io/element-cannot-be-interacted-with\n\nBecause this error occurred during a `before each` hook we are skipping the remaining tests in the current suite: `Admin - Gestion des Congés`",
                    "estack": "CypressError: Timed out retrying after 15050ms: `cy.click()` failed because this element is `disabled`:\n\n`<button type=\"submit\" data-testid=\"login-submit-button\" data-cy=\"submit-button\" disabled=\"\" class=\"w-full rounded-md bg-blue-600 px-4 py-2 text-white hover:bg-blue-700 focus:outline-none focus:ring-2 focus:ring-blue-500 focus:ring-offset-2 disabled:opacity-50 disabled:cursor-not-allowed transition-colors\">Se conn...</button>`\n\nFix this problem, or use `{force: true}` to disable error checking.\n\nhttps://on.cypress.io/element-cannot-be-interacted-with\n\nBecause this error occurred during a `before each` hook we are skipping the remaining tests in the current suite: `Admin - Gestion des Congés`\n    at Object.isNotDisabled (http://localhost:3000/__cypress/runner/cypress_runner.js:146985:58)\n    at runAllChecks (http://localhost:3000/__cypress/runner/cypress_runner.js:113392:26)\n    at retryActionability (http://localhost:3000/__cypress/runner/cypress_runner.js:113481:16)\n    at tryCatcher (http://localhost:3000/__cypress/runner/cypress_runner.js:1777:23)\n    at Promise.attempt.Promise.try (http://localhost:3000/__cypress/runner/cypress_runner.js:4285:29)\n    at whenStable (http://localhost:3000/__cypress/runner/cypress_runner.js:145846:68)\n    at <unknown> (http://localhost:3000/__cypress/runner/cypress_runner.js:145787:14)\n    at tryCatcher (http://localhost:3000/__cypress/runner/cypress_runner.js:1777:23)\n    at Promise._settlePromiseFromHandler (http://localhost:3000/__cypress/runner/cypress_runner.js:1489:31)\n    at Promise._settlePromise (http://localhost:3000/__cypress/runner/cypress_runner.js:1546:18)\n    at Promise._settlePromise0 (http://localhost:3000/__cypress/runner/cypress_runner.js:1591:10)\n    at Promise._settlePromises (http://localhost:3000/__cypress/runner/cypress_runner.js:1671:18)\n    at Promise._fulfill (http://localhost:3000/__cypress/runner/cypress_runner.js:1615:18)\n    at <unknown> (http://localhost:3000/__cypress/runner/cypress_runner.js:5420:46)\nFrom Your Spec Code:\n    at Context.eval (webpack://mathildanesth/./cypress/support/commands.ts:142:38)\n    at wrapped (http://localhost:3000/__cypress/runner/cypress_runner.js:140165:43)",
                    "diff": null
                  },
                  "uuid": "b2b032bf-515b-4c06-92f1-ab5a49f34f88",
                  "parentUUID": "bc89b9f3-6ca8-417a-bcce-f31fabda1d49",
                  "isHook": false,
                  "skipped": false
                },
                {
                  "title": "devrait afficher les demandes en attente en priorité",
                  "fullTitle": "Admin - Gestion des Congés Tableau de bord des congés devrait afficher les demandes en attente en priorité",
                  "timedOut": null,
                  "duration": 0,
                  "state": "skipped",
                  "speed": null,
                  "pass": false,
                  "fail": false,
                  "pending": false,
                  "context": null,
                  "code": "cy.get('[data-testid=\"pending-leaves-section\"]').should('be.visible');\ncy.get('[data-testid=\"pending-leave-card\"]').each(function ($card) {\n    cy.wrap($card).find('[data-testid=\"status-badge\"]').should('contain', 'En attente');\n    cy.wrap($card).find('[data-testid=\"approve-btn\"]').should('exist');\n    cy.wrap($card).find('[data-testid=\"reject-btn\"]').should('exist');\n});",
                  "err": {},
                  "uuid": "8fb9f21b-4ac2-4bab-977c-0d3e44df7f3e",
                  "parentUUID": "bc89b9f3-6ca8-417a-bcce-f31fabda1d49",
                  "isHook": false,
                  "skipped": true
                }
              ],
              "suites": [],
              "passes": [],
              "failures": [
                "b2b032bf-515b-4c06-92f1-ab5a49f34f88"
              ],
              "pending": [],
              "skipped": [
                "8fb9f21b-4ac2-4bab-977c-0d3e44df7f3e"
              ],
              "duration": 17069,
              "root": false,
              "rootEmpty": false,
              "_timeout": 2000
            },
            {
              "uuid": "3864ee04-0a67-4f25-b7ef-97be99c123cc",
              "title": "Validation des demandes",
              "fullFile": "",
              "file": "",
              "beforeHooks": [],
              "afterHooks": [],
              "tests": [
                {
                  "title": "devrait approuver une demande de congé",
                  "fullTitle": "Admin - Gestion des Congés Validation des demandes devrait approuver une demande de congé",
                  "timedOut": null,
                  "duration": 0,
                  "state": "skipped",
                  "speed": null,
                  "pass": false,
                  "fail": false,
                  "pending": false,
                  "context": null,
                  "code": "cy.get('[data-testid=\"pending-leave-card\"]').first().within(function () {\n    cy.get('[data-testid=\"user-name\"]').invoke('text').as('userName');\n    cy.get('[data-testid=\"leave-dates\"]').invoke('text').as('leaveDates');\n    cy.get('[data-testid=\"approve-btn\"]').click();\n});\ncy.get('[data-testid=\"approval-dialog\"]').should('be.visible');\ncy.get('[data-testid=\"approval-comment\"]').type('Approuvé pour raisons médicales');\ncy.get('[data-testid=\"confirm-approve-btn\"]').click();\ncy.get('[data-testid=\"success-toast\"]').should('contain', 'Demande approuvée');\n// Vérifier que la demande n'est plus dans les pending\ncy.get('@userName').then(function (name) {\n    cy.get('[data-testid=\"pending-leaves-section\"]').should('not.contain', name);\n});",
                  "err": {},
                  "uuid": "3f91f6ff-b165-4503-833a-6da53383d185",
                  "parentUUID": null,
                  "isHook": false,
                  "skipped": true
                },
                {
                  "title": "devrait rejeter une demande avec motif obligatoire",
                  "fullTitle": "Admin - Gestion des Congés Validation des demandes devrait rejeter une demande avec motif obligatoire",
                  "timedOut": null,
                  "duration": 0,
                  "state": "skipped",
                  "speed": null,
                  "pass": false,
                  "fail": false,
                  "pending": false,
                  "context": null,
                  "code": "cy.get('[data-testid=\"pending-leave-card\"]').first().find('[data-testid=\"reject-btn\"]').click();\ncy.get('[data-testid=\"rejection-dialog\"]').should('be.visible');\n// Tenter de soumettre sans motif\ncy.get('[data-testid=\"confirm-reject-btn\"]').click();\ncy.get('[data-testid=\"error-message\"]').should('contain', 'Motif requis');\n// Ajouter un motif\ncy.get('[data-testid=\"rejection-reason\"]').type('Effectifs insuffisants pendant cette période');\ncy.get('[data-testid=\"confirm-reject-btn\"]').click();\ncy.get('[data-testid=\"success-toast\"]').should('contain', 'Demande rejetée');",
                  "err": {},
                  "uuid": "59d22070-b6e7-440e-b9d5-eda2465353cc",
                  "parentUUID": null,
                  "isHook": false,
                  "skipped": true
                },
                {
                  "title": "devrait permettre la validation en masse",
                  "fullTitle": "Admin - Gestion des Congés Validation des demandes devrait permettre la validation en masse",
                  "timedOut": null,
                  "duration": 0,
                  "state": "skipped",
                  "speed": null,
                  "pass": false,
                  "fail": false,
                  "pending": false,
                  "context": null,
                  "code": "// Sélectionner plusieurs demandes\ncy.get('[data-testid=\"select-all-pending\"]').check();\ncy.get('[data-testid=\"bulk-actions\"]').should('be.visible');\ncy.get('[data-testid=\"bulk-approve-btn\"]').click();\ncy.get('[data-testid=\"bulk-approval-dialog\"]').should('be.visible');\ncy.get('[data-testid=\"bulk-comment\"]').type('Validation groupée - période calme');\ncy.get('[data-testid=\"confirm-bulk-approve\"]').click();\ncy.get('[data-testid=\"success-toast\"]').should('contain', 'demandes approuvées');",
                  "err": {},
                  "uuid": "fe886bf7-ac13-43a7-8c55-04a408e33029",
                  "parentUUID": null,
                  "isHook": false,
                  "skipped": true
                }
              ],
              "suites": [],
              "passes": [],
              "failures": [],
              "pending": [],
              "skipped": [
                "3f91f6ff-b165-4503-833a-6da53383d185",
                "59d22070-b6e7-440e-b9d5-eda2465353cc",
                "fe886bf7-ac13-43a7-8c55-04a408e33029"
              ],
              "duration": 0,
              "root": false,
              "rootEmpty": false,
              "_timeout": 2000
            },
            {
              "uuid": "6517c6f2-bc38-4ac0-8fe0-1ff3c5d1faa0",
              "title": "Gestion des quotas",
              "fullFile": "",
              "file": "",
              "beforeHooks": [],
              "afterHooks": [],
              "tests": [
                {
                  "title": "devrait afficher les quotas par utilisateur",
                  "fullTitle": "Admin - Gestion des Congés Gestion des quotas devrait afficher les quotas par utilisateur",
                  "timedOut": null,
                  "duration": 0,
                  "state": "skipped",
                  "speed": null,
                  "pass": false,
                  "fail": false,
                  "pending": false,
                  "context": null,
                  "code": "cy.get('[data-testid=\"quotas-table\"]').should('exist');\ncy.get('[data-testid=\"quota-row\"]').should('have.length.greaterThan', 0);\ncy.get('[data-testid=\"quota-row\"]').first().within(function () {\n    cy.get('[data-testid=\"user-name\"]').should('exist');\n    cy.get('[data-testid=\"leave-type\"]').should('exist');\n    cy.get('[data-testid=\"initial-balance\"]').should('exist');\n    cy.get('[data-testid=\"used-days\"]').should('exist');\n    cy.get('[data-testid=\"remaining-days\"]').should('exist');\n});",
                  "err": {},
                  "uuid": "2e1923cf-e94c-4216-94ae-8d8d62468859",
                  "parentUUID": null,
                  "isHook": false,
                  "skipped": true
                },
                {
                  "title": "devrait permettre l'ajustement manuel des quotas",
                  "fullTitle": "Admin - Gestion des Congés Gestion des quotas devrait permettre l'ajustement manuel des quotas",
                  "timedOut": null,
                  "duration": 0,
                  "state": "skipped",
                  "speed": null,
                  "pass": false,
                  "fail": false,
                  "pending": false,
                  "context": null,
                  "code": "cy.get('[data-testid=\"quota-row\"]').first().find('[data-testid=\"adjust-quota-btn\"]').click();\ncy.get('[data-testid=\"adjustment-dialog\"]').within(function () {\n    cy.get('input[name=\"adjustment\"]').type('5');\n    cy.get('textarea[name=\"reason\"]').type('Compensation heures supplémentaires');\n    cy.get('select[name=\"type\"]').select('CREDIT');\n});\ncy.get('[data-testid=\"confirm-adjustment-btn\"]').click();\ncy.get('[data-testid=\"success-toast\"]').should('contain', 'Quota ajusté');",
                  "err": {},
                  "uuid": "bdb759df-43da-47f7-b601-710f3a856578",
                  "parentUUID": null,
                  "isHook": false,
                  "skipped": true
                },
                {
                  "title": "devrait gérer les reports de congés",
                  "fullTitle": "Admin - Gestion des Congés Gestion des quotas devrait gérer les reports de congés",
                  "timedOut": null,
                  "duration": 0,
                  "state": "skipped",
                  "speed": null,
                  "pass": false,
                  "fail": false,
                  "pending": false,
                  "context": null,
                  "code": "cy.get('[data-testid=\"carryover-btn\"]').click();\ncy.get('[data-testid=\"carryover-dialog\"]').within(function () {\n    cy.get('[data-testid=\"year-select\"]').select('2023');\n    cy.get('[data-testid=\"preview-carryover-btn\"]').click();\n});\ncy.get('[data-testid=\"carryover-preview\"]').should('be.visible');\ncy.get('[data-testid=\"confirm-carryover-btn\"]').click();\ncy.get('[data-testid=\"success-toast\"]').should('contain', 'Reports effectués');",
                  "err": {},
                  "uuid": "53875ae7-b029-47f9-81ea-9f4ad3ccbb2a",
                  "parentUUID": null,
                  "isHook": false,
                  "skipped": true
                }
              ],
              "suites": [],
              "passes": [],
              "failures": [],
              "pending": [],
              "skipped": [
                "2e1923cf-e94c-4216-94ae-8d8d62468859",
                "bdb759df-43da-47f7-b601-710f3a856578",
                "53875ae7-b029-47f9-81ea-9f4ad3ccbb2a"
              ],
              "duration": 0,
              "root": false,
              "rootEmpty": false,
              "_timeout": 2000
            },
            {
              "uuid": "1d09315d-049b-4bf3-b568-96baad724bb2",
              "title": "Types de congés",
              "fullFile": "",
              "file": "",
              "beforeHooks": [],
              "afterHooks": [],
              "tests": [
                {
                  "title": "devrait créer un nouveau type de congé",
                  "fullTitle": "Admin - Gestion des Congés Types de congés devrait créer un nouveau type de congé",
                  "timedOut": null,
                  "duration": 0,
                  "state": "skipped",
                  "speed": null,
                  "pass": false,
                  "fail": false,
                  "pending": false,
                  "context": null,
                  "code": "cy.get('[data-testid=\"create-leave-type-btn\"]').click();\ncy.get('[data-testid=\"leave-type-form\"]').within(function () {\n    cy.get('input[name=\"code\"]').type('FORM');\n    cy.get('input[name=\"label\"]').type('Formation');\n    cy.get('input[name=\"defaultDays\"]').type('5');\n    cy.get('input[name=\"color\"]').type('#9C27B0');\n    cy.get('input[name=\"requiresApproval\"]').check();\n    cy.get('input[name=\"countsAsAbsence\"]').uncheck();\n});\ncy.get('[data-testid=\"submit-btn\"]').click();\ncy.get('[data-testid=\"success-toast\"]').should('contain', 'Type de congé créé');",
                  "err": {},
                  "uuid": "4f60fd4b-b63d-43b8-ba76-2a0574fc0343",
                  "parentUUID": null,
                  "isHook": false,
                  "skipped": true
                },
                {
                  "title": "devrait configurer les règles par type",
                  "fullTitle": "Admin - Gestion des Congés Types de congés devrait configurer les règles par type",
                  "timedOut": null,
                  "duration": 0,
                  "state": "skipped",
                  "speed": null,
                  "pass": false,
                  "fail": false,
                  "pending": false,
                  "context": null,
                  "code": "cy.get('[data-testid=\"leave-type-row\"]')\n    .contains('CP')\n    .parents('[data-testid=\"leave-type-row\"]')\n    .find('[data-testid=\"configure-rules-btn\"]')\n    .click();\ncy.get('[data-testid=\"rules-dialog\"]').within(function () {\n    cy.get('input[name=\"minDays\"]').clear().type('1');\n    cy.get('input[name=\"maxDays\"]').clear().type('25');\n    cy.get('input[name=\"advanceNotice\"]').clear().type('14');\n    cy.get('input[name=\"maxConsecutive\"]').clear().type('15');\n    // Périodes de restriction\n    cy.get('[data-testid=\"add-blackout-period\"]').click();\n    cy.get('input[name=\"blackout.0.start\"]').type('2024-07-15');\n    cy.get('input[name=\"blackout.0.end\"]').type('2024-08-15');\n    cy.get('input[name=\"blackout.0.reason\"]').type('Période estivale critique');\n});\ncy.get('[data-testid=\"save-rules-btn\"]').click();\ncy.get('[data-testid=\"success-toast\"]').should('contain', 'Règles configurées');",
                  "err": {},
                  "uuid": "6de72eca-861f-45bf-a4b6-53225ad41ba6",
                  "parentUUID": null,
                  "isHook": false,
                  "skipped": true
                }
              ],
              "suites": [],
              "passes": [],
              "failures": [],
              "pending": [],
              "skipped": [
                "4f60fd4b-b63d-43b8-ba76-2a0574fc0343",
                "6de72eca-861f-45bf-a4b6-53225ad41ba6"
              ],
              "duration": 0,
              "root": false,
              "rootEmpty": false,
              "_timeout": 2000
            },
            {
              "uuid": "bf0c2580-8931-4f66-aba0-8cbe775cc81e",
              "title": "Analyse et rapports",
              "fullFile": "",
              "file": "",
              "beforeHooks": [],
              "afterHooks": [],
              "tests": [
                {
                  "title": "devrait afficher les graphiques d'analyse",
                  "fullTitle": "Admin - Gestion des Congés Analyse et rapports devrait afficher les graphiques d'analyse",
                  "timedOut": null,
                  "duration": 0,
                  "state": "skipped",
                  "speed": null,
                  "pass": false,
                  "fail": false,
                  "pending": false,
                  "context": null,
                  "code": "cy.get('[data-testid=\"analytics-dashboard\"]').within(function () {\n    cy.get('[data-testid=\"absences-by-month-chart\"]').should('be.visible');\n    cy.get('[data-testid=\"absences-by-type-chart\"]').should('be.visible');\n    cy.get('[data-testid=\"absences-by-department-chart\"]').should('be.visible');\n    cy.get('[data-testid=\"trends-chart\"]').should('be.visible');\n});",
                  "err": {},
                  "uuid": "9a7daf5b-9bf6-4cea-9ad7-aafc942d1014",
                  "parentUUID": null,
                  "isHook": false,
                  "skipped": true
                },
                {
                  "title": "devrait générer un rapport personnalisé",
                  "fullTitle": "Admin - Gestion des Congés Analyse et rapports devrait générer un rapport personnalisé",
                  "timedOut": null,
                  "duration": 0,
                  "state": "skipped",
                  "speed": null,
                  "pass": false,
                  "fail": false,
                  "pending": false,
                  "context": null,
                  "code": "cy.get('[data-testid=\"generate-report-btn\"]').click();\ncy.get('[data-testid=\"report-config\"]').within(function () {\n    cy.get('input[name=\"startDate\"]').type('2024-01-01');\n    cy.get('input[name=\"endDate\"]').type('2024-12-31');\n    // Sélectionner les métriques\n    cy.get('[data-testid=\"metric-checkbox-total-days\"]').check();\n    cy.get('[data-testid=\"metric-checkbox-by-user\"]').check();\n    cy.get('[data-testid=\"metric-checkbox-by-type\"]').check();\n    // Format d'export\n    cy.get('select[name=\"format\"]').select('PDF');\n});\ncy.get('[data-testid=\"generate-btn\"]').click();\ncy.get('[data-testid=\"success-toast\"]').should('contain', 'Rapport généré');\n// Vérifier le téléchargement\ncy.readFile('cypress/downloads/leave-report-2024.pdf').should('exist');",
                  "err": {},
                  "uuid": "06b43fac-847e-410f-b208-386badd6b196",
                  "parentUUID": null,
                  "isHook": false,
                  "skipped": true
                },
                {
                  "title": "devrait identifier les patterns d'absence",
                  "fullTitle": "Admin - Gestion des Congés Analyse et rapports devrait identifier les patterns d'absence",
                  "timedOut": null,
                  "duration": 0,
                  "state": "skipped",
                  "speed": null,
                  "pass": false,
                  "fail": false,
                  "pending": false,
                  "context": null,
                  "code": "cy.get('[data-testid=\"patterns-analysis-btn\"]').click();\ncy.get('[data-testid=\"patterns-results\"]').within(function () {\n    cy.get('[data-testid=\"frequent-mondays\"]').should('exist');\n    cy.get('[data-testid=\"bridge-days\"]').should('exist');\n    cy.get('[data-testid=\"seasonal-peaks\"]').should('exist');\n});",
                  "err": {},
                  "uuid": "f99cd89e-b427-41ca-8e16-d4fabd479473",
                  "parentUUID": null,
                  "isHook": false,
                  "skipped": true
                }
              ],
              "suites": [],
              "passes": [],
              "failures": [],
              "pending": [],
              "skipped": [
                "9a7daf5b-9bf6-4cea-9ad7-aafc942d1014",
                "06b43fac-847e-410f-b208-386badd6b196",
                "f99cd89e-b427-41ca-8e16-d4fabd479473"
              ],
              "duration": 0,
              "root": false,
              "rootEmpty": false,
              "_timeout": 2000
            },
            {
              "uuid": "2372ddbf-d47a-4f54-836d-c69f7e0dc99c",
              "title": "Gestion des conflits",
              "fullFile": "",
              "file": "",
              "beforeHooks": [],
              "afterHooks": [],
              "tests": [
                {
                  "title": "devrait détecter et résoudre les conflits",
                  "fullTitle": "Admin - Gestion des Congés Gestion des conflits devrait détecter et résoudre les conflits",
                  "timedOut": null,
                  "duration": 0,
                  "state": "skipped",
                  "speed": null,
                  "pass": false,
                  "fail": false,
                  "pending": false,
                  "context": null,
                  "code": "cy.get('[data-testid=\"conflicts-tab\"]').click();\ncy.get('[data-testid=\"conflicts-list\"]').should('exist');\ncy.get('[data-testid=\"conflict-item\"]').first().within(function () {\n    cy.get('[data-testid=\"conflict-type\"]').should('exist');\n    cy.get('[data-testid=\"affected-users\"]').should('exist');\n    cy.get('[data-testid=\"resolve-btn\"]').click();\n});\ncy.get('[data-testid=\"resolution-dialog\"]').within(function () {\n    cy.get('[data-testid=\"resolution-option-1\"]').click();\n    cy.get('[data-testid=\"apply-resolution-btn\"]').click();\n});\ncy.get('[data-testid=\"success-toast\"]').should('contain', 'Conflit résolu');",
                  "err": {},
                  "uuid": "2f58d0cf-e003-4263-9942-c5c649444264",
                  "parentUUID": null,
                  "isHook": false,
                  "skipped": true
                }
              ],
              "suites": [],
              "passes": [],
              "failures": [],
              "pending": [],
              "skipped": [
                "2f58d0cf-e003-4263-9942-c5c649444264"
              ],
              "duration": 0,
              "root": false,
              "rootEmpty": false,
              "_timeout": 2000
            },
            {
              "uuid": "0af76e2f-c557-49cd-91a5-3a61408737ad",
              "title": "Congés récurrents",
              "fullFile": "",
              "file": "",
              "beforeHooks": [],
              "afterHooks": [],
              "tests": [
                {
                  "title": "devrait configurer des congés récurrents",
                  "fullTitle": "Admin - Gestion des Congés Congés récurrents devrait configurer des congés récurrents",
                  "timedOut": null,
                  "duration": 0,
                  "state": "skipped",
                  "speed": null,
                  "pass": false,
                  "fail": false,
                  "pending": false,
                  "context": null,
                  "code": "cy.get('[data-testid=\"recurring-tab\"]').click();\ncy.get('[data-testid=\"create-recurring-btn\"]').click();\ncy.get('[data-testid=\"recurring-form\"]').within(function () {\n    cy.get('select[name=\"userId\"]').select('Dr. Martin');\n    cy.get('select[name=\"leaveType\"]').select('RTT');\n    cy.get('select[name=\"pattern\"]').select('MONTHLY');\n    cy.get('input[name=\"dayOfMonth\"]').type('15');\n    cy.get('input[name=\"startDate\"]').type('2024-01-01');\n    cy.get('input[name=\"endDate\"]').type('2024-12-31');\n});\ncy.get('[data-testid=\"preview-occurrences-btn\"]').click();\ncy.get('[data-testid=\"occurrences-preview\"]').should('contain', '12 occurrences');\ncy.get('[data-testid=\"confirm-recurring-btn\"]').click();\ncy.get('[data-testid=\"success-toast\"]').should('contain', 'Congés récurrents créés');",
                  "err": {},
                  "uuid": "16520f10-6872-41d5-b6b8-ab976ce6c167",
                  "parentUUID": null,
                  "isHook": false,
                  "skipped": true
                }
              ],
              "suites": [],
              "passes": [],
              "failures": [],
              "pending": [],
              "skipped": [
                "16520f10-6872-41d5-b6b8-ab976ce6c167"
              ],
              "duration": 0,
              "root": false,
              "rootEmpty": false,
              "_timeout": 2000
            }
          ],
          "passes": [],
          "failures": [],
          "pending": [],
          "skipped": [],
          "duration": 0,
          "root": false,
          "rootEmpty": false,
          "_timeout": 2000
        }
      ],
      "passes": [],
      "failures": [],
      "pending": [],
      "skipped": [],
      "duration": 0,
      "root": true,
      "rootEmpty": true,
      "_timeout": 2000
    }
  ],
  "meta": {
    "mocha": {
      "version": "7.2.0"
    },
    "mochawesome": {
      "options": {
        "quiet": false,
        "reportFilename": "mochawesome",
        "saveHtml": false,
        "saveJson": true,
        "consoleReporter": "spec",
        "useInlineDiffs": false,
        "code": true
      },
      "version": "7.1.3"
    },
    "marge": {
      "options": {
        "id": "default",
        "reportDir": "cypress/reports/mocha",
        "quite": true,
        "overwrite": false,
        "html": false,
        "json": true
      },
      "version": "6.2.0"
    }
  }
}