{
  "stats": {
    "suites": 1,
    "tests": 2,
    "passes": 1,
    "pending": 0,
    "failures": 1,
    "start": "2025-05-28T15:14:45.645Z",
    "end": "2025-05-28T15:15:34.699Z",
    "duration": 49054,
    "testsRegistered": 2,
    "passPercent": 50,
    "pendingPercent": 0,
    "other": 0,
    "hasOther": false,
    "skipped": 0,
    "hasSkipped": false
  },
  "results": [
    {
      "uuid": "c6491080-d8c9-4573-9962-1d58b250d2bf",
      "title": "",
      "fullFile": "cypress/e2e/auth/simple-login-test.spec.ts",
      "file": "cypress/e2e/auth/simple-login-test.spec.ts",
      "beforeHooks": [],
      "afterHooks": [],
      "tests": [],
      "suites": [
        {
          "uuid": "5c486f8c-ed24-4ba2-8ea8-7371f8a5bf9b",
          "title": "Test de connexion simple",
          "fullFile": "",
          "file": "",
          "beforeHooks": [],
          "afterHooks": [],
          "tests": [
            {
              "title": "visite la page de connexion",
              "fullTitle": "Test de connexion simple visite la page de connexion",
              "timedOut": null,
              "duration": 369,
              "state": "passed",
              "speed": "fast",
              "pass": true,
              "fail": false,
              "pending": false,
              "context": null,
              "code": "cy.visit('/auth/connexion');\ncy.get('h1').should('contain', 'Connexion');\ncy.get('[data-cy=email-input]').should('be.visible');\ncy.get('[data-cy=password-input]').should('be.visible');\ncy.get('[data-cy=submit-button]').should('be.visible');",
              "err": {},
              "uuid": "dbb78000-4a45-409f-9f81-cb1898c059d9",
              "parentUUID": "5c486f8c-ed24-4ba2-8ea8-7371f8a5bf9b",
              "isHook": false,
              "skipped": false
            },
            {
              "title": "affiche une erreur pour des identifiants invalides",
              "fullTitle": "Test de connexion simple affiche une erreur pour des identifiants invalides",
              "timedOut": null,
              "duration": 16120,
              "state": "failed",
              "speed": null,
              "pass": false,
              "fail": true,
              "pending": false,
              "context": null,
              "code": "cy.visit('/auth/connexion');\ncy.get('[data-cy=email-input]').type('test@invalid.com');\ncy.get('[data-cy=password-input]').type('wrongpassword');\ncy.get('[data-cy=submit-button]').click({ force: true });\ncy.get('[data-cy=error-message]')\n    .should('be.visible')\n    .and('contain.text', 'Identifiants invalides');",
              "err": {
                "message": "AssertionError: Timed out retrying after 15000ms: Expected to find element: `[data-cy=error-message]`, but never found it.",
                "estack": "AssertionError: Timed out retrying after 15000ms: Expected to find element: `[data-cy=error-message]`, but never found it.\n    at Context.eval (webpack://mathildanesth/./cypress/e2e/auth/simple-login-test.spec.ts:17:13)",
                "diff": null
              },
              "uuid": "f0b811f4-f5ed-43a8-b0d0-ba0b96b3d8f0",
              "parentUUID": "5c486f8c-ed24-4ba2-8ea8-7371f8a5bf9b",
              "isHook": false,
              "skipped": false
            }
          ],
          "suites": [],
          "passes": [
            "dbb78000-4a45-409f-9f81-cb1898c059d9"
          ],
          "failures": [
            "f0b811f4-f5ed-43a8-b0d0-ba0b96b3d8f0"
          ],
          "pending": [],
          "skipped": [],
          "duration": 16489,
          "root": false,
          "rootEmpty": false,
          "_timeout": 2000
        }
      ],
      "passes": [],
      "failures": [],
      "pending": [],
      "skipped": [],
      "duration": 0,
      "root": true,
      "rootEmpty": true,
      "_timeout": 2000
    }
  ],
  "meta": {
    "mocha": {
      "version": "7.2.0"
    },
    "mochawesome": {
      "options": {
        "quiet": false,
        "reportFilename": "mochawesome",
        "saveHtml": false,
        "saveJson": true,
        "consoleReporter": "spec",
        "useInlineDiffs": false,
        "code": true
      },
      "version": "7.1.3"
    },
    "marge": {
      "options": {
        "id": "default",
        "reportDir": "cypress/reports/mocha",
        "quite": true,
        "overwrite": false,
        "html": false,
        "json": true
      },
      "version": "6.2.0"
    }
  }
}