{
  "stats": {
    "suites": 2,
    "tests": 1,
    "passes": 0,
    "pending": 0,
    "failures": 1,
    "start": "2025-05-05T11:21:24.930Z",
    "end": "2025-05-05T11:21:25.567Z",
    "duration": 637,
    "testsRegistered": 9,
    "passPercent": 0,
    "pendingPercent": 0,
    "other": 0,
    "hasOther": false,
    "skipped": 8,
    "hasSkipped": true
  },
  "results": [
    {
      "uuid": "5dbf9662-e7ad-4aa8-aea1-03a25b3182ba",
      "title": "",
      "fullFile": "cypress/e2e/compatibility/responsive-tests.spec.ts",
      "file": "cypress/e2e/compatibility/responsive-tests.spec.ts",
      "beforeHooks": [],
      "afterHooks": [],
      "tests": [],
      "suites": [
        {
          "uuid": "bbe73fef-30f1-4fd0-a292-eb999da7bdda",
          "title": "Tests de compatibilité responsive",
          "fullFile": "",
          "file": "",
          "beforeHooks": [],
          "afterHooks": [],
          "tests": [],
          "suites": [
            {
              "uuid": "01f9b320-4f66-40df-9546-a1a2f728061a",
              "title": "Tests sur mobile",
              "fullFile": "",
              "file": "",
              "beforeHooks": [],
              "afterHooks": [],
              "tests": [
                {
                  "title": "affiche correctement le menu de navigation",
                  "fullTitle": "Tests de compatibilité responsive Tests sur mobile affiche correctement le menu de navigation",
                  "timedOut": null,
                  "duration": 539,
                  "state": "failed",
                  "speed": null,
                  "pass": false,
                  "fail": true,
                  "pending": false,
                  "context": null,
                  "code": "cy.visitAsAuthenticatedUser('/dashboard');\n// Vérifier que le menu hamburger est présent sur mobile\ncy.get('[data-cy=mobile-menu-button]').should('be.visible');\n// Cliquer sur le menu hamburger\ncy.get('[data-cy=mobile-menu-button]').click();\n// Vérifier que le menu s'ouvre\ncy.get('[data-cy=navigation-menu]').should('be.visible');",
                  "err": {
                    "message": "Error: Échec d'authentification: 500 \"<!DOCTYPE html><html><head><style data-next-hide-fouc=\\\"true\\\">body{display:none}</style><noscript data-next-hide-fouc=\\\"true\\\"><style>body{display:block}</style></noscript><meta charSet=\\\"utf-8\\\" data-next-head=\\\"\\\"/><meta name=\\\"viewport\\\" content=\\\"width=device-width\\\" data-next-head=\\\"\\\"/><noscript data-n-css=\\\"\\\"></noscript><script defer=\\\"\\\" nomodule=\\\"\\\" src=\\\"/_next/static/chunks/polyfills.js\\\"></script><script src=\\\"/_next/static/chunks/fallback/webpack.js\\\" defer=\\\"\\\"></script><script src=\\\"/_next/static/chunks/fallback/main.js\\\" defer=\\\"\\\"></script><script src=\\\"/_next/static/chunks/fallback/pages/_app.js\\\" defer=\\\"\\\"></script><script src=\\\"/_next/static/chunks/fallback/pages/_error.js\\\" defer=\\\"\\\"></script><noscript id=\\\"__next_css__DO_NOT_USE__\\\"></noscript></head><body><div id=\\\"__next\\\"></div><script src=\\\"/_next/static/chunks/fallback/react-refresh.js\\\"></script><script id=\\\"__NEXT_DATA__\\\" type=\\\"application/json\\\">{\\\"props\\\":{\\\"pageProps\\\":{\\\"statusCode\\\":500,\\\"hostname\\\":\\\"localhost\\\"}},\\\"page\\\":\\\"/_error\\\",\\\"query\\\":{},\\\"buildId\\\":\\\"development\\\",\\\"isFallback\\\":false,\\\"err\\\":{\\\"name\\\":\\\"Error\\\",\\\"source\\\":\\\"server\\\",\\\"message\\\":\\\"Syntax error: \\\\\\\"next/font\\\\\\\" requires SWC although Babel is being used due to a custom babel config being present.\\\\nRead more: https://nextjs.org/docs/messages/babel-font-loader-conflict\\\",\\\"stack\\\":\\\"Error: \\\\u001b[31m\\\\u001b[1mSyntax error\\\\u001b[22m\\\\u001b[39m: \\\\\\\"next/font\\\\\\\" requires SWC although Babel is being used due to a custom babel config being present.\\\\nRead more: https://nextjs.org/docs/messages/babel-font-loader-conflict\\\\n    at getBabelError (/Users/vincentperreard/Mathildanesth/node_modules/next/dist/build/webpack/plugins/wellknown-errors-plugin/parseBabel.js:24:16)\\\\n    at getModuleBuildError (/Users/vincentperreard/Mathildanesth/node_modules/next/dist/build/webpack/plugins/wellknown-errors-plugin/webpackModuleError.js:111:49)\\\\n    at async /Users/vincentperreard/Mathildanesth/node_modules/next/dist/build/webpack/plugins/wellknown-errors-plugin/index.js:29:49\\\\n    at async Promise.all (index 0)\\\\n    at async /Users/vincentperreard/Mathildanesth/node_modules/next/dist/build/webpack/plugins/wellknown-errors-plugin/index.js:27:21\\\"},\\\"gip\\\":true,\\\"scriptLoader\\\":[]}</script></body></html>\"\n\nBecause this error occurred during a `before each` hook we are skipping the remaining tests in the current suite: `Tests de compatibilité resp...`",
                    "estack": "Error: Échec d'authentification: 500 \"<!DOCTYPE html><html><head><style data-next-hide-fouc=\\\"true\\\">body{display:none}</style><noscript data-next-hide-fouc=\\\"true\\\"><style>body{display:block}</style></noscript><meta charSet=\\\"utf-8\\\" data-next-head=\\\"\\\"/><meta name=\\\"viewport\\\" content=\\\"width=device-width\\\" data-next-head=\\\"\\\"/><noscript data-n-css=\\\"\\\"></noscript><script defer=\\\"\\\" nomodule=\\\"\\\" src=\\\"/_next/static/chunks/polyfills.js\\\"></script><script src=\\\"/_next/static/chunks/fallback/webpack.js\\\" defer=\\\"\\\"></script><script src=\\\"/_next/static/chunks/fallback/main.js\\\" defer=\\\"\\\"></script><script src=\\\"/_next/static/chunks/fallback/pages/_app.js\\\" defer=\\\"\\\"></script><script src=\\\"/_next/static/chunks/fallback/pages/_error.js\\\" defer=\\\"\\\"></script><noscript id=\\\"__next_css__DO_NOT_USE__\\\"></noscript></head><body><div id=\\\"__next\\\"></div><script src=\\\"/_next/static/chunks/fallback/react-refresh.js\\\"></script><script id=\\\"__NEXT_DATA__\\\" type=\\\"application/json\\\">{\\\"props\\\":{\\\"pageProps\\\":{\\\"statusCode\\\":500,\\\"hostname\\\":\\\"localhost\\\"}},\\\"page\\\":\\\"/_error\\\",\\\"query\\\":{},\\\"buildId\\\":\\\"development\\\",\\\"isFallback\\\":false,\\\"err\\\":{\\\"name\\\":\\\"Error\\\",\\\"source\\\":\\\"server\\\",\\\"message\\\":\\\"Syntax error: \\\\\\\"next/font\\\\\\\" requires SWC although Babel is being used due to a custom babel config being present.\\\\nRead more: https://nextjs.org/docs/messages/babel-font-loader-conflict\\\",\\\"stack\\\":\\\"Error: \\\\u001b[31m\\\\u001b[1mSyntax error\\\\u001b[22m\\\\u001b[39m: \\\\\\\"next/font\\\\\\\" requires SWC although Babel is being used due to a custom babel config being present.\\\\nRead more: https://nextjs.org/docs/messages/babel-font-loader-conflict\\\\n    at getBabelError (/Users/vincentperreard/Mathildanesth/node_modules/next/dist/build/webpack/plugins/wellknown-errors-plugin/parseBabel.js:24:16)\\\\n    at getModuleBuildError (/Users/vincentperreard/Mathildanesth/node_modules/next/dist/build/webpack/plugins/wellknown-errors-plugin/webpackModuleError.js:111:49)\\\\n    at async /Users/vincentperreard/Mathildanesth/node_modules/next/dist/build/webpack/plugins/wellknown-errors-plugin/index.js:29:49\\\\n    at async Promise.all (index 0)\\\\n    at async /Users/vincentperreard/Mathildanesth/node_modules/next/dist/build/webpack/plugins/wellknown-errors-plugin/index.js:27:21\\\"},\\\"gip\\\":true,\\\"scriptLoader\\\":[]}</script></body></html>\"\n\nBecause this error occurred during a `before each` hook we are skipping the remaining tests in the current suite: `Tests de compatibilité resp...`\n    at Context.eval (webpack://mathildanesth/./cypress/support/commands.ts:97:18)\n    at getRet (http://localhost:3000/__cypress/runner/cypress_runner.js:119616:20)\n    at tryCatcher (http://localhost:3000/__cypress/runner/cypress_runner.js:1777:23)\n    at Promise.attempt.Promise.try (http://localhost:3000/__cypress/runner/cypress_runner.js:4285:29)\n    at Context.thenFn (http://localhost:3000/__cypress/runner/cypress_runner.js:119627:66)\n    at Context.then (http://localhost:3000/__cypress/runner/cypress_runner.js:119878:21)\n    at wrapped (http://localhost:3000/__cypress/runner/cypress_runner.js:140155:19)\n    at <unknown> (http://localhost:3000/__cypress/runner/cypress_runner.js:146100:15)\n    at tryCatcher (http://localhost:3000/__cypress/runner/cypress_runner.js:1777:23)",
                    "diff": null
                  },
                  "uuid": "7fc66432-9eba-4a9a-9cdd-18a33db7506e",
                  "parentUUID": "01f9b320-4f66-40df-9546-a1a2f728061a",
                  "isHook": false,
                  "skipped": false
                },
                {
                  "title": "affiche correctement la liste des congés",
                  "fullTitle": "Tests de compatibilité responsive Tests sur mobile affiche correctement la liste des congés",
                  "timedOut": null,
                  "duration": 0,
                  "state": "skipped",
                  "speed": null,
                  "pass": false,
                  "fail": false,
                  "pending": false,
                  "context": null,
                  "code": "cy.visitAsAuthenticatedUser('/leaves');\n// Vérifier que les cartes de congés s'affichent en une colonne\ncy.get('[data-cy=leave-item]').should('have.css', 'width', '100%');",
                  "err": {},
                  "uuid": "eaab8f9e-8318-43ce-a50c-464bfd14d5c7",
                  "parentUUID": "01f9b320-4f66-40df-9546-a1a2f728061a",
                  "isHook": false,
                  "skipped": true
                },
                {
                  "title": "adapte correctement le calendrier",
                  "fullTitle": "Tests de compatibilité responsive Tests sur mobile adapte correctement le calendrier",
                  "timedOut": null,
                  "duration": 0,
                  "state": "skipped",
                  "speed": null,
                  "pass": false,
                  "fail": false,
                  "pending": false,
                  "context": null,
                  "code": "cy.visitAsAuthenticatedUser('/calendar');\n// Vérifier que la vue par défaut est différente sur mobile\ncy.get('[data-cy=calendar-day-view]').should('be.visible');\n// Vérifier que les contrôles du calendrier sont adaptés\ncy.get('[data-cy=calendar-controls]').should('have.css', 'flex-direction', 'column');",
                  "err": {},
                  "uuid": "56245b5f-c4fe-48d7-8cb0-323859850d1b",
                  "parentUUID": "01f9b320-4f66-40df-9546-a1a2f728061a",
                  "isHook": false,
                  "skipped": true
                }
              ],
              "suites": [],
              "passes": [],
              "failures": [
                "7fc66432-9eba-4a9a-9cdd-18a33db7506e"
              ],
              "pending": [],
              "skipped": [
                "eaab8f9e-8318-43ce-a50c-464bfd14d5c7",
                "56245b5f-c4fe-48d7-8cb0-323859850d1b"
              ],
              "duration": 539,
              "root": false,
              "rootEmpty": false,
              "_timeout": 2000
            },
            {
              "uuid": "2bb1e85b-bf3b-4d5f-a2e0-3e27c5664330",
              "title": "Tests sur tablette",
              "fullFile": "",
              "file": "",
              "beforeHooks": [],
              "afterHooks": [],
              "tests": [
                {
                  "title": "affiche correctement le menu de navigation",
                  "fullTitle": "Tests de compatibilité responsive Tests sur tablette affiche correctement le menu de navigation",
                  "timedOut": null,
                  "duration": 0,
                  "state": "skipped",
                  "speed": null,
                  "pass": false,
                  "fail": false,
                  "pending": false,
                  "context": null,
                  "code": "cy.visitAsAuthenticatedUser('/dashboard');\n// Vérifier l'affichage correct du menu sur tablette\ncy.get('[data-cy=navigation-menu]').should('be.visible');",
                  "err": {},
                  "uuid": "5ac5abb4-2db1-45e4-b64e-93c6d2ca3e19",
                  "parentUUID": null,
                  "isHook": false,
                  "skipped": true
                },
                {
                  "title": "affiche correctement la liste des congés",
                  "fullTitle": "Tests de compatibilité responsive Tests sur tablette affiche correctement la liste des congés",
                  "timedOut": null,
                  "duration": 0,
                  "state": "skipped",
                  "speed": null,
                  "pass": false,
                  "fail": false,
                  "pending": false,
                  "context": null,
                  "code": "cy.visitAsAuthenticatedUser('/leaves');\n// Vérifier que les cartes de congés s'affichent en grille\ncy.get('[data-cy=leave-grid]').should('have.css', 'grid-template-columns');",
                  "err": {},
                  "uuid": "bf4e235b-45c1-4952-ad23-0aecdc7650c4",
                  "parentUUID": null,
                  "isHook": false,
                  "skipped": true
                }
              ],
              "suites": [],
              "passes": [],
              "failures": [],
              "pending": [],
              "skipped": [
                "5ac5abb4-2db1-45e4-b64e-93c6d2ca3e19",
                "bf4e235b-45c1-4952-ad23-0aecdc7650c4"
              ],
              "duration": 0,
              "root": false,
              "rootEmpty": false,
              "_timeout": 2000
            },
            {
              "uuid": "b027b630-c7fa-4083-bc3d-829c1f0d7df7",
              "title": "Tests sur desktop",
              "fullFile": "",
              "file": "",
              "beforeHooks": [],
              "afterHooks": [],
              "tests": [
                {
                  "title": "affiche correctement le menu de navigation",
                  "fullTitle": "Tests de compatibilité responsive Tests sur desktop affiche correctement le menu de navigation",
                  "timedOut": null,
                  "duration": 0,
                  "state": "skipped",
                  "speed": null,
                  "pass": false,
                  "fail": false,
                  "pending": false,
                  "context": null,
                  "code": "cy.visitAsAuthenticatedUser('/dashboard');\n// Vérifier l'affichage du menu latéral sur desktop\ncy.get('[data-cy=sidebar-navigation]').should('be.visible');",
                  "err": {},
                  "uuid": "c56fb2ce-6f78-48f2-befe-4edcdd92f610",
                  "parentUUID": null,
                  "isHook": false,
                  "skipped": true
                },
                {
                  "title": "affiche correctement le planning hebdomadaire",
                  "fullTitle": "Tests de compatibilité responsive Tests sur desktop affiche correctement le planning hebdomadaire",
                  "timedOut": null,
                  "duration": 0,
                  "state": "skipped",
                  "speed": null,
                  "pass": false,
                  "fail": false,
                  "pending": false,
                  "context": null,
                  "code": "cy.visitAsAuthenticatedUser('/planning/hebdomadaire');\n// Vérifier que toutes les colonnes sont visibles\ncy.get('[data-cy=planning-day-column]').should('have.length.at.least', 5);",
                  "err": {},
                  "uuid": "1ca689a9-1d69-45fe-ab7b-88f7750d42c7",
                  "parentUUID": null,
                  "isHook": false,
                  "skipped": true
                }
              ],
              "suites": [],
              "passes": [],
              "failures": [],
              "pending": [],
              "skipped": [
                "c56fb2ce-6f78-48f2-befe-4edcdd92f610",
                "1ca689a9-1d69-45fe-ab7b-88f7750d42c7"
              ],
              "duration": 0,
              "root": false,
              "rootEmpty": false,
              "_timeout": 2000
            },
            {
              "uuid": "1b90a4a4-69b3-478f-a20e-fbec7df9e220",
              "title": "Tests sur grand écran",
              "fullFile": "",
              "file": "",
              "beforeHooks": [],
              "afterHooks": [],
              "tests": [
                {
                  "title": "optimise l'affichage du planning",
                  "fullTitle": "Tests de compatibilité responsive Tests sur grand écran optimise l'affichage du planning",
                  "timedOut": null,
                  "duration": 0,
                  "state": "skipped",
                  "speed": null,
                  "pass": false,
                  "fail": false,
                  "pending": false,
                  "context": null,
                  "code": "cy.visitAsAuthenticatedUser('/planning/hebdomadaire');\n// Vérifier que l'interface exploite l'espace disponible\ncy.get('[data-cy=planning-container]').invoke('width').should('be.gt', 1800);",
                  "err": {},
                  "uuid": "ce1143ca-0743-4b5f-bcb7-963a77f5e102",
                  "parentUUID": null,
                  "isHook": false,
                  "skipped": true
                },
                {
                  "title": "affiche correctement le tableau de bord",
                  "fullTitle": "Tests de compatibilité responsive Tests sur grand écran affiche correctement le tableau de bord",
                  "timedOut": null,
                  "duration": 0,
                  "state": "skipped",
                  "speed": null,
                  "pass": false,
                  "fail": false,
                  "pending": false,
                  "context": null,
                  "code": "cy.visitAsAuthenticatedUser('/dashboard');\n// Vérifier que les widgets s'adaptent à l'espace disponible\ncy.get('[data-cy=dashboard-widgets]').invoke('width').should('be.gt', 1800);",
                  "err": {},
                  "uuid": "d1f1427b-b064-40cc-a94d-03ab56535783",
                  "parentUUID": null,
                  "isHook": false,
                  "skipped": true
                }
              ],
              "suites": [],
              "passes": [],
              "failures": [],
              "pending": [],
              "skipped": [
                "ce1143ca-0743-4b5f-bcb7-963a77f5e102",
                "d1f1427b-b064-40cc-a94d-03ab56535783"
              ],
              "duration": 0,
              "root": false,
              "rootEmpty": false,
              "_timeout": 2000
            }
          ],
          "passes": [],
          "failures": [],
          "pending": [],
          "skipped": [],
          "duration": 0,
          "root": false,
          "rootEmpty": false,
          "_timeout": 2000
        }
      ],
      "passes": [],
      "failures": [],
      "pending": [],
      "skipped": [],
      "duration": 0,
      "root": true,
      "rootEmpty": true,
      "_timeout": 2000
    }
  ],
  "meta": {
    "mocha": {
      "version": "7.2.0"
    },
    "mochawesome": {
      "options": {
        "quiet": false,
        "reportFilename": "mochawesome",
        "saveHtml": false,
        "saveJson": true,
        "consoleReporter": "spec",
        "useInlineDiffs": false,
        "code": true
      },
      "version": "7.1.3"
    },
    "marge": {
      "options": {
        "id": "default",
        "reportDir": "cypress/reports/mocha",
        "quite": true,
        "overwrite": false,
        "html": false,
        "json": true
      },
      "version": "6.2.0"
    }
  }
}