{
  "stats": {
    "suites": 5,
    "tests": 4,
    "passes": 0,
    "pending": 0,
    "failures": 4,
    "start": "2025-05-15T13:00:50.513Z",
    "end": "2025-05-15T13:00:52.100Z",
    "duration": 1587,
    "testsRegistered": 9,
    "passPercent": 0,
    "pendingPercent": 0,
    "other": 0,
    "hasOther": false,
    "skipped": 5,
    "hasSkipped": true
  },
  "results": [
    {
      "uuid": "97732465-413e-41eb-a9ae-0e52efafb91f",
      "title": "",
      "fullFile": "cypress/e2e/compatibility/responsive-tests.spec.ts",
      "file": "cypress/e2e/compatibility/responsive-tests.spec.ts",
      "beforeHooks": [],
      "afterHooks": [],
      "tests": [],
      "suites": [
        {
          "uuid": "56b69186-2de6-4b7e-a6bc-d4376a174129",
          "title": "Tests de compatibilité responsive",
          "fullFile": "",
          "file": "",
          "beforeHooks": [],
          "afterHooks": [],
          "tests": [],
          "suites": [
            {
              "uuid": "fd346dd4-1346-46b8-a214-f5cd2faa92b6",
              "title": "Tests sur mobile",
              "fullFile": "",
              "file": "",
              "beforeHooks": [],
              "afterHooks": [],
              "tests": [
                {
                  "title": "affiche correctement le menu de navigation",
                  "fullTitle": "Tests de compatibilité responsive Tests sur mobile affiche correctement le menu de navigation",
                  "timedOut": null,
                  "duration": 131,
                  "state": "failed",
                  "speed": null,
                  "pass": false,
                  "fail": true,
                  "pending": false,
                  "context": null,
                  "code": "cy.visitAsAuthenticatedUser('/dashboard');\n// Vérifier que le menu hamburger est présent sur mobile\ncy.get('[data-cy=mobile-menu-button]').should('be.visible');\n// Cliquer sur le menu hamburger\ncy.get('[data-cy=mobile-menu-button]').click();\n// Vérifier que le menu s'ouvre\ncy.get('[data-cy=navigation-menu]').should('be.visible');",
                  "err": {
                    "message": "TypeError: Cannot read properties of undefined (reading 'mobile')\n\nBecause this error occurred during a `before each` hook we are skipping the remaining tests in the current suite: `Tests sur mobile`",
                    "estack": "TypeError: Cannot read properties of undefined (reading 'mobile')\n\nBecause this error occurred during a `before each` hook we are skipping the remaining tests in the current suite: `Tests sur mobile`\n    at Context.eval (webpack://mathildanesth/./cypress/support/e2e.ts:46:44)\n    at wrapped (http://localhost:3000/__cypress/runner/cypress_runner.js:140165:43)\n    at <unknown> (http://localhost:3000/__cypress/runner/cypress_runner.js:146118:15)\n    at tryCatcher (http://localhost:3000/__cypress/runner/cypress_runner.js:1777:23)\n    at Promise._settlePromiseFromHandler (http://localhost:3000/__cypress/runner/cypress_runner.js:1489:31)\n    at Promise._settlePromise (http://localhost:3000/__cypress/runner/cypress_runner.js:1546:18)\n    at Promise._settlePromiseCtx (http://localhost:3000/__cypress/runner/cypress_runner.js:1583:10)\n    at _drainQueueStep (http://localhost:3000/__cypress/runner/cypress_runner.js:2381:12)\n    at _drainQueue (http://localhost:3000/__cypress/runner/cypress_runner.js:2370:9)",
                    "diff": null
                  },
                  "uuid": "26ad8def-65f9-47dd-9f0c-f57b16b71f79",
                  "parentUUID": "fd346dd4-1346-46b8-a214-f5cd2faa92b6",
                  "isHook": false,
                  "skipped": false
                },
                {
                  "title": "affiche correctement la liste des congés",
                  "fullTitle": "Tests de compatibilité responsive Tests sur mobile affiche correctement la liste des congés",
                  "timedOut": null,
                  "duration": 0,
                  "state": "skipped",
                  "speed": null,
                  "pass": false,
                  "fail": false,
                  "pending": false,
                  "context": null,
                  "code": "cy.visitAsAuthenticatedUser('/leaves');\n// Vérifier que les cartes de congés s'affichent en une colonne\ncy.get('[data-cy=leave-item]').should('have.css', 'width', '100%');",
                  "err": {},
                  "uuid": "255c108e-0113-421d-bc22-19b335dc1ab9",
                  "parentUUID": "fd346dd4-1346-46b8-a214-f5cd2faa92b6",
                  "isHook": false,
                  "skipped": true
                },
                {
                  "title": "adapte correctement le calendrier",
                  "fullTitle": "Tests de compatibilité responsive Tests sur mobile adapte correctement le calendrier",
                  "timedOut": null,
                  "duration": 0,
                  "state": "skipped",
                  "speed": null,
                  "pass": false,
                  "fail": false,
                  "pending": false,
                  "context": null,
                  "code": "cy.visitAsAuthenticatedUser('/calendar');\n// Vérifier que la vue par défaut est différente sur mobile\ncy.get('[data-cy=calendar-day-view]').should('be.visible');\n// Vérifier que les contrôles du calendrier sont adaptés\ncy.get('[data-cy=calendar-controls]').should('have.css', 'flex-direction', 'column');",
                  "err": {},
                  "uuid": "8c4c3c30-ce15-4c5b-bcff-e722c7f17030",
                  "parentUUID": "fd346dd4-1346-46b8-a214-f5cd2faa92b6",
                  "isHook": false,
                  "skipped": true
                }
              ],
              "suites": [],
              "passes": [],
              "failures": [
                "26ad8def-65f9-47dd-9f0c-f57b16b71f79"
              ],
              "pending": [],
              "skipped": [
                "255c108e-0113-421d-bc22-19b335dc1ab9",
                "8c4c3c30-ce15-4c5b-bcff-e722c7f17030"
              ],
              "duration": 131,
              "root": false,
              "rootEmpty": false,
              "_timeout": 2000
            },
            {
              "uuid": "c75afdbd-4b36-4bcf-bb86-59a01365111a",
              "title": "Tests sur tablette",
              "fullFile": "",
              "file": "",
              "beforeHooks": [],
              "afterHooks": [],
              "tests": [
                {
                  "title": "affiche correctement le menu de navigation",
                  "fullTitle": "Tests de compatibilité responsive Tests sur tablette affiche correctement le menu de navigation",
                  "timedOut": null,
                  "duration": 129,
                  "state": "failed",
                  "speed": null,
                  "pass": false,
                  "fail": true,
                  "pending": false,
                  "context": null,
                  "code": "cy.visitAsAuthenticatedUser('/dashboard');\n// Vérifier l'affichage correct du menu sur tablette\ncy.get('[data-cy=navigation-menu]').should('be.visible');",
                  "err": {
                    "message": "TypeError: Cannot read properties of undefined (reading 'tablet')\n\nBecause this error occurred during a `before each` hook we are skipping the remaining tests in the current suite: `Tests sur tablette`",
                    "estack": "TypeError: Cannot read properties of undefined (reading 'tablet')\n\nBecause this error occurred during a `before each` hook we are skipping the remaining tests in the current suite: `Tests sur tablette`\n    at Context.eval (webpack://mathildanesth/./cypress/support/e2e.ts:46:44)\n    at wrapped (http://localhost:3000/__cypress/runner/cypress_runner.js:140165:43)\n    at <unknown> (http://localhost:3000/__cypress/runner/cypress_runner.js:146118:15)\n    at tryCatcher (http://localhost:3000/__cypress/runner/cypress_runner.js:1777:23)\n    at Promise._settlePromiseFromHandler (http://localhost:3000/__cypress/runner/cypress_runner.js:1489:31)\n    at Promise._settlePromise (http://localhost:3000/__cypress/runner/cypress_runner.js:1546:18)\n    at Promise._settlePromiseCtx (http://localhost:3000/__cypress/runner/cypress_runner.js:1583:10)\n    at _drainQueueStep (http://localhost:3000/__cypress/runner/cypress_runner.js:2381:12)\n    at _drainQueue (http://localhost:3000/__cypress/runner/cypress_runner.js:2370:9)",
                    "diff": null
                  },
                  "uuid": "825fa10c-2c32-491a-bc48-faef08b539ec",
                  "parentUUID": "c75afdbd-4b36-4bcf-bb86-59a01365111a",
                  "isHook": false,
                  "skipped": false
                },
                {
                  "title": "affiche correctement la liste des congés",
                  "fullTitle": "Tests de compatibilité responsive Tests sur tablette affiche correctement la liste des congés",
                  "timedOut": null,
                  "duration": 0,
                  "state": "skipped",
                  "speed": null,
                  "pass": false,
                  "fail": false,
                  "pending": false,
                  "context": null,
                  "code": "cy.visitAsAuthenticatedUser('/leaves');\n// Vérifier que les cartes de congés s'affichent en grille\ncy.get('[data-cy=leave-grid]').should('have.css', 'grid-template-columns');",
                  "err": {},
                  "uuid": "8f31b8cb-05d2-4aac-91ea-bdcc750a41dd",
                  "parentUUID": "c75afdbd-4b36-4bcf-bb86-59a01365111a",
                  "isHook": false,
                  "skipped": true
                }
              ],
              "suites": [],
              "passes": [],
              "failures": [
                "825fa10c-2c32-491a-bc48-faef08b539ec"
              ],
              "pending": [],
              "skipped": [
                "8f31b8cb-05d2-4aac-91ea-bdcc750a41dd"
              ],
              "duration": 129,
              "root": false,
              "rootEmpty": false,
              "_timeout": 2000
            },
            {
              "uuid": "4d43cb0b-b4a9-40c6-8491-a50a3fd3f25f",
              "title": "Tests sur desktop",
              "fullFile": "",
              "file": "",
              "beforeHooks": [],
              "afterHooks": [],
              "tests": [
                {
                  "title": "affiche correctement le menu de navigation",
                  "fullTitle": "Tests de compatibilité responsive Tests sur desktop affiche correctement le menu de navigation",
                  "timedOut": null,
                  "duration": 129,
                  "state": "failed",
                  "speed": null,
                  "pass": false,
                  "fail": true,
                  "pending": false,
                  "context": null,
                  "code": "cy.visitAsAuthenticatedUser('/dashboard');\n// Vérifier l'affichage du menu latéral sur desktop\ncy.get('[data-cy=sidebar-navigation]').should('be.visible');",
                  "err": {
                    "message": "TypeError: Cannot read properties of undefined (reading 'desktop')\n\nBecause this error occurred during a `before each` hook we are skipping the remaining tests in the current suite: `Tests sur desktop`",
                    "estack": "TypeError: Cannot read properties of undefined (reading 'desktop')\n\nBecause this error occurred during a `before each` hook we are skipping the remaining tests in the current suite: `Tests sur desktop`\n    at Context.eval (webpack://mathildanesth/./cypress/support/e2e.ts:46:44)\n    at wrapped (http://localhost:3000/__cypress/runner/cypress_runner.js:140165:43)\n    at <unknown> (http://localhost:3000/__cypress/runner/cypress_runner.js:146118:15)\n    at tryCatcher (http://localhost:3000/__cypress/runner/cypress_runner.js:1777:23)\n    at Promise._settlePromiseFromHandler (http://localhost:3000/__cypress/runner/cypress_runner.js:1489:31)\n    at Promise._settlePromise (http://localhost:3000/__cypress/runner/cypress_runner.js:1546:18)\n    at Promise._settlePromiseCtx (http://localhost:3000/__cypress/runner/cypress_runner.js:1583:10)\n    at _drainQueueStep (http://localhost:3000/__cypress/runner/cypress_runner.js:2381:12)\n    at _drainQueue (http://localhost:3000/__cypress/runner/cypress_runner.js:2370:9)",
                    "diff": null
                  },
                  "uuid": "22490994-de78-43aa-b2d0-8740bb6a00ee",
                  "parentUUID": "4d43cb0b-b4a9-40c6-8491-a50a3fd3f25f",
                  "isHook": false,
                  "skipped": false
                },
                {
                  "title": "affiche correctement le planning hebdomadaire",
                  "fullTitle": "Tests de compatibilité responsive Tests sur desktop affiche correctement le planning hebdomadaire",
                  "timedOut": null,
                  "duration": 0,
                  "state": "skipped",
                  "speed": null,
                  "pass": false,
                  "fail": false,
                  "pending": false,
                  "context": null,
                  "code": "cy.visitAsAuthenticatedUser('/planning/hebdomadaire');\n// Vérifier que toutes les colonnes sont visibles\ncy.get('[data-cy=planning-day-column]').should('have.length.at.least', 5);",
                  "err": {},
                  "uuid": "3e9346e2-fdd9-4bd0-b4b4-fdbd8c144c00",
                  "parentUUID": "4d43cb0b-b4a9-40c6-8491-a50a3fd3f25f",
                  "isHook": false,
                  "skipped": true
                }
              ],
              "suites": [],
              "passes": [],
              "failures": [
                "22490994-de78-43aa-b2d0-8740bb6a00ee"
              ],
              "pending": [],
              "skipped": [
                "3e9346e2-fdd9-4bd0-b4b4-fdbd8c144c00"
              ],
              "duration": 129,
              "root": false,
              "rootEmpty": false,
              "_timeout": 2000
            },
            {
              "uuid": "8845e6dd-c659-4d64-ba80-8edbeffbd192",
              "title": "Tests sur grand écran",
              "fullFile": "",
              "file": "",
              "beforeHooks": [],
              "afterHooks": [],
              "tests": [
                {
                  "title": "optimise l'affichage du planning",
                  "fullTitle": "Tests de compatibilité responsive Tests sur grand écran optimise l'affichage du planning",
                  "timedOut": null,
                  "duration": 132,
                  "state": "failed",
                  "speed": null,
                  "pass": false,
                  "fail": true,
                  "pending": false,
                  "context": null,
                  "code": "cy.visitAsAuthenticatedUser('/planning/hebdomadaire');\n// Vérifier que l'interface exploite l'espace disponible\ncy.get('[data-cy=planning-container]').invoke('width').should('be.gt', 1800);",
                  "err": {
                    "message": "TypeError: Cannot read properties of undefined (reading 'widescreen')\n\nBecause this error occurred during a `before each` hook we are skipping the remaining tests in the current suite: `Tests sur grand écran`",
                    "estack": "TypeError: Cannot read properties of undefined (reading 'widescreen')\n\nBecause this error occurred during a `before each` hook we are skipping the remaining tests in the current suite: `Tests sur grand écran`\n    at Context.eval (webpack://mathildanesth/./cypress/support/e2e.ts:46:44)\n    at wrapped (http://localhost:3000/__cypress/runner/cypress_runner.js:140165:43)\n    at <unknown> (http://localhost:3000/__cypress/runner/cypress_runner.js:146118:15)\n    at tryCatcher (http://localhost:3000/__cypress/runner/cypress_runner.js:1777:23)\n    at Promise._settlePromiseFromHandler (http://localhost:3000/__cypress/runner/cypress_runner.js:1489:31)\n    at Promise._settlePromise (http://localhost:3000/__cypress/runner/cypress_runner.js:1546:18)\n    at Promise._settlePromiseCtx (http://localhost:3000/__cypress/runner/cypress_runner.js:1583:10)\n    at _drainQueueStep (http://localhost:3000/__cypress/runner/cypress_runner.js:2381:12)\n    at _drainQueue (http://localhost:3000/__cypress/runner/cypress_runner.js:2370:9)",
                    "diff": null
                  },
                  "uuid": "782b8813-1510-4415-b3d3-4db85cacc2ff",
                  "parentUUID": "8845e6dd-c659-4d64-ba80-8edbeffbd192",
                  "isHook": false,
                  "skipped": false
                },
                {
                  "title": "affiche correctement le tableau de bord",
                  "fullTitle": "Tests de compatibilité responsive Tests sur grand écran affiche correctement le tableau de bord",
                  "timedOut": null,
                  "duration": 0,
                  "state": "skipped",
                  "speed": null,
                  "pass": false,
                  "fail": false,
                  "pending": false,
                  "context": null,
                  "code": "cy.visitAsAuthenticatedUser('/dashboard');\n// Vérifier que les widgets s'adaptent à l'espace disponible\ncy.get('[data-cy=dashboard-widgets]').invoke('width').should('be.gt', 1800);",
                  "err": {},
                  "uuid": "91828877-6510-4c77-a8d8-b2b258734f51",
                  "parentUUID": "8845e6dd-c659-4d64-ba80-8edbeffbd192",
                  "isHook": false,
                  "skipped": true
                }
              ],
              "suites": [],
              "passes": [],
              "failures": [
                "782b8813-1510-4415-b3d3-4db85cacc2ff"
              ],
              "pending": [],
              "skipped": [
                "91828877-6510-4c77-a8d8-b2b258734f51"
              ],
              "duration": 132,
              "root": false,
              "rootEmpty": false,
              "_timeout": 2000
            }
          ],
          "passes": [],
          "failures": [],
          "pending": [],
          "skipped": [],
          "duration": 0,
          "root": false,
          "rootEmpty": false,
          "_timeout": 2000
        }
      ],
      "passes": [],
      "failures": [],
      "pending": [],
      "skipped": [],
      "duration": 0,
      "root": true,
      "rootEmpty": true,
      "_timeout": 2000
    }
  ],
  "meta": {
    "mocha": {
      "version": "7.2.0"
    },
    "mochawesome": {
      "options": {
        "quiet": false,
        "reportFilename": "mochawesome",
        "saveHtml": false,
        "saveJson": true,
        "consoleReporter": "spec",
        "useInlineDiffs": false,
        "code": true
      },
      "version": "7.1.3"
    },
    "marge": {
      "options": {
        "id": "default",
        "reportDir": "cypress/reports/mocha",
        "quite": true,
        "overwrite": false,
        "html": false,
        "json": true
      },
      "version": "6.2.0"
    }
  }
}