{
  "stats": {
    "suites": 1,
    "tests": 1,
    "passes": 0,
    "pending": 0,
    "failures": 1,
    "start": "2025-06-01T06:45:13.834Z",
    "end": "2025-06-01T06:45:14.469Z",
    "duration": 635,
    "testsRegistered": 5,
    "passPercent": 0,
    "pendingPercent": 0,
    "other": 0,
    "hasOther": false,
    "skipped": 4,
    "hasSkipped": true
  },
  "results": [
    {
      "uuid": "8856a13f-7114-424b-9d0a-5950cc73656c",
      "title": "",
      "fullFile": "cypress/e2e/admin/admin-workflows.spec.ts",
      "file": "cypress/e2e/admin/admin-workflows.spec.ts",
      "beforeHooks": [],
      "afterHooks": [],
      "tests": [],
      "suites": [
        {
          "uuid": "284fccd7-3920-4b50-a300-d058d67872c6",
          "title": "Workflows administrateur",
          "fullFile": "",
          "file": "",
          "beforeHooks": [],
          "afterHooks": [],
          "tests": [
            {
              "title": "permet la gestion complète des utilisateurs",
              "fullTitle": "Workflows administrateur permet la gestion complète des utilisateurs",
              "timedOut": null,
              "duration": 137,
              "state": "failed",
              "speed": null,
              "pass": false,
              "fail": true,
              "pending": false,
              "context": null,
              "code": "// ÉTAPE 1: Connexion admin\ncy.log('🔐 ÉTAPE 1: Connexion administrateur');\ncy.visit('/auth/connexion');\ncy.waitForPageLoad();\ncy.safeType('[data-cy=email-input]', adminUser.email);\ncy.safeType('[data-cy=password-input]', adminUser.password);\ncy.safeClick('[data-cy=submit-button]');\ncy.waitForApiResponse('adminLogin');\ncy.url({ timeout: 15000 }).should('include', '/tableau-de-bord');\n// ÉTAPE 2: Navigation vers gestion utilisateurs\ncy.log('👥 ÉTAPE 2: Navigation vers gestion utilisateurs');\ncy.get('[data-cy=nav-admin]').click();\ncy.get('[data-cy=admin-menu]').within(function () {\n    cy.get('[data-cy=admin-users-link]').click();\n});\ncy.waitForApiResponse('usersList');\ncy.url().should('include', '/admin/utilisateurs');\ncy.waitForElement('[data-cy=users-table]');\n// ÉTAPE 3: Création d'un nouvel utilisateur\ncy.log('➕ ÉTAPE 3: Création d\\'un nouvel utilisateur');\ncy.safeClick('[data-cy=create-user-button]');\ncy.waitForElement('[data-cy=user-modal]');\ncy.get('[data-cy=user-modal]').within(function () {\n    cy.safeType('[data-cy=user-email]', 'nouveau.medecin@example.com');\n    cy.safeType('[data-cy=user-nom]', 'Nouveau');\n    cy.safeType('[data-cy=user-prenom]', 'Médecin');\n    cy.safeType('[data-cy=user-password]', 'TempPass123!');\n    cy.safeClick('[data-cy=user-role-select]');\n    cy.get('[data-cy=role-option-user]').click();\n    cy.safeClick('[data-cy=professional-role-select]');\n    cy.get('[data-cy=professional-role-iade]').click();\n    cy.safeClick('[data-cy=save-user-button]');\n});\ncy.waitForApiResponse('createUser');\ncy.waitForElement('[data-cy=notification-success]');\ncy.get('[data-cy=notification-success]').should('contain', 'Utilisateur créé');\n// ÉTAPE 4: Modification d'un utilisateur existant\ncy.log('✏️ ÉTAPE 4: Modification d\\'utilisateur');\ncy.get('[data-cy=users-table]').within(function () {\n    cy.get('[data-cy=user-row]').first().within(function () {\n        cy.get('[data-cy=edit-user-button]').click();\n    });\n});\ncy.waitForElement('[data-cy=user-modal]');\ncy.get('[data-cy=user-modal]').within(function () {\n    cy.get('[data-cy=user-nom]').clear().type('Nom Modifié');\n    cy.safeClick('[data-cy=save-user-button]');\n});\ncy.waitForApiResponse('updateUser');\ncy.waitForElement('[data-cy=notification-success]');\ncy.get('[data-cy=notification-success]').should('contain', 'Utilisateur modifié');\n// ÉTAPE 5: Désactivation d'un utilisateur\ncy.log('🚫 ÉTAPE 5: Désactivation d\\'utilisateur');\ncy.get('[data-cy=users-table]').within(function () {\n    cy.get('[data-cy=user-row]').last().within(function () {\n        cy.get('[data-cy=toggle-user-status]').click();\n    });\n});\ncy.waitForElement('[data-cy=confirm-modal]');\ncy.get('[data-cy=confirm-modal]').within(function () {\n    cy.safeClick('[data-cy=confirm-action]');\n});\ncy.waitForApiResponse('updateUser');\ncy.waitForElement('[data-cy=notification-success]');\ncy.get('[data-cy=notification-success]').should('contain', 'Statut utilisateur modifié');",
              "err": {
                "message": "Error: An error was thrown while processing a network event: A fixture file could not be found at any of the following paths:\n\n    > cypress/fixtures/user-updated.json\n    > cypress/fixtures/user-updated.json.[ext]\n\nCypress looked for these file extensions at the provided path:\n\n    > .json, .js, .coffee, .html, .txt, .csv, .png, .jpg, .jpeg, .gif, .tif, .tiff, .zip\n\nProvide a path to an existing fixture file.\n\nBecause this error occurred during a `before each` hook we are skipping the remaining tests in the current suite: `Workflows administrateur`",
                "estack": "Error: An error was thrown while processing a network event: A fixture file could not be found at any of the following paths:\n\n    > cypress/fixtures/user-updated.json\n    > cypress/fixtures/user-updated.json.[ext]\n\nCypress looked for these file extensions at the provided path:\n\n    > .json, .js, .coffee, .html, .txt, .csv, .png, .jpg, .jpeg, .gif, .tif, .tiff, .zip\n\nProvide a path to an existing fixture file.\n\nBecause this error occurred during a `before each` hook we are skipping the remaining tests in the current suite: `Workflows administrateur`\n    at Object.<anonymous> (<embedded>:2752:159807)\n    at Object.tryCatcher (/Users/vincentperreard/Library/Caches/Cypress/14.3.3/Cypress.app/Contents/Resources/app/node_modules/bluebird/js/release/util.js:16:23)\n    at Promise._settlePromiseFromHandler (/Users/vincentperreard/Library/Caches/Cypress/14.3.3/Cypress.app/Contents/Resources/app/node_modules/bluebird/js/release/promise.js:512:31)\n    at Promise._settlePromise (/Users/vincentperreard/Library/Caches/Cypress/14.3.3/Cypress.app/Contents/Resources/app/node_modules/bluebird/js/release/promise.js:569:18)\n    at Promise._settlePromise0 (/Users/vincentperreard/Library/Caches/Cypress/14.3.3/Cypress.app/Contents/Resources/app/node_modules/bluebird/js/release/promise.js:614:10)\n    at Promise._settlePromises (/Users/vincentperreard/Library/Caches/Cypress/14.3.3/Cypress.app/Contents/Resources/app/node_modules/bluebird/js/release/promise.js:694:18)\n    at Promise._fulfill (/Users/vincentperreard/Library/Caches/Cypress/14.3.3/Cypress.app/Contents/Resources/app/node_modules/bluebird/js/release/promise.js:638:18)\n    at <unknown> (/Users/vincentperreard/Library/Caches/Cypress/14.3.3/Cypress.app/Contents/Resources/app/node_modules/bluebird/js/release/nodeback.js:42:21)\n    at s (<embedded>:227:132401)\n    at D.<anonymous> (<embedded>:2746:271070)\n    at D.emit (node:events:518:28)\n    at D._finish (<embedded>:2746:272000)\n    at i (<embedded>:2746:271391)\n    at D._processSimple2 (<embedded>:2746:277157)\n    at <unknown> (<embedded>:2746:277010)\n    at D._stat2 (<embedded>:2746:278075)\n    at <unknown> (<embedded>:2746:277922)\n    at s (<embedded>:1067:24225)\n    at s (<embedded>:227:132401)\n    at r (<embedded>:2868:13639)\n    at FSReqCallback.oncomplete (node:fs:197:21)",
                "diff": null
              },
              "uuid": "8decf5d6-a34c-4f65-a30a-afc1a624dd9c",
              "parentUUID": "284fccd7-3920-4b50-a300-d058d67872c6",
              "isHook": false,
              "skipped": false
            },
            {
              "title": "permet la gestion des demandes de congés",
              "fullTitle": "Workflows administrateur permet la gestion des demandes de congés",
              "timedOut": null,
              "duration": 0,
              "state": "skipped",
              "speed": null,
              "pass": false,
              "fail": false,
              "pending": false,
              "context": null,
              "code": "// Connexion admin\ncy.visit('/auth/connexion');\ncy.waitForPageLoad();\ncy.safeType('[data-cy=email-input]', adminUser.email);\ncy.safeType('[data-cy=password-input]', adminUser.password);\ncy.safeClick('[data-cy=submit-button]');\ncy.waitForApiResponse('adminLogin');\ncy.url().should('include', '/tableau-de-bord');\n// Navigation vers gestion des congés\ncy.log('📋 Navigation vers gestion des congés');\ncy.get('[data-cy=nav-admin]').click();\ncy.get('[data-cy=admin-menu]').within(function () {\n    cy.get('[data-cy=admin-leaves-link]').click();\n});\ncy.waitForApiResponse('adminLeavesList');\ncy.url().should('include', '/admin/conges');\ncy.waitForElement('[data-cy=leaves-management-table]');\n// Approbation d'une demande\ncy.log('✅ Approbation d\\'une demande de congé');\ncy.get('[data-cy=leaves-management-table]').within(function () {\n    cy.get('[data-cy=leave-row-pending]').first().within(function () {\n        cy.get('[data-cy=approve-leave-button]').click();\n    });\n});\ncy.waitForElement('[data-cy=approval-modal]');\ncy.get('[data-cy=approval-modal]').within(function () {\n    cy.safeType('[data-cy=approval-comment]', 'Demande approuvée - planning compatible');\n    cy.safeClick('[data-cy=confirm-approval]');\n});\ncy.waitForApiResponse('approveLeave');\ncy.waitForElement('[data-cy=notification-success]');\ncy.get('[data-cy=notification-success]').should('contain', 'Congé approuvé');\n// Rejet d'une demande\ncy.log('❌ Rejet d\\'une demande de congé');\ncy.get('[data-cy=leaves-management-table]').within(function () {\n    cy.get('[data-cy=leave-row-pending]').first().within(function () {\n        cy.get('[data-cy=reject-leave-button]').click();\n    });\n});\ncy.waitForElement('[data-cy=rejection-modal]');\ncy.get('[data-cy=rejection-modal]').within(function () {\n    cy.safeType('[data-cy=rejection-reason]', 'Conflit avec planning existant');\n    cy.safeClick('[data-cy=confirm-rejection]');\n});\ncy.waitForApiResponse('rejectLeave');\ncy.waitForElement('[data-cy=notification-success]');\ncy.get('[data-cy=notification-success]').should('contain', 'Congé rejeté');",
              "err": {},
              "uuid": "1b3603e8-3244-4aa2-ae74-e9526b250809",
              "parentUUID": "284fccd7-3920-4b50-a300-d058d67872c6",
              "isHook": false,
              "skipped": true
            },
            {
              "title": "permet la gestion des sites et salles",
              "fullTitle": "Workflows administrateur permet la gestion des sites et salles",
              "timedOut": null,
              "duration": 0,
              "state": "skipped",
              "speed": null,
              "pass": false,
              "fail": false,
              "pending": false,
              "context": null,
              "code": "// Connexion admin\ncy.visit('/auth/connexion');\ncy.waitForPageLoad();\ncy.safeType('[data-cy=email-input]', adminUser.email);\ncy.safeType('[data-cy=password-input]', adminUser.password);\ncy.safeClick('[data-cy=submit-button]');\ncy.waitForApiResponse('adminLogin');\n// Navigation vers gestion des sites\ncy.log('🏥 Navigation vers gestion des sites');\ncy.get('[data-cy=nav-admin]').click();\ncy.get('[data-cy=admin-menu]').within(function () {\n    cy.get('[data-cy=admin-sites-link]').click();\n});\ncy.waitForApiResponse('sitesList');\ncy.url().should('include', '/admin/sites');\ncy.waitForElement('[data-cy=sites-table]');\n// Création d'un nouveau site\ncy.log('🏗️ Création d\\'un nouveau site');\ncy.safeClick('[data-cy=create-site-button]');\ncy.waitForElement('[data-cy=site-modal]');\ncy.get('[data-cy=site-modal]').within(function () {\n    cy.safeType('[data-cy=site-name]', 'Nouveau Site Médical');\n    cy.safeType('[data-cy=site-address]', '123 Rue de la Santé, 75000 Paris');\n    cy.safeType('[data-cy=site-phone]', '01 23 45 67 89');\n    cy.safeType('[data-cy=site-capacity]', '50');\n    cy.safeClick('[data-cy=save-site-button]');\n});\ncy.waitForApiResponse('createSite');\ncy.waitForElement('[data-cy=notification-success]');\ncy.get('[data-cy=notification-success]').should('contain', 'Site créé');\n// Gestion des salles d'opération\ncy.log('🏥 Gestion des salles d\\'opération');\ncy.get('[data-cy=sites-table]').within(function () {\n    cy.get('[data-cy=site-row]').first().within(function () {\n        cy.get('[data-cy=manage-rooms-button]').click();\n    });\n});\ncy.waitForElement('[data-cy=rooms-modal]');\ncy.get('[data-cy=rooms-modal]').within(function () {\n    cy.safeClick('[data-cy=add-room-button]');\n    cy.get('[data-cy=room-form]').within(function () {\n        cy.safeType('[data-cy=room-name]', 'Salle Opération 1');\n        cy.safeClick('[data-cy=room-type-select]');\n        cy.get('[data-cy=room-type-chirurgie]').click();\n        cy.safeType('[data-cy=room-capacity]', '8');\n        cy.safeClick('[data-cy=save-room-button]');\n    });\n});\ncy.waitForElement('[data-cy=notification-success]');\ncy.get('[data-cy=notification-success]').should('contain', 'Salle ajoutée');",
              "err": {},
              "uuid": "4ee0f144-9320-43d8-b094-d20d3d42e963",
              "parentUUID": "284fccd7-3920-4b50-a300-d058d67872c6",
              "isHook": false,
              "skipped": true
            },
            {
              "title": "permet la configuration système",
              "fullTitle": "Workflows administrateur permet la configuration système",
              "timedOut": null,
              "duration": 0,
              "state": "skipped",
              "speed": null,
              "pass": false,
              "fail": false,
              "pending": false,
              "context": null,
              "code": "// Connexion admin\ncy.visit('/auth/connexion');\ncy.waitForPageLoad();\ncy.safeType('[data-cy=email-input]', adminUser.email);\ncy.safeType('[data-cy=password-input]', adminUser.password);\ncy.safeClick('[data-cy=submit-button]');\ncy.waitForApiResponse('adminLogin');\n// Navigation vers configuration\ncy.log('⚙️ Navigation vers configuration système');\ncy.get('[data-cy=nav-admin]').click();\ncy.get('[data-cy=admin-menu]').within(function () {\n    cy.get('[data-cy=admin-config-link]').click();\n});\ncy.url().should('include', '/admin/configuration');\ncy.waitForElement('[data-cy=config-form]');\n// Configuration des règles de planning\ncy.log('📋 Configuration des règles de planning');\ncy.get('[data-cy=config-form]').within(function () {\n    cy.get('[data-cy=max-consecutive-days]').clear().type('5');\n    cy.get('[data-cy=min-rest-hours]').clear().type('11');\n    cy.get('[data-cy=max-weekly-hours]').clear().type('48');\n    cy.get('[data-cy=enable-auto-assignment]').check();\n    cy.get('[data-cy=enable-conflict-detection]').check();\n    cy.safeClick('[data-cy=save-config-button]');\n});\ncy.waitForElement('[data-cy=notification-success]');\ncy.get('[data-cy=notification-success]').should('contain', 'Configuration sauvegardée');\n// Test de sauvegarde/restauration\ncy.log('💾 Test de sauvegarde/restauration');\ncy.get('[data-cy=backup-section]').within(function () {\n    cy.safeClick('[data-cy=create-backup-button]');\n});\ncy.waitForElement('[data-cy=notification-success]');\ncy.get('[data-cy=notification-success]').should('contain', 'Sauvegarde créée');\n// Vérifier que la liste des sauvegardes se met à jour\ncy.get('[data-cy=backups-list]').should('contain', new Date().toLocaleDateString());",
              "err": {},
              "uuid": "135af901-f5ae-498b-9617-fc833dff7ed4",
              "parentUUID": "284fccd7-3920-4b50-a300-d058d67872c6",
              "isHook": false,
              "skipped": true
            },
            {
              "title": "génère des rapports d'administration",
              "fullTitle": "Workflows administrateur génère des rapports d'administration",
              "timedOut": null,
              "duration": 0,
              "state": "skipped",
              "speed": null,
              "pass": false,
              "fail": false,
              "pending": false,
              "context": null,
              "code": "// Connexion admin\ncy.visit('/auth/connexion');\ncy.waitForPageLoad();\ncy.safeType('[data-cy=email-input]', adminUser.email);\ncy.safeType('[data-cy=password-input]', adminUser.password);\ncy.safeClick('[data-cy=submit-button]');\ncy.waitForApiResponse('adminLogin');\n// Navigation vers rapports\ncy.log('📊 Navigation vers rapports');\ncy.get('[data-cy=nav-admin]').click();\ncy.get('[data-cy=admin-menu]').within(function () {\n    cy.get('[data-cy=admin-reports-link]').click();\n});\ncy.url().should('include', '/admin/rapports');\ncy.waitForElement('[data-cy=reports-dashboard]');\n// Génération rapport d'activité\ncy.log('📈 Génération rapport d\\'activité');\ncy.get('[data-cy=activity-report-section]').within(function () {\n    cy.safeType('[data-cy=report-start-date]', '2025-05-01');\n    cy.safeType('[data-cy=report-end-date]', '2025-05-31');\n    cy.safeClick('[data-cy=generate-activity-report]');\n});\ncy.waitForElement('[data-cy=report-generated]');\ncy.get('[data-cy=report-generated]').should('be.visible');\n// Vérification du contenu du rapport\ncy.get('[data-cy=report-stats]').within(function () {\n    cy.get('[data-cy=total-users]').should('exist');\n    cy.get('[data-cy=total-leaves]').should('exist');\n    cy.get('[data-cy=total-assignments]').should('exist');\n});\n// Export du rapport\ncy.log('📥 Export du rapport');\ncy.get('[data-cy=export-report-section]').within(function () {\n    cy.safeClick('[data-cy=export-format-csv]');\n    cy.safeClick('[data-cy=export-report-button]');\n});\n// Vérifier que le téléchargement démarre\ncy.waitForElement('[data-cy=notification-success]');\ncy.get('[data-cy=notification-success]').should('contain', 'Rapport exporté');",
              "err": {},
              "uuid": "ab849128-5eca-4642-a80b-941cec635e44",
              "parentUUID": "284fccd7-3920-4b50-a300-d058d67872c6",
              "isHook": false,
              "skipped": true
            }
          ],
          "suites": [],
          "passes": [],
          "failures": [
            "8decf5d6-a34c-4f65-a30a-afc1a624dd9c"
          ],
          "pending": [],
          "skipped": [
            "1b3603e8-3244-4aa2-ae74-e9526b250809",
            "4ee0f144-9320-43d8-b094-d20d3d42e963",
            "135af901-f5ae-498b-9617-fc833dff7ed4",
            "ab849128-5eca-4642-a80b-941cec635e44"
          ],
          "duration": 137,
          "root": false,
          "rootEmpty": false,
          "_timeout": 2000
        }
      ],
      "passes": [],
      "failures": [],
      "pending": [],
      "skipped": [],
      "duration": 0,
      "root": true,
      "rootEmpty": true,
      "_timeout": 2000
    }
  ],
  "meta": {
    "mocha": {
      "version": "7.2.0"
    },
    "mochawesome": {
      "options": {
        "quiet": false,
        "reportFilename": "mochawesome",
        "saveHtml": false,
        "saveJson": true,
        "consoleReporter": "spec",
        "useInlineDiffs": false,
        "code": true
      },
      "version": "7.1.3"
    },
    "marge": {
      "options": {
        "id": "default",
        "reportDir": "cypress/reports/mocha",
        "quite": true,
        "overwrite": false,
        "html": false,
        "json": true
      },
      "version": "6.2.0"
    }
  }
}