{
  "stats": {
    "suites": 1,
    "tests": 2,
    "passes": 1,
    "pending": 0,
    "failures": 1,
    "start": "2025-05-28T15:12:31.748Z",
    "end": "2025-05-28T15:13:20.861Z",
    "duration": 49113,
    "testsRegistered": 2,
    "passPercent": 50,
    "pendingPercent": 0,
    "other": 0,
    "hasOther": false,
    "skipped": 0,
    "hasSkipped": false
  },
  "results": [
    {
      "uuid": "5e7875d0-a3ec-4533-b280-1434b6438733",
      "title": "",
      "fullFile": "cypress/e2e/auth/simple-login-test.spec.ts",
      "file": "cypress/e2e/auth/simple-login-test.spec.ts",
      "beforeHooks": [],
      "afterHooks": [],
      "tests": [],
      "suites": [
        {
          "uuid": "c987c0ca-5568-45ff-a5e2-50104e17564b",
          "title": "Test de connexion simple",
          "fullFile": "",
          "file": "",
          "beforeHooks": [],
          "afterHooks": [],
          "tests": [
            {
              "title": "visite la page de connexion",
              "fullTitle": "Test de connexion simple visite la page de connexion",
              "timedOut": null,
              "duration": 388,
              "state": "passed",
              "speed": "fast",
              "pass": true,
              "fail": false,
              "pending": false,
              "context": null,
              "code": "cy.visit('/auth/connexion');\ncy.get('h1').should('contain', 'Connexion');\ncy.get('[data-cy=email-input]').should('be.visible');\ncy.get('[data-cy=password-input]').should('be.visible');\ncy.get('[data-cy=submit-button]').should('be.visible');",
              "err": {},
              "uuid": "90ad8690-1284-444b-baa0-94ba06a8e64a",
              "parentUUID": "c987c0ca-5568-45ff-a5e2-50104e17564b",
              "isHook": false,
              "skipped": false
            },
            {
              "title": "affiche une erreur pour des identifiants invalides",
              "fullTitle": "Test de connexion simple affiche une erreur pour des identifiants invalides",
              "timedOut": null,
              "duration": 16040,
              "state": "failed",
              "speed": null,
              "pass": false,
              "fail": true,
              "pending": false,
              "context": null,
              "code": "cy.visit('/auth/connexion');\ncy.get('[data-cy=email-input]').type('test@invalid.com');\ncy.get('[data-cy=password-input]').type('wrongpassword');\ncy.get('[data-cy=submit-button]').should('not.be.disabled').click();\ncy.get('[data-cy=error-message]')\n    .should('be.visible')\n    .and('contain.text', 'Identifiants invalides');",
              "err": {
                "message": "AssertionError: Timed out retrying after 15000ms: expected '<button.w-full.rounded-md.bg-blue-600.px-4.py-2.text-white.hover:bg-blue-700.focus:outline-none.focus:ring-2.focus:ring-blue-500.focus:ring-offset-2.disabled:opacity-50.disabled:cursor-not-allowed.transition-colors>' not to be 'disabled'",
                "estack": "AssertionError: Timed out retrying after 15000ms: expected '<button.w-full.rounded-md.bg-blue-600.px-4.py-2.text-white.hover:bg-blue-700.focus:outline-none.focus:ring-2.focus:ring-blue-500.focus:ring-offset-2.disabled:opacity-50.disabled:cursor-not-allowed.transition-colors>' not to be 'disabled'\n    at Context.eval (webpack://mathildanesth/./cypress/e2e/auth/simple-login-test.spec.ts:14:42)",
                "diff": null
              },
              "uuid": "35434307-ac6e-402f-882f-b01b15fd660b",
              "parentUUID": "c987c0ca-5568-45ff-a5e2-50104e17564b",
              "isHook": false,
              "skipped": false
            }
          ],
          "suites": [],
          "passes": [
            "90ad8690-1284-444b-baa0-94ba06a8e64a"
          ],
          "failures": [
            "35434307-ac6e-402f-882f-b01b15fd660b"
          ],
          "pending": [],
          "skipped": [],
          "duration": 16428,
          "root": false,
          "rootEmpty": false,
          "_timeout": 2000
        }
      ],
      "passes": [],
      "failures": [],
      "pending": [],
      "skipped": [],
      "duration": 0,
      "root": true,
      "rootEmpty": true,
      "_timeout": 2000
    }
  ],
  "meta": {
    "mocha": {
      "version": "7.2.0"
    },
    "mochawesome": {
      "options": {
        "quiet": false,
        "reportFilename": "mochawesome",
        "saveHtml": false,
        "saveJson": true,
        "consoleReporter": "spec",
        "useInlineDiffs": false,
        "code": true
      },
      "version": "7.1.3"
    },
    "marge": {
      "options": {
        "id": "default",
        "reportDir": "cypress/reports/mocha",
        "quite": true,
        "overwrite": false,
        "html": false,
        "json": true
      },
      "version": "6.2.0"
    }
  }
}