{
  "stats": {
    "suites": 2,
    "tests": 1,
    "passes": 0,
    "pending": 0,
    "failures": 1,
    "start": "2025-05-04T17:17:51.308Z",
    "end": "2025-05-04T17:17:51.884Z",
    "duration": 576,
    "testsRegistered": 9,
    "passPercent": 0,
    "pendingPercent": 0,
    "other": 0,
    "hasOther": false,
    "skipped": 8,
    "hasSkipped": true
  },
  "results": [
    {
      "uuid": "4f9e3f5a-0e5b-46a4-9616-09179749683b",
      "title": "",
      "fullFile": "cypress/e2e/compatibility/responsive-tests.spec.ts",
      "file": "cypress/e2e/compatibility/responsive-tests.spec.ts",
      "beforeHooks": [],
      "afterHooks": [],
      "tests": [],
      "suites": [
        {
          "uuid": "936562cd-2434-43c1-9473-665a570a3f79",
          "title": "Tests de compatibilité responsive",
          "fullFile": "",
          "file": "",
          "beforeHooks": [],
          "afterHooks": [],
          "tests": [],
          "suites": [
            {
              "uuid": "3ad3b6cd-d18e-4b84-92e4-3d69652968b4",
              "title": "Tests sur mobile",
              "fullFile": "",
              "file": "",
              "beforeHooks": [],
              "afterHooks": [],
              "tests": [
                {
                  "title": "affiche correctement le menu de navigation",
                  "fullTitle": "Tests de compatibilité responsive Tests sur mobile affiche correctement le menu de navigation",
                  "timedOut": null,
                  "duration": 317,
                  "state": "failed",
                  "speed": null,
                  "pass": false,
                  "fail": true,
                  "pending": false,
                  "context": null,
                  "code": "cy.visitAsAuthenticatedUser('/dashboard');\n// Vérifier que le menu hamburger est présent sur mobile\ncy.get('[data-cy=mobile-menu-button]').should('be.visible');\n// Cliquer sur le menu hamburger\ncy.get('[data-cy=mobile-menu-button]').click();\n// Vérifier que le menu s'ouvre\ncy.get('[data-cy=navigation-menu]').should('be.visible');",
                  "err": {
                    "message": "Error: Échec d'authentification: 400 {\"error\":\"Login et mot de passe requis\"}\n\nBecause this error occurred during a `before each` hook we are skipping the remaining tests in the current suite: `Tests de compatibilité resp...`",
                    "estack": "Error: Échec d'authentification: 400 {\"error\":\"Login et mot de passe requis\"}\n\nBecause this error occurred during a `before each` hook we are skipping the remaining tests in the current suite: `Tests de compatibilité resp...`\n    at Context.eval (webpack://mathildanesth/./cypress/support/commands.ts:97:18)\n    at getRet (http://localhost:3000/__cypress/runner/cypress_runner.js:119616:20)\n    at tryCatcher (http://localhost:3000/__cypress/runner/cypress_runner.js:1777:23)\n    at Promise.attempt.Promise.try (http://localhost:3000/__cypress/runner/cypress_runner.js:4285:29)\n    at Context.thenFn (http://localhost:3000/__cypress/runner/cypress_runner.js:119627:66)\n    at Context.then (http://localhost:3000/__cypress/runner/cypress_runner.js:119878:21)\n    at wrapped (http://localhost:3000/__cypress/runner/cypress_runner.js:140155:19)\n    at <unknown> (http://localhost:3000/__cypress/runner/cypress_runner.js:146100:15)\n    at tryCatcher (http://localhost:3000/__cypress/runner/cypress_runner.js:1777:23)",
                    "diff": null
                  },
                  "uuid": "ce54b9be-b01e-4156-835e-ceba242a6d0c",
                  "parentUUID": "3ad3b6cd-d18e-4b84-92e4-3d69652968b4",
                  "isHook": false,
                  "skipped": false
                },
                {
                  "title": "affiche correctement la liste des congés",
                  "fullTitle": "Tests de compatibilité responsive Tests sur mobile affiche correctement la liste des congés",
                  "timedOut": null,
                  "duration": 0,
                  "state": "skipped",
                  "speed": null,
                  "pass": false,
                  "fail": false,
                  "pending": false,
                  "context": null,
                  "code": "cy.visitAsAuthenticatedUser('/conges');\n// Vérifier que les cartes de congés s'affichent en une colonne\ncy.get('[data-cy=leave-item]').should('have.css', 'width', '100%');",
                  "err": {},
                  "uuid": "7c9b1d0d-8ab9-4e91-bd6e-161123293a28",
                  "parentUUID": "3ad3b6cd-d18e-4b84-92e4-3d69652968b4",
                  "isHook": false,
                  "skipped": true
                },
                {
                  "title": "adapte correctement le calendrier",
                  "fullTitle": "Tests de compatibilité responsive Tests sur mobile adapte correctement le calendrier",
                  "timedOut": null,
                  "duration": 0,
                  "state": "skipped",
                  "speed": null,
                  "pass": false,
                  "fail": false,
                  "pending": false,
                  "context": null,
                  "code": "cy.visitAsAuthenticatedUser('/calendrier');\n// Vérifier que la vue par défaut est différente sur mobile\ncy.get('[data-cy=calendar-day-view]').should('be.visible');\n// Vérifier que les contrôles du calendrier sont adaptés\ncy.get('[data-cy=calendar-controls]').should('have.css', 'flex-direction', 'column');",
                  "err": {},
                  "uuid": "da43b752-e0ed-4784-8d66-41a1692ef2c3",
                  "parentUUID": "3ad3b6cd-d18e-4b84-92e4-3d69652968b4",
                  "isHook": false,
                  "skipped": true
                }
              ],
              "suites": [],
              "passes": [],
              "failures": [
                "ce54b9be-b01e-4156-835e-ceba242a6d0c"
              ],
              "pending": [],
              "skipped": [
                "7c9b1d0d-8ab9-4e91-bd6e-161123293a28",
                "da43b752-e0ed-4784-8d66-41a1692ef2c3"
              ],
              "duration": 317,
              "root": false,
              "rootEmpty": false,
              "_timeout": 2000
            },
            {
              "uuid": "592ecfdd-9f75-4095-a702-a4454003ad25",
              "title": "Tests sur tablette",
              "fullFile": "",
              "file": "",
              "beforeHooks": [],
              "afterHooks": [],
              "tests": [
                {
                  "title": "affiche correctement le menu de navigation",
                  "fullTitle": "Tests de compatibilité responsive Tests sur tablette affiche correctement le menu de navigation",
                  "timedOut": null,
                  "duration": 0,
                  "state": "skipped",
                  "speed": null,
                  "pass": false,
                  "fail": false,
                  "pending": false,
                  "context": null,
                  "code": "cy.visitAsAuthenticatedUser('/dashboard');\n// Vérifier l'affichage correct du menu sur tablette\ncy.get('[data-cy=navigation-menu]').should('be.visible');",
                  "err": {},
                  "uuid": "fd6b786e-d082-45f6-bed5-e2c623771460",
                  "parentUUID": null,
                  "isHook": false,
                  "skipped": true
                },
                {
                  "title": "affiche correctement la liste des congés",
                  "fullTitle": "Tests de compatibilité responsive Tests sur tablette affiche correctement la liste des congés",
                  "timedOut": null,
                  "duration": 0,
                  "state": "skipped",
                  "speed": null,
                  "pass": false,
                  "fail": false,
                  "pending": false,
                  "context": null,
                  "code": "cy.visitAsAuthenticatedUser('/conges');\n// Vérifier que les cartes de congés s'affichent en grille\ncy.get('[data-cy=leave-grid]').should('have.css', 'grid-template-columns');",
                  "err": {},
                  "uuid": "9c6fb850-3f81-4aaf-8b4b-75f4b2102ab2",
                  "parentUUID": null,
                  "isHook": false,
                  "skipped": true
                }
              ],
              "suites": [],
              "passes": [],
              "failures": [],
              "pending": [],
              "skipped": [
                "fd6b786e-d082-45f6-bed5-e2c623771460",
                "9c6fb850-3f81-4aaf-8b4b-75f4b2102ab2"
              ],
              "duration": 0,
              "root": false,
              "rootEmpty": false,
              "_timeout": 2000
            },
            {
              "uuid": "6bbceac8-37bb-4769-aadd-cb43ec62a4c4",
              "title": "Tests sur desktop",
              "fullFile": "",
              "file": "",
              "beforeHooks": [],
              "afterHooks": [],
              "tests": [
                {
                  "title": "affiche correctement le menu de navigation",
                  "fullTitle": "Tests de compatibilité responsive Tests sur desktop affiche correctement le menu de navigation",
                  "timedOut": null,
                  "duration": 0,
                  "state": "skipped",
                  "speed": null,
                  "pass": false,
                  "fail": false,
                  "pending": false,
                  "context": null,
                  "code": "cy.visitAsAuthenticatedUser('/dashboard');\n// Vérifier l'affichage du menu latéral sur desktop\ncy.get('[data-cy=sidebar-navigation]').should('be.visible');",
                  "err": {},
                  "uuid": "affff289-eb16-41eb-83f6-be944afc1e9b",
                  "parentUUID": null,
                  "isHook": false,
                  "skipped": true
                },
                {
                  "title": "affiche correctement le planning hebdomadaire",
                  "fullTitle": "Tests de compatibilité responsive Tests sur desktop affiche correctement le planning hebdomadaire",
                  "timedOut": null,
                  "duration": 0,
                  "state": "skipped",
                  "speed": null,
                  "pass": false,
                  "fail": false,
                  "pending": false,
                  "context": null,
                  "code": "cy.visitAsAuthenticatedUser('/planning/hebdomadaire');\n// Vérifier que toutes les colonnes sont visibles\ncy.get('[data-cy=planning-day-column]').should('have.length.at.least', 5);",
                  "err": {},
                  "uuid": "80a7bb00-2154-4947-a46a-c0bf56424ec0",
                  "parentUUID": null,
                  "isHook": false,
                  "skipped": true
                }
              ],
              "suites": [],
              "passes": [],
              "failures": [],
              "pending": [],
              "skipped": [
                "affff289-eb16-41eb-83f6-be944afc1e9b",
                "80a7bb00-2154-4947-a46a-c0bf56424ec0"
              ],
              "duration": 0,
              "root": false,
              "rootEmpty": false,
              "_timeout": 2000
            },
            {
              "uuid": "0b4df01e-c17c-482a-aa98-373e177d0d1a",
              "title": "Tests sur grand écran",
              "fullFile": "",
              "file": "",
              "beforeHooks": [],
              "afterHooks": [],
              "tests": [
                {
                  "title": "optimise l'affichage du planning",
                  "fullTitle": "Tests de compatibilité responsive Tests sur grand écran optimise l'affichage du planning",
                  "timedOut": null,
                  "duration": 0,
                  "state": "skipped",
                  "speed": null,
                  "pass": false,
                  "fail": false,
                  "pending": false,
                  "context": null,
                  "code": "cy.visitAsAuthenticatedUser('/planning/hebdomadaire');\n// Vérifier que l'interface exploite l'espace disponible\ncy.get('[data-cy=planning-container]').invoke('width').should('be.gt', 1800);",
                  "err": {},
                  "uuid": "f35e1963-b210-4bdb-8685-6780eab4d2c2",
                  "parentUUID": null,
                  "isHook": false,
                  "skipped": true
                },
                {
                  "title": "affiche correctement le tableau de bord",
                  "fullTitle": "Tests de compatibilité responsive Tests sur grand écran affiche correctement le tableau de bord",
                  "timedOut": null,
                  "duration": 0,
                  "state": "skipped",
                  "speed": null,
                  "pass": false,
                  "fail": false,
                  "pending": false,
                  "context": null,
                  "code": "cy.visitAsAuthenticatedUser('/dashboard');\n// Vérifier que les widgets s'adaptent à l'espace disponible\ncy.get('[data-cy=dashboard-widgets]').invoke('width').should('be.gt', 1800);",
                  "err": {},
                  "uuid": "33243424-8dfb-4d89-8afb-439cc543b536",
                  "parentUUID": null,
                  "isHook": false,
                  "skipped": true
                }
              ],
              "suites": [],
              "passes": [],
              "failures": [],
              "pending": [],
              "skipped": [
                "f35e1963-b210-4bdb-8685-6780eab4d2c2",
                "33243424-8dfb-4d89-8afb-439cc543b536"
              ],
              "duration": 0,
              "root": false,
              "rootEmpty": false,
              "_timeout": 2000
            }
          ],
          "passes": [],
          "failures": [],
          "pending": [],
          "skipped": [],
          "duration": 0,
          "root": false,
          "rootEmpty": false,
          "_timeout": 2000
        }
      ],
      "passes": [],
      "failures": [],
      "pending": [],
      "skipped": [],
      "duration": 0,
      "root": true,
      "rootEmpty": true,
      "_timeout": 2000
    }
  ],
  "meta": {
    "mocha": {
      "version": "7.2.0"
    },
    "mochawesome": {
      "options": {
        "quiet": false,
        "reportFilename": "mochawesome",
        "saveHtml": false,
        "saveJson": true,
        "consoleReporter": "spec",
        "useInlineDiffs": false,
        "code": true
      },
      "version": "7.1.3"
    },
    "marge": {
      "options": {
        "id": "default",
        "reportDir": "cypress/reports/mocha",
        "quite": true,
        "overwrite": false,
        "html": false,
        "json": true
      },
      "version": "6.2.0"
    }
  }
}