{
  "stats": {
    "suites": 1,
    "tests": 1,
    "passes": 0,
    "pending": 0,
    "failures": 1,
    "start": "2025-06-01T06:15:02.404Z",
    "end": "2025-06-01T06:15:13.191Z",
    "duration": 10787,
    "testsRegistered": 6,
    "passPercent": 0,
    "pendingPercent": 0,
    "other": 1,
    "hasOther": true,
    "skipped": 4,
    "hasSkipped": true
  },
  "results": [
    {
      "uuid": "3652a6fd-f73e-41e1-94e1-a88af4a17e5b",
      "title": "",
      "fullFile": "cypress/e2e/auth/authentication.spec.ts",
      "file": "cypress/e2e/auth/authentication.spec.ts",
      "beforeHooks": [],
      "afterHooks": [],
      "tests": [],
      "suites": [
        {
          "uuid": "bcca4715-c72f-4162-9828-b28fbf1ace08",
          "title": "Authentification et gestion des sessions",
          "fullFile": "",
          "file": "",
          "beforeHooks": [],
          "afterHooks": [],
          "tests": [
            {
              "title": "permet la connexion avec des identifiants valides",
              "fullTitle": "Authentification et gestion des sessions permet la connexion avec des identifiants valides",
              "timedOut": null,
              "duration": 146,
              "state": "failed",
              "speed": null,
              "pass": false,
              "fail": true,
              "pending": false,
              "context": null,
              "code": "cy.visit('/auth/connexion');\ncy.waitForPageLoad();\n// Remplir le formulaire avec des commandes sécurisées\ncy.safeType('[data-cy=email-input]', testUser.email);\ncy.safeType('[data-cy=password-input]', testUser.password);\ncy.safeClick('[data-cy=submit-button]');\n// Attendre la réponse de l'API avec retry\ncy.waitForApiResponse('loginRequest');\n// Vérifier la redirection après connexion (avec timeout étendu)\ncy.url({ timeout: 15000 }).should('satisfy', function (url) {\n    return url.includes('/tableau-de-bord') || url.includes('/planning') || url.includes('/');\n});\n// Vérifier que le nom de l'utilisateur est affiché\ncy.waitForElement('[data-cy=user-name]');\ncy.get('[data-cy=user-name]').should('contain', testUser.name);",
              "err": {
                "message": "TypeError: cy.clearSessionStorage is not a function\n\nBecause this error occurred during a `before each` hook we are skipping the remaining tests in the current suite: `Authentification et gestion...`",
                "estack": "TypeError: cy.clearSessionStorage is not a function\n\nBecause this error occurred during a `before each` hook we are skipping the remaining tests in the current suite: `Authentification et gestion...`\n    at Context.eval (webpack://mathildanesth/./cypress/support/commands.ts:575:7)\n    at wrapped (http://localhost:3000/__cypress/runner/cypress_runner.js:140165:43)\n    at <unknown> (http://localhost:3000/__cypress/runner/cypress_runner.js:146118:15)\n    at tryCatcher (http://localhost:3000/__cypress/runner/cypress_runner.js:1777:23)\n    at Promise._settlePromiseFromHandler (http://localhost:3000/__cypress/runner/cypress_runner.js:1489:31)\n    at Promise._settlePromise (http://localhost:3000/__cypress/runner/cypress_runner.js:1546:18)\n    at Promise._settlePromiseCtx (http://localhost:3000/__cypress/runner/cypress_runner.js:1583:10)\n    at _drainQueueStep (http://localhost:3000/__cypress/runner/cypress_runner.js:2381:12)\n    at _drainQueue (http://localhost:3000/__cypress/runner/cypress_runner.js:2370:9)",
                "diff": null
              },
              "uuid": "c9241897-720b-4a35-98b7-1d358d1a4fca",
              "parentUUID": "bcca4715-c72f-4162-9828-b28fbf1ace08",
              "isHook": false,
              "skipped": false
            },
            {
              "title": "affiche un message d'erreur pour des identifiants invalides",
              "fullTitle": "Authentification et gestion des sessions affiche un message d'erreur pour des identifiants invalides",
              "timedOut": null,
              "duration": 0,
              "state": "skipped",
              "speed": null,
              "pass": false,
              "fail": false,
              "pending": false,
              "context": null,
              "code": "// Intercepter la requête avec réponse d'erreur\ncy.intercept('POST', '**/api/auth/login', {\n    statusCode: 401,\n    body: { error: 'Identifiants invalides' }\n}).as('failedLogin');\ncy.visit('/auth/connexion');\ncy.waitForPageLoad();\ncy.safeType('[data-cy=email-input]', 'utilisateur.invalide@example.com');\ncy.safeType('[data-cy=password-input]', 'mot_de_passe_incorrect');\ncy.safeClick('[data-cy=submit-button]');\n// Attendre la réponse d'erreur\ncy.wait('@failedLogin');\n// Vérifier le message d'erreur\ncy.waitForElement('[data-cy=error-message]', 10000);\ncy.get('[data-cy=error-message]')\n    .should('be.visible')\n    .and('contain.text', 'Identifiants invalides');",
              "err": {},
              "uuid": "310301fc-e2c2-4f76-95e5-dff49c7a23e1",
              "parentUUID": "bcca4715-c72f-4162-9828-b28fbf1ace08",
              "isHook": false,
              "skipped": true
            },
            {
              "title": "maintient la session utilisateur après rafraîchissement de la page",
              "fullTitle": "Authentification et gestion des sessions maintient la session utilisateur après rafraîchissement de la page",
              "timedOut": null,
              "duration": 0,
              "state": "skipped",
              "speed": null,
              "pass": false,
              "fail": false,
              "pending": false,
              "context": null,
              "code": "// Se connecter via l'API (plus rapide que via l'UI)\ncy.loginByApi(testUser.email, testUser.password);\n// Visiter la page d'accueil\ncy.visitAsAuthenticatedUser('/tableau-de-bord');\ncy.waitForPageLoad();\n// Vérifier que l'utilisateur est connecté\ncy.waitForElement('[data-cy=user-name]');\ncy.get('[data-cy=user-name]').should('contain', testUser.name);\n// Rafraîchir la page\ncy.reload();\ncy.waitForPageLoad();\n// Vérifier que l'utilisateur est toujours connecté\ncy.waitForElement('[data-cy=user-name]');\ncy.get('[data-cy=user-name]').should('contain', testUser.name);",
              "err": {},
              "uuid": "87a3fb72-de02-45ea-82d8-b8f486c4b997",
              "parentUUID": "bcca4715-c72f-4162-9828-b28fbf1ace08",
              "isHook": false,
              "skipped": true
            },
            {
              "title": "permet la déconnexion",
              "fullTitle": "Authentification et gestion des sessions permet la déconnexion",
              "timedOut": null,
              "duration": 0,
              "state": "skipped",
              "speed": null,
              "pass": false,
              "fail": false,
              "pending": false,
              "context": null,
              "code": "// Se connecter via l'API\ncy.loginByApi(testUser.email, testUser.password);\ncy.visitAsAuthenticatedUser('/tableau-de-bord');\n// Ouvrir le menu utilisateur et cliquer sur déconnexion\ncy.get('[data-cy=user-menu]').click();\ncy.get('[data-cy=logout-option]').click();\n// Vérifier la redirection vers la page de connexion\ncy.url().should('include', '/auth/connexion');\n// Essayer d'accéder à une page protégée\ncy.visit('/tableau-de-bord');\n// Vérifier qu'on est redirigé vers la page de connexion\ncy.url().should('include', '/auth/connexion');",
              "err": {},
              "uuid": "1fb79aea-a24c-4bbc-8f6a-008a226a328f",
              "parentUUID": "bcca4715-c72f-4162-9828-b28fbf1ace08",
              "isHook": false,
              "skipped": true
            },
            {
              "title": "redirige vers la page demandée après connexion",
              "fullTitle": "Authentification et gestion des sessions redirige vers la page demandée après connexion",
              "timedOut": null,
              "duration": 0,
              "state": "skipped",
              "speed": null,
              "pass": false,
              "fail": false,
              "pending": false,
              "context": null,
              "code": "// Essayer d'accéder à une page protégée sans être connecté\ncy.visit('/planning');\n// Vérifier qu'on est redirigé vers la page de connexion\ncy.url().should('include', '/auth/connexion');\n// Se connecter avec commandes sécurisées\ncy.safeType('[data-cy=email-input]', testUser.email);\ncy.safeType('[data-cy=password-input]', testUser.password);\ncy.safeClick('[data-cy=submit-button]');\n// Attendre la réponse de connexion\ncy.waitForApiResponse('loginRequest');\n// Vérifier qu'on est redirigé vers la page initialement demandée\ncy.url().should('include', '/planning');",
              "err": {},
              "uuid": "20c4fb2c-4232-40b0-b165-6ae22418a85b",
              "parentUUID": "bcca4715-c72f-4162-9828-b28fbf1ace08",
              "isHook": false,
              "skipped": true
            },
            {
              "title": "permet la récupération de mot de passe",
              "fullTitle": "Authentification et gestion des sessions permet la récupération de mot de passe",
              "timedOut": null,
              "duration": 0,
              "state": "failed",
              "speed": null,
              "pass": false,
              "fail": true,
              "pending": false,
              "context": null,
              "code": "cy.visit('/auth/connexion');\n// Cliquer sur le lien \"Mot de passe oublié\"\ncy.get('[data-cy=forgot-password-link]').click();\n// Vérifier qu'on est sur la page de récupération de mot de passe\ncy.url().should('include', '/auth/reset-password');\n// Saisir l'email et soumettre\ncy.get('[data-cy=email-input]').type(testUser.email);\ncy.get('[data-cy=submit-button]').click();\n// Vérifier le message de confirmation\ncy.get('[data-cy=notification-success]')\n    .should('be.visible')\n    .and('contain', 'Instructions envoyées');",
              "err": {
                "message": "CypressError: `cy.request()` timed out waiting `10000ms` for a response from your server.\n\nThe request we sent was:\n\nMethod: GET\nURL: http://localhost:3000/__coverage__\n\nNo response was received within the timeout.\n\nhttps://on.cypress.io/request\n\nBecause this error occurred during a `after all` hook we are skipping all of the remaining tests.\n\nAlthough you have test retries enabled, we do not retry tests when `before all` or `after all` hooks fail",
                "estack": "CypressError: `cy.request()` timed out waiting `10000ms` for a response from your server.\n\nThe request we sent was:\n\nMethod: GET\nURL: http://localhost:3000/__coverage__\n\nNo response was received within the timeout.\n\nhttps://on.cypress.io/request\n\nBecause this error occurred during a `after all` hook we are skipping all of the remaining tests.\n\nAlthough you have test retries enabled, we do not retry tests when `before all` or `after all` hooks fail\n    at <unknown> (http://localhost:3000/__cypress/runner/cypress_runner.js:135014:70)\n    at tryCatcher (http://localhost:3000/__cypress/runner/cypress_runner.js:1777:23)\n    at <unknown> (http://localhost:3000/__cypress/runner/cypress_runner.js:4156:41)\n    at tryCatcher (http://localhost:3000/__cypress/runner/cypress_runner.js:1777:23)\n    at Promise._settlePromiseFromHandler (http://localhost:3000/__cypress/runner/cypress_runner.js:1489:31)\n    at Promise._settlePromise (http://localhost:3000/__cypress/runner/cypress_runner.js:1546:18)\n    at Promise._settlePromise0 (http://localhost:3000/__cypress/runner/cypress_runner.js:1591:10)\n    at Promise._settlePromises (http://localhost:3000/__cypress/runner/cypress_runner.js:1667:18)\n    at _drainQueueStep (http://localhost:3000/__cypress/runner/cypress_runner.js:2377:12)\n    at _drainQueue (http://localhost:3000/__cypress/runner/cypress_runner.js:2370:9)\n    at Async._drainQueues (http://localhost:3000/__cypress/runner/cypress_runner.js:2386:5)\n    at Async.drainQueues (http://localhost:3000/__cypress/runner/cypress_runner.js:2256:14)\nFrom Your Spec Code:\n    at captureCoverage (webpack://mathildanesth/./node_modules/@cypress/code-coverage/support.js:203:0)\n    at Context.collectBackendCoverage (webpack://mathildanesth/./node_modules/@cypress/code-coverage/support.js:238:0)",
                "diff": null
              },
              "uuid": "4a9709bf-d6b4-4062-9659-a2e2d0418aa3",
              "parentUUID": "bcca4715-c72f-4162-9828-b28fbf1ace08",
              "isHook": false,
              "skipped": false
            }
          ],
          "suites": [],
          "passes": [],
          "failures": [
            "c9241897-720b-4a35-98b7-1d358d1a4fca",
            "4a9709bf-d6b4-4062-9659-a2e2d0418aa3"
          ],
          "pending": [],
          "skipped": [
            "310301fc-e2c2-4f76-95e5-dff49c7a23e1",
            "87a3fb72-de02-45ea-82d8-b8f486c4b997",
            "1fb79aea-a24c-4bbc-8f6a-008a226a328f",
            "20c4fb2c-4232-40b0-b165-6ae22418a85b"
          ],
          "duration": 146,
          "root": false,
          "rootEmpty": false,
          "_timeout": 2000
        }
      ],
      "passes": [],
      "failures": [],
      "pending": [],
      "skipped": [],
      "duration": 0,
      "root": true,
      "rootEmpty": true,
      "_timeout": 2000
    }
  ],
  "meta": {
    "mocha": {
      "version": "7.2.0"
    },
    "mochawesome": {
      "options": {
        "quiet": false,
        "reportFilename": "mochawesome",
        "saveHtml": false,
        "saveJson": true,
        "consoleReporter": "spec",
        "useInlineDiffs": false,
        "code": true
      },
      "version": "7.1.3"
    },
    "marge": {
      "options": {
        "id": "default",
        "reportDir": "cypress/reports/mocha",
        "quite": true,
        "overwrite": false,
        "html": false,
        "json": true
      },
      "version": "6.2.0"
    }
  }
}