{
  "stats": {
    "suites": 1,
    "tests": 4,
    "passes": 0,
    "pending": 0,
    "failures": 4,
    "start": "2025-05-04T20:18:07.702Z",
    "end": "2025-05-04T20:18:28.956Z",
    "duration": 21254,
    "testsRegistered": 4,
    "passPercent": 0,
    "pendingPercent": 0,
    "other": 0,
    "hasOther": false,
    "skipped": 0,
    "hasSkipped": false
  },
  "results": [
    {
      "uuid": "1fb75288-a1b5-4672-a123-8c88c66faefc",
      "title": "",
      "fullFile": "cypress/e2e/login.spec.ts",
      "file": "cypress/e2e/login.spec.ts",
      "beforeHooks": [],
      "afterHooks": [],
      "tests": [],
      "suites": [
        {
          "uuid": "f14be477-1267-44f5-adaf-cac8e79b1eda",
          "title": "Page de connexion",
          "fullFile": "",
          "file": "",
          "beforeHooks": [],
          "afterHooks": [],
          "tests": [
            {
              "title": "affiche correctement le formulaire de connexion",
              "fullTitle": "Page de connexion affiche correctement le formulaire de connexion",
              "timedOut": null,
              "duration": 5725,
              "state": "failed",
              "speed": null,
              "pass": false,
              "fail": true,
              "pending": false,
              "context": null,
              "code": "// Vérifier que les éléments du formulaire sont présents\ncy.get('[data-cy=email-input]').should('be.visible');\ncy.get('[data-cy=password-input]').should('be.visible');\ncy.get('[data-cy=login-button]').should('be.visible');",
              "err": {
                "message": "AssertionError: Timed out retrying after 4000ms: Expected to find element: `[data-cy=email-input]`, but never found it.",
                "estack": "AssertionError: Timed out retrying after 4000ms: Expected to find element: `[data-cy=email-input]`, but never found it.\n    at Context.eval (webpack://mathildanesth/./cypress/e2e/login.spec.ts:10:40)",
                "diff": null
              },
              "uuid": "0d0fef6e-9a79-4b50-afa8-66ce8b17e976",
              "parentUUID": "f14be477-1267-44f5-adaf-cac8e79b1eda",
              "isHook": false,
              "skipped": false
            },
            {
              "title": "affiche une erreur pour des identifiants invalides",
              "fullTitle": "Page de connexion affiche une erreur pour des identifiants invalides",
              "timedOut": null,
              "duration": 4995,
              "state": "failed",
              "speed": null,
              "pass": false,
              "fail": true,
              "pending": false,
              "context": null,
              "code": "// Tenter une connexion avec des identifiants invalides\ncy.get('[data-cy=email-input]').type('utilisateur.invalide@example.com');\ncy.get('[data-cy=password-input]').type('mot_de_passe_incorrect');\ncy.get('[data-cy=login-button]').click();\n// Vérifier qu'un message d'erreur s'affiche\ncy.get('[data-cy=notification-error]')\n    .should('be.visible')\n    .and('contain', 'Identifiants invalides');",
              "err": {
                "message": "AssertionError: Timed out retrying after 4000ms: Expected to find element: `[data-cy=email-input]`, but never found it.",
                "estack": "AssertionError: Timed out retrying after 4000ms: Expected to find element: `[data-cy=email-input]`, but never found it.\n    at Context.eval (webpack://mathildanesth/./cypress/e2e/login.spec.ts:17:11)",
                "diff": null
              },
              "uuid": "5e199a0d-9de8-4e0d-8590-9c1b946df288",
              "parentUUID": "f14be477-1267-44f5-adaf-cac8e79b1eda",
              "isHook": false,
              "skipped": false
            },
            {
              "title": "connecte l'utilisateur avec des identifiants valides",
              "fullTitle": "Page de connexion connecte l'utilisateur avec des identifiants valides",
              "timedOut": null,
              "duration": 4890,
              "state": "failed",
              "speed": null,
              "pass": false,
              "fail": true,
              "pending": false,
              "context": null,
              "code": "// Intercepter la requête de connexion\ncy.intercept('POST', '**/api/auth/login').as('loginRequest');\n// Connexion avec des identifiants valides (à remplacer par des identifiants de test)\ncy.get('[data-cy=email-input]').type('utilisateur.test@example.com');\ncy.get('[data-cy=password-input]').type('mot_de_passe_test');\ncy.get('[data-cy=login-button]').click();\n// Vérifier que la requête de connexion a été effectuée\ncy.wait('@loginRequest').its('response.statusCode').should('eq', 200);\n// Vérifier la redirection vers le tableau de bord ou la page d'accueil\ncy.url().should(function (url) {\n    expect(url).to.satisfy(function (url) {\n        return url.includes('/dashboard') || url.includes('/planning');\n    }, 'Devrait être redirigé vers le tableau de bord ou le planning');\n});\n// Vérifier que l'utilisateur est bien connecté\ncy.get('[data-cy=user-menu]').should('be.visible');",
              "err": {
                "message": "AssertionError: Timed out retrying after 4000ms: Expected to find element: `[data-cy=email-input]`, but never found it.",
                "estack": "AssertionError: Timed out retrying after 4000ms: Expected to find element: `[data-cy=email-input]`, but never found it.\n    at Context.eval (webpack://mathildanesth/./cypress/e2e/login.spec.ts:32:11)",
                "diff": null
              },
              "uuid": "921e8b2c-b771-4e64-9457-6a7d701a1765",
              "parentUUID": "f14be477-1267-44f5-adaf-cac8e79b1eda",
              "isHook": false,
              "skipped": false
            },
            {
              "title": "permet la navigation vers la page de récupération de mot de passe",
              "fullTitle": "Page de connexion permet la navigation vers la page de récupération de mot de passe",
              "timedOut": null,
              "duration": 5263,
              "state": "failed",
              "speed": null,
              "pass": false,
              "fail": true,
              "pending": false,
              "context": null,
              "code": "// Cliquer sur le lien de récupération de mot de passe\ncy.get('[data-cy=forgot-password-link]').click();\n// Vérifier la redirection vers la page de récupération\ncy.url().should('include', '/auth/reset-password');",
              "err": {
                "message": "AssertionError: Timed out retrying after 4000ms: Expected to find element: `[data-cy=forgot-password-link]`, but never found it.",
                "estack": "AssertionError: Timed out retrying after 4000ms: Expected to find element: `[data-cy=forgot-password-link]`, but never found it.\n    at Context.eval (webpack://mathildanesth/./cypress/e2e/login.spec.ts:52:11)",
                "diff": null
              },
              "uuid": "ff6dbc08-5225-400d-965a-ff741409a1a3",
              "parentUUID": "f14be477-1267-44f5-adaf-cac8e79b1eda",
              "isHook": false,
              "skipped": false
            }
          ],
          "suites": [],
          "passes": [],
          "failures": [
            "0d0fef6e-9a79-4b50-afa8-66ce8b17e976",
            "5e199a0d-9de8-4e0d-8590-9c1b946df288",
            "921e8b2c-b771-4e64-9457-6a7d701a1765",
            "ff6dbc08-5225-400d-965a-ff741409a1a3"
          ],
          "pending": [],
          "skipped": [],
          "duration": 20873,
          "root": false,
          "rootEmpty": false,
          "_timeout": 2000
        }
      ],
      "passes": [],
      "failures": [],
      "pending": [],
      "skipped": [],
      "duration": 0,
      "root": true,
      "rootEmpty": true,
      "_timeout": 2000
    }
  ],
  "meta": {
    "mocha": {
      "version": "7.2.0"
    },
    "mochawesome": {
      "options": {
        "quiet": false,
        "reportFilename": "mochawesome",
        "saveHtml": false,
        "saveJson": true,
        "consoleReporter": "spec",
        "useInlineDiffs": false,
        "code": true
      },
      "version": "7.1.3"
    },
    "marge": {
      "options": {
        "id": "default",
        "reportDir": "cypress/reports/mocha",
        "quite": true,
        "overwrite": false,
        "html": false,
        "json": true
      },
      "version": "6.2.0"
    }
  }
}