{
  "stats": {
    "suites": 1,
    "tests": 1,
    "passes": 0,
    "pending": 0,
    "failures": 1,
    "start": "2025-06-01T06:00:59.105Z",
    "end": "2025-06-01T06:01:01.783Z",
    "duration": 2678,
    "testsRegistered": 6,
    "passPercent": 0,
    "pendingPercent": 0,
    "other": 1,
    "hasOther": true,
    "skipped": 4,
    "hasSkipped": true
  },
  "results": [
    {
      "uuid": "69f1c048-6444-41e8-adf9-6e32fd4a1958",
      "title": "",
      "fullFile": "cypress/e2e/auth/stable-login.spec.ts",
      "file": "cypress/e2e/auth/stable-login.spec.ts",
      "beforeHooks": [],
      "afterHooks": [],
      "tests": [],
      "suites": [
        {
          "uuid": "f1436acc-8d47-4191-9c0c-9ca39eef1fc9",
          "title": "Connexion - Tests Stabilisés",
          "fullFile": "",
          "file": "",
          "beforeHooks": [],
          "afterHooks": [],
          "tests": [
            {
              "title": "affiche correctement le formulaire de connexion",
              "fullTitle": "Connexion - Tests Stabilisés affiche correctement le formulaire de connexion",
              "timedOut": null,
              "duration": 596,
              "state": "failed",
              "speed": null,
              "pass": false,
              "fail": true,
              "pending": false,
              "context": null,
              "code": "// Vérifier la présence des éléments essentiels\ncy.waitForElement('[data-cy=email-input]');\ncy.waitForElement('[data-cy=password-input]');\ncy.waitForElement('[data-cy=submit-button]');\n// Vérifier que le titre est présent\ncy.contains('Connexion').should('be.visible');\n// Vérifier que les champs sont bien configurés\ncy.get('[data-cy=email-input]').should('have.attr', 'type', 'text');\ncy.get('[data-cy=password-input]').should('have.attr', 'type', 'password');",
              "err": {
                "message": "CypressError: `cy.visit()` failed trying to load:\n\nhttp://localhost:3001/auth/connexion\n\nWe attempted to make an http request to this URL but the request failed without a response.\n\nWe received this error at the network level:\n\n  > Error: connect ECONNREFUSED 127.0.0.1:3001\n\nCommon situations why this would fail:\n  - you don't have internet access\n  - you forgot to run / boot your web server\n  - your web server isn't accessible\n  - you have weird network configuration settings on your computer\n\nBecause this error occurred during a `before each` hook we are skipping the remaining tests in the current suite: `Connexion - Tests Stabilisés`",
                "estack": "CypressError: `cy.visit()` failed trying to load:\n\nhttp://localhost:3001/auth/connexion\n\nWe attempted to make an http request to this URL but the request failed without a response.\n\nWe received this error at the network level:\n\n  > Error: connect ECONNREFUSED 127.0.0.1:3001\n\nCommon situations why this would fail:\n  - you don't have internet access\n  - you forgot to run / boot your web server\n  - your web server isn't accessible\n  - you have weird network configuration settings on your computer\n\nBecause this error occurred during a `before each` hook we are skipping the remaining tests in the current suite: `Connexion - Tests Stabilisés`\n    at <unknown> (http://localhost:3001/__cypress/runner/cypress_runner.js:133726:74)\n    at visitFailedByErr (http://localhost:3001/__cypress/runner/cypress_runner.js:133116:12)\n    at <unknown> (http://localhost:3001/__cypress/runner/cypress_runner.js:133725:11)\n    at tryCatcher (http://localhost:3001/__cypress/runner/cypress_runner.js:1777:23)\n    at Promise._settlePromiseFromHandler (http://localhost:3001/__cypress/runner/cypress_runner.js:1489:31)\n    at Promise._settlePromise (http://localhost:3001/__cypress/runner/cypress_runner.js:1546:18)\n    at Promise._settlePromise0 (http://localhost:3001/__cypress/runner/cypress_runner.js:1591:10)\n    at Promise._settlePromises (http://localhost:3001/__cypress/runner/cypress_runner.js:1667:18)\n    at _drainQueueStep (http://localhost:3001/__cypress/runner/cypress_runner.js:2377:12)\n    at _drainQueue (http://localhost:3001/__cypress/runner/cypress_runner.js:2370:9)\n    at Async._drainQueues (http://localhost:3001/__cypress/runner/cypress_runner.js:2386:5)\n    at Async.drainQueues (http://localhost:3001/__cypress/runner/cypress_runner.js:2256:14)\nFrom Your Spec Code:\n    at Context.eval (webpack://mathildanesth/./cypress/e2e/auth/stable-login.spec.ts:9:11)\n\nFrom Node.js Internals:\n  Error: connect ECONNREFUSED 127.0.0.1:3001\n      at TCPConnectWrap.afterConnect [as oncomplete] (node:net:1611:16)",
                "diff": null
              },
              "uuid": "0004545b-53f3-49be-8ba4-6cb924c17ab2",
              "parentUUID": "f1436acc-8d47-4191-9c0c-9ca39eef1fc9",
              "isHook": false,
              "skipped": false
            },
            {
              "title": "gère correctement les identifiants invalides",
              "fullTitle": "Connexion - Tests Stabilisés gère correctement les identifiants invalides",
              "timedOut": null,
              "duration": 0,
              "state": "skipped",
              "speed": null,
              "pass": false,
              "fail": false,
              "pending": false,
              "context": null,
              "code": "// Intercepter les requêtes pour surveiller les appels API\ncy.intercept('POST', '**/api/auth/login', {\n    statusCode: 401,\n    body: { error: 'Identifiants invalides' }\n}).as('loginFailed');\n// Saisir des identifiants incorrects\ncy.safeType('[data-cy=email-input]', 'user.invalide@test.com');\ncy.safeType('[data-cy=password-input]', 'motdepasse-incorrect');\ncy.safeClick('[data-cy=submit-button]');\n// Vérifier la réponse\ncy.wait('@loginFailed');\n// Vérifier l'affichage du message d'erreur\ncy.get('[data-cy=error-message]', { timeout: 5000 })\n    .should('be.visible')\n    .and('contain.text', 'Identifiants invalides');\n// Vérifier qu'on reste sur la page de connexion\ncy.url().should('include', '/auth/connexion');",
              "err": {},
              "uuid": "3580c825-852e-4a09-8cb1-9821e5cd4a33",
              "parentUUID": "f1436acc-8d47-4191-9c0c-9ca39eef1fc9",
              "isHook": false,
              "skipped": true
            },
            {
              "title": "permet la connexion avec des identifiants valides (mock)",
              "fullTitle": "Connexion - Tests Stabilisés permet la connexion avec des identifiants valides (mock)",
              "timedOut": null,
              "duration": 0,
              "state": "skipped",
              "speed": null,
              "pass": false,
              "fail": false,
              "pending": false,
              "context": null,
              "code": "// Mock d'une réponse de connexion réussie\ncy.intercept('POST', '**/api/auth/login', {\n    statusCode: 200,\n    body: {\n        success: true,\n        redirectUrl: '/',\n        user: { id: 1, email: 'admin@example.com', role: 'ADMIN_TOTAL' }\n    }\n}).as('loginSuccess');\n// Saisir des identifiants valides\ncy.safeType('[data-cy=email-input]', 'admin@example.com');\ncy.safeType('[data-cy=password-input]', 'Test123!');\ncy.safeClick('[data-cy=submit-button]');\n// Vérifier la réponse\ncy.wait('@loginSuccess');\n// Note: Dans un environnement de test, la redirection peut ne pas fonctionner\n// On vérifie juste que l'appel API s'est bien passé",
              "err": {},
              "uuid": "9da2d223-e88c-4207-a7b1-4f7ee4452512",
              "parentUUID": "f1436acc-8d47-4191-9c0c-9ca39eef1fc9",
              "isHook": false,
              "skipped": true
            },
            {
              "title": "désactive le bouton pendant le chargement",
              "fullTitle": "Connexion - Tests Stabilisés désactive le bouton pendant le chargement",
              "timedOut": null,
              "duration": 0,
              "state": "skipped",
              "speed": null,
              "pass": false,
              "fail": false,
              "pending": false,
              "context": null,
              "code": "// Intercepter avec un délai pour simuler une requête lente\ncy.intercept('POST', '**/api/auth/login', function (req) {\n    req.reply(function (res) {\n        res.delay(2000);\n        res.send({ statusCode: 200, body: { success: true } });\n    });\n}).as('slowLogin');\n// Saisir les identifiants\ncy.safeType('[data-cy=email-input]', 'admin@example.com');\ncy.safeType('[data-cy=password-input]', 'Test123!');\n// Cliquer et vérifier que le bouton est désactivé\ncy.safeClick('[data-cy=submit-button]');\ncy.get('[data-cy=submit-button]').should('be.disabled');\n// Vérifier le texte de chargement\ncy.get('[data-cy=submit-button]').should('contain.text', 'Connexion...');",
              "err": {},
              "uuid": "4acef580-b7e8-4c4c-b157-052b86c36aa0",
              "parentUUID": "f1436acc-8d47-4191-9c0c-9ca39eef1fc9",
              "isHook": false,
              "skipped": true
            },
            {
              "title": "nettoie les erreurs lors de la saisie",
              "fullTitle": "Connexion - Tests Stabilisés nettoie les erreurs lors de la saisie",
              "timedOut": null,
              "duration": 0,
              "state": "skipped",
              "speed": null,
              "pass": false,
              "fail": false,
              "pending": false,
              "context": null,
              "code": "// Afficher d'abord une erreur\ncy.intercept('POST', '**/api/auth/login', {\n    statusCode: 401,\n    body: { error: 'Identifiants invalides' }\n}).as('loginError');\ncy.safeType('[data-cy=email-input]', 'wrong@test.com');\ncy.safeType('[data-cy=password-input]', 'wrong');\ncy.safeClick('[data-cy=submit-button]');\ncy.wait('@loginError');\ncy.get('[data-cy=error-message]').should('be.visible');\n// Maintenant modifier les champs et vérifier que l'erreur disparaît\ncy.get('[data-cy=email-input]').clear().type('new@test.com');\ncy.get('[data-cy=error-message]').should('not.exist');",
              "err": {},
              "uuid": "483d593d-4f36-4d6a-b9a0-178b0a382c46",
              "parentUUID": "f1436acc-8d47-4191-9c0c-9ca39eef1fc9",
              "isHook": false,
              "skipped": true
            },
            {
              "title": "gère les erreurs réseau",
              "fullTitle": "Connexion - Tests Stabilisés gère les erreurs réseau",
              "timedOut": null,
              "duration": 0,
              "state": "failed",
              "speed": null,
              "pass": false,
              "fail": true,
              "pending": false,
              "context": null,
              "code": "// Simuler une erreur réseau\ncy.intercept('POST', '**/api/auth/login', { forceNetworkError: true }).as('networkError');\ncy.safeType('[data-cy=email-input]', 'admin@example.com');\ncy.safeType('[data-cy=password-input]', 'Test123!');\ncy.safeClick('[data-cy=submit-button]');\n// Vérifier qu'une erreur s'affiche\ncy.get('[data-cy=error-message]', { timeout: 10000 })\n    .should('be.visible')\n    .and('contain.text', 'Une erreur est survenue');",
              "err": {
                "message": "CypressError: `cy.request()` failed trying to load:\n\nhttp://localhost:3001/__coverage__\n\nWe attempted to make an http request to this URL but the request failed without a response.\n\nWe received this error at the network level:\n\n  > Error: connect ECONNREFUSED 127.0.0.1:3001\n\n-----------------------------------------------------------\n\nThe request we sent was:\n\nMethod: GET\nURL: http://localhost:3001/__coverage__\n\n-----------------------------------------------------------\n\nCommon situations why this would fail:\n  - you don't have internet access\n  - you forgot to run / boot your web server\n  - your web server isn't accessible\n  - you have weird network configuration settings on your computer\n\nhttps://on.cypress.io/request\n\nBecause this error occurred during a `after all` hook we are skipping all of the remaining tests.\n\nAlthough you have test retries enabled, we do not retry tests when `before all` or `after all` hooks fail",
                "estack": "CypressError: `cy.request()` failed trying to load:\n\nhttp://localhost:3001/__coverage__\n\nWe attempted to make an http request to this URL but the request failed without a response.\n\nWe received this error at the network level:\n\n  > Error: connect ECONNREFUSED 127.0.0.1:3001\n\n-----------------------------------------------------------\n\nThe request we sent was:\n\nMethod: GET\nURL: http://localhost:3001/__coverage__\n\n-----------------------------------------------------------\n\nCommon situations why this would fail:\n  - you don't have internet access\n  - you forgot to run / boot your web server\n  - your web server isn't accessible\n  - you have weird network configuration settings on your computer\n\nhttps://on.cypress.io/request\n\nBecause this error occurred during a `after all` hook we are skipping all of the remaining tests.\n\nAlthough you have test retries enabled, we do not retry tests when `before all` or `after all` hooks fail\n    at <unknown> (http://localhost:3001/__cypress/runner/cypress_runner.js:135025:70)\n    at tryCatcher (http://localhost:3001/__cypress/runner/cypress_runner.js:1777:23)\n    at <unknown> (http://localhost:3001/__cypress/runner/cypress_runner.js:4173:37)\n    at tryCatcher (http://localhost:3001/__cypress/runner/cypress_runner.js:1777:23)\n    at Promise._settlePromiseFromHandler (http://localhost:3001/__cypress/runner/cypress_runner.js:1489:31)\n    at Promise._settlePromise (http://localhost:3001/__cypress/runner/cypress_runner.js:1546:18)\n    at Promise._settlePromise0 (http://localhost:3001/__cypress/runner/cypress_runner.js:1591:10)\n    at Promise._settlePromises (http://localhost:3001/__cypress/runner/cypress_runner.js:1667:18)\n    at _drainQueueStep (http://localhost:3001/__cypress/runner/cypress_runner.js:2377:12)\n    at _drainQueue (http://localhost:3001/__cypress/runner/cypress_runner.js:2370:9)\n    at Async._drainQueues (http://localhost:3001/__cypress/runner/cypress_runner.js:2386:5)\n    at Async.drainQueues (http://localhost:3001/__cypress/runner/cypress_runner.js:2256:14)\nFrom Your Spec Code:\n    at captureCoverage (webpack://mathildanesth/./node_modules/@cypress/code-coverage/support.js:203:0)\n    at Context.collectBackendCoverage (webpack://mathildanesth/./node_modules/@cypress/code-coverage/support.js:238:0)\n\nFrom Node.js Internals:\n  RequestError: Error: connect ECONNREFUSED 127.0.0.1:3001\n      at new r (<embedded>:227:431481)\n      at ee.callback (<embedded>:227:437482)\n      at e.callback.s.callback [as _callback] (<embedded>:227:436928)\n      at s._callback.s.callback.s.callback (<embedded>:290:105750)\n      at ee.emit (node:events:518:28)\n      at ee.onRequestError (<embedded>:290:114692)\n      at ClientRequest.emit (node:events:530:35)\n      at emitErrorEvent (node:_http_client:101:11)\n      at Socket.socketErrorListener (node:_http_client:504:5)\n      at Socket.emit (node:events:518:28)\n      at emitErrorNT (node:internal/streams/destroy:169:8)\n      at emitErrorCloseNT (node:internal/streams/destroy:128:3)\n      at process.processTicksAndRejections (node:internal/process/task_queues:82:21)",
                "diff": null
              },
              "uuid": "f151f967-e75c-473d-9ded-b79b8b78c489",
              "parentUUID": "f1436acc-8d47-4191-9c0c-9ca39eef1fc9",
              "isHook": false,
              "skipped": false
            }
          ],
          "suites": [],
          "passes": [],
          "failures": [
            "0004545b-53f3-49be-8ba4-6cb924c17ab2",
            "f151f967-e75c-473d-9ded-b79b8b78c489"
          ],
          "pending": [],
          "skipped": [
            "3580c825-852e-4a09-8cb1-9821e5cd4a33",
            "9da2d223-e88c-4207-a7b1-4f7ee4452512",
            "4acef580-b7e8-4c4c-b157-052b86c36aa0",
            "483d593d-4f36-4d6a-b9a0-178b0a382c46"
          ],
          "duration": 596,
          "root": false,
          "rootEmpty": false,
          "_timeout": 2000
        }
      ],
      "passes": [],
      "failures": [],
      "pending": [],
      "skipped": [],
      "duration": 0,
      "root": true,
      "rootEmpty": true,
      "_timeout": 2000
    }
  ],
  "meta": {
    "mocha": {
      "version": "7.2.0"
    },
    "mochawesome": {
      "options": {
        "quiet": false,
        "reportFilename": "mochawesome",
        "saveHtml": false,
        "saveJson": true,
        "consoleReporter": "spec",
        "useInlineDiffs": false,
        "code": true
      },
      "version": "7.1.3"
    },
    "marge": {
      "options": {
        "id": "default",
        "reportDir": "cypress/reports/mocha",
        "quite": true,
        "overwrite": false,
        "html": false,
        "json": true
      },
      "version": "6.2.0"
    }
  }
}