{
  "stats": {
    "suites": 1,
    "tests": 6,
    "passes": 0,
    "pending": 0,
    "failures": 6,
    "start": "2025-05-05T11:20:26.145Z",
    "end": "2025-05-05T11:20:29.810Z",
    "duration": 3665,
    "testsRegistered": 6,
    "passPercent": 0,
    "pendingPercent": 0,
    "other": 0,
    "hasOther": false,
    "skipped": 0,
    "hasSkipped": false
  },
  "results": [
    {
      "uuid": "f44e281a-f8c0-4a3f-a48e-fe60cb7e4df2",
      "title": "",
      "fullFile": "cypress/e2e/auth/authentication.spec.ts",
      "file": "cypress/e2e/auth/authentication.spec.ts",
      "beforeHooks": [],
      "afterHooks": [],
      "tests": [],
      "suites": [
        {
          "uuid": "7f16fdcd-c2e2-492f-895c-8a81afd72826",
          "title": "Authentification et gestion des sessions",
          "fullFile": "",
          "file": "",
          "beforeHooks": [],
          "afterHooks": [],
          "tests": [
            {
              "title": "permet la connexion avec des identifiants valides",
              "fullTitle": "Authentification et gestion des sessions permet la connexion avec des identifiants valides",
              "timedOut": null,
              "duration": 579,
              "state": "failed",
              "speed": null,
              "pass": false,
              "fail": true,
              "pending": false,
              "context": null,
              "code": "cy.visit('/auth/connexion');\ncy.get('[data-cy=email-input]').type(testUser.email);\ncy.get('[data-cy=password-input]').type(testUser.password);\ncy.get('[data-cy=login-button]').click();\n// Vérifier la redirection après connexion\ncy.url().should(function (url) {\n    expect(url).to.satisfy(function (url) {\n        return url.includes('/dashboard') || url.includes('/planning');\n    });\n});\n// Vérifier que le nom de l'utilisateur est affiché\ncy.get('[data-cy=user-name]').should('contain', testUser.name);",
              "err": {
                "message": "CypressError: `cy.visit()` failed trying to load:\n\nhttp://localhost:3000/auth/connexion\n\nThe response we received from your web server was:\n\n  > 500: Internal Server Error\n\nThis was considered a failure because the status code was not `2xx`.\n\nIf you do not want status codes to cause failures pass the option: `failOnStatusCode: false`",
                "estack": "CypressError: `cy.visit()` failed trying to load:\n\nhttp://localhost:3000/auth/connexion\n\nThe response we received from your web server was:\n\n  > 500: Internal Server Error\n\nThis was considered a failure because the status code was not `2xx`.\n\nIf you do not want status codes to cause failures pass the option: `failOnStatusCode: false`\n    at <unknown> (http://localhost:3000/__cypress/runner/cypress_runner.js:133692:76)\n    at visitFailedByErr (http://localhost:3000/__cypress/runner/cypress_runner.js:133098:12)\n    at <unknown> (http://localhost:3000/__cypress/runner/cypress_runner.js:133675:13)\n    at tryCatcher (http://localhost:3000/__cypress/runner/cypress_runner.js:1777:23)\n    at Promise._settlePromiseFromHandler (http://localhost:3000/__cypress/runner/cypress_runner.js:1489:31)\n    at Promise._settlePromise (http://localhost:3000/__cypress/runner/cypress_runner.js:1546:18)\n    at Promise._settlePromise0 (http://localhost:3000/__cypress/runner/cypress_runner.js:1591:10)\n    at Promise._settlePromises (http://localhost:3000/__cypress/runner/cypress_runner.js:1667:18)\n    at _drainQueueStep (http://localhost:3000/__cypress/runner/cypress_runner.js:2377:12)\n    at _drainQueue (http://localhost:3000/__cypress/runner/cypress_runner.js:2370:9)\n    at Async._drainQueues (http://localhost:3000/__cypress/runner/cypress_runner.js:2386:5)\n    at Async.drainQueues (http://localhost:3000/__cypress/runner/cypress_runner.js:2256:14)\nFrom Your Spec Code:\n    at Context.eval (webpack://mathildanesth/./cypress/e2e/auth/authentication.spec.ts:20:11)",
                "diff": null
              },
              "uuid": "735eb896-1667-4b28-baa2-9ff2aa847c26",
              "parentUUID": "7f16fdcd-c2e2-492f-895c-8a81afd72826",
              "isHook": false,
              "skipped": false
            },
            {
              "title": "affiche un message d'erreur pour des identifiants invalides",
              "fullTitle": "Authentification et gestion des sessions affiche un message d'erreur pour des identifiants invalides",
              "timedOut": null,
              "duration": 544,
              "state": "failed",
              "speed": null,
              "pass": false,
              "fail": true,
              "pending": false,
              "context": null,
              "code": "cy.visit('/auth/connexion');\ncy.get('[data-cy=email-input]').type('utilisateur.invalide@example.com');\ncy.get('[data-cy=password-input]').type('mot_de_passe_incorrect');\ncy.get('[data-cy=login-button]').click();\n// Vérifier le message d'erreur\ncy.get('[data-cy=notification-error]')\n    .should('be.visible')\n    .and('contain', 'Identifiants invalides');",
              "err": {
                "message": "CypressError: `cy.visit()` failed trying to load:\n\nhttp://localhost:3000/auth/connexion\n\nThe response we received from your web server was:\n\n  > 500: Internal Server Error\n\nThis was considered a failure because the status code was not `2xx`.\n\nIf you do not want status codes to cause failures pass the option: `failOnStatusCode: false`",
                "estack": "CypressError: `cy.visit()` failed trying to load:\n\nhttp://localhost:3000/auth/connexion\n\nThe response we received from your web server was:\n\n  > 500: Internal Server Error\n\nThis was considered a failure because the status code was not `2xx`.\n\nIf you do not want status codes to cause failures pass the option: `failOnStatusCode: false`\n    at <unknown> (http://localhost:3000/__cypress/runner/cypress_runner.js:133692:76)\n    at visitFailedByErr (http://localhost:3000/__cypress/runner/cypress_runner.js:133098:12)\n    at <unknown> (http://localhost:3000/__cypress/runner/cypress_runner.js:133675:13)\n    at tryCatcher (http://localhost:3000/__cypress/runner/cypress_runner.js:1777:23)\n    at Promise._settlePromiseFromHandler (http://localhost:3000/__cypress/runner/cypress_runner.js:1489:31)\n    at Promise._settlePromise (http://localhost:3000/__cypress/runner/cypress_runner.js:1546:18)\n    at Promise._settlePromise0 (http://localhost:3000/__cypress/runner/cypress_runner.js:1591:10)\n    at Promise._settlePromises (http://localhost:3000/__cypress/runner/cypress_runner.js:1667:18)\n    at _drainQueueStep (http://localhost:3000/__cypress/runner/cypress_runner.js:2377:12)\n    at _drainQueue (http://localhost:3000/__cypress/runner/cypress_runner.js:2370:9)\n    at Async._drainQueues (http://localhost:3000/__cypress/runner/cypress_runner.js:2386:5)\n    at Async.drainQueues (http://localhost:3000/__cypress/runner/cypress_runner.js:2256:14)\nFrom Your Spec Code:\n    at Context.eval (webpack://mathildanesth/./cypress/e2e/auth/authentication.spec.ts:37:11)",
                "diff": null
              },
              "uuid": "b7c16ad3-6f17-426e-9441-c3805d4a8b7b",
              "parentUUID": "7f16fdcd-c2e2-492f-895c-8a81afd72826",
              "isHook": false,
              "skipped": false
            },
            {
              "title": "maintient la session utilisateur après rafraîchissement de la page",
              "fullTitle": "Authentification et gestion des sessions maintient la session utilisateur après rafraîchissement de la page",
              "timedOut": null,
              "duration": 626,
              "state": "failed",
              "speed": null,
              "pass": false,
              "fail": true,
              "pending": false,
              "context": null,
              "code": "// Se connecter via l'API (plus rapide que via l'UI)\ncy.loginByApi(testUser.email, testUser.password);\n// Visiter la page d'accueil\ncy.visitAsAuthenticatedUser('/dashboard');\n// Vérifier que l'utilisateur est connecté\ncy.get('[data-cy=user-name]').should('contain', testUser.name);\n// Rafraîchir la page\ncy.reload();\n// Vérifier que l'utilisateur est toujours connecté\ncy.get('[data-cy=user-name]').should('contain', testUser.name);",
              "err": {
                "message": "Error: Échec d'authentification: 500 \"<!DOCTYPE html><html><head><style data-next-hide-fouc=\\\"true\\\">body{display:none}</style><noscript data-next-hide-fouc=\\\"true\\\"><style>body{display:block}</style></noscript><meta charSet=\\\"utf-8\\\" data-next-head=\\\"\\\"/><meta name=\\\"viewport\\\" content=\\\"width=device-width\\\" data-next-head=\\\"\\\"/><noscript data-n-css=\\\"\\\"></noscript><script defer=\\\"\\\" nomodule=\\\"\\\" src=\\\"/_next/static/chunks/polyfills.js\\\"></script><script src=\\\"/_next/static/chunks/fallback/webpack.js\\\" defer=\\\"\\\"></script><script src=\\\"/_next/static/chunks/fallback/main.js\\\" defer=\\\"\\\"></script><script src=\\\"/_next/static/chunks/fallback/pages/_app.js\\\" defer=\\\"\\\"></script><script src=\\\"/_next/static/chunks/fallback/pages/_error.js\\\" defer=\\\"\\\"></script><noscript id=\\\"__next_css__DO_NOT_USE__\\\"></noscript></head><body><div id=\\\"__next\\\"></div><script src=\\\"/_next/static/chunks/fallback/react-refresh.js\\\"></script><script id=\\\"__NEXT_DATA__\\\" type=\\\"application/json\\\">{\\\"props\\\":{\\\"pageProps\\\":{\\\"statusCode\\\":500,\\\"hostname\\\":\\\"localhost\\\"}},\\\"page\\\":\\\"/_error\\\",\\\"query\\\":{},\\\"buildId\\\":\\\"development\\\",\\\"isFallback\\\":false,\\\"err\\\":{\\\"name\\\":\\\"Error\\\",\\\"source\\\":\\\"server\\\",\\\"message\\\":\\\"Syntax error: \\\\\\\"next/font\\\\\\\" requires SWC although Babel is being used due to a custom babel config being present.\\\\nRead more: https://nextjs.org/docs/messages/babel-font-loader-conflict\\\",\\\"stack\\\":\\\"Error: \\\\u001b[31m\\\\u001b[1mSyntax error\\\\u001b[22m\\\\u001b[39m: \\\\\\\"next/font\\\\\\\" requires SWC although Babel is being used due to a custom babel config being present.\\\\nRead more: https://nextjs.org/docs/messages/babel-font-loader-conflict\\\\n    at getBabelError (/Users/vincentperreard/Mathildanesth/node_modules/next/dist/build/webpack/plugins/wellknown-errors-plugin/parseBabel.js:24:16)\\\\n    at getModuleBuildError (/Users/vincentperreard/Mathildanesth/node_modules/next/dist/build/webpack/plugins/wellknown-errors-plugin/webpackModuleError.js:111:49)\\\\n    at async /Users/vincentperreard/Mathildanesth/node_modules/next/dist/build/webpack/plugins/wellknown-errors-plugin/index.js:29:49\\\\n    at async Promise.all (index 0)\\\\n    at async /Users/vincentperreard/Mathildanesth/node_modules/next/dist/build/webpack/plugins/wellknown-errors-plugin/index.js:27:21\\\"},\\\"gip\\\":true,\\\"scriptLoader\\\":[]}</script></body></html>\"",
                "estack": "Error: Échec d'authentification: 500 \"<!DOCTYPE html><html><head><style data-next-hide-fouc=\\\"true\\\">body{display:none}</style><noscript data-next-hide-fouc=\\\"true\\\"><style>body{display:block}</style></noscript><meta charSet=\\\"utf-8\\\" data-next-head=\\\"\\\"/><meta name=\\\"viewport\\\" content=\\\"width=device-width\\\" data-next-head=\\\"\\\"/><noscript data-n-css=\\\"\\\"></noscript><script defer=\\\"\\\" nomodule=\\\"\\\" src=\\\"/_next/static/chunks/polyfills.js\\\"></script><script src=\\\"/_next/static/chunks/fallback/webpack.js\\\" defer=\\\"\\\"></script><script src=\\\"/_next/static/chunks/fallback/main.js\\\" defer=\\\"\\\"></script><script src=\\\"/_next/static/chunks/fallback/pages/_app.js\\\" defer=\\\"\\\"></script><script src=\\\"/_next/static/chunks/fallback/pages/_error.js\\\" defer=\\\"\\\"></script><noscript id=\\\"__next_css__DO_NOT_USE__\\\"></noscript></head><body><div id=\\\"__next\\\"></div><script src=\\\"/_next/static/chunks/fallback/react-refresh.js\\\"></script><script id=\\\"__NEXT_DATA__\\\" type=\\\"application/json\\\">{\\\"props\\\":{\\\"pageProps\\\":{\\\"statusCode\\\":500,\\\"hostname\\\":\\\"localhost\\\"}},\\\"page\\\":\\\"/_error\\\",\\\"query\\\":{},\\\"buildId\\\":\\\"development\\\",\\\"isFallback\\\":false,\\\"err\\\":{\\\"name\\\":\\\"Error\\\",\\\"source\\\":\\\"server\\\",\\\"message\\\":\\\"Syntax error: \\\\\\\"next/font\\\\\\\" requires SWC although Babel is being used due to a custom babel config being present.\\\\nRead more: https://nextjs.org/docs/messages/babel-font-loader-conflict\\\",\\\"stack\\\":\\\"Error: \\\\u001b[31m\\\\u001b[1mSyntax error\\\\u001b[22m\\\\u001b[39m: \\\\\\\"next/font\\\\\\\" requires SWC although Babel is being used due to a custom babel config being present.\\\\nRead more: https://nextjs.org/docs/messages/babel-font-loader-conflict\\\\n    at getBabelError (/Users/vincentperreard/Mathildanesth/node_modules/next/dist/build/webpack/plugins/wellknown-errors-plugin/parseBabel.js:24:16)\\\\n    at getModuleBuildError (/Users/vincentperreard/Mathildanesth/node_modules/next/dist/build/webpack/plugins/wellknown-errors-plugin/webpackModuleError.js:111:49)\\\\n    at async /Users/vincentperreard/Mathildanesth/node_modules/next/dist/build/webpack/plugins/wellknown-errors-plugin/index.js:29:49\\\\n    at async Promise.all (index 0)\\\\n    at async /Users/vincentperreard/Mathildanesth/node_modules/next/dist/build/webpack/plugins/wellknown-errors-plugin/index.js:27:21\\\"},\\\"gip\\\":true,\\\"scriptLoader\\\":[]}</script></body></html>\"\n    at Context.eval (webpack://mathildanesth/./cypress/support/commands.ts:97:18)\n    at getRet (http://localhost:3000/__cypress/runner/cypress_runner.js:119616:20)\n    at tryCatcher (http://localhost:3000/__cypress/runner/cypress_runner.js:1777:23)\n    at Promise.attempt.Promise.try (http://localhost:3000/__cypress/runner/cypress_runner.js:4285:29)\n    at Context.thenFn (http://localhost:3000/__cypress/runner/cypress_runner.js:119627:66)\n    at Context.then (http://localhost:3000/__cypress/runner/cypress_runner.js:119878:21)\n    at wrapped (http://localhost:3000/__cypress/runner/cypress_runner.js:140155:19)\n    at <unknown> (http://localhost:3000/__cypress/runner/cypress_runner.js:146100:15)\n    at tryCatcher (http://localhost:3000/__cypress/runner/cypress_runner.js:1777:23)",
                "diff": null
              },
              "uuid": "af089258-130e-46fb-9830-33646e3d1bd3",
              "parentUUID": "7f16fdcd-c2e2-492f-895c-8a81afd72826",
              "isHook": false,
              "skipped": false
            },
            {
              "title": "permet la déconnexion",
              "fullTitle": "Authentification et gestion des sessions permet la déconnexion",
              "timedOut": null,
              "duration": 577,
              "state": "failed",
              "speed": null,
              "pass": false,
              "fail": true,
              "pending": false,
              "context": null,
              "code": "// Se connecter via l'API\ncy.loginByApi(testUser.email, testUser.password);\ncy.visitAsAuthenticatedUser('/dashboard');\n// Ouvrir le menu utilisateur et cliquer sur déconnexion\ncy.get('[data-cy=user-menu]').click();\ncy.get('[data-cy=logout-option]').click();\n// Vérifier la redirection vers la page de connexion\ncy.url().should('include', '/auth/connexion');\n// Essayer d'accéder à une page protégée\ncy.visit('/dashboard');\n// Vérifier qu'on est redirigé vers la page de connexion\ncy.url().should('include', '/auth/connexion');",
              "err": {
                "message": "Error: Échec d'authentification: 500 \"<!DOCTYPE html><html><head><style data-next-hide-fouc=\\\"true\\\">body{display:none}</style><noscript data-next-hide-fouc=\\\"true\\\"><style>body{display:block}</style></noscript><meta charSet=\\\"utf-8\\\" data-next-head=\\\"\\\"/><meta name=\\\"viewport\\\" content=\\\"width=device-width\\\" data-next-head=\\\"\\\"/><noscript data-n-css=\\\"\\\"></noscript><script defer=\\\"\\\" nomodule=\\\"\\\" src=\\\"/_next/static/chunks/polyfills.js\\\"></script><script src=\\\"/_next/static/chunks/fallback/webpack.js\\\" defer=\\\"\\\"></script><script src=\\\"/_next/static/chunks/fallback/main.js\\\" defer=\\\"\\\"></script><script src=\\\"/_next/static/chunks/fallback/pages/_app.js\\\" defer=\\\"\\\"></script><script src=\\\"/_next/static/chunks/fallback/pages/_error.js\\\" defer=\\\"\\\"></script><noscript id=\\\"__next_css__DO_NOT_USE__\\\"></noscript></head><body><div id=\\\"__next\\\"></div><script src=\\\"/_next/static/chunks/fallback/react-refresh.js\\\"></script><script id=\\\"__NEXT_DATA__\\\" type=\\\"application/json\\\">{\\\"props\\\":{\\\"pageProps\\\":{\\\"statusCode\\\":500,\\\"hostname\\\":\\\"localhost\\\"}},\\\"page\\\":\\\"/_error\\\",\\\"query\\\":{},\\\"buildId\\\":\\\"development\\\",\\\"isFallback\\\":false,\\\"err\\\":{\\\"name\\\":\\\"Error\\\",\\\"source\\\":\\\"server\\\",\\\"message\\\":\\\"Syntax error: \\\\\\\"next/font\\\\\\\" requires SWC although Babel is being used due to a custom babel config being present.\\\\nRead more: https://nextjs.org/docs/messages/babel-font-loader-conflict\\\",\\\"stack\\\":\\\"Error: \\\\u001b[31m\\\\u001b[1mSyntax error\\\\u001b[22m\\\\u001b[39m: \\\\\\\"next/font\\\\\\\" requires SWC although Babel is being used due to a custom babel config being present.\\\\nRead more: https://nextjs.org/docs/messages/babel-font-loader-conflict\\\\n    at getBabelError (/Users/vincentperreard/Mathildanesth/node_modules/next/dist/build/webpack/plugins/wellknown-errors-plugin/parseBabel.js:24:16)\\\\n    at getModuleBuildError (/Users/vincentperreard/Mathildanesth/node_modules/next/dist/build/webpack/plugins/wellknown-errors-plugin/webpackModuleError.js:111:49)\\\\n    at async /Users/vincentperreard/Mathildanesth/node_modules/next/dist/build/webpack/plugins/wellknown-errors-plugin/index.js:29:49\\\\n    at async Promise.all (index 0)\\\\n    at async /Users/vincentperreard/Mathildanesth/node_modules/next/dist/build/webpack/plugins/wellknown-errors-plugin/index.js:27:21\\\"},\\\"gip\\\":true,\\\"scriptLoader\\\":[]}</script></body></html>\"",
                "estack": "Error: Échec d'authentification: 500 \"<!DOCTYPE html><html><head><style data-next-hide-fouc=\\\"true\\\">body{display:none}</style><noscript data-next-hide-fouc=\\\"true\\\"><style>body{display:block}</style></noscript><meta charSet=\\\"utf-8\\\" data-next-head=\\\"\\\"/><meta name=\\\"viewport\\\" content=\\\"width=device-width\\\" data-next-head=\\\"\\\"/><noscript data-n-css=\\\"\\\"></noscript><script defer=\\\"\\\" nomodule=\\\"\\\" src=\\\"/_next/static/chunks/polyfills.js\\\"></script><script src=\\\"/_next/static/chunks/fallback/webpack.js\\\" defer=\\\"\\\"></script><script src=\\\"/_next/static/chunks/fallback/main.js\\\" defer=\\\"\\\"></script><script src=\\\"/_next/static/chunks/fallback/pages/_app.js\\\" defer=\\\"\\\"></script><script src=\\\"/_next/static/chunks/fallback/pages/_error.js\\\" defer=\\\"\\\"></script><noscript id=\\\"__next_css__DO_NOT_USE__\\\"></noscript></head><body><div id=\\\"__next\\\"></div><script src=\\\"/_next/static/chunks/fallback/react-refresh.js\\\"></script><script id=\\\"__NEXT_DATA__\\\" type=\\\"application/json\\\">{\\\"props\\\":{\\\"pageProps\\\":{\\\"statusCode\\\":500,\\\"hostname\\\":\\\"localhost\\\"}},\\\"page\\\":\\\"/_error\\\",\\\"query\\\":{},\\\"buildId\\\":\\\"development\\\",\\\"isFallback\\\":false,\\\"err\\\":{\\\"name\\\":\\\"Error\\\",\\\"source\\\":\\\"server\\\",\\\"message\\\":\\\"Syntax error: \\\\\\\"next/font\\\\\\\" requires SWC although Babel is being used due to a custom babel config being present.\\\\nRead more: https://nextjs.org/docs/messages/babel-font-loader-conflict\\\",\\\"stack\\\":\\\"Error: \\\\u001b[31m\\\\u001b[1mSyntax error\\\\u001b[22m\\\\u001b[39m: \\\\\\\"next/font\\\\\\\" requires SWC although Babel is being used due to a custom babel config being present.\\\\nRead more: https://nextjs.org/docs/messages/babel-font-loader-conflict\\\\n    at getBabelError (/Users/vincentperreard/Mathildanesth/node_modules/next/dist/build/webpack/plugins/wellknown-errors-plugin/parseBabel.js:24:16)\\\\n    at getModuleBuildError (/Users/vincentperreard/Mathildanesth/node_modules/next/dist/build/webpack/plugins/wellknown-errors-plugin/webpackModuleError.js:111:49)\\\\n    at async /Users/vincentperreard/Mathildanesth/node_modules/next/dist/build/webpack/plugins/wellknown-errors-plugin/index.js:29:49\\\\n    at async Promise.all (index 0)\\\\n    at async /Users/vincentperreard/Mathildanesth/node_modules/next/dist/build/webpack/plugins/wellknown-errors-plugin/index.js:27:21\\\"},\\\"gip\\\":true,\\\"scriptLoader\\\":[]}</script></body></html>\"\n    at Context.eval (webpack://mathildanesth/./cypress/support/commands.ts:97:18)\n    at getRet (http://localhost:3000/__cypress/runner/cypress_runner.js:119616:20)\n    at tryCatcher (http://localhost:3000/__cypress/runner/cypress_runner.js:1777:23)\n    at Promise.attempt.Promise.try (http://localhost:3000/__cypress/runner/cypress_runner.js:4285:29)\n    at Context.thenFn (http://localhost:3000/__cypress/runner/cypress_runner.js:119627:66)\n    at Context.then (http://localhost:3000/__cypress/runner/cypress_runner.js:119878:21)\n    at wrapped (http://localhost:3000/__cypress/runner/cypress_runner.js:140155:19)\n    at <unknown> (http://localhost:3000/__cypress/runner/cypress_runner.js:146100:15)\n    at tryCatcher (http://localhost:3000/__cypress/runner/cypress_runner.js:1777:23)",
                "diff": null
              },
              "uuid": "78699928-ea94-4919-a442-62b7f72d3a2b",
              "parentUUID": "7f16fdcd-c2e2-492f-895c-8a81afd72826",
              "isHook": false,
              "skipped": false
            },
            {
              "title": "redirige vers la page demandée après connexion",
              "fullTitle": "Authentification et gestion des sessions redirige vers la page demandée après connexion",
              "timedOut": null,
              "duration": 559,
              "state": "failed",
              "speed": null,
              "pass": false,
              "fail": true,
              "pending": false,
              "context": null,
              "code": "// Essayer d'accéder à une page protégée sans être connecté\ncy.visit('/planning');\n// Vérifier qu'on est redirigé vers la page de connexion\ncy.url().should('include', '/auth/connexion');\n// Se connecter\ncy.get('[data-cy=email-input]').type(testUser.email);\ncy.get('[data-cy=password-input]').type(testUser.password);\ncy.get('[data-cy=login-button]').click();\n// Vérifier qu'on est redirigé vers la page initialement demandée\ncy.url().should('include', '/planning');",
              "err": {
                "message": "CypressError: `cy.visit()` failed trying to load:\n\nhttp://localhost:3000/planning\n\nThe response we received from your web server was:\n\n  > 500: Internal Server Error\n\nThis was considered a failure because the status code was not `2xx`.\n\nIf you do not want status codes to cause failures pass the option: `failOnStatusCode: false`",
                "estack": "CypressError: `cy.visit()` failed trying to load:\n\nhttp://localhost:3000/planning\n\nThe response we received from your web server was:\n\n  > 500: Internal Server Error\n\nThis was considered a failure because the status code was not `2xx`.\n\nIf you do not want status codes to cause failures pass the option: `failOnStatusCode: false`\n    at <unknown> (http://localhost:3000/__cypress/runner/cypress_runner.js:133692:76)\n    at visitFailedByErr (http://localhost:3000/__cypress/runner/cypress_runner.js:133098:12)\n    at <unknown> (http://localhost:3000/__cypress/runner/cypress_runner.js:133675:13)\n    at tryCatcher (http://localhost:3000/__cypress/runner/cypress_runner.js:1777:23)\n    at Promise._settlePromiseFromHandler (http://localhost:3000/__cypress/runner/cypress_runner.js:1489:31)\n    at Promise._settlePromise (http://localhost:3000/__cypress/runner/cypress_runner.js:1546:18)\n    at Promise._settlePromise0 (http://localhost:3000/__cypress/runner/cypress_runner.js:1591:10)\n    at Promise._settlePromises (http://localhost:3000/__cypress/runner/cypress_runner.js:1667:18)\n    at _drainQueueStep (http://localhost:3000/__cypress/runner/cypress_runner.js:2377:12)\n    at _drainQueue (http://localhost:3000/__cypress/runner/cypress_runner.js:2370:9)\n    at Async._drainQueues (http://localhost:3000/__cypress/runner/cypress_runner.js:2386:5)\n    at Async.drainQueues (http://localhost:3000/__cypress/runner/cypress_runner.js:2256:14)\nFrom Your Spec Code:\n    at Context.eval (webpack://mathildanesth/./cypress/e2e/auth/authentication.spec.ts:86:11)",
                "diff": null
              },
              "uuid": "fbff7c63-39f2-4eaf-ad2d-52c58e4fc030",
              "parentUUID": "7f16fdcd-c2e2-492f-895c-8a81afd72826",
              "isHook": false,
              "skipped": false
            },
            {
              "title": "permet la récupération de mot de passe",
              "fullTitle": "Authentification et gestion des sessions permet la récupération de mot de passe",
              "timedOut": null,
              "duration": 615,
              "state": "failed",
              "speed": null,
              "pass": false,
              "fail": true,
              "pending": false,
              "context": null,
              "code": "cy.visit('/auth/connexion');\n// Cliquer sur le lien \"Mot de passe oublié\"\ncy.get('[data-cy=forgot-password-link]').click();\n// Vérifier qu'on est sur la page de récupération de mot de passe\ncy.url().should('include', '/auth/reset-password');\n// Saisir l'email et soumettre\ncy.get('[data-cy=email-input]').type(testUser.email);\ncy.get('[data-cy=submit-button]').click();\n// Vérifier le message de confirmation\ncy.get('[data-cy=notification-success]')\n    .should('be.visible')\n    .and('contain', 'Instructions envoyées');",
              "err": {
                "message": "CypressError: `cy.visit()` failed trying to load:\n\nhttp://localhost:3000/auth/connexion\n\nThe response we received from your web server was:\n\n  > 500: Internal Server Error\n\nThis was considered a failure because the status code was not `2xx`.\n\nIf you do not want status codes to cause failures pass the option: `failOnStatusCode: false`",
                "estack": "CypressError: `cy.visit()` failed trying to load:\n\nhttp://localhost:3000/auth/connexion\n\nThe response we received from your web server was:\n\n  > 500: Internal Server Error\n\nThis was considered a failure because the status code was not `2xx`.\n\nIf you do not want status codes to cause failures pass the option: `failOnStatusCode: false`\n    at <unknown> (http://localhost:3000/__cypress/runner/cypress_runner.js:133692:76)\n    at visitFailedByErr (http://localhost:3000/__cypress/runner/cypress_runner.js:133098:12)\n    at <unknown> (http://localhost:3000/__cypress/runner/cypress_runner.js:133675:13)\n    at tryCatcher (http://localhost:3000/__cypress/runner/cypress_runner.js:1777:23)\n    at Promise._settlePromiseFromHandler (http://localhost:3000/__cypress/runner/cypress_runner.js:1489:31)\n    at Promise._settlePromise (http://localhost:3000/__cypress/runner/cypress_runner.js:1546:18)\n    at Promise._settlePromise0 (http://localhost:3000/__cypress/runner/cypress_runner.js:1591:10)\n    at Promise._settlePromises (http://localhost:3000/__cypress/runner/cypress_runner.js:1667:18)\n    at _drainQueueStep (http://localhost:3000/__cypress/runner/cypress_runner.js:2377:12)\n    at _drainQueue (http://localhost:3000/__cypress/runner/cypress_runner.js:2370:9)\n    at Async._drainQueues (http://localhost:3000/__cypress/runner/cypress_runner.js:2386:5)\n    at Async.drainQueues (http://localhost:3000/__cypress/runner/cypress_runner.js:2256:14)\nFrom Your Spec Code:\n    at Context.eval (webpack://mathildanesth/./cypress/e2e/auth/authentication.spec.ts:101:11)",
                "diff": null
              },
              "uuid": "5cdaed3e-f553-4660-9e62-fa977ab297f4",
              "parentUUID": "7f16fdcd-c2e2-492f-895c-8a81afd72826",
              "isHook": false,
              "skipped": false
            }
          ],
          "suites": [],
          "passes": [],
          "failures": [
            "735eb896-1667-4b28-baa2-9ff2aa847c26",
            "b7c16ad3-6f17-426e-9441-c3805d4a8b7b",
            "af089258-130e-46fb-9830-33646e3d1bd3",
            "78699928-ea94-4919-a442-62b7f72d3a2b",
            "fbff7c63-39f2-4eaf-ad2d-52c58e4fc030",
            "5cdaed3e-f553-4660-9e62-fa977ab297f4"
          ],
          "pending": [],
          "skipped": [],
          "duration": 3500,
          "root": false,
          "rootEmpty": false,
          "_timeout": 2000
        }
      ],
      "passes": [],
      "failures": [],
      "pending": [],
      "skipped": [],
      "duration": 0,
      "root": true,
      "rootEmpty": true,
      "_timeout": 2000
    }
  ],
  "meta": {
    "mocha": {
      "version": "7.2.0"
    },
    "mochawesome": {
      "options": {
        "quiet": false,
        "reportFilename": "mochawesome",
        "saveHtml": false,
        "saveJson": true,
        "consoleReporter": "spec",
        "useInlineDiffs": false,
        "code": true
      },
      "version": "7.1.3"
    },
    "marge": {
      "options": {
        "id": "default",
        "reportDir": "cypress/reports/mocha",
        "quite": true,
        "overwrite": false,
        "html": false,
        "json": true
      },
      "version": "6.2.0"
    }
  }
}