{
  "stats": {
    "suites": 1,
    "tests": 4,
    "passes": 2,
    "pending": 0,
    "failures": 2,
    "start": "2025-06-01T06:05:39.699Z",
    "end": "2025-06-01T06:07:32.561Z",
    "duration": 112862,
    "testsRegistered": 4,
    "passPercent": 50,
    "pendingPercent": 0,
    "other": 0,
    "hasOther": false,
    "skipped": 0,
    "hasSkipped": false
  },
  "results": [
    {
      "uuid": "191d27df-4fbd-4d20-be34-28e462b2e3fb",
      "title": "",
      "fullFile": "cypress/e2e/login.spec.ts",
      "file": "cypress/e2e/login.spec.ts",
      "beforeHooks": [],
      "afterHooks": [],
      "tests": [],
      "suites": [
        {
          "uuid": "df41c6dd-48ab-4fd2-b257-b56bc61f5be7",
          "title": "Page de connexion",
          "fullFile": "",
          "file": "",
          "beforeHooks": [],
          "afterHooks": [],
          "tests": [
            {
              "title": "affiche correctement le formulaire de connexion",
              "fullTitle": "Page de connexion affiche correctement le formulaire de connexion",
              "timedOut": null,
              "duration": 17001,
              "state": "failed",
              "speed": null,
              "pass": false,
              "fail": true,
              "pending": false,
              "context": null,
              "code": "// Vérifier que les éléments du formulaire sont présents\ncy.waitForElement('[data-cy=email-input]');\ncy.waitForElement('[data-cy=password-input]');\ncy.waitForElement('[data-cy=submit-button]');",
              "err": {
                "message": "AssertionError: Timed out retrying after 15000ms: expected '<button.w-full.rounded-md.bg-blue-600.px-4.py-2.text-white.hover:bg-blue-700.focus:outline-none.focus:ring-2.focus:ring-blue-500.focus:ring-offset-2.disabled:opacity-50.disabled:cursor-not-allowed.transition-colors>' not to have attribute 'disabled'",
                "estack": "AssertionError: Timed out retrying after 15000ms: expected '<button.w-full.rounded-md.bg-blue-600.px-4.py-2.text-white.hover:bg-blue-700.focus:outline-none.focus:ring-2.focus:ring-blue-500.focus:ring-offset-2.disabled:opacity-50.disabled:cursor-not-allowed.transition-colors>' not to have attribute 'disabled'\n    at Context.eval (webpack://mathildanesth/./cypress/support/commands.ts:513:9)\n    at wrapped (http://localhost:3000/__cypress/runner/cypress_runner.js:140165:43)",
                "diff": null
              },
              "uuid": "9f27cc3c-76d8-4ba6-9238-bba410c6c253",
              "parentUUID": "df41c6dd-48ab-4fd2-b257-b56bc61f5be7",
              "isHook": false,
              "skipped": false
            },
            {
              "title": "affiche une erreur pour des identifiants invalides",
              "fullTitle": "Page de connexion affiche une erreur pour des identifiants invalides",
              "timedOut": null,
              "duration": 5359,
              "state": "passed",
              "speed": "medium",
              "pass": true,
              "fail": false,
              "pending": false,
              "context": null,
              "code": "// Intercepter la requête de connexion\ncy.intercept('POST', '**/api/auth/login').as('loginRequest');\n// Tenter une connexion avec des identifiants invalides\ncy.safeType('[data-cy=email-input]', 'utilisateur.invalide@example.com');\ncy.safeType('[data-cy=password-input]', 'mot_de_passe_incorrect');\ncy.safeClick('[data-cy=submit-button]');\n// Vérifier qu'un message d'erreur s'affiche ou la requête échoue\ncy.wait('@loginRequest').then(function (interception) {\n    var _a;\n    if (((_a = interception.response) === null || _a === void 0 ? void 0 : _a.statusCode) !== 200) {\n        // Si la requête échoue, vérifier qu'un message d'erreur s'affiche\n        cy.get('[data-cy=error-message]', { timeout: 10000 })\n            .should('be.visible')\n            .and('contain.text', 'Identifiants invalides');\n    }\n});",
              "err": {},
              "uuid": "88dc54e5-223f-4876-8e50-0c0e5d07a970",
              "parentUUID": "df41c6dd-48ab-4fd2-b257-b56bc61f5be7",
              "isHook": false,
              "skipped": false
            },
            {
              "title": "connecte l'utilisateur avec des identifiants valides",
              "fullTitle": "Page de connexion connecte l'utilisateur avec des identifiants valides",
              "timedOut": null,
              "duration": 2831,
              "state": "failed",
              "speed": null,
              "pass": false,
              "fail": true,
              "pending": false,
              "context": null,
              "code": "// Intercepter la requête de connexion\ncy.intercept('POST', '**/api/auth/login').as('loginRequest');\n// Connexion avec des identifiants valides (utiliser admin des fixtures)\ncy.safeType('[data-cy=email-input]', 'admin@example.com');\ncy.safeType('[data-cy=password-input]', 'Test123!');\ncy.safeClick('[data-cy=submit-button]');\n// Vérifier que la requête de connexion a été effectuée\ncy.wait('@loginRequest').then(function (interception) {\n    var _a, _b;\n    // Pour l'instant, accepter aussi l'erreur 500 (problème d'API)\n    expect((_a = interception.response) === null || _a === void 0 ? void 0 : _a.statusCode).to.be.oneOf([200, 500]);\n    if (((_b = interception.response) === null || _b === void 0 ? void 0 : _b.statusCode) === 200) {\n        // Si connexion réussie, vérifier la redirection\n        cy.url().should('satisfy', function (url) {\n            return url.includes('/tableau-de-bord') || url.includes('/planning') || url.includes('/');\n        });\n    }\n    else {\n        // Si erreur 500, vérifier qu'on reste sur la page de login avec un message d'erreur\n        cy.url().should('include', '/auth/connexion');\n        cy.get('[data-cy=error-message]').should('be.visible');\n    }\n});",
              "err": {
                "message": "AssertionError: expected 401 to be one of [ 200, 500 ]",
                "estack": "AssertionError: expected 401 to be one of [ 200, 500 ]\n    at Context.eval (webpack://mathildanesth/./cypress/e2e/login.spec.ts:48:60)\n    at getRet (http://localhost:3000/__cypress/runner/cypress_runner.js:119616:20)\n    at tryCatcher (http://localhost:3000/__cypress/runner/cypress_runner.js:1777:23)\n    at Promise.attempt.Promise.try (http://localhost:3000/__cypress/runner/cypress_runner.js:4285:29)\n    at Context.thenFn (http://localhost:3000/__cypress/runner/cypress_runner.js:119627:66)\n    at Context.then (http://localhost:3000/__cypress/runner/cypress_runner.js:119878:21)",
                "diff": "- 401\n+ [ 200, 500 ]\n"
              },
              "uuid": "97092987-8222-41e3-8aa4-780a55ba9d7d",
              "parentUUID": "df41c6dd-48ab-4fd2-b257-b56bc61f5be7",
              "isHook": false,
              "skipped": false
            },
            {
              "title": "permet la navigation vers la page de récupération de mot de passe",
              "fullTitle": "Page de connexion permet la navigation vers la page de récupération de mot de passe",
              "timedOut": null,
              "duration": 3061,
              "state": "passed",
              "speed": "fast",
              "pass": true,
              "fail": false,
              "pending": false,
              "context": null,
              "code": "// Cliquer sur le lien de récupération de mot de passe\ncy.get('[data-cy=forgot-password-link]').click();\n// Vérifier la redirection vers la page de récupération\ncy.url().should('include', '/auth/reset-password');\n// Vérifier que les éléments de la page de reset sont présents\ncy.get('[data-cy=email-input]').should('be.visible');\ncy.get('[data-cy=submit-button]').should('be.visible');",
              "err": {},
              "uuid": "0a772546-74a3-4ba0-8b9f-832de3c8163e",
              "parentUUID": "df41c6dd-48ab-4fd2-b257-b56bc61f5be7",
              "isHook": false,
              "skipped": false
            }
          ],
          "suites": [],
          "passes": [
            "88dc54e5-223f-4876-8e50-0c0e5d07a970",
            "0a772546-74a3-4ba0-8b9f-832de3c8163e"
          ],
          "failures": [
            "9f27cc3c-76d8-4ba6-9238-bba410c6c253",
            "97092987-8222-41e3-8aa4-780a55ba9d7d"
          ],
          "pending": [],
          "skipped": [],
          "duration": 28252,
          "root": false,
          "rootEmpty": false,
          "_timeout": 2000
        }
      ],
      "passes": [],
      "failures": [],
      "pending": [],
      "skipped": [],
      "duration": 0,
      "root": true,
      "rootEmpty": true,
      "_timeout": 2000
    }
  ],
  "meta": {
    "mocha": {
      "version": "7.2.0"
    },
    "mochawesome": {
      "options": {
        "quiet": false,
        "reportFilename": "mochawesome",
        "saveHtml": false,
        "saveJson": true,
        "consoleReporter": "spec",
        "useInlineDiffs": false,
        "code": true
      },
      "version": "7.1.3"
    },
    "marge": {
      "options": {
        "id": "default",
        "reportDir": "cypress/reports/mocha",
        "quite": true,
        "overwrite": false,
        "html": false,
        "json": true
      },
      "version": "6.2.0"
    }
  }
}