{
  "stats": {
    "suites": 2,
    "tests": 1,
    "passes": 0,
    "pending": 0,
    "failures": 1,
    "start": "2025-06-01T06:14:30.720Z",
    "end": "2025-06-01T06:14:36.304Z",
    "duration": 5584,
    "testsRegistered": 15,
    "passPercent": 0,
    "pendingPercent": 0,
    "other": 0,
    "hasOther": false,
    "skipped": 14,
    "hasSkipped": true
  },
  "results": [
    {
      "uuid": "b24ea9d7-7483-44cf-a128-f4c1457cc223",
      "title": "",
      "fullFile": "cypress/e2e/admin/leave-management.spec.ts",
      "file": "cypress/e2e/admin/leave-management.spec.ts",
      "beforeHooks": [],
      "afterHooks": [],
      "tests": [],
      "suites": [
        {
          "uuid": "384e0afc-49bb-46f1-b9c2-c1d151ff0600",
          "title": "Admin - Gestion des Congés",
          "fullFile": "",
          "file": "",
          "beforeHooks": [],
          "afterHooks": [],
          "tests": [],
          "suites": [
            {
              "uuid": "dba25495-6031-46e5-98a7-33ef6a4c05c6",
              "title": "Tableau de bord des congés",
              "fullFile": "",
              "file": "",
              "beforeHooks": [],
              "afterHooks": [],
              "tests": [
                {
                  "title": "devrait afficher les statistiques globales",
                  "fullTitle": "Admin - Gestion des Congés Tableau de bord des congés devrait afficher les statistiques globales",
                  "timedOut": null,
                  "duration": 1336,
                  "state": "failed",
                  "speed": null,
                  "pass": false,
                  "fail": true,
                  "pending": false,
                  "context": null,
                  "code": "cy.get('[data-testid=\"leave-stats\"]').within(function () {\n    cy.get('[data-testid=\"pending-requests\"]').should('exist');\n    cy.get('[data-testid=\"approved-this-month\"]').should('exist');\n    cy.get('[data-testid=\"total-days-taken\"]').should('exist');\n    cy.get('[data-testid=\"upcoming-leaves\"]').should('exist');\n});",
                  "err": {
                    "message": "CypressError: `cy.type()` failed because it targeted a disabled element.\n\nThe element typed into was:\n\n  > <input type=\"text\" id=\"login\" data-testid=\"login-email-input\" data-cy=\"email-input\" required=\"\" autocomplete=\"username\" class=\"mt-1 block w-full rounded-md border border-gray-300 px-3 py-2 shadow-sm focus:border-blue-500 focus:outline-none focus:ring-blue-500 sm:text-sm disabled:opacity-50\" name=\"login\" value=\"\">\n\nEnsure the element does not have an attribute named `disabled` before typing into it.\n\nhttps://on.cypress.io/type\n\nBecause this error occurred during a `before each` hook we are skipping the remaining tests in the current suite: `Admin - Gestion des Congés`",
                    "estack": "CypressError: `cy.type()` failed because it targeted a disabled element.\n\nThe element typed into was:\n\n  > <input type=\"text\" id=\"login\" data-testid=\"login-email-input\" data-cy=\"email-input\" required=\"\" autocomplete=\"username\" class=\"mt-1 block w-full rounded-md border border-gray-300 px-3 py-2 shadow-sm focus:border-blue-500 focus:outline-none focus:ring-blue-500 sm:text-sm disabled:opacity-50\" name=\"login\" value=\"\">\n\nEnsure the element does not have an attribute named `disabled` before typing into it.\n\nhttps://on.cypress.io/type\n\nBecause this error occurred during a `before each` hook we are skipping the remaining tests in the current suite: `Admin - Gestion des Congés`\n    at <unknown> (http://localhost:3000/__cypress/runner/cypress_runner.js:115810:78)\n    at tryCatcher (http://localhost:3000/__cypress/runner/cypress_runner.js:1777:23)\n    at Promise._settlePromiseFromHandler (http://localhost:3000/__cypress/runner/cypress_runner.js:1489:31)\n    at Promise._settlePromise (http://localhost:3000/__cypress/runner/cypress_runner.js:1546:18)\n    at Promise._settlePromise0 (http://localhost:3000/__cypress/runner/cypress_runner.js:1591:10)\n    at Promise._settlePromises (http://localhost:3000/__cypress/runner/cypress_runner.js:1671:18)\n    at _drainQueueStep (http://localhost:3000/__cypress/runner/cypress_runner.js:2377:12)\n    at _drainQueue (http://localhost:3000/__cypress/runner/cypress_runner.js:2370:9)\n    at Async._drainQueues (http://localhost:3000/__cypress/runner/cypress_runner.js:2386:5)\n    at Async.drainQueues (http://localhost:3000/__cypress/runner/cypress_runner.js:2256:14)\nFrom Your Spec Code:\n    at Context.eval (webpack://mathildanesth/./cypress/support/commands.ts:140:36)\n    at wrapped (http://localhost:3000/__cypress/runner/cypress_runner.js:140165:43)",
                    "diff": null
                  },
                  "uuid": "94fa2e68-8e8a-4b51-85b0-9f4465498ac4",
                  "parentUUID": "dba25495-6031-46e5-98a7-33ef6a4c05c6",
                  "isHook": false,
                  "skipped": false
                },
                {
                  "title": "devrait afficher les demandes en attente en priorité",
                  "fullTitle": "Admin - Gestion des Congés Tableau de bord des congés devrait afficher les demandes en attente en priorité",
                  "timedOut": null,
                  "duration": 0,
                  "state": "skipped",
                  "speed": null,
                  "pass": false,
                  "fail": false,
                  "pending": false,
                  "context": null,
                  "code": "cy.get('[data-testid=\"pending-leaves-section\"]').should('be.visible');\ncy.get('[data-testid=\"pending-leave-card\"]').each(function ($card) {\n    cy.wrap($card).find('[data-testid=\"status-badge\"]').should('contain', 'En attente');\n    cy.wrap($card).find('[data-testid=\"approve-btn\"]').should('exist');\n    cy.wrap($card).find('[data-testid=\"reject-btn\"]').should('exist');\n});",
                  "err": {},
                  "uuid": "b3a32557-d30a-45ef-afbc-21857c73e120",
                  "parentUUID": "dba25495-6031-46e5-98a7-33ef6a4c05c6",
                  "isHook": false,
                  "skipped": true
                }
              ],
              "suites": [],
              "passes": [],
              "failures": [
                "94fa2e68-8e8a-4b51-85b0-9f4465498ac4"
              ],
              "pending": [],
              "skipped": [
                "b3a32557-d30a-45ef-afbc-21857c73e120"
              ],
              "duration": 1336,
              "root": false,
              "rootEmpty": false,
              "_timeout": 2000
            },
            {
              "uuid": "0624404c-d81f-4eff-8f0f-844994d43040",
              "title": "Validation des demandes",
              "fullFile": "",
              "file": "",
              "beforeHooks": [],
              "afterHooks": [],
              "tests": [
                {
                  "title": "devrait approuver une demande de congé",
                  "fullTitle": "Admin - Gestion des Congés Validation des demandes devrait approuver une demande de congé",
                  "timedOut": null,
                  "duration": 0,
                  "state": "skipped",
                  "speed": null,
                  "pass": false,
                  "fail": false,
                  "pending": false,
                  "context": null,
                  "code": "cy.get('[data-testid=\"pending-leave-card\"]').first().within(function () {\n    cy.get('[data-testid=\"user-name\"]').invoke('text').as('userName');\n    cy.get('[data-testid=\"leave-dates\"]').invoke('text').as('leaveDates');\n    cy.get('[data-testid=\"approve-btn\"]').click();\n});\ncy.get('[data-testid=\"approval-dialog\"]').should('be.visible');\ncy.get('[data-testid=\"approval-comment\"]').type('Approuvé pour raisons médicales');\ncy.get('[data-testid=\"confirm-approve-btn\"]').click();\ncy.get('[data-testid=\"success-toast\"]').should('contain', 'Demande approuvée');\n// Vérifier que la demande n'est plus dans les pending\ncy.get('@userName').then(function (name) {\n    cy.get('[data-testid=\"pending-leaves-section\"]').should('not.contain', name);\n});",
                  "err": {},
                  "uuid": "f541a343-de41-42d3-bbfe-3bb0dec05d37",
                  "parentUUID": null,
                  "isHook": false,
                  "skipped": true
                },
                {
                  "title": "devrait rejeter une demande avec motif obligatoire",
                  "fullTitle": "Admin - Gestion des Congés Validation des demandes devrait rejeter une demande avec motif obligatoire",
                  "timedOut": null,
                  "duration": 0,
                  "state": "skipped",
                  "speed": null,
                  "pass": false,
                  "fail": false,
                  "pending": false,
                  "context": null,
                  "code": "cy.get('[data-testid=\"pending-leave-card\"]').first().find('[data-testid=\"reject-btn\"]').click();\ncy.get('[data-testid=\"rejection-dialog\"]').should('be.visible');\n// Tenter de soumettre sans motif\ncy.get('[data-testid=\"confirm-reject-btn\"]').click();\ncy.get('[data-testid=\"error-message\"]').should('contain', 'Motif requis');\n// Ajouter un motif\ncy.get('[data-testid=\"rejection-reason\"]').type('Effectifs insuffisants pendant cette période');\ncy.get('[data-testid=\"confirm-reject-btn\"]').click();\ncy.get('[data-testid=\"success-toast\"]').should('contain', 'Demande rejetée');",
                  "err": {},
                  "uuid": "3c575e73-0506-408b-ac7b-0dd77cfe60f9",
                  "parentUUID": null,
                  "isHook": false,
                  "skipped": true
                },
                {
                  "title": "devrait permettre la validation en masse",
                  "fullTitle": "Admin - Gestion des Congés Validation des demandes devrait permettre la validation en masse",
                  "timedOut": null,
                  "duration": 0,
                  "state": "skipped",
                  "speed": null,
                  "pass": false,
                  "fail": false,
                  "pending": false,
                  "context": null,
                  "code": "// Sélectionner plusieurs demandes\ncy.get('[data-testid=\"select-all-pending\"]').check();\ncy.get('[data-testid=\"bulk-actions\"]').should('be.visible');\ncy.get('[data-testid=\"bulk-approve-btn\"]').click();\ncy.get('[data-testid=\"bulk-approval-dialog\"]').should('be.visible');\ncy.get('[data-testid=\"bulk-comment\"]').type('Validation groupée - période calme');\ncy.get('[data-testid=\"confirm-bulk-approve\"]').click();\ncy.get('[data-testid=\"success-toast\"]').should('contain', 'demandes approuvées');",
                  "err": {},
                  "uuid": "0c3192b0-2597-49d5-b02e-69244c9cc61b",
                  "parentUUID": null,
                  "isHook": false,
                  "skipped": true
                }
              ],
              "suites": [],
              "passes": [],
              "failures": [],
              "pending": [],
              "skipped": [
                "f541a343-de41-42d3-bbfe-3bb0dec05d37",
                "3c575e73-0506-408b-ac7b-0dd77cfe60f9",
                "0c3192b0-2597-49d5-b02e-69244c9cc61b"
              ],
              "duration": 0,
              "root": false,
              "rootEmpty": false,
              "_timeout": 2000
            },
            {
              "uuid": "a9f43b5a-e1cf-4798-a2b9-bbe3c1b2330b",
              "title": "Gestion des quotas",
              "fullFile": "",
              "file": "",
              "beforeHooks": [],
              "afterHooks": [],
              "tests": [
                {
                  "title": "devrait afficher les quotas par utilisateur",
                  "fullTitle": "Admin - Gestion des Congés Gestion des quotas devrait afficher les quotas par utilisateur",
                  "timedOut": null,
                  "duration": 0,
                  "state": "skipped",
                  "speed": null,
                  "pass": false,
                  "fail": false,
                  "pending": false,
                  "context": null,
                  "code": "cy.get('[data-testid=\"quotas-table\"]').should('exist');\ncy.get('[data-testid=\"quota-row\"]').should('have.length.greaterThan', 0);\ncy.get('[data-testid=\"quota-row\"]').first().within(function () {\n    cy.get('[data-testid=\"user-name\"]').should('exist');\n    cy.get('[data-testid=\"leave-type\"]').should('exist');\n    cy.get('[data-testid=\"initial-balance\"]').should('exist');\n    cy.get('[data-testid=\"used-days\"]').should('exist');\n    cy.get('[data-testid=\"remaining-days\"]').should('exist');\n});",
                  "err": {},
                  "uuid": "17699a90-57e0-44ca-b4c7-be38b3d2421b",
                  "parentUUID": null,
                  "isHook": false,
                  "skipped": true
                },
                {
                  "title": "devrait permettre l'ajustement manuel des quotas",
                  "fullTitle": "Admin - Gestion des Congés Gestion des quotas devrait permettre l'ajustement manuel des quotas",
                  "timedOut": null,
                  "duration": 0,
                  "state": "skipped",
                  "speed": null,
                  "pass": false,
                  "fail": false,
                  "pending": false,
                  "context": null,
                  "code": "cy.get('[data-testid=\"quota-row\"]').first().find('[data-testid=\"adjust-quota-btn\"]').click();\ncy.get('[data-testid=\"adjustment-dialog\"]').within(function () {\n    cy.get('input[name=\"adjustment\"]').type('5');\n    cy.get('textarea[name=\"reason\"]').type('Compensation heures supplémentaires');\n    cy.get('select[name=\"type\"]').select('CREDIT');\n});\ncy.get('[data-testid=\"confirm-adjustment-btn\"]').click();\ncy.get('[data-testid=\"success-toast\"]').should('contain', 'Quota ajusté');",
                  "err": {},
                  "uuid": "71ec4bc8-dbf1-41f8-a4d2-2ce8e5fa211b",
                  "parentUUID": null,
                  "isHook": false,
                  "skipped": true
                },
                {
                  "title": "devrait gérer les reports de congés",
                  "fullTitle": "Admin - Gestion des Congés Gestion des quotas devrait gérer les reports de congés",
                  "timedOut": null,
                  "duration": 0,
                  "state": "skipped",
                  "speed": null,
                  "pass": false,
                  "fail": false,
                  "pending": false,
                  "context": null,
                  "code": "cy.get('[data-testid=\"carryover-btn\"]').click();\ncy.get('[data-testid=\"carryover-dialog\"]').within(function () {\n    cy.get('[data-testid=\"year-select\"]').select('2023');\n    cy.get('[data-testid=\"preview-carryover-btn\"]').click();\n});\ncy.get('[data-testid=\"carryover-preview\"]').should('be.visible');\ncy.get('[data-testid=\"confirm-carryover-btn\"]').click();\ncy.get('[data-testid=\"success-toast\"]').should('contain', 'Reports effectués');",
                  "err": {},
                  "uuid": "81df92fc-6b3e-4a43-b81d-3ef11d3b6b11",
                  "parentUUID": null,
                  "isHook": false,
                  "skipped": true
                }
              ],
              "suites": [],
              "passes": [],
              "failures": [],
              "pending": [],
              "skipped": [
                "17699a90-57e0-44ca-b4c7-be38b3d2421b",
                "71ec4bc8-dbf1-41f8-a4d2-2ce8e5fa211b",
                "81df92fc-6b3e-4a43-b81d-3ef11d3b6b11"
              ],
              "duration": 0,
              "root": false,
              "rootEmpty": false,
              "_timeout": 2000
            },
            {
              "uuid": "ca95917d-8588-4aea-af9d-98e033f3c007",
              "title": "Types de congés",
              "fullFile": "",
              "file": "",
              "beforeHooks": [],
              "afterHooks": [],
              "tests": [
                {
                  "title": "devrait créer un nouveau type de congé",
                  "fullTitle": "Admin - Gestion des Congés Types de congés devrait créer un nouveau type de congé",
                  "timedOut": null,
                  "duration": 0,
                  "state": "skipped",
                  "speed": null,
                  "pass": false,
                  "fail": false,
                  "pending": false,
                  "context": null,
                  "code": "cy.get('[data-testid=\"create-leave-type-btn\"]').click();\ncy.get('[data-testid=\"leave-type-form\"]').within(function () {\n    cy.get('input[name=\"code\"]').type('FORM');\n    cy.get('input[name=\"label\"]').type('Formation');\n    cy.get('input[name=\"defaultDays\"]').type('5');\n    cy.get('input[name=\"color\"]').type('#9C27B0');\n    cy.get('input[name=\"requiresApproval\"]').check();\n    cy.get('input[name=\"countsAsAbsence\"]').uncheck();\n});\ncy.get('[data-testid=\"submit-btn\"]').click();\ncy.get('[data-testid=\"success-toast\"]').should('contain', 'Type de congé créé');",
                  "err": {},
                  "uuid": "78d358e0-3b1e-4050-b6b3-a6e75e503ced",
                  "parentUUID": null,
                  "isHook": false,
                  "skipped": true
                },
                {
                  "title": "devrait configurer les règles par type",
                  "fullTitle": "Admin - Gestion des Congés Types de congés devrait configurer les règles par type",
                  "timedOut": null,
                  "duration": 0,
                  "state": "skipped",
                  "speed": null,
                  "pass": false,
                  "fail": false,
                  "pending": false,
                  "context": null,
                  "code": "cy.get('[data-testid=\"leave-type-row\"]')\n    .contains('CP')\n    .parents('[data-testid=\"leave-type-row\"]')\n    .find('[data-testid=\"configure-rules-btn\"]')\n    .click();\ncy.get('[data-testid=\"rules-dialog\"]').within(function () {\n    cy.get('input[name=\"minDays\"]').clear().type('1');\n    cy.get('input[name=\"maxDays\"]').clear().type('25');\n    cy.get('input[name=\"advanceNotice\"]').clear().type('14');\n    cy.get('input[name=\"maxConsecutive\"]').clear().type('15');\n    // Périodes de restriction\n    cy.get('[data-testid=\"add-blackout-period\"]').click();\n    cy.get('input[name=\"blackout.0.start\"]').type('2024-07-15');\n    cy.get('input[name=\"blackout.0.end\"]').type('2024-08-15');\n    cy.get('input[name=\"blackout.0.reason\"]').type('Période estivale critique');\n});\ncy.get('[data-testid=\"save-rules-btn\"]').click();\ncy.get('[data-testid=\"success-toast\"]').should('contain', 'Règles configurées');",
                  "err": {},
                  "uuid": "9ebb98e8-ab41-4227-a78f-d42b25da0e47",
                  "parentUUID": null,
                  "isHook": false,
                  "skipped": true
                }
              ],
              "suites": [],
              "passes": [],
              "failures": [],
              "pending": [],
              "skipped": [
                "78d358e0-3b1e-4050-b6b3-a6e75e503ced",
                "9ebb98e8-ab41-4227-a78f-d42b25da0e47"
              ],
              "duration": 0,
              "root": false,
              "rootEmpty": false,
              "_timeout": 2000
            },
            {
              "uuid": "703fcc98-95eb-44f5-b4e2-1e3da11acf28",
              "title": "Analyse et rapports",
              "fullFile": "",
              "file": "",
              "beforeHooks": [],
              "afterHooks": [],
              "tests": [
                {
                  "title": "devrait afficher les graphiques d'analyse",
                  "fullTitle": "Admin - Gestion des Congés Analyse et rapports devrait afficher les graphiques d'analyse",
                  "timedOut": null,
                  "duration": 0,
                  "state": "skipped",
                  "speed": null,
                  "pass": false,
                  "fail": false,
                  "pending": false,
                  "context": null,
                  "code": "cy.get('[data-testid=\"analytics-dashboard\"]').within(function () {\n    cy.get('[data-testid=\"absences-by-month-chart\"]').should('be.visible');\n    cy.get('[data-testid=\"absences-by-type-chart\"]').should('be.visible');\n    cy.get('[data-testid=\"absences-by-department-chart\"]').should('be.visible');\n    cy.get('[data-testid=\"trends-chart\"]').should('be.visible');\n});",
                  "err": {},
                  "uuid": "89a579b4-e837-400a-9c41-a05ff052d551",
                  "parentUUID": null,
                  "isHook": false,
                  "skipped": true
                },
                {
                  "title": "devrait générer un rapport personnalisé",
                  "fullTitle": "Admin - Gestion des Congés Analyse et rapports devrait générer un rapport personnalisé",
                  "timedOut": null,
                  "duration": 0,
                  "state": "skipped",
                  "speed": null,
                  "pass": false,
                  "fail": false,
                  "pending": false,
                  "context": null,
                  "code": "cy.get('[data-testid=\"generate-report-btn\"]').click();\ncy.get('[data-testid=\"report-config\"]').within(function () {\n    cy.get('input[name=\"startDate\"]').type('2024-01-01');\n    cy.get('input[name=\"endDate\"]').type('2024-12-31');\n    // Sélectionner les métriques\n    cy.get('[data-testid=\"metric-checkbox-total-days\"]').check();\n    cy.get('[data-testid=\"metric-checkbox-by-user\"]').check();\n    cy.get('[data-testid=\"metric-checkbox-by-type\"]').check();\n    // Format d'export\n    cy.get('select[name=\"format\"]').select('PDF');\n});\ncy.get('[data-testid=\"generate-btn\"]').click();\ncy.get('[data-testid=\"success-toast\"]').should('contain', 'Rapport généré');\n// Vérifier le téléchargement\ncy.readFile('cypress/downloads/leave-report-2024.pdf').should('exist');",
                  "err": {},
                  "uuid": "00f184cc-4a5c-4b9e-b1a0-bbcb10d07efc",
                  "parentUUID": null,
                  "isHook": false,
                  "skipped": true
                },
                {
                  "title": "devrait identifier les patterns d'absence",
                  "fullTitle": "Admin - Gestion des Congés Analyse et rapports devrait identifier les patterns d'absence",
                  "timedOut": null,
                  "duration": 0,
                  "state": "skipped",
                  "speed": null,
                  "pass": false,
                  "fail": false,
                  "pending": false,
                  "context": null,
                  "code": "cy.get('[data-testid=\"patterns-analysis-btn\"]').click();\ncy.get('[data-testid=\"patterns-results\"]').within(function () {\n    cy.get('[data-testid=\"frequent-mondays\"]').should('exist');\n    cy.get('[data-testid=\"bridge-days\"]').should('exist');\n    cy.get('[data-testid=\"seasonal-peaks\"]').should('exist');\n});",
                  "err": {},
                  "uuid": "3d5b1e69-6a4b-482d-af82-ec6adc70181a",
                  "parentUUID": null,
                  "isHook": false,
                  "skipped": true
                }
              ],
              "suites": [],
              "passes": [],
              "failures": [],
              "pending": [],
              "skipped": [
                "89a579b4-e837-400a-9c41-a05ff052d551",
                "00f184cc-4a5c-4b9e-b1a0-bbcb10d07efc",
                "3d5b1e69-6a4b-482d-af82-ec6adc70181a"
              ],
              "duration": 0,
              "root": false,
              "rootEmpty": false,
              "_timeout": 2000
            },
            {
              "uuid": "fc6367d9-7a5d-49f9-b23f-ff8cab61b1a8",
              "title": "Gestion des conflits",
              "fullFile": "",
              "file": "",
              "beforeHooks": [],
              "afterHooks": [],
              "tests": [
                {
                  "title": "devrait détecter et résoudre les conflits",
                  "fullTitle": "Admin - Gestion des Congés Gestion des conflits devrait détecter et résoudre les conflits",
                  "timedOut": null,
                  "duration": 0,
                  "state": "skipped",
                  "speed": null,
                  "pass": false,
                  "fail": false,
                  "pending": false,
                  "context": null,
                  "code": "cy.get('[data-testid=\"conflicts-tab\"]').click();\ncy.get('[data-testid=\"conflicts-list\"]').should('exist');\ncy.get('[data-testid=\"conflict-item\"]').first().within(function () {\n    cy.get('[data-testid=\"conflict-type\"]').should('exist');\n    cy.get('[data-testid=\"affected-users\"]').should('exist');\n    cy.get('[data-testid=\"resolve-btn\"]').click();\n});\ncy.get('[data-testid=\"resolution-dialog\"]').within(function () {\n    cy.get('[data-testid=\"resolution-option-1\"]').click();\n    cy.get('[data-testid=\"apply-resolution-btn\"]').click();\n});\ncy.get('[data-testid=\"success-toast\"]').should('contain', 'Conflit résolu');",
                  "err": {},
                  "uuid": "3c145cb8-174e-4ea3-a78d-d8529879682a",
                  "parentUUID": null,
                  "isHook": false,
                  "skipped": true
                }
              ],
              "suites": [],
              "passes": [],
              "failures": [],
              "pending": [],
              "skipped": [
                "3c145cb8-174e-4ea3-a78d-d8529879682a"
              ],
              "duration": 0,
              "root": false,
              "rootEmpty": false,
              "_timeout": 2000
            },
            {
              "uuid": "9533a7b6-a5a4-42c4-9729-f8bdbe636f4c",
              "title": "Congés récurrents",
              "fullFile": "",
              "file": "",
              "beforeHooks": [],
              "afterHooks": [],
              "tests": [
                {
                  "title": "devrait configurer des congés récurrents",
                  "fullTitle": "Admin - Gestion des Congés Congés récurrents devrait configurer des congés récurrents",
                  "timedOut": null,
                  "duration": 0,
                  "state": "skipped",
                  "speed": null,
                  "pass": false,
                  "fail": false,
                  "pending": false,
                  "context": null,
                  "code": "cy.get('[data-testid=\"recurring-tab\"]').click();\ncy.get('[data-testid=\"create-recurring-btn\"]').click();\ncy.get('[data-testid=\"recurring-form\"]').within(function () {\n    cy.get('select[name=\"userId\"]').select('Dr. Martin');\n    cy.get('select[name=\"leaveType\"]').select('RTT');\n    cy.get('select[name=\"pattern\"]').select('MONTHLY');\n    cy.get('input[name=\"dayOfMonth\"]').type('15');\n    cy.get('input[name=\"startDate\"]').type('2024-01-01');\n    cy.get('input[name=\"endDate\"]').type('2024-12-31');\n});\ncy.get('[data-testid=\"preview-occurrences-btn\"]').click();\ncy.get('[data-testid=\"occurrences-preview\"]').should('contain', '12 occurrences');\ncy.get('[data-testid=\"confirm-recurring-btn\"]').click();\ncy.get('[data-testid=\"success-toast\"]').should('contain', 'Congés récurrents créés');",
                  "err": {},
                  "uuid": "bc0db59a-dff0-422d-93ff-6bf010ec0a35",
                  "parentUUID": null,
                  "isHook": false,
                  "skipped": true
                }
              ],
              "suites": [],
              "passes": [],
              "failures": [],
              "pending": [],
              "skipped": [
                "bc0db59a-dff0-422d-93ff-6bf010ec0a35"
              ],
              "duration": 0,
              "root": false,
              "rootEmpty": false,
              "_timeout": 2000
            }
          ],
          "passes": [],
          "failures": [],
          "pending": [],
          "skipped": [],
          "duration": 0,
          "root": false,
          "rootEmpty": false,
          "_timeout": 2000
        }
      ],
      "passes": [],
      "failures": [],
      "pending": [],
      "skipped": [],
      "duration": 0,
      "root": true,
      "rootEmpty": true,
      "_timeout": 2000
    }
  ],
  "meta": {
    "mocha": {
      "version": "7.2.0"
    },
    "mochawesome": {
      "options": {
        "quiet": false,
        "reportFilename": "mochawesome",
        "saveHtml": false,
        "saveJson": true,
        "consoleReporter": "spec",
        "useInlineDiffs": false,
        "code": true
      },
      "version": "7.1.3"
    },
    "marge": {
      "options": {
        "id": "default",
        "reportDir": "cypress/reports/mocha",
        "quite": true,
        "overwrite": false,
        "html": false,
        "json": true
      },
      "version": "6.2.0"
    }
  }
}