{
  "stats": {
    "suites": 1,
    "tests": 2,
    "passes": 2,
    "pending": 0,
    "failures": 0,
    "start": "2025-05-22T09:19:17.857Z",
    "end": "2025-05-22T09:19:26.074Z",
    "duration": 8217,
    "testsRegistered": 2,
    "passPercent": 100,
    "pendingPercent": 0,
    "other": 0,
    "hasOther": false,
    "skipped": 0,
    "hasSkipped": false
  },
  "results": [
    {
      "uuid": "00ba7f08-176a-41be-8a5d-9721a78310a0",
      "title": "",
      "fullFile": "cypress/e2e/performance/public-pages-benchmark.cy.js",
      "file": "cypress/e2e/performance/public-pages-benchmark.cy.js",
      "beforeHooks": [],
      "afterHooks": [],
      "tests": [],
      "suites": [
        {
          "uuid": "118e82a4-748c-4503-81fc-c2b4b541ccd5",
          "title": "Benchmark des pages publiques",
          "fullFile": "",
          "file": "",
          "beforeHooks": [],
          "afterHooks": [],
          "tests": [
            {
              "title": "Mesure les temps de chargement des pages publiques",
              "fullTitle": "Benchmark des pages publiques Mesure les temps de chargement des pages publiques",
              "timedOut": null,
              "duration": 5748,
              "state": "passed",
              "speed": "medium",
              "pass": true,
              "fail": false,
              "pending": false,
              "context": null,
              "code": "// Liste des pages publiques à tester\nconst publicPages = ['/', '/login', '/auth/login'];\n// Tester chaque page\npublicPages.forEach(page => {\n  // Mesurer le temps de navigation complet\n  const startTime = Date.now();\n  cy.visit(page, {\n    failOnStatusCode: false,\n    timeout: 30000\n  });\n  cy.get('body', {\n    timeout: 30000\n  }).should('be.visible');\n  cy.window().then(() => {\n    const loadTime = Date.now() - startTime;\n    // Enregistrer la métrique\n    cy.task('logPerformance', {\n      type: 'page',\n      name: page,\n      duration: loadTime,\n      timestamp: Date.now()\n    });\n    // Montrer le résultat\n    cy.log(`📊 Page publique ${page}: ${loadTime}ms`);\n  });\n});",
              "err": {},
              "uuid": "74aeec66-ef40-4ee4-8ca7-95f91862898e",
              "parentUUID": "118e82a4-748c-4503-81fc-c2b4b541ccd5",
              "isHook": false,
              "skipped": false
            },
            {
              "title": "Mesure les performances des opérations publiques",
              "fullTitle": "Benchmark des pages publiques Mesure les performances des opérations publiques",
              "timedOut": null,
              "duration": 2335,
              "state": "passed",
              "speed": "fast",
              "pass": true,
              "fail": false,
              "pending": false,
              "context": null,
              "code": "// Tester le temps de chargement initial de l'application\nconst startTimeApp = Date.now();\ncy.visit('/', {\n  failOnStatusCode: false,\n  timeout: 30000\n});\ncy.get('body', {\n  timeout: 30000\n}).should('be.visible');\ncy.window().then(() => {\n  const appLoadTime = Date.now() - startTimeApp;\n  cy.task('logPerformance', {\n    type: 'app',\n    name: 'initial-load',\n    duration: appLoadTime,\n    timestamp: Date.now()\n  });\n  cy.log(`⚡ Chargement initial: ${appLoadTime}ms`);\n});\n// Tester la réactivité de la page de login\ncy.visit('/login', {\n  failOnStatusCode: false,\n  timeout: 30000\n});\n// Mesurer le temps de réponse des champs de formulaire\nconst startTimeInput = Date.now();\ncy.get('input', {\n  timeout: 10000\n}).first().type('test@example.com');\ncy.window().then(() => {\n  const inputResponseTime = Date.now() - startTimeInput;\n  cy.task('logPerformance', {\n    type: 'interaction',\n    name: 'input-response',\n    duration: inputResponseTime,\n    timestamp: Date.now()\n  });\n  cy.log(`⌨️ Réponse input: ${inputResponseTime}ms`);\n});",
              "err": {},
              "uuid": "99b8f36b-3979-4a9b-a313-9d1d946bf24d",
              "parentUUID": "118e82a4-748c-4503-81fc-c2b4b541ccd5",
              "isHook": false,
              "skipped": false
            }
          ],
          "suites": [],
          "passes": [
            "74aeec66-ef40-4ee4-8ca7-95f91862898e",
            "99b8f36b-3979-4a9b-a313-9d1d946bf24d"
          ],
          "failures": [],
          "pending": [],
          "skipped": [],
          "duration": 8083,
          "root": false,
          "rootEmpty": false,
          "_timeout": 2000
        }
      ],
      "passes": [],
      "failures": [],
      "pending": [],
      "skipped": [],
      "duration": 0,
      "root": true,
      "rootEmpty": true,
      "_timeout": 2000
    }
  ],
  "meta": {
    "mocha": {
      "version": "7.2.0"
    },
    "mochawesome": {
      "options": {
        "quiet": false,
        "reportFilename": "mochawesome",
        "saveHtml": false,
        "saveJson": true,
        "consoleReporter": "spec",
        "useInlineDiffs": false,
        "code": true
      },
      "version": "7.1.3"
    },
    "marge": {
      "options": {
        "id": "default",
        "reportDir": "cypress/reports/mocha",
        "quite": true,
        "overwrite": false,
        "html": false,
        "json": true
      },
      "version": "6.2.0"
    }
  }
}