{
  "stats": {
    "suites": 1,
    "tests": 7,
    "passes": 0,
    "pending": 0,
    "failures": 7,
    "start": "2025-05-15T13:05:02.882Z",
    "end": "2025-05-15T13:05:50.340Z",
    "duration": 47458,
    "testsRegistered": 7,
    "passPercent": 0,
    "pendingPercent": 0,
    "other": 0,
    "hasOther": false,
    "skipped": 0,
    "hasSkipped": false
  },
  "results": [
    {
      "uuid": "3a8428e1-b344-4166-be8a-758ebed2005f",
      "title": "",
      "fullFile": "cypress/e2e/planning/planning-management.spec.ts",
      "file": "cypress/e2e/planning/planning-management.spec.ts",
      "beforeHooks": [],
      "afterHooks": [],
      "tests": [],
      "suites": [
        {
          "uuid": "95ec795b-da0e-4918-8615-e8e5cc5771c2",
          "title": "Gestion des plannings",
          "fullFile": "",
          "file": "",
          "beforeHooks": [],
          "afterHooks": [],
          "tests": [
            {
              "title": "permet de générer un planning hebdomadaire",
              "fullTitle": "Gestion des plannings permet de générer un planning hebdomadaire",
              "timedOut": null,
              "duration": 9505,
              "state": "failed",
              "speed": null,
              "pass": false,
              "fail": true,
              "pending": false,
              "context": null,
              "code": "cy.visitAsAuthenticatedUser('/planning/generator');\ncy.contains('h1', 'Générateur de planning').should('be.visible'); // Vérifier que la page de base est là\nvar nextMonday = getNextMonday();\ncy.log('Tentative de sélection de la date de début...');\n// Augmenter le timeout spécifiquement pour cet élément\ncy.get('#dateDebut', { timeout: 10000 }).should('be.visible').type(nextMonday.toISOString().split('T')[0]);\ncy.log('Date de début sélectionnée.');\n// Sélectionner un secteur opératoire\ncy.get('[data-cy=sector-select]').click();\ncy.get('[data-cy=sector-option-1]').click();\n// Définir les paramètres de génération\ncy.get('[data-cy=include-weekends]').click(); // Désactiver les weekends\ncy.get('[data-cy=respect-preferences]').click(); // Activer le respect des préférences\ncy.get('[data-cy=balance-workload]').click(); // Activer l'équilibrage de charge\n// Intercepter la requête de génération\ncy.intercept('POST', '**/api/planning/generate').as('generatePlanning');\n// Lancer la génération\ncy.get('[data-cy=generate-planning-button]').click();\n// Attendre la réponse de l'API\ncy.wait('@generatePlanning').its('response.statusCode').should('eq', 200);\n// Vérifier le message de succès\ncy.get('[data-cy=notification-success]')\n    .should('be.visible')\n    .and('contain', 'Planning généré avec succès');\n// Vérifier que le planning a été généré et redirige vers la vue du planning\ncy.url().should('include', '/planning/hebdomadaire');\ncy.contains('h1', 'Planning Hebdomadaire').should('be.visible');\ncy.get('table').should('be.visible');",
              "err": {
                "message": "AssertionError: Timed out retrying after 4000ms: Expected to find element: `[data-cy=sector-select]`, but never found it.",
                "estack": "AssertionError: Timed out retrying after 4000ms: Expected to find element: `[data-cy=sector-select]`, but never found it.\n    at Context.eval (webpack://mathildanesth/./cypress/e2e/planning/planning-management.spec.ts:40:11)",
                "diff": null
              },
              "uuid": "20302c23-7186-4319-8ac3-1141994605f8",
              "parentUUID": "95ec795b-da0e-4918-8615-e8e5cc5771c2",
              "isHook": false,
              "skipped": false
            },
            {
              "title": "permet de modifier manuellement un planning",
              "fullTitle": "Gestion des plannings permet de modifier manuellement un planning",
              "timedOut": null,
              "duration": 6570,
              "state": "failed",
              "speed": null,
              "pass": false,
              "fail": true,
              "pending": false,
              "context": null,
              "code": "cy.visitAsAuthenticatedUser('/planning/hebdomadaire');\ncy.contains('h1', 'Planning Hebdomadaire').should('be.visible');\ncy.log('Attente des cellules de planning...');\n// Augmenter le timeout pour trouver une cellule vide\ncy.get('td[data-date]', { timeout: 15000 }).not(':has(div)').first().should('be.visible').click();\ncy.log('Cellule vide cliquée.');\n// Vérifier que le modal d'édition s'ouvre\ncy.get('[role=\"dialog\"]').should('be.visible');\ncy.get('[data-cy=assignment-modal]').should('be.visible');\n// Sélectionner un chirurgien\ncy.get('[data-cy=surgeon-select]').click();\ncy.get('[data-cy=surgeon-option]').first().click();\n// Sélectionner un MAR (Médecin Anesthésiste Réanimateur)\ncy.get('[data-cy=mar-select]').click();\ncy.get('[data-cy=mar-option]').first().click();\n// Ajouter un IADE (optionnel)\ncy.get('[data-cy=add-iade-checkbox]').click();\ncy.get('[data-cy=iade-select]').click();\ncy.get('[data-cy=iade-option]').first().click();\n// Définir le type d'intervention\ncy.get('[data-cy=assignment-type-select]').click();\ncy.get('[data-cy=assignment-type-option-standard]').click();\n// Ajouter des notes\ncy.get('[data-cy=assignment-notes]').type('Intervention programmée manuellement');\n// Intercepter la requête de création\ncy.intercept('POST', '**/api/planning/assignments').as('createAssignment');\n// Enregistrer l'assignation\ncy.get('[data-cy=save-assignment-button]').click();\n// Attendre la réponse de l'API\ncy.wait('@createAssignment').its('response.statusCode').should('eq', 201);\n// Vérifier le message de succès\ncy.get('[data-cy=notification-success]')\n    .should('be.visible')\n    .and('contain', 'Assignation créée');\n// Vérifier que le créneau est maintenant occupé\ncy.get('td[data-date] div[draggable=\"true\"]').should('have.length.at.least', 1);",
              "err": {
                "message": "AssertionError: Timed out retrying after 4000ms: Expected to find content: 'Planning Hebdomadaire' within the selector: 'h1' but never did.",
                "estack": "AssertionError: Timed out retrying after 4000ms: Expected to find content: 'Planning Hebdomadaire' within the selector: 'h1' but never did.\n    at Context.eval (webpack://mathildanesth/./cypress/e2e/planning/planning-management.spec.ts:70:51)",
                "diff": null
              },
              "uuid": "ce77bbe4-5c93-4a8a-8f4e-60bfc687345a",
              "parentUUID": "95ec795b-da0e-4918-8615-e8e5cc5771c2",
              "isHook": false,
              "skipped": false
            },
            {
              "title": "permet de modifier une assignation existante",
              "fullTitle": "Gestion des plannings permet de modifier une assignation existante",
              "timedOut": null,
              "duration": 6599,
              "state": "failed",
              "speed": null,
              "pass": false,
              "fail": true,
              "pending": false,
              "context": null,
              "code": "cy.visitAsAuthenticatedUser('/planning/hebdomadaire');\ncy.contains('h1', 'Planning Hebdomadaire').should('be.visible');\ncreateTestAssignment(); // S'assure qu'une assignation existe\ncy.log('Attente de l\\'assignation à modifier...');\n// Augmenter le timeout pour trouver l'assignation\ncy.get('td[data-date] div[draggable=\"true\"]', { timeout: 10000 }).first().should('be.visible').click();\ncy.log('Assignation cliquée.');\n// Vérifier que le modal d'édition s'ouvre\ncy.get('[role=\"dialog\"][aria-modal=\"true\"]').should('be.visible');\ncy.get('[data-cy=assignment-modal]').should('be.visible');\n// Modifier les notes\ncy.get('[data-cy=assignment-notes]').clear().type('Intervention modifiée');\n// Intercepter la requête de mise à jour\ncy.intercept('PUT', '**/api/planning/assignments/**').as('updateAssignment');\n// Enregistrer les modifications\ncy.get('[data-cy=save-assignment-button]').click();\n// Attendre la réponse de l'API\ncy.wait('@updateAssignment').its('response.statusCode').should('eq', 200);\n// Vérifier le message de succès\ncy.get('[data-cy=notification-success]')\n    .should('be.visible')\n    .and('contain', 'Assignation mise à jour');",
              "err": {
                "message": "AssertionError: Timed out retrying after 4000ms: Expected to find content: 'Planning Hebdomadaire' within the selector: 'h1' but never did.",
                "estack": "AssertionError: Timed out retrying after 4000ms: Expected to find content: 'Planning Hebdomadaire' within the selector: 'h1' but never did.\n    at Context.eval (webpack://mathildanesth/./cypress/e2e/planning/planning-management.spec.ts:121:51)",
                "diff": null
              },
              "uuid": "bd866662-5720-4d41-900f-bc6a3dcd6c89",
              "parentUUID": "95ec795b-da0e-4918-8615-e8e5cc5771c2",
              "isHook": false,
              "skipped": false
            },
            {
              "title": "permet de supprimer une assignation",
              "fullTitle": "Gestion des plannings permet de supprimer une assignation",
              "timedOut": null,
              "duration": 6425,
              "state": "failed",
              "speed": null,
              "pass": false,
              "fail": true,
              "pending": false,
              "context": null,
              "code": "cy.visitAsAuthenticatedUser('/planning/hebdomadaire');\ncy.contains('h1', 'Planning Hebdomadaire').should('be.visible');\ncreateTestAssignment();\ncy.log('Attente de l\\'assignation à supprimer...');\ncy.get('td[data-date] div[draggable=\"true\"]', { timeout: 10000 }).first().should('be.visible').click();\ncy.log('Assignation cliquée.');\n// Vérifier que le modal d'édition s'ouvre\ncy.get('[role=\"dialog\"][aria-modal=\"true\"]').should('be.visible');\ncy.get('[data-cy=assignment-modal]').should('be.visible');\n// Intercepter la requête de suppression\ncy.intercept('DELETE', '**/api/planning/assignments/**').as('deleteAssignment');\n// Cliquer sur le bouton de suppression\ncy.get('[data-cy=delete-assignment-button]').click();\n// Confirmer la suppression\ncy.get('[data-cy=confirm-delete-button]').click();\n// Attendre la réponse de l'API\ncy.wait('@deleteAssignment').its('response.statusCode').should('eq', 200);\n// Vérifier le message de succès\ncy.get('[data-cy=notification-success]')\n    .should('be.visible')\n    .and('contain', 'Assignation supprimée');\n// Vérifier que le créneau est maintenant vide\ncy.get('td[data-date] div[draggable=\"true\"]').should('not.exist');",
              "err": {
                "message": "AssertionError: Timed out retrying after 4000ms: Expected to find content: 'Planning Hebdomadaire' within the selector: 'h1' but never did.",
                "estack": "AssertionError: Timed out retrying after 4000ms: Expected to find content: 'Planning Hebdomadaire' within the selector: 'h1' but never did.\n    at Context.eval (webpack://mathildanesth/./cypress/e2e/planning/planning-management.spec.ts:154:51)",
                "diff": null
              },
              "uuid": "566adb0a-5cb4-447b-aa18-dbbd2426d7af",
              "parentUUID": "95ec795b-da0e-4918-8615-e8e5cc5771c2",
              "isHook": false,
              "skipped": false
            },
            {
              "title": "permet de publier un planning",
              "fullTitle": "Gestion des plannings permet de publier un planning",
              "timedOut": null,
              "duration": 6292,
              "state": "failed",
              "speed": null,
              "pass": false,
              "fail": true,
              "pending": false,
              "context": null,
              "code": "cy.visitAsAuthenticatedUser('/planning/hebdomadaire');\ncy.contains('h1', 'Planning Hebdomadaire').should('be.visible');\ncreateTestAssignment();\ncy.log('Attente du bouton Publier...');\n// Augmenter le timeout si nécessaire, et s'assurer que le sélecteur est bon\ncy.get('[data-cy=publish-planning-button]', { timeout: 10000 }).should('be.visible').click();\n// NOTE: Ce data-cy existe-t-il vraiment ? A vérifier.\n// Confirmer la publication\ncy.get('[data-cy=confirm-publish-button]').click();\n// Attendre la réponse de l'API\ncy.wait('@publishPlanning').its('response.statusCode').should('eq', 200);\n// Vérifier le message de succès\ncy.get('[data-cy=notification-success]')\n    .should('be.visible')\n    .and('contain', 'Planning publié');\n// Vérifier que le planning est marqué comme publié\ncy.get('[data-cy=published-badge]').should('be.visible');",
              "err": {
                "message": "AssertionError: Timed out retrying after 4000ms: Expected to find content: 'Planning Hebdomadaire' within the selector: 'h1' but never did.",
                "estack": "AssertionError: Timed out retrying after 4000ms: Expected to find content: 'Planning Hebdomadaire' within the selector: 'h1' but never did.\n    at Context.eval (webpack://mathildanesth/./cypress/e2e/planning/planning-management.spec.ts:189:51)",
                "diff": null
              },
              "uuid": "08e97391-12ad-43f4-9f2d-39dfaa8e9f39",
              "parentUUID": "95ec795b-da0e-4918-8615-e8e5cc5771c2",
              "isHook": false,
              "skipped": false
            },
            {
              "title": "permet de détecter les conflits lors de la génération d'un planning",
              "fullTitle": "Gestion des plannings permet de détecter les conflits lors de la génération d'un planning",
              "timedOut": null,
              "duration": 5263,
              "state": "failed",
              "speed": null,
              "pass": false,
              "fail": true,
              "pending": false,
              "context": null,
              "code": "cy.visitAsAuthenticatedUser('/planning/generator');\ncy.contains('h1', 'Générateur de planning').should('be.visible');\nvar nextMonday = getNextMonday();\ncy.log('Tentative de sélection de la date de début (conflits)...');\ncy.get('#dateDebut', { timeout: 10000 }).should('be.visible').type(nextMonday.toISOString().split('T')[0]);\ncy.log('Date de début sélectionnée (conflits).');\n// Sélectionner un secteur opératoire\ncy.get('[data-cy=sector-select]').click();\ncy.get('[data-cy=sector-option-1]').click();\n// Activer la détection de conflits stricte\ncy.get('[data-cy=strict-conflict-detection]').click();\n// Simuler un conflit (par exemple, en créant manuellement une absence pour un médecin)\ncreateConflictingLeave();\n// Intercepter la requête de génération\ncy.intercept('POST', '**/api/planning/generate').as('generatePlanning');\n// Lancer la génération\ncy.get('[data-cy=generate-planning-button]').click();\n// Attendre la réponse de l'API\ncy.wait('@generatePlanning');\n// Vérifier l'affichage des conflits\ncy.get('[data-cy=conflicts-modal]').should('be.visible');\ncy.get('[data-cy=conflict-item]').should('have.length.at.least', 1);\n// Résoudre les conflits en ignorant\ncy.get('[data-cy=ignore-conflicts-button]').click();\n// Vérifier que le planning est généré malgré les conflits\ncy.url().should('include', '/planning/hebdomadaire');\ncy.contains('h1', 'Planning Hebdomadaire').should('be.visible');\ncy.get('table').should('be.visible');",
              "err": {
                "message": "AssertionError: Timed out retrying after 4000ms: Expected to find element: `[data-cy=sector-select]`, but never found it.",
                "estack": "AssertionError: Timed out retrying after 4000ms: Expected to find element: `[data-cy=sector-select]`, but never found it.\n    at Context.eval (webpack://mathildanesth/./cypress/e2e/planning/planning-management.spec.ts:223:11)",
                "diff": null
              },
              "uuid": "b35a5a42-2200-47b9-8f0c-8803f7dcd6fe",
              "parentUUID": "95ec795b-da0e-4918-8615-e8e5cc5771c2",
              "isHook": false,
              "skipped": false
            },
            {
              "title": "permet aux utilisateurs standards de visualiser leur planning",
              "fullTitle": "Gestion des plannings permet aux utilisateurs standards de visualiser leur planning",
              "timedOut": null,
              "duration": 6384,
              "state": "failed",
              "speed": null,
              "pass": false,
              "fail": true,
              "pending": false,
              "context": null,
              "code": "cy.loginByApi('mar@example.com', 'Test123!');\ncy.visitAsAuthenticatedUser('/planning/hebdomadaire');\ncy.contains('h1', 'Planning Hebdomadaire').should('be.visible');\ncy.log('Attente du tableau de planning pour utilisateur standard...');\ncy.get('table', { timeout: 10000 }).should('be.visible');\ncy.log('Tableau trouvé.');\n// Vérifier que le planning est visible mais que les contrôles admin sont absents\ncy.get('table').should('be.visible');\ncy.get('[data-cy=generate-planning-button]').should('not.exist');\ncy.get('[data-cy=publish-planning-button]').should('not.exist');\n// Optionnel: vérifier des éléments spécifiques au rôle USER\ncy.contains('Mon Planning');\n// Déconnexion\ncy.request('/api/auth/logout');\ncy.url().should('include', '/auth/login');",
              "err": {
                "message": "AssertionError: Timed out retrying after 4000ms: Expected to find content: 'Planning Hebdomadaire' within the selector: 'h1' but never did.",
                "estack": "AssertionError: Timed out retrying after 4000ms: Expected to find content: 'Planning Hebdomadaire' within the selector: 'h1' but never did.\n    at Context.eval (webpack://mathildanesth/./cypress/e2e/planning/planning-management.spec.ts:257:51)",
                "diff": null
              },
              "uuid": "0ec3e770-684d-4723-b187-1cdb4fbc09ee",
              "parentUUID": "95ec795b-da0e-4918-8615-e8e5cc5771c2",
              "isHook": false,
              "skipped": false
            }
          ],
          "suites": [],
          "passes": [],
          "failures": [
            "20302c23-7186-4319-8ac3-1141994605f8",
            "ce77bbe4-5c93-4a8a-8f4e-60bfc687345a",
            "bd866662-5720-4d41-900f-bc6a3dcd6c89",
            "566adb0a-5cb4-447b-aa18-dbbd2426d7af",
            "08e97391-12ad-43f4-9f2d-39dfaa8e9f39",
            "b35a5a42-2200-47b9-8f0c-8803f7dcd6fe",
            "0ec3e770-684d-4723-b187-1cdb4fbc09ee"
          ],
          "pending": [],
          "skipped": [],
          "duration": 47038,
          "root": false,
          "rootEmpty": false,
          "_timeout": 2000
        }
      ],
      "passes": [],
      "failures": [],
      "pending": [],
      "skipped": [],
      "duration": 0,
      "root": true,
      "rootEmpty": true,
      "_timeout": 2000
    }
  ],
  "meta": {
    "mocha": {
      "version": "7.2.0"
    },
    "mochawesome": {
      "options": {
        "quiet": false,
        "reportFilename": "mochawesome",
        "saveHtml": false,
        "saveJson": true,
        "consoleReporter": "spec",
        "useInlineDiffs": false,
        "code": true
      },
      "version": "7.1.3"
    },
    "marge": {
      "options": {
        "id": "default",
        "reportDir": "cypress/reports/mocha",
        "quite": true,
        "overwrite": false,
        "html": false,
        "json": true
      },
      "version": "6.2.0"
    }
  }
}