{
  "stats": {
    "suites": 1,
    "tests": 6,
    "passes": 0,
    "pending": 0,
    "failures": 6,
    "start": "2025-05-04T18:48:23.279Z",
    "end": "2025-05-04T18:48:34.264Z",
    "duration": 10985,
    "testsRegistered": 6,
    "passPercent": 0,
    "pendingPercent": 0,
    "other": 0,
    "hasOther": false,
    "skipped": 0,
    "hasSkipped": false
  },
  "results": [
    {
      "uuid": "1da8b897-27cc-476b-bb60-f25e249a2e98",
      "title": "",
      "fullFile": "cypress/e2e/leaves/quota-management.spec.ts",
      "file": "cypress/e2e/leaves/quota-management.spec.ts",
      "beforeHooks": [],
      "afterHooks": [],
      "tests": [],
      "suites": [
        {
          "uuid": "ce29f58c-282e-4ee8-95a3-9a37aba11168",
          "title": "Gestion des quotas de congés",
          "fullFile": "",
          "file": "",
          "beforeHooks": [],
          "afterHooks": [],
          "tests": [
            {
              "title": "affiche correctement les quotas de congés d'un utilisateur",
              "fullTitle": "Gestion des quotas de congés affiche correctement les quotas de congés d'un utilisateur",
              "timedOut": null,
              "duration": 6890,
              "state": "failed",
              "speed": null,
              "pass": false,
              "fail": true,
              "pending": false,
              "context": null,
              "code": "// Se connecter\ncy.loginByApi(testUser.email, testUser.password);\n// Accéder à la page de quotas\ncy.visitAsAuthenticatedUser('/leaves/quotas');\n// Vérifier que les informations de quotas sont affichées\ncy.get('[data-cy=quota-summary]').should('be.visible');\n// Vérifier les différents types de quotas\ncy.get('[data-cy=quota-conges-payes]').should('contain', '25');\ncy.get('[data-cy=quota-rtt]').should('contain', '15');\ncy.get('[data-cy=quota-formation]').should('contain', '5');\n// Vérifier les jours utilisés\ncy.get('[data-cy=used-days]').should('be.visible');\n// Vérifier les jours restants\ncy.get('[data-cy=remaining-days]').should('be.visible');",
              "err": {
                "message": "CypressError: Cypress detected that you returned a promise from a command while also invoking one or more cy commands in that promise.\n\nThe command that returned the promise was:\n\n  > `cy.visit()`\n\nThe cy command you invoked inside the promise was:\n\n  > `cy.intercept()`\n\nBecause Cypress commands are already promise-like, you don't need to wrap them or return your own promise.\n\nCypress will resolve your command with whatever the final Cypress command yields.\n\nThe reason this is an error instead of a warning is because Cypress internally queues commands serially whereas Promises execute as soon as they are invoked. Attempting to reconcile this would prevent Cypress from ever resolving.\n\nhttps://on.cypress.io/returning-promise-and-commands-in-another-command",
                "estack": "CypressError: Cypress detected that you returned a promise from a command while also invoking one or more cy commands in that promise.\n\nThe command that returned the promise was:\n\n  > `cy.visit()`\n\nThe cy command you invoked inside the promise was:\n\n  > `cy.intercept()`\n\nBecause Cypress commands are already promise-like, you don't need to wrap them or return your own promise.\n\nCypress will resolve your command with whatever the final Cypress command yields.\n\nThe reason this is an error instead of a warning is because Cypress internally queues commands serially whereas Promises execute as soon as they are invoked. Attempting to reconcile this would prevent Cypress from ever resolving.\n\nhttps://on.cypress.io/returning-promise-and-commands-in-another-command\n    at cy.<computed> [as intercept] (http://localhost:3000/__cypress/runner/cypress_runner.js:140215:64)\n    at Context.onBeforeLoad (webpack://mathildanesth/./cypress/support/commands.ts:124:15)\n    at $Cy.onBeforeLoad (http://localhost:3000/__cypress/runner/cypress_runner.js:133421:132)\n    at $Cy.listener (http://localhost:3000/__cypress/runner/cypress_runner.js:143179:17)\n    at EventEmitter.emit (http://localhost:3000/__cypress/runner/cypress_runner.js:143259:19)\n    at parent.<computed> [as emit] (http://localhost:3000/__cypress/runner/cypress_runner.js:142172:32)\n    at $Cypress.action (http://localhost:3000/__cypress/runner/cypress_runner.js:41679:21)\n    at <unknown> (http://localhost:3000/leaves/quotas:1:1409)\n    at <unknown> (http://localhost:3000/leaves/quotas:1:1450)\nFrom Your Spec Code:\n    at Context.eval (webpack://mathildanesth/./cypress/support/commands.ts:118:7)\n    at wrapped (http://localhost:3000/__cypress/runner/cypress_runner.js:140147:43)",
                "diff": null
              },
              "uuid": "35051452-eb00-4da1-8e72-862638308dac",
              "parentUUID": "ce29f58c-282e-4ee8-95a3-9a37aba11168",
              "isHook": false,
              "skipped": false
            },
            {
              "title": "permet à un administrateur d'ajuster les quotas d'un utilisateur",
              "fullTitle": "Gestion des quotas de congés permet à un administrateur d'ajuster les quotas d'un utilisateur",
              "timedOut": null,
              "duration": 659,
              "state": "failed",
              "speed": null,
              "pass": false,
              "fail": true,
              "pending": false,
              "context": null,
              "code": "// Se connecter en tant qu'administrateur\ncy.loginByApi(adminUser.email, adminUser.password);\n// Accéder à la page d'administration des quotas\ncy.visitAsAuthenticatedUser('/admin/leaves/quotas');\n// Rechercher un utilisateur\ncy.get('[data-cy=user-search]').type(targetUser.name);\ncy.get(\"[data-cy=user-item-\".concat(targetUser.id, \"]\")).click();\n// Ajuster le quota de congés payés\ncy.get('[data-cy=edit-quota-conges-payes]').click();\ncy.get('[data-cy=quota-input]').clear().type('30');\n// Saisir une justification\ncy.get('[data-cy=adjustment-reason]').type('Ajustement pour ancienneté');\n// Intercepter la requête d'ajustement\ncy.intercept('PUT', '**/api/leaves/quotas/**').as('updateQuota');\n// Enregistrer les modifications\ncy.get('[data-cy=save-quota-button]').click();\n// Attendre la réponse de l'API\ncy.wait('@updateQuota').its('response.statusCode').should('eq', 200);\n// Vérifier le message de succès\ncy.get('[data-cy=notification-success]')\n    .should('be.visible')\n    .and('contain', 'Quota mis à jour');\n// Vérifier que le quota a bien été mis à jour\ncy.get('[data-cy=quota-conges-payes]').should('contain', '30');",
              "err": {
                "message": "CypressError: `cy.visit()` failed trying to load:\n\nhttp://localhost:3000/admin/leaves/quotas\n\nThe response we received from your web server was:\n\n  > 404: Not Found\n\nThis was considered a failure because the status code was not `2xx`.\n\nIf you do not want status codes to cause failures pass the option: `failOnStatusCode: false`",
                "estack": "CypressError: `cy.visit()` failed trying to load:\n\nhttp://localhost:3000/admin/leaves/quotas\n\nThe response we received from your web server was:\n\n  > 404: Not Found\n\nThis was considered a failure because the status code was not `2xx`.\n\nIf you do not want status codes to cause failures pass the option: `failOnStatusCode: false`\n    at <unknown> (http://localhost:3000/__cypress/runner/cypress_runner.js:133692:76)\n    at visitFailedByErr (http://localhost:3000/__cypress/runner/cypress_runner.js:133098:12)\n    at <unknown> (http://localhost:3000/__cypress/runner/cypress_runner.js:133675:13)\n    at tryCatcher (http://localhost:3000/__cypress/runner/cypress_runner.js:1777:23)\n    at Promise._settlePromiseFromHandler (http://localhost:3000/__cypress/runner/cypress_runner.js:1489:31)\n    at Promise._settlePromise (http://localhost:3000/__cypress/runner/cypress_runner.js:1546:18)\n    at Promise._settlePromise0 (http://localhost:3000/__cypress/runner/cypress_runner.js:1591:10)\n    at Promise._settlePromises (http://localhost:3000/__cypress/runner/cypress_runner.js:1667:18)\n    at _drainQueueStep (http://localhost:3000/__cypress/runner/cypress_runner.js:2377:12)\n    at _drainQueue (http://localhost:3000/__cypress/runner/cypress_runner.js:2370:9)\n    at Async._drainQueues (http://localhost:3000/__cypress/runner/cypress_runner.js:2386:5)\n    at Async.drainQueues (http://localhost:3000/__cypress/runner/cypress_runner.js:2256:14)\nFrom Your Spec Code:\n    at Context.eval (webpack://mathildanesth/./cypress/support/commands.ts:118:7)\n    at wrapped (http://localhost:3000/__cypress/runner/cypress_runner.js:140147:43)",
                "diff": null
              },
              "uuid": "f7a8e9a2-1b6c-434c-8d18-5eae7c04e066",
              "parentUUID": "ce29f58c-282e-4ee8-95a3-9a37aba11168",
              "isHook": false,
              "skipped": false
            },
            {
              "title": "permet de transférer des jours de congés entre deux types de quotas",
              "fullTitle": "Gestion des quotas de congés permet de transférer des jours de congés entre deux types de quotas",
              "timedOut": null,
              "duration": 617,
              "state": "failed",
              "speed": null,
              "pass": false,
              "fail": true,
              "pending": false,
              "context": null,
              "code": "// Se connecter\ncy.loginByApi(testUser.email, testUser.password);\n// Accéder à la page de transfert de quotas\ncy.visitAsAuthenticatedUser('/leaves/quotas/transfer');\n// Sélectionner le type de quota source\ncy.get('[data-cy=source-quota-select]').click();\ncy.get('[data-cy=quota-option-rtt]').click();\n// Sélectionner le type de quota destination\ncy.get('[data-cy=target-quota-select]').click();\ncy.get('[data-cy=quota-option-conges-payes]').click();\n// Définir le nombre de jours à transférer\ncy.get('[data-cy=transfer-days-input]').clear().type('3');\n// Intercepter la requête de transfert\ncy.intercept('POST', '**/api/leaves/quotas/transfer').as('transferQuota');\n// Confirmer le transfert\ncy.get('[data-cy=confirm-transfer-button]').click();\n// Attendre la réponse de l'API\ncy.wait('@transferQuota').its('response.statusCode').should('eq', 200);\n// Vérifier le message de succès\ncy.get('[data-cy=notification-success]')\n    .should('be.visible')\n    .and('contain', 'Transfert effectué');\n// Vérifier que les quotas ont été mis à jour\ncy.visitAsAuthenticatedUser('/leaves/quotas');\ncy.get('[data-cy=quota-conges-payes]').should('contain', '28'); // 25 + 3\ncy.get('[data-cy=quota-rtt]').should('contain', '12'); // 15 - 3",
              "err": {
                "message": "CypressError: `cy.visit()` failed trying to load:\n\nhttp://localhost:3000/leaves/quotas/transfer\n\nThe response we received from your web server was:\n\n  > 404: Not Found\n\nThis was considered a failure because the status code was not `2xx`.\n\nIf you do not want status codes to cause failures pass the option: `failOnStatusCode: false`",
                "estack": "CypressError: `cy.visit()` failed trying to load:\n\nhttp://localhost:3000/leaves/quotas/transfer\n\nThe response we received from your web server was:\n\n  > 404: Not Found\n\nThis was considered a failure because the status code was not `2xx`.\n\nIf you do not want status codes to cause failures pass the option: `failOnStatusCode: false`\n    at <unknown> (http://localhost:3000/__cypress/runner/cypress_runner.js:133692:76)\n    at visitFailedByErr (http://localhost:3000/__cypress/runner/cypress_runner.js:133098:12)\n    at <unknown> (http://localhost:3000/__cypress/runner/cypress_runner.js:133675:13)\n    at tryCatcher (http://localhost:3000/__cypress/runner/cypress_runner.js:1777:23)\n    at Promise._settlePromiseFromHandler (http://localhost:3000/__cypress/runner/cypress_runner.js:1489:31)\n    at Promise._settlePromise (http://localhost:3000/__cypress/runner/cypress_runner.js:1546:18)\n    at Promise._settlePromise0 (http://localhost:3000/__cypress/runner/cypress_runner.js:1591:10)\n    at Promise._settlePromises (http://localhost:3000/__cypress/runner/cypress_runner.js:1667:18)\n    at _drainQueueStep (http://localhost:3000/__cypress/runner/cypress_runner.js:2377:12)\n    at _drainQueue (http://localhost:3000/__cypress/runner/cypress_runner.js:2370:9)\n    at Async._drainQueues (http://localhost:3000/__cypress/runner/cypress_runner.js:2386:5)\n    at Async.drainQueues (http://localhost:3000/__cypress/runner/cypress_runner.js:2256:14)\nFrom Your Spec Code:\n    at Context.eval (webpack://mathildanesth/./cypress/support/commands.ts:118:7)\n    at wrapped (http://localhost:3000/__cypress/runner/cypress_runner.js:140147:43)",
                "diff": null
              },
              "uuid": "460b969e-72a6-41b9-86bb-48a9c0807341",
              "parentUUID": "ce29f58c-282e-4ee8-95a3-9a37aba11168",
              "isHook": false,
              "skipped": false
            },
            {
              "title": "permet de reporter des jours de congés sur l'année suivante",
              "fullTitle": "Gestion des quotas de congés permet de reporter des jours de congés sur l'année suivante",
              "timedOut": null,
              "duration": 634,
              "state": "failed",
              "speed": null,
              "pass": false,
              "fail": true,
              "pending": false,
              "context": null,
              "code": "// Se connecter\ncy.loginByApi(testUser.email, testUser.password);\n// Accéder à la page de report de quotas\ncy.visitAsAuthenticatedUser('/leaves/quotas/carry-over');\n// Sélectionner le type de quota à reporter\ncy.get('[data-cy=quota-type-select]').click();\ncy.get('[data-cy=quota-option-conges-payes]').click();\n// Définir le nombre de jours à reporter\ncy.get('[data-cy=carryover-days-input]').clear().type('5');\n// Saisir une justification\ncy.get('[data-cy=carryover-reason]').type('Report pour projet en cours');\n// Intercepter la requête de report\ncy.intercept('POST', '**/api/leaves/quotas/carry-over').as('carryOverQuota');\n// Confirmer le report\ncy.get('[data-cy=confirm-carryover-button]').click();\n// Attendre la réponse de l'API\ncy.wait('@carryOverQuota').its('response.statusCode').should('eq', 200);\n// Vérifier le message de succès\ncy.get('[data-cy=notification-success]')\n    .should('be.visible')\n    .and('contain', 'Report effectué');\n// Vérifier que le report apparaît dans l'historique\ncy.get('[data-cy=carryover-history]').should('contain', 'Report pour projet en cours');",
              "err": {
                "message": "CypressError: `cy.visit()` failed trying to load:\n\nhttp://localhost:3000/leaves/quotas/carry-over\n\nThe response we received from your web server was:\n\n  > 404: Not Found\n\nThis was considered a failure because the status code was not `2xx`.\n\nIf you do not want status codes to cause failures pass the option: `failOnStatusCode: false`",
                "estack": "CypressError: `cy.visit()` failed trying to load:\n\nhttp://localhost:3000/leaves/quotas/carry-over\n\nThe response we received from your web server was:\n\n  > 404: Not Found\n\nThis was considered a failure because the status code was not `2xx`.\n\nIf you do not want status codes to cause failures pass the option: `failOnStatusCode: false`\n    at <unknown> (http://localhost:3000/__cypress/runner/cypress_runner.js:133692:76)\n    at visitFailedByErr (http://localhost:3000/__cypress/runner/cypress_runner.js:133098:12)\n    at <unknown> (http://localhost:3000/__cypress/runner/cypress_runner.js:133675:13)\n    at tryCatcher (http://localhost:3000/__cypress/runner/cypress_runner.js:1777:23)\n    at Promise._settlePromiseFromHandler (http://localhost:3000/__cypress/runner/cypress_runner.js:1489:31)\n    at Promise._settlePromise (http://localhost:3000/__cypress/runner/cypress_runner.js:1546:18)\n    at Promise._settlePromise0 (http://localhost:3000/__cypress/runner/cypress_runner.js:1591:10)\n    at Promise._settlePromises (http://localhost:3000/__cypress/runner/cypress_runner.js:1667:18)\n    at _drainQueueStep (http://localhost:3000/__cypress/runner/cypress_runner.js:2377:12)\n    at _drainQueue (http://localhost:3000/__cypress/runner/cypress_runner.js:2370:9)\n    at Async._drainQueues (http://localhost:3000/__cypress/runner/cypress_runner.js:2386:5)\n    at Async.drainQueues (http://localhost:3000/__cypress/runner/cypress_runner.js:2256:14)\nFrom Your Spec Code:\n    at Context.eval (webpack://mathildanesth/./cypress/support/commands.ts:118:7)\n    at wrapped (http://localhost:3000/__cypress/runner/cypress_runner.js:140147:43)",
                "diff": null
              },
              "uuid": "8ddeb95c-7210-45fb-abfc-bcdce029dfff",
              "parentUUID": "ce29f58c-282e-4ee8-95a3-9a37aba11168",
              "isHook": false,
              "skipped": false
            },
            {
              "title": "affiche l'historique des ajustements de quotas",
              "fullTitle": "Gestion des quotas de congés affiche l'historique des ajustements de quotas",
              "timedOut": null,
              "duration": 624,
              "state": "failed",
              "speed": null,
              "pass": false,
              "fail": true,
              "pending": false,
              "context": null,
              "code": "// Se connecter\ncy.loginByApi(testUser.email, testUser.password);\n// Accéder à la page d'historique des quotas\ncy.visitAsAuthenticatedUser('/leaves/quotas/history');\n// Vérifier que l'historique est affiché\ncy.get('[data-cy=quota-history]').should('be.visible');\n// Vérifier qu'on peut filtrer par type d'opération\ncy.get('[data-cy=filter-by-operation]').click();\ncy.get('[data-cy=operation-option-adjustment]').click();\n// Vérifier qu'on peut filtrer par date\ncy.get('[data-cy=filter-by-date]').click();\ncy.get('[data-cy=date-option-this-year]').click();\n// Vérifier que les résultats filtrés s'affichent\ncy.get('[data-cy=history-item]').should('have.length.at.least', 1);",
              "err": {
                "message": "CypressError: `cy.visit()` failed trying to load:\n\nhttp://localhost:3000/leaves/quotas/history\n\nThe response we received from your web server was:\n\n  > 404: Not Found\n\nThis was considered a failure because the status code was not `2xx`.\n\nIf you do not want status codes to cause failures pass the option: `failOnStatusCode: false`",
                "estack": "CypressError: `cy.visit()` failed trying to load:\n\nhttp://localhost:3000/leaves/quotas/history\n\nThe response we received from your web server was:\n\n  > 404: Not Found\n\nThis was considered a failure because the status code was not `2xx`.\n\nIf you do not want status codes to cause failures pass the option: `failOnStatusCode: false`\n    at <unknown> (http://localhost:3000/__cypress/runner/cypress_runner.js:133692:76)\n    at visitFailedByErr (http://localhost:3000/__cypress/runner/cypress_runner.js:133098:12)\n    at <unknown> (http://localhost:3000/__cypress/runner/cypress_runner.js:133675:13)\n    at tryCatcher (http://localhost:3000/__cypress/runner/cypress_runner.js:1777:23)\n    at Promise._settlePromiseFromHandler (http://localhost:3000/__cypress/runner/cypress_runner.js:1489:31)\n    at Promise._settlePromise (http://localhost:3000/__cypress/runner/cypress_runner.js:1546:18)\n    at Promise._settlePromise0 (http://localhost:3000/__cypress/runner/cypress_runner.js:1591:10)\n    at Promise._settlePromises (http://localhost:3000/__cypress/runner/cypress_runner.js:1667:18)\n    at _drainQueueStep (http://localhost:3000/__cypress/runner/cypress_runner.js:2377:12)\n    at _drainQueue (http://localhost:3000/__cypress/runner/cypress_runner.js:2370:9)\n    at Async._drainQueues (http://localhost:3000/__cypress/runner/cypress_runner.js:2386:5)\n    at Async.drainQueues (http://localhost:3000/__cypress/runner/cypress_runner.js:2256:14)\nFrom Your Spec Code:\n    at Context.eval (webpack://mathildanesth/./cypress/support/commands.ts:118:7)\n    at wrapped (http://localhost:3000/__cypress/runner/cypress_runner.js:140147:43)",
                "diff": null
              },
              "uuid": "aea83f31-c387-4db0-8861-18f5bc536eaa",
              "parentUUID": "ce29f58c-282e-4ee8-95a3-9a37aba11168",
              "isHook": false,
              "skipped": false
            },
            {
              "title": "empêche de demander plus de jours que le quota disponible",
              "fullTitle": "Gestion des quotas de congés empêche de demander plus de jours que le quota disponible",
              "timedOut": null,
              "duration": 1218,
              "state": "failed",
              "speed": null,
              "pass": false,
              "fail": true,
              "pending": false,
              "context": null,
              "code": "// Se connecter\ncy.loginByApi(testUser.email, testUser.password);\n// Accéder à la page de demande de congés\ncy.visitAsAuthenticatedUser('/leaves/new');\n// Remplir le formulaire avec trop de jours\ncy.get('[data-cy=leave-type-select]').click();\ncy.get('[data-cy=leave-type-option-conges]').click();\n// Sélectionner une période très longue (plus que le quota disponible)\nvar startDate = new Date();\nstartDate.setDate(startDate.getDate() + 1);\nvar endDate = new Date();\nendDate.setDate(endDate.getDate() + 60); // 60 jours de congés (bien plus que le quota)\ncy.selectDate('[data-cy=start-date-input]', startDate);\ncy.selectDate('[data-cy=end-date-input]', endDate);\n// Ajouter un commentaire\ncy.get('[data-cy=leave-notes]').type('Longue absence');\n// Soumettre la demande\ncy.get('[data-cy=submit-leave-request]').click();\n// Vérifier le message d'erreur\ncy.get('[data-cy=notification-error]')\n    .should('be.visible')\n    .and('contain', 'Quota insuffisant');\n// Vérifier que le formulaire affiche une validation d'erreur\ncy.get('[data-cy=quota-error-message]')\n    .should('be.visible')\n    .and('contain', 'dépasse votre quota disponible');",
              "err": {
                "message": "CypressError: Cypress detected that you returned a promise from a command while also invoking one or more cy commands in that promise.\n\nThe command that returned the promise was:\n\n  > `cy.visit()`\n\nThe cy command you invoked inside the promise was:\n\n  > `cy.intercept()`\n\nBecause Cypress commands are already promise-like, you don't need to wrap them or return your own promise.\n\nCypress will resolve your command with whatever the final Cypress command yields.\n\nThe reason this is an error instead of a warning is because Cypress internally queues commands serially whereas Promises execute as soon as they are invoked. Attempting to reconcile this would prevent Cypress from ever resolving.\n\nhttps://on.cypress.io/returning-promise-and-commands-in-another-command",
                "estack": "CypressError: Cypress detected that you returned a promise from a command while also invoking one or more cy commands in that promise.\n\nThe command that returned the promise was:\n\n  > `cy.visit()`\n\nThe cy command you invoked inside the promise was:\n\n  > `cy.intercept()`\n\nBecause Cypress commands are already promise-like, you don't need to wrap them or return your own promise.\n\nCypress will resolve your command with whatever the final Cypress command yields.\n\nThe reason this is an error instead of a warning is because Cypress internally queues commands serially whereas Promises execute as soon as they are invoked. Attempting to reconcile this would prevent Cypress from ever resolving.\n\nhttps://on.cypress.io/returning-promise-and-commands-in-another-command\n    at cy.<computed> [as intercept] (http://localhost:3000/__cypress/runner/cypress_runner.js:140215:64)\n    at Context.onBeforeLoad (webpack://mathildanesth/./cypress/support/commands.ts:124:15)\n    at $Cy.onBeforeLoad (http://localhost:3000/__cypress/runner/cypress_runner.js:133421:132)\n    at $Cy.listener (http://localhost:3000/__cypress/runner/cypress_runner.js:143179:17)\n    at EventEmitter.emit (http://localhost:3000/__cypress/runner/cypress_runner.js:143259:19)\n    at parent.<computed> [as emit] (http://localhost:3000/__cypress/runner/cypress_runner.js:142172:32)\n    at $Cypress.action (http://localhost:3000/__cypress/runner/cypress_runner.js:41679:21)\n    at <unknown> (http://localhost:3000/leaves/new:1:1409)\n    at <unknown> (http://localhost:3000/leaves/new:1:1450)\nFrom Your Spec Code:\n    at Context.eval (webpack://mathildanesth/./cypress/support/commands.ts:118:7)\n    at wrapped (http://localhost:3000/__cypress/runner/cypress_runner.js:140147:43)",
                "diff": null
              },
              "uuid": "d67bc079-c336-439d-9b66-dfa3db3d9a2e",
              "parentUUID": "ce29f58c-282e-4ee8-95a3-9a37aba11168",
              "isHook": false,
              "skipped": false
            }
          ],
          "suites": [],
          "passes": [],
          "failures": [
            "35051452-eb00-4da1-8e72-862638308dac",
            "f7a8e9a2-1b6c-434c-8d18-5eae7c04e066",
            "460b969e-72a6-41b9-86bb-48a9c0807341",
            "8ddeb95c-7210-45fb-abfc-bcdce029dfff",
            "aea83f31-c387-4db0-8861-18f5bc536eaa",
            "d67bc079-c336-439d-9b66-dfa3db3d9a2e"
          ],
          "pending": [],
          "skipped": [],
          "duration": 10642,
          "root": false,
          "rootEmpty": false,
          "_timeout": 2000
        }
      ],
      "passes": [],
      "failures": [],
      "pending": [],
      "skipped": [],
      "duration": 0,
      "root": true,
      "rootEmpty": true,
      "_timeout": 2000
    }
  ],
  "meta": {
    "mocha": {
      "version": "7.2.0"
    },
    "mochawesome": {
      "options": {
        "quiet": false,
        "reportFilename": "mochawesome",
        "saveHtml": false,
        "saveJson": true,
        "consoleReporter": "spec",
        "useInlineDiffs": false,
        "code": true
      },
      "version": "7.1.3"
    },
    "marge": {
      "options": {
        "id": "default",
        "reportDir": "cypress/reports/mocha",
        "quite": true,
        "overwrite": false,
        "html": false,
        "json": true
      },
      "version": "6.2.0"
    }
  }
}