{
  "stats": {
    "suites": 1,
    "tests": 5,
    "passes": 0,
    "pending": 0,
    "failures": 5,
    "start": "2025-05-29T08:05:59.092Z",
    "end": "2025-05-29T08:06:06.705Z",
    "duration": 7613,
    "testsRegistered": 5,
    "passPercent": 0,
    "pendingPercent": 0,
    "other": 0,
    "hasOther": false,
    "skipped": 0,
    "hasSkipped": false
  },
  "results": [
    {
      "uuid": "c873593b-bd34-4ac7-a785-b8b473a4b8ba",
      "title": "",
      "fullFile": "cypress/e2e/accessibility/accessibility-tests.spec.ts",
      "file": "cypress/e2e/accessibility/accessibility-tests.spec.ts",
      "beforeHooks": [],
      "afterHooks": [],
      "tests": [],
      "suites": [
        {
          "uuid": "af26b2b7-cee7-486f-b6fa-2032fb4afb82",
          "title": "Tests d'accessibilité",
          "fullFile": "",
          "file": "",
          "beforeHooks": [],
          "afterHooks": [],
          "tests": [
            {
              "title": "vérifie l'accessibilité de la page d'accueil",
              "fullTitle": "Tests d'accessibilité vérifie l'accessibilité de la page d'accueil",
              "timedOut": null,
              "duration": 391,
              "state": "failed",
              "speed": null,
              "pass": false,
              "fail": true,
              "pending": false,
              "context": null,
              "code": "cy.visitAsAuthenticatedUser('/tableau-de-bord');\n// Injecter et vérifier l'accessibilité\ncy.checkAccessibility();",
              "err": {
                "message": "TypeError: cy.checkAccessibility is not a function",
                "estack": "TypeError: cy.checkAccessibility is not a function\n    at Context.eval (webpack://mathildanesth/./cypress/e2e/accessibility/accessibility-tests.spec.ts:26:11)\n    at runnable.fn (http://localhost:3001/__cypress/runner/cypress_runner.js:140440:19)\n    at callFn (http://localhost:3001/__cypress/runner/cypress_runner.js:159518:21)\n    at Runnable.run (http://localhost:3001/__cypress/runner/cypress_runner.js:159505:7)\n    at <unknown> (http://localhost:3001/__cypress/runner/cypress_runner.js:165577:30)\n    at PassThroughHandlerContext.finallyHandler (http://localhost:3001/__cypress/runner/cypress_runner.js:4042:23)\n    at PassThroughHandlerContext.tryCatcher (http://localhost:3001/__cypress/runner/cypress_runner.js:1777:23)\n    at Promise._settlePromiseFromHandler (http://localhost:3001/__cypress/runner/cypress_runner.js:1489:31)\n    at Promise._settlePromise (http://localhost:3001/__cypress/runner/cypress_runner.js:1546:18)",
                "diff": null
              },
              "uuid": "60b4ea67-114c-492b-b75a-b30d9d4e5f93",
              "parentUUID": "af26b2b7-cee7-486f-b6fa-2032fb4afb82",
              "isHook": false,
              "skipped": false
            },
            {
              "title": "vérifie l'accessibilité de la page de congés",
              "fullTitle": "Tests d'accessibilité vérifie l'accessibilité de la page de congés",
              "timedOut": null,
              "duration": 359,
              "state": "failed",
              "speed": null,
              "pass": false,
              "fail": true,
              "pending": false,
              "context": null,
              "code": "cy.visitAsAuthenticatedUser('/conges');\n// Injecter et vérifier l'accessibilité\ncy.checkAccessibility();",
              "err": {
                "message": "TypeError: cy.checkAccessibility is not a function",
                "estack": "TypeError: cy.checkAccessibility is not a function\n    at Context.eval (webpack://mathildanesth/./cypress/e2e/accessibility/accessibility-tests.spec.ts:33:11)\n    at runnable.fn (http://localhost:3001/__cypress/runner/cypress_runner.js:140440:19)\n    at callFn (http://localhost:3001/__cypress/runner/cypress_runner.js:159518:21)\n    at Runnable.run (http://localhost:3001/__cypress/runner/cypress_runner.js:159505:7)\n    at <unknown> (http://localhost:3001/__cypress/runner/cypress_runner.js:165577:30)\n    at PassThroughHandlerContext.finallyHandler (http://localhost:3001/__cypress/runner/cypress_runner.js:4042:23)\n    at PassThroughHandlerContext.tryCatcher (http://localhost:3001/__cypress/runner/cypress_runner.js:1777:23)\n    at Promise._settlePromiseFromHandler (http://localhost:3001/__cypress/runner/cypress_runner.js:1489:31)\n    at Promise._settlePromise (http://localhost:3001/__cypress/runner/cypress_runner.js:1546:18)",
                "diff": null
              },
              "uuid": "c4627ae2-aa75-412e-80e7-e9b276906b2c",
              "parentUUID": "af26b2b7-cee7-486f-b6fa-2032fb4afb82",
              "isHook": false,
              "skipped": false
            },
            {
              "title": "vérifie l'accessibilité de la page de planning",
              "fullTitle": "Tests d'accessibilité vérifie l'accessibilité de la page de planning",
              "timedOut": null,
              "duration": 592,
              "state": "failed",
              "speed": null,
              "pass": false,
              "fail": true,
              "pending": false,
              "context": null,
              "code": "cy.visitAsAuthenticatedUser('/planning/hebdomadaire');\n// Injecter et vérifier l'accessibilité\ncy.checkAccessibility();",
              "err": {
                "message": "TypeError: cy.checkAccessibility is not a function",
                "estack": "TypeError: cy.checkAccessibility is not a function\n    at Context.eval (webpack://mathildanesth/./cypress/e2e/accessibility/accessibility-tests.spec.ts:40:11)\n    at runnable.fn (http://localhost:3001/__cypress/runner/cypress_runner.js:140440:19)\n    at callFn (http://localhost:3001/__cypress/runner/cypress_runner.js:159518:21)\n    at Runnable.run (http://localhost:3001/__cypress/runner/cypress_runner.js:159505:7)\n    at <unknown> (http://localhost:3001/__cypress/runner/cypress_runner.js:165577:30)\n    at PassThroughHandlerContext.finallyHandler (http://localhost:3001/__cypress/runner/cypress_runner.js:4042:23)\n    at PassThroughHandlerContext.tryCatcher (http://localhost:3001/__cypress/runner/cypress_runner.js:1777:23)\n    at Promise._settlePromiseFromHandler (http://localhost:3001/__cypress/runner/cypress_runner.js:1489:31)\n    at Promise._settlePromise (http://localhost:3001/__cypress/runner/cypress_runner.js:1546:18)",
                "diff": null
              },
              "uuid": "7d6cf66f-e79d-492f-933f-fd054ac563e1",
              "parentUUID": "af26b2b7-cee7-486f-b6fa-2032fb4afb82",
              "isHook": false,
              "skipped": false
            },
            {
              "title": "vérifie l'accessibilité du calendrier",
              "fullTitle": "Tests d'accessibilité vérifie l'accessibilité du calendrier",
              "timedOut": null,
              "duration": 628,
              "state": "failed",
              "speed": null,
              "pass": false,
              "fail": true,
              "pending": false,
              "context": null,
              "code": "cy.visitAsAuthenticatedUser('/calendrier');\n// Injecter et vérifier l'accessibilité\ncy.checkAccessibility();",
              "err": {
                "message": "TypeError: cy.checkAccessibility is not a function",
                "estack": "TypeError: cy.checkAccessibility is not a function\n    at Context.eval (webpack://mathildanesth/./cypress/e2e/accessibility/accessibility-tests.spec.ts:47:11)\n    at runnable.fn (http://localhost:3001/__cypress/runner/cypress_runner.js:140440:19)\n    at callFn (http://localhost:3001/__cypress/runner/cypress_runner.js:159518:21)\n    at Runnable.run (http://localhost:3001/__cypress/runner/cypress_runner.js:159505:7)\n    at <unknown> (http://localhost:3001/__cypress/runner/cypress_runner.js:165577:30)\n    at PassThroughHandlerContext.finallyHandler (http://localhost:3001/__cypress/runner/cypress_runner.js:4042:23)\n    at PassThroughHandlerContext.tryCatcher (http://localhost:3001/__cypress/runner/cypress_runner.js:1777:23)\n    at Promise._settlePromiseFromHandler (http://localhost:3001/__cypress/runner/cypress_runner.js:1489:31)\n    at Promise._settlePromise (http://localhost:3001/__cypress/runner/cypress_runner.js:1546:18)",
                "diff": null
              },
              "uuid": "edb09e72-3c47-44e6-be17-fc2cc1180a48",
              "parentUUID": "af26b2b7-cee7-486f-b6fa-2032fb4afb82",
              "isHook": false,
              "skipped": false
            },
            {
              "title": "vérifie l'accessibilité du formulaire de demande de congés",
              "fullTitle": "Tests d'accessibilité vérifie l'accessibilité du formulaire de demande de congés",
              "timedOut": null,
              "duration": 646,
              "state": "failed",
              "speed": null,
              "pass": false,
              "fail": true,
              "pending": false,
              "context": null,
              "code": "cy.visitAsAuthenticatedUser('/conges/nouveau');\n// Injecter et vérifier l'accessibilité avec une configuration personnalisée\ncy.checkAccessibility({\n    rules: {\n        'color-contrast': { enabled: true },\n        'label': { enabled: true },\n        'form-field-multiple-labels': { enabled: false }\n    }\n});",
              "err": {
                "message": "TypeError: cy.checkAccessibility is not a function",
                "estack": "TypeError: cy.checkAccessibility is not a function\n    at Context.eval (webpack://mathildanesth/./cypress/e2e/accessibility/accessibility-tests.spec.ts:54:11)\n    at runnable.fn (http://localhost:3001/__cypress/runner/cypress_runner.js:140440:19)\n    at callFn (http://localhost:3001/__cypress/runner/cypress_runner.js:159518:21)\n    at Runnable.run (http://localhost:3001/__cypress/runner/cypress_runner.js:159505:7)\n    at <unknown> (http://localhost:3001/__cypress/runner/cypress_runner.js:165577:30)\n    at PassThroughHandlerContext.finallyHandler (http://localhost:3001/__cypress/runner/cypress_runner.js:4042:23)\n    at PassThroughHandlerContext.tryCatcher (http://localhost:3001/__cypress/runner/cypress_runner.js:1777:23)\n    at Promise._settlePromiseFromHandler (http://localhost:3001/__cypress/runner/cypress_runner.js:1489:31)\n    at Promise._settlePromise (http://localhost:3001/__cypress/runner/cypress_runner.js:1546:18)",
                "diff": null
              },
              "uuid": "710f5f64-0bb4-497a-aeda-907a2fd9af6d",
              "parentUUID": "af26b2b7-cee7-486f-b6fa-2032fb4afb82",
              "isHook": false,
              "skipped": false
            }
          ],
          "suites": [],
          "passes": [],
          "failures": [
            "60b4ea67-114c-492b-b75a-b30d9d4e5f93",
            "c4627ae2-aa75-412e-80e7-e9b276906b2c",
            "7d6cf66f-e79d-492f-933f-fd054ac563e1",
            "edb09e72-3c47-44e6-be17-fc2cc1180a48",
            "710f5f64-0bb4-497a-aeda-907a2fd9af6d"
          ],
          "pending": [],
          "skipped": [],
          "duration": 2616,
          "root": false,
          "rootEmpty": false,
          "_timeout": 2000
        }
      ],
      "passes": [],
      "failures": [],
      "pending": [],
      "skipped": [],
      "duration": 0,
      "root": true,
      "rootEmpty": true,
      "_timeout": 2000
    }
  ],
  "meta": {
    "mocha": {
      "version": "7.2.0"
    },
    "mochawesome": {
      "options": {
        "quiet": false,
        "reportFilename": "mochawesome",
        "saveHtml": false,
        "saveJson": true,
        "consoleReporter": "spec",
        "useInlineDiffs": false,
        "code": true
      },
      "version": "7.1.3"
    },
    "marge": {
      "options": {
        "id": "default",
        "reportDir": "cypress/reports/mocha",
        "quite": true,
        "overwrite": false,
        "html": false,
        "json": true
      },
      "version": "6.2.0"
    }
  }
}