{
  "stats": {
    "suites": 1,
    "tests": 1,
    "passes": 0,
    "pending": 0,
    "failures": 1,
    "start": "2025-05-04T17:20:08.262Z",
    "end": "2025-05-04T17:20:08.800Z",
    "duration": 538,
    "testsRegistered": 4,
    "passPercent": 0,
    "pendingPercent": 0,
    "other": 0,
    "hasOther": false,
    "skipped": 3,
    "hasSkipped": true
  },
  "results": [
    {
      "uuid": "aa82ee86-e908-4a58-8484-4a3474e93eda",
      "title": "",
      "fullFile": "cypress/e2e/performance/performance-tests.spec.ts",
      "file": "cypress/e2e/performance/performance-tests.spec.ts",
      "beforeHooks": [],
      "afterHooks": [],
      "tests": [],
      "suites": [
        {
          "uuid": "64fce3cd-1b64-4c2f-8ad3-11e65ba88292",
          "title": "Tests de performance",
          "fullFile": "",
          "file": "",
          "beforeHooks": [],
          "afterHooks": [],
          "tests": [
            {
              "title": "évalue les performances de la page d'accueil",
              "fullTitle": "Tests de performance évalue les performances de la page d'accueil",
              "timedOut": null,
              "duration": 293,
              "state": "failed",
              "speed": null,
              "pass": false,
              "fail": true,
              "pending": false,
              "context": null,
              "code": "cy.visitAsAuthenticatedUser('/dashboard');\ncy.runLighthouseAudit();",
              "err": {
                "message": "Error: Échec d'authentification: 400 {\"error\":\"Login et mot de passe requis\"}\n\nBecause this error occurred during a `before each` hook we are skipping the remaining tests in the current suite: `Tests de performance`",
                "estack": "Error: Échec d'authentification: 400 {\"error\":\"Login et mot de passe requis\"}\n\nBecause this error occurred during a `before each` hook we are skipping the remaining tests in the current suite: `Tests de performance`\n    at Context.eval (webpack://mathildanesth/./cypress/support/commands.ts:97:18)\n    at getRet (http://localhost:3000/__cypress/runner/cypress_runner.js:119616:20)\n    at tryCatcher (http://localhost:3000/__cypress/runner/cypress_runner.js:1777:23)\n    at Promise.attempt.Promise.try (http://localhost:3000/__cypress/runner/cypress_runner.js:4285:29)\n    at Context.thenFn (http://localhost:3000/__cypress/runner/cypress_runner.js:119627:66)\n    at Context.then (http://localhost:3000/__cypress/runner/cypress_runner.js:119878:21)\n    at wrapped (http://localhost:3000/__cypress/runner/cypress_runner.js:140155:19)\n    at <unknown> (http://localhost:3000/__cypress/runner/cypress_runner.js:146100:15)\n    at tryCatcher (http://localhost:3000/__cypress/runner/cypress_runner.js:1777:23)",
                "diff": null
              },
              "uuid": "53d60bfd-2e67-4eb2-8a30-cb63501f34a9",
              "parentUUID": "64fce3cd-1b64-4c2f-8ad3-11e65ba88292",
              "isHook": false,
              "skipped": false
            },
            {
              "title": "évalue les performances de la page de congés",
              "fullTitle": "Tests de performance évalue les performances de la page de congés",
              "timedOut": null,
              "duration": 0,
              "state": "skipped",
              "speed": null,
              "pass": false,
              "fail": false,
              "pending": false,
              "context": null,
              "code": "cy.visitAsAuthenticatedUser('/conges');\ncy.runLighthouseAudit();",
              "err": {},
              "uuid": "07e00f93-34f6-4acb-8c80-79e264f4341b",
              "parentUUID": "64fce3cd-1b64-4c2f-8ad3-11e65ba88292",
              "isHook": false,
              "skipped": true
            },
            {
              "title": "évalue les performances du calendrier",
              "fullTitle": "Tests de performance évalue les performances du calendrier",
              "timedOut": null,
              "duration": 0,
              "state": "skipped",
              "speed": null,
              "pass": false,
              "fail": false,
              "pending": false,
              "context": null,
              "code": "cy.visitAsAuthenticatedUser('/calendrier');\ncy.runLighthouseAudit();",
              "err": {},
              "uuid": "be8d37b3-e562-4721-a71a-1c13bab44620",
              "parentUUID": "64fce3cd-1b64-4c2f-8ad3-11e65ba88292",
              "isHook": false,
              "skipped": true
            },
            {
              "title": "évalue les performances du planning",
              "fullTitle": "Tests de performance évalue les performances du planning",
              "timedOut": null,
              "duration": 0,
              "state": "skipped",
              "speed": null,
              "pass": false,
              "fail": false,
              "pending": false,
              "context": null,
              "code": "cy.visitAsAuthenticatedUser('/planning/hebdomadaire');\ncy.runLighthouseAudit();",
              "err": {},
              "uuid": "a2170342-85a0-4912-acca-0efcca57d0a1",
              "parentUUID": "64fce3cd-1b64-4c2f-8ad3-11e65ba88292",
              "isHook": false,
              "skipped": true
            }
          ],
          "suites": [],
          "passes": [],
          "failures": [
            "53d60bfd-2e67-4eb2-8a30-cb63501f34a9"
          ],
          "pending": [],
          "skipped": [
            "07e00f93-34f6-4acb-8c80-79e264f4341b",
            "be8d37b3-e562-4721-a71a-1c13bab44620",
            "a2170342-85a0-4912-acca-0efcca57d0a1"
          ],
          "duration": 293,
          "root": false,
          "rootEmpty": false,
          "_timeout": 2000
        }
      ],
      "passes": [],
      "failures": [],
      "pending": [],
      "skipped": [],
      "duration": 0,
      "root": true,
      "rootEmpty": true,
      "_timeout": 2000
    }
  ],
  "meta": {
    "mocha": {
      "version": "7.2.0"
    },
    "mochawesome": {
      "options": {
        "quiet": false,
        "reportFilename": "mochawesome",
        "saveHtml": false,
        "saveJson": true,
        "consoleReporter": "spec",
        "useInlineDiffs": false,
        "code": true
      },
      "version": "7.1.3"
    },
    "marge": {
      "options": {
        "id": "default",
        "reportDir": "cypress/reports/mocha",
        "quite": true,
        "overwrite": false,
        "html": false,
        "json": true
      },
      "version": "6.2.0"
    }
  }
}