{"total": {"lines":{"total":140,"covered":134,"skipped":0,"pct":95.71},"statements":{"total":143,"covered":137,"skipped":0,"pct":95.8},"functions":{"total":23,"covered":23,"skipped":0,"pct":100},"branches":{"total":75,"covered":68,"skipped":0,"pct":90.66},"branchesTrue":{"total":0,"covered":0,"skipped":0,"pct":"Unknown"}}
,"/Users/vincentperreard/Mathildanesth/src/lib/auth/authCache.ts": {"lines":{"total":65,"covered":65,"skipped":0,"pct":100},"functions":{"total":8,"covered":8,"skipped":0,"pct":100},"statements":{"total":68,"covered":68,"skipped":0,"pct":100},"branches":{"total":29,"covered":29,"skipped":0,"pct":100}}
,"/Users/vincentperreard/Mathildanesth/src/lib/auth/authorization.ts": {"lines":{"total":75,"covered":69,"skipped":0,"pct":92},"functions":{"total":15,"covered":15,"skipped":0,"pct":100},"statements":{"total":75,"covered":69,"skipped":0,"pct":92},"branches":{"total":46,"covered":39,"skipped":0,"pct":84.78}}
}
